      1801  0.1657552686647179E+01  0.1521092988285547E+01  0.1016738872609911E-01  0.1184173348843431E+00  0.7874974751191637E-02  0.0000000000000000E+00
      1802  0.7664237440732580E-02 -0.7541408392505375E-01 -0.2466509375875266E-01  0.1848717915953412E-01  0.8925623596500668E-01  0.0000000000000000E+00
      1803 -0.1426731492343594E+02 -0.1319808845688074E+02 -0.8666887983135513E-01 -0.4007242886489154E+00 -0.5818332980749379E+00  0.0000000000000000E+00
      1804  0.3454802216971634E+00  0.2296773753720968E+00  0.1881907586686906E-01  0.2099925070029785E+00 -0.1130087365447807E+00  0.0000000000000000E+00
      1805  0.3479949399259259E+01  0.3352104726496165E+01 -0.1969597557089322E-01  0.4022742679174866E-01  0.1073132215422400E+00  0.0000000000000000E+00
      1806  0.3954917615003774E+01  0.3690900438554666E+01 -0.3318299383612014E-01  0.5632826462567905E-01  0.2408719056595476E+00  0.0000000000000000E+00
      1807 -0.3573672792554359E+01 -0.3336566385459383E+01 -0.3023645460822222E-01 -0.9231853247436902E-01 -0.1145514200123902E+00  0.0000000000000000E+00
      1808  0.1198134654371593E+01  0.9476580744254107E+00  0.2993001661981721E-01  0.2040189055834678E+00  0.1652765774289808E-01  0.0000000000000000E+00
      1809 -0.4673773210241108E+01 -0.4179078226904667E+01 -0.1214047217295123E-01 -0.2656714435245831E+00 -0.2168830676389071E+00  0.0000000000000000E+00
      1810  0.5675876468052097E+01  0.5257855292349621E+01  0.4191052225837191E-01  0.1301112020062949E+00  0.2459994514378080E+00  0.0000000000000000E+00
      1811  0.9614309107219363E+01  0.8587761118549739E+01  0.4220134258641674E-01  0.4369779486488405E+00  0.5473686974343677E+00  0.0000000000000000E+00
      1812  0.1492832448271790E+01  0.1605810669210417E+01  0.7057790621912773E-02 -0.2337440030920241E+00  0.1137079915314831E+00  0.0000000000000000E+00
      1813 -0.8806432218894546E+01 -0.8131029352970522E+01 -0.2078482063597198E-01 -0.2571408199310867E+00 -0.3974772253569717E+00  0.0000000000000000E+00
      1814 -0.5440592507316004E+01 -0.5118461236809507E+01 -0.5911168195650470E-02 -0.9899210983547249E-01 -0.2172279924753753E+00  0.0000000000000000E+00
      1815 -0.6507668119977442E+01 -0.5950576797907166E+01 -0.1134822952497418E-01 -0.2814703035096284E+00 -0.2642727890356812E+00  0.0000000000000000E+00
      1816  0.4215804887269841E+01  0.3906837679966668E+01  0.3582285583945755E-01  0.1677365076808114E+00  0.1054078437829069E+00  0.0000000000000000E+00
      1817  0.2145381980716146E+01  0.1738386119736618E+01  0.1213046133965870E-01  0.1957533840585998E+00  0.1991120155812701E+00  0.0000000000000000E+00
      1818  0.9798742950775221E+01  0.8808569674538752E+01  0.2765807237906794E-02  0.4159442760947519E+00  0.5714631929038009E+00  0.0000000000000000E+00
      1819  0.1584492039941806E+01  0.1642227071738181E+01 -0.1881228794276881E-02 -0.1453263665484498E+00  0.8947256354635044E-01  0.0000000000000000E+00
      1820  0.2088319968924452E+01  0.1973802122441930E+01 -0.3343978759266347E-02  0.6738819991547461E-01  0.5047362532631221E-01  0.0000000000000000E+00
      1821 -0.3391782406180144E+01 -0.2930757935865929E+01 -0.2828225549174848E-01 -0.2325290608019650E+00 -0.2002131540205037E+00  0.0000000000000000E+00
      1822 -0.3766566950469851E+01 -0.3428367861921035E+01 -0.3470394591424284E-04 -0.1028022659591454E+00 -0.2353621186437574E+00  0.0000000000000000E+00
      1823 -0.7519116114117248E+01 -0.7124990080574204E+01 -0.7746420509628398E-01 -0.1040628631482581E-01 -0.3062555421319426E+00  0.0000000000000000E+00
      1824 -0.4188439491294930E+01 -0.3972276039736530E+01 -0.3432371603097992E-01  0.2417404212215012E-01 -0.2060137776495672E+00  0.0000000000000000E+00
      1825 -0.2432294183623156E+01 -0.2163779780363725E+01 -0.1071830165920360E-01 -0.7133129220978762E-01 -0.1864648093904417E+00  0.0000000000000000E+00
      1826 -0.8058445585712910E+01 -0.7068981408498025E+01 -0.7232332501036381E-01 -0.4827105938936559E+00 -0.4344302583108566E+00  0.0000000000000000E+00
      1827  0.1109646729412841E+02  0.1007553634344213E+02  0.6288685909860853E-01  0.5238293224496851E+00  0.4342147691379943E+00  0.0000000000000000E+00
      1828 -0.7804588874874197E+01 -0.7229563406313629E+01 -0.1923781826904524E-01 -0.3695526294737983E+00 -0.1862350208177211E+00  0.0000000000000000E+00
      1829  0.4584843765864129E+01  0.4326395508686404E+01  0.1555494515618055E-01  0.1238925397852648E+00  0.1190007722362807E+00  0.0000000000000000E+00
      1830  0.9504541979830334E+01  0.8711091032116331E+01  0.5413462705318563E-01  0.3395530079248044E+00  0.3997633127360177E+00  0.0000000000000000E+00
      1831 -0.8795536925727633E+01 -0.8114566384899414E+01  0.5810795373944607E-02 -0.3990875803550333E+00 -0.2876937558471442E+00  0.0000000000000000E+00
      1832  0.2963139183800639E+01  0.2638109637754535E+01  0.5349854926986727E-02  0.2428195903750694E+00  0.7686010074404394E-01  0.0000000000000000E+00
      1833  0.9452097718136909E+00  0.7855655189747903E+00 -0.2316184099905153E-01  0.4292257178966562E-01  0.1398835220482855E+00  0.0000000000000000E+00
      1834 -0.1348450827959673E+02 -0.1244731470280541E+02 -0.8567320890878155E-01 -0.3896530122382121E+00 -0.5618673556443236E+00  0.0000000000000000E+00
      1835  0.1086878428322805E+01  0.9309929961585283E+00  0.2311523148336310E-01  0.2196157985536509E+00 -0.8684559787273619E-01  0.0000000000000000E+00
      1836  0.3930123546761594E+01  0.3753174165173697E+01 -0.1519060722030898E-01  0.5678851443755403E-01  0.1353514743706508E+00  0.0000000000000000E+00
      1837  0.4308677344687969E+01  0.4038652285097735E+01 -0.3531410806835274E-01  0.4936793513373727E-01  0.2559712325248474E+00  0.0000000000000000E+00
      1838 -0.3162992066571127E+01 -0.2955710108632144E+01 -0.2891447852793396E-01 -0.7877500087954334E-01 -0.9959247853150190E-01  0.0000000000000000E+00
      1839  0.1565711076611596E+01  0.1289166078458223E+01  0.3242980256562562E-01  0.2065732930603214E+00  0.3754190252742724E-01  0.0000000000000000E+00
      1840 -0.4360966945534875E+01 -0.3909564816007166E+01 -0.9557891981975233E-02 -0.2528479701984288E+00 -0.1889962673473095E+00  0.0000000000000000E+00
      1841  0.5862416712532918E+01  0.5423994747691020E+01  0.4257521217720159E-01  0.1280302023392405E+00  0.2678165503254493E+00  0.0000000000000000E+00
      1842  0.9738823547628094E+01  0.8691278982238055E+01  0.4255615821223802E-01  0.4424428460349479E+00  0.5625455611428489E+00  0.0000000000000000E+00
      1843  0.1833874159826815E+01  0.1920387294945104E+01  0.7517349489900696E-02 -0.2197112615252271E+00  0.1256807769170378E+00  0.0000000000000000E+00
      1844 -0.8568066056406874E+01 -0.7892317024553295E+01 -0.2265252982143723E-01 -0.2594265184436459E+00 -0.3936699835884964E+00  0.0000000000000000E+00
      1845 -0.5215574447163720E+01 -0.4888625585456765E+01 -0.3515206664875719E-02 -0.1009217951571872E+00 -0.2225118598848870E+00  0.0000000000000000E+00
      1846 -0.6247020988170578E+01 -0.5697562194453937E+01 -0.1056018084295649E-01 -0.2679839260968379E+00 -0.2709146867768411E+00  0.0000000000000000E+00
      1847  0.4396551971226245E+01  0.4088474140608123E+01  0.3580771802851175E-01  0.1652282650071256E+00  0.1070418475824802E+00  0.0000000000000000E+00
      1848  0.2345342126249773E+01  0.1937031344221160E+01  0.1140283280690988E-01  0.1959964812878647E+00  0.2009114679338370E+00  0.0000000000000000E+00
      1849  0.9929220739478863E+01  0.8927583620441988E+01  0.4350247928221654E-02  0.4147463800745195E+00  0.5825404910341265E+00  0.0000000000000000E+00
      1850  0.1783743042332890E+01  0.1838375314255792E+01 -0.8900580674114540E-03 -0.1417439863565257E+00  0.8800177250103282E-01  0.0000000000000000E+00
      1851  0.2151127625713918E+01  0.2040780340317531E+01 -0.4250550619886310E-02  0.6980075640239090E-01  0.4479707961388076E-01  0.0000000000000000E+00
      1852 -0.3173742177715786E+01 -0.2721318733934637E+01 -0.2868542961696801E-01 -0.2323790807277574E+00 -0.1913589334364241E+00  0.0000000000000000E+00
      1853 -0.3543242745705722E+01 -0.3224918847540571E+01  0.5689737058011267E-03 -0.9376105568871908E-01 -0.2251318161822300E+00  0.0000000000000000E+00
      1854 -0.7253223196855044E+01 -0.6888932711616634E+01 -0.7779112880359450E-01  0.6363181711140820E-03 -0.2871356746059284E+00  0.0000000000000000E+00
      1855 -0.4001445464159877E+01 -0.3780919418394459E+01 -0.3635121907254165E-01  0.1914220095073145E-01 -0.2033170276436039E+00  0.0000000000000000E+00
      1856 -0.2302199938138603E+01 -0.2028248678247943E+01 -0.9145696023156484E-02 -0.7576450731111778E-01 -0.1890410565563863E+00  0.0000000000000000E+00
      1857 -0.7897116013398132E+01 -0.6920087227657186E+01 -0.7027855124471920E-01 -0.4663882249230263E+00 -0.4403620095732029E+00  0.0000000000000000E+00
      1858  0.1119530855576075E+02  0.1017301142483102E+02  0.6349953163991764E-01  0.5199413260703609E+00  0.4388562732194504E+00  0.0000000000000000E+00
      1859 -0.7644517337649172E+01 -0.7075390464063341E+01 -0.1950834695886410E-01 -0.3678580106973368E+00 -0.1817605159296287E+00  0.0000000000000000E+00
      1860  0.4700578796583356E+01  0.4439780817277250E+01  0.1658049934581333E-01  0.1285783968057400E+00  0.1156390831545598E+00  0.0000000000000000E+00
      1861  0.9691636062205230E+01  0.8882531094839095E+01  0.5434508216594756E-01  0.3470528719119189E+00  0.4077070132882783E+00  0.0000000000000000E+00
      1862 -0.8667617467675527E+01 -0.7980269070937667E+01  0.6789743170452416E-02 -0.4062459101119699E+00 -0.2878922297963439E+00  0.0000000000000000E+00
      1863  0.3078577399480202E+01  0.2766970262577698E+01  0.7132798168693989E-02  0.2304527065699747E+00  0.7402163216383453E-01  0.0000000000000000E+00
      1864  0.1088150464989850E+01  0.9210957334738945E+00 -0.2364097003817425E-01  0.4867982412111606E-01  0.1420158774330147E+00  0.0000000000000000E+00
      1865 -0.1328916965818456E+02 -0.1228748654580119E+02 -0.8450003876783029E-01 -0.3802160596593956E+00 -0.5369670139561447E+00  0.0000000000000000E+00
      1866  0.1205541701194143E+01  0.1037849878182340E+01  0.2623187725678396E-01  0.2197084238618934E+00 -0.7824847810687319E-01  0.0000000000000000E+00
      1867  0.4104466630174051E+01  0.3913985817129331E+01 -0.1227190509710712E-01  0.5825115348399818E-01  0.1445015646578342E+00  0.0000000000000000E+00
      1868  0.4405078974225126E+01  0.4122313603274267E+01 -0.3085702124479700E-01  0.5611416831689701E-01  0.2575082238787606E+00  0.0000000000000000E+00
      1869 -0.3065257586356243E+01 -0.2861162563184891E+01 -0.2708994492591333E-01 -0.7767124302128013E-01 -0.9933383522415878E-01  0.0000000000000000E+00
      1870  0.1660672132390564E+01  0.1379903533683205E+01  0.3292021884022251E-01  0.2108214148490270E+00  0.3702696501811034E-01  0.0000000000000000E+00
      1871 -0.4212682599097353E+01 -0.3779589979736008E+01 -0.9721771846391060E-02 -0.2422996103381498E+00 -0.1810712371768018E+00  0.0000000000000000E+00
      1872  0.6040895728934857E+01  0.5590347759814208E+01  0.4315876575646982E-01  0.1275245739453050E+00  0.2798646294188711E+00  0.0000000000000000E+00
      1873  0.9957931463577070E+01  0.8906865442065422E+01  0.4177326106853831E-01  0.4486453921937369E+00  0.5606473682493649E+00  0.0000000000000000E+00
      1874  0.1920818900813299E+01  0.2016984463382012E+01  0.7497941008243024E-02 -0.2354631715866004E+00  0.1317996680096436E+00  0.0000000000000000E+00
      1875 -0.8489347661256046E+01 -0.7832667484920908E+01 -0.2036144805814622E-01 -0.2508884740619973E+00 -0.3854302542150096E+00  0.0000000000000000E+00
      1876 -0.5148265448528502E+01 -0.4821707874356852E+01 -0.3162722193655154E-02 -0.1024092426939278E+00 -0.2209856092840690E+00  0.0000000000000000E+00
      1877 -0.6134307907336854E+01 -0.5600960100207113E+01 -0.1045808729558183E-01 -0.2641373906582875E+00 -0.2587523291758686E+00  0.0000000000000000E+00
      1878  0.4509042896307552E+01  0.4202979729744247E+01  0.3515063349708288E-01  0.1651746873482882E+00  0.1057378457179374E+00  0.0000000000000000E+00
      1879  0.2392847642112604E+01  0.1983249046217335E+01  0.1268364783078698E-01  0.1949404354358493E+00  0.2019745126286343E+00  0.0000000000000000E+00
      1880  0.1002166398553105E+02  0.8992395587795677E+01  0.6988571132150002E-02  0.4326802373764789E+00  0.5895995892267522E+00  0.0000000000000000E+00
      1881  0.1886994937465553E+01  0.1934423222482319E+01 -0.1513836845693202E-02 -0.1393580338866733E+00  0.9344358571560174E-01  0.0000000000000000E+00
      1882  0.2336480004143688E+01  0.2218479528045479E+01 -0.4212088333699231E-02  0.7131321315094380E-01  0.5089935128096392E-01  0.0000000000000000E+00
      1883 -0.3059622611667661E+01 -0.2600649237212172E+01 -0.2861152748995366E-01 -0.2393480577284964E+00 -0.1910137892370415E+00  0.0000000000000000E+00
      1884 -0.3464103270565122E+01 -0.3130813533753680E+01  0.1161416225444526E-02 -0.1036605545203038E+00 -0.2307905985165822E+00  0.0000000000000000E+00
      1885 -0.7164566500551323E+01 -0.6790738155795630E+01 -0.7348929782207618E-01 -0.8452856929165300E-02 -0.2918861900044501E+00  0.0000000000000000E+00
      1886 -0.3860777133518969E+01 -0.3659718791670209E+01 -0.3487474707339437E-01  0.3246364002424451E-01 -0.1986472347996111E+00  0.0000000000000000E+00
      1887 -0.2140269026676519E+01 -0.1890760381006202E+01 -0.1015013753949634E-01 -0.6583544980979306E-01 -0.1735230583210270E+00  0.0000000000000000E+00
      1888 -0.7853097972527470E+01 -0.6874166597211208E+01 -0.7210856209362865E-01 -0.4687931833614357E+00 -0.4380296298611903E+00  0.0000000000000000E+00
      1889  0.1124059188745635E+02  0.1020433669723466E+02  0.6538118507938580E-01  0.5330433665699751E+00  0.4378306385723290E+00  0.0000000000000000E+00
      1890 -0.7590591799095499E+01 -0.7024653231186257E+01 -0.1841086692343280E-01 -0.3695838618991328E+00 -0.1779438390866789E+00  0.0000000000000000E+00
      1891  0.4762694129122836E+01  0.4498595044159775E+01  0.1854012164356788E-01  0.1280270757280542E+00  0.1175318875914367E+00  0.0000000000000000E+00
      1892  0.9660841207740756E+01  0.8855318189142395E+01  0.5467801046313443E-01  0.3495339064293822E+00  0.4013111017058385E+00  0.0000000000000000E+00
      1893 -0.8561370161494006E+01 -0.7900028593765438E+01  0.5955515681205781E-02 -0.3895673611180521E+00 -0.2777297222917102E+00  0.0000000000000000E+00
      1894  0.3175245336806960E+01  0.2852469727036075E+01  0.9286628414965982E-02  0.2343132901720160E+00  0.7917569118390293E-01  0.0000000000000000E+00
      1895  0.1250823279579329E+01  0.1080656992329483E+01 -0.2000795000647752E-01  0.5014448369246344E-01  0.1400297535638632E+00  0.0000000000000000E+00
      1896 -0.1325064014139940E+02 -0.1223215163147586E+02 -0.8377994880356396E-01 -0.3920445223088621E+00 -0.5426640388111037E+00  0.0000000000000000E+00
      1897  0.1203904682643497E+01  0.1040499601321518E+01  0.2541362584045709E-01  0.2287701134430919E+00 -0.9077865796156984E-01  0.0000000000000000E+00
      1898  0.4132685608272773E+01  0.3963165200255090E+01 -0.1112254710063240E-01  0.4350588068876397E-01  0.1371370744295507E+00  0.0000000000000000E+00
      1899  0.4452389632242567E+01  0.4166608523930110E+01 -0.3241162275619730E-01  0.6165104657808004E-01  0.2565416844905787E+00  0.0000000000000000E+00
      1900 -0.2957105813956607E+01 -0.2779846021535815E+01 -0.2522997382786987E-01 -0.6827361311601886E-01 -0.8375620547690481E-01  0.0000000000000000E+00
      1901  0.1760425461189530E+01  0.1466625028575852E+01  0.3669202374115105E-01  0.2161232796660557E+00  0.4098512920647231E-01  0.0000000000000000E+00
      1902 -0.4226410981302317E+01 -0.3766019633976517E+01 -0.1013875685202039E-01 -0.2606173028828134E+00 -0.1896352875909662E+00  0.0000000000000000E+00
      1903  0.6063001544530874E+01  0.5613844526083603E+01  0.4401533075090305E-01  0.1320338031957543E+00  0.2731078845006151E+00  0.0000000000000000E+00
      1904  0.9949130536002507E+01  0.8885223159612886E+01  0.4576749581995054E-01  0.4500110067034019E+00  0.5681288738662607E+00  0.0000000000000000E+00
      1905  0.1984573527659656E+01  0.2070764098861121E+01  0.8581482495963447E-02 -0.2309960976647184E+00  0.1362240439672882E+00  0.0000000000000000E+00
      1906 -0.8417599480729532E+01 -0.7751821826589826E+01 -0.1850948539199821E-01 -0.2530885079910115E+00 -0.3941796607566830E+00  0.0000000000000000E+00
      1907 -0.5065078077545417E+01 -0.4735735807146184E+01 -0.1957631844601578E-02 -0.1048414977031381E+00 -0.2225431408514918E+00  0.0000000000000000E+00
      1908 -0.6085662019095245E+01 -0.5541366330148366E+01 -0.1090622655153738E-01 -0.2669661368822518E+00 -0.2664233255130924E+00  0.0000000000000000E+00
      1909  0.4582725814890281E+01  0.4247081191075866E+01  0.3498804610723969E-01  0.1843974607255069E+00  0.1162591169816675E+00  0.0000000000000000E+00
      1910  0.2526877314196016E+01  0.2109939952541041E+01  0.1577271374562414E-01  0.1847249885376934E+00  0.2164396593716593E+00  0.0000000000000000E+00
      1911  0.1016636496987468E+02  0.9121155811256724E+01  0.7173896060954275E-02  0.4432474257381447E+00  0.5947878368188555E+00  0.0000000000000000E+00
      1912  0.1967988178695595E+01  0.2012123255193072E+01  0.1014971123999707E-02 -0.1431126718101894E+00  0.9796262418871468E-01  0.0000000000000000E+00
      1913  0.2358675146033116E+01  0.2246228121994297E+01 -0.6475980274629197E-03  0.6996794946481137E-01  0.4312667260147086E-01  0.0000000000000000E+00
      1914 -0.3035961032282117E+01 -0.2580180581429548E+01 -0.2689398840241326E-01 -0.2310258569271672E+00 -0.1978606055229901E+00  0.0000000000000000E+00
      1915 -0.3410803900241830E+01 -0.3099695436991290E+01  0.9855456884201490E-03 -0.9266568645993416E-01 -0.2194283224790225E+00  0.0000000000000000E+00
      1916 -0.7152406057034474E+01 -0.6783915822402562E+01 -0.7408235771120988E-01 -0.4017565730534148E-02 -0.2903903111901650E+00  0.0000000000000000E+00
      1917 -0.3942623773994741E+01 -0.3719385388685891E+01 -0.3417286087651122E-01  0.1793634137439039E-01 -0.2070018658067292E+00  0.0000000000000000E+00
      1918 -0.2171803030213479E+01 -0.1920271963134442E+01 -0.9282864332101314E-02 -0.5777814922214822E-01 -0.1844700535247847E+00  0.0000000000000000E+00
      1919 -0.7816346701858254E+01 -0.6822458683038360E+01 -0.6950473306148282E-01 -0.4918794877580699E+00 -0.4325037980003420E+00  0.0000000000000000E+00
      1920  0.1136589558290311E+02  0.1032593413943957E+02  0.6724997851938327E-01  0.5329885457400891E+00  0.4397229192040771E+00  0.0000000000000000E+00
      1921 -0.7406834789223287E+01 -0.6859305374317684E+01 -0.1805476728058520E-01 -0.3560815385711277E+00 -0.1733931090538846E+00  0.0000000000000000E+00
      1922  0.4871168580229273E+01  0.4603582006668466E+01  0.1960451432845485E-01  0.1249465988122179E+00  0.1230354604201389E+00  0.0000000000000000E+00
      1923  0.9744629999598818E+01  0.8935580992056742E+01  0.5451706519606211E-01  0.3537988333665151E+00  0.4007331089795037E+00  0.0000000000000000E+00
      1924 -0.8496322684802273E+01 -0.7828245998845217E+01  0.6201963578175445E-02 -0.3942262985513621E+00 -0.2800523509838589E+00  0.0000000000000000E+00
      1925  0.3234258138462066E+01  0.2891920563928871E+01  0.8556643904560783E-02  0.2484183971704420E+00  0.8536253345819460E-01  0.0000000000000000E+00
      1926  0.1232694216960265E+01  0.1066573707349111E+01 -0.2104267420000229E-01  0.4321503092917853E-01  0.1439481528819751E+00  0.0000000000000000E+00
      1927 -0.1324164012689220E+02 -0.1221313746077991E+02 -0.8473775478169081E-01 -0.3957458699627272E+00 -0.5480190413678667E+00  0.0000000000000000E+00
      1928  0.1247567616496305E+01  0.1068826630874087E+01  0.2797352508447201E-01  0.2299332850869006E+00 -0.7916582454915695E-01  0.0000000000000000E+00
      1929  0.4096028932863935E+01  0.3911394724333382E+01 -0.6164988452033131E-02  0.4833133691421449E-01  0.1424678600683728E+00  0.0000000000000000E+00
      1930  0.4484340148550738E+01  0.4176118083694190E+01 -0.2972846716225037E-01  0.7835366037950448E-01  0.2595968716392958E+00  0.0000000000000000E+00
      1931 -0.2922250085686375E+01 -0.2731543153189913E+01 -0.2830324144890047E-01 -0.7555207835168910E-01 -0.8685161269587088E-01  0.0000000000000000E+00
      1932  0.1782338081183135E+01  0.1489157871118441E+01  0.3761968989687974E-01  0.2092715874771042E+00  0.4628893269070941E-01  0.0000000000000000E+00
      1933 -0.4168451170961420E+01 -0.3708166259972950E+01 -0.1047483721667184E-01 -0.2580899969643921E+00 -0.1917200768074039E+00  0.0000000000000000E+00
      1934  0.6105347131111259E+01  0.5650721200637666E+01  0.4307948408105521E-01  0.1441048936362349E+00  0.2674415527562994E+00  0.0000000000000000E+00
      1935  0.9985924189550165E+01  0.8918747486436537E+01  0.4440701075098198E-01  0.4568574950487959E+00  0.5659121973138517E+00  0.0000000000000000E+00
      1936  0.1973571419981716E+01  0.2078865400561763E+01  0.6364391237769907E-02 -0.2385355014280639E+00  0.1268771296102477E+00  0.0000000000000000E+00
      1937 -0.8468105133735076E+01 -0.7781885187526568E+01 -0.2189866962193629E-01 -0.2671041605325591E+00 -0.3972171160540047E+00  0.0000000000000000E+00
      1938 -0.4982671959852990E+01 -0.4666904466897593E+01 -0.3571825098656231E-02 -0.9681147712294186E-01 -0.2153841907337990E+00  0.0000000000000000E+00
      1939 -0.6004329896688516E+01 -0.5480503348280080E+01 -0.9455160467769345E-02 -0.2603467829045539E+00 -0.2540246050361020E+00  0.0000000000000000E+00
      1940  0.4544322105181671E+01  0.4229119997045442E+01  0.3566298123279826E-01  0.1730226613216619E+00  0.1065164655817702E+00  0.0000000000000000E+00
      1941  0.2486134167940563E+01  0.2071455058903643E+01  0.1326428306779550E-01  0.1998928224614462E+00  0.2015220035076771E+00  0.0000000000000000E+00
      1942  0.1014083991762826E+02  0.9109854220929947E+01  0.8028144790266733E-02  0.4431875522688137E+00  0.5797699996392284E+00  0.0000000000000000E+00
      1943  0.1946774185402344E+01  0.1991079104060303E+01  0.3615314616811673E-03 -0.1411390086923510E+00  0.9647255857271111E-01  0.0000000000000000E+00
      1944  0.2362003855196605E+01  0.2230885839677800E+01 -0.7108293509991067E-03  0.7936298525266260E-01  0.5246585961713850E-01  0.0000000000000000E+00
      1945 -0.3037011017493145E+01 -0.2574068466065254E+01 -0.2710706853478142E-01 -0.2451947617671864E+00 -0.1906407211259246E+00  0.0000000000000000E+00
      1946 -0.3410403444880391E+01 -0.3094784463954810E+01  0.1578624057203753E-02 -0.8976883365204037E-01 -0.2274287713307459E+00  0.0000000000000000E+00
      1947 -0.7087713684475985E+01 -0.6727899173275464E+01 -0.7540076084864043E-01 -0.4400440878821105E-02 -0.2800133094730610E+00  0.0000000000000000E+00
      1948 -0.3906602246677850E+01 -0.3696802880616997E+01 -0.3363175471895712E-01  0.1822047865280522E-01 -0.1943880899947048E+00  0.0000000000000000E+00
      1949 -0.2059264536399584E+01 -0.1820302787948523E+01 -0.4782142593928763E-02 -0.5821987552570788E-01 -0.1759597303314233E+00  0.0000000000000000E+00
      1950 -0.7767944572965244E+01 -0.6792298866864144E+01 -0.7006873354640125E-01 -0.4766382274635701E+00 -0.4289387450911313E+00  0.0000000000000000E+00
      1951  0.1140689043266294E+02  0.1034910740752758E+02  0.7022748419798824E-01  0.5423409066038510E+00  0.4452146343335217E+00  0.0000000000000000E+00
      1952 -0.7514014910019978E+01 -0.6949101847199379E+01 -0.1827910795811322E-01 -0.3701455461320095E+00 -0.1764884087304696E+00  0.0000000000000000E+00
      1953  0.4878008983354089E+01  0.4603727265396611E+01  0.1746679675969404E-01  0.1307249328162954E+00  0.1260899883814979E+00  0.0000000000000000E+00
      1954  0.9714142490174648E+01  0.8895075984294511E+01  0.5810084606933423E-01  0.3574733874784249E+00  0.4034922723323610E+00  0.0000000000000000E+00
      1955 -0.8495406204681448E+01 -0.7820232138971642E+01  0.7795621415648712E-02 -0.4057596107277381E+00 -0.2772100763977073E+00  0.0000000000000000E+00
      1956  0.3275976733264815E+01  0.2924137861654257E+01  0.1592703194137020E-01  0.2529177769132960E+00  0.8299406275589061E-01  0.0000000000000000E+00
      1957  0.1292742031057828E+01  0.1108192303832698E+01 -0.1717016598819254E-01  0.5545626168892111E-01  0.1462636315243994E+00  0.0000000000000000E+00
      1958 -0.1323981610905665E+02 -0.1221112949054565E+02 -0.8337285102095451E-01 -0.4008879863830780E+00 -0.5444257811069663E+00  0.0000000000000000E+00
      1959  0.1259438781909567E+01  0.1082708019829576E+01  0.2889019296017063E-01  0.2283997277586003E+00 -0.8055915863877922E-01  0.0000000000000000E+00
      1960  0.4218373136196659E+01  0.4018162628557397E+01 -0.8409164882864496E-03  0.5650379433989848E-01  0.1445476297876522E+00  0.0000000000000000E+00
      1961  0.4547532797903997E+01  0.4237214394635770E+01 -0.2838050516896880E-01  0.7048362002395551E-01  0.2682152884132343E+00  0.0000000000000000E+00
      1962 -0.2945144497033662E+01 -0.2761027104735710E+01 -0.2460698018251726E-01 -0.7060516695123083E-01 -0.8890524516420735E-01  0.0000000000000000E+00
      1963  0.1823297120112614E+01  0.1511058831172950E+01  0.4450605388669702E-01  0.2255623544268644E+00  0.4216988062609960E-01  0.0000000000000000E+00
      1964 -0.4164665913489751E+01 -0.3712896431599384E+01 -0.7628105787200100E-02 -0.2599038701638609E+00 -0.1842375059393047E+00  0.0000000000000000E+00
      1965  0.6102179410425156E+01  0.5653425018066653E+01  0.5118358272006418E-01  0.1358005398042094E+00  0.2617702698342309E+00  0.0000000000000000E+00
      1966  0.1017008589905492E+02  0.9075792867696489E+01  0.5254476495123923E-01  0.4770193355852224E+00  0.5647289308219648E+00  0.0000000000000000E+00
      1967  0.1960294623701427E+01  0.2069260689184714E+01  0.1343125880312395E-01 -0.2458477293447252E+00  0.1234504050583129E+00  0.0000000000000000E+00
      1968 -0.8336347282280833E+01 -0.7667682821199524E+01 -0.1780467931745992E-01 -0.2624085740122486E+00 -0.3884512077515985E+00  0.0000000000000000E+00
      1969 -0.5020585229391296E+01 -0.4704065685260481E+01 -0.3502947224999177E-03 -0.1022773789509279E+00 -0.2138918704573834E+00  0.0000000000000000E+00
      1970 -0.6038780481781884E+01 -0.5515539006243895E+01 -0.4987349438191051E-02 -0.2606503700058379E+00 -0.2576037560939681E+00  0.0000000000000000E+00
      1971  0.4622835091746589E+01  0.4289148246566358E+01  0.4348043583604454E-01  0.1814833196821922E+00  0.1087230896619913E+00  0.0000000000000000E+00
      1972  0.2563697958793277E+01  0.2130099165775756E+01  0.2017966817129188E-01  0.2042521516516501E+00  0.2091669731945786E+00  0.0000000000000000E+00
      1973  0.1022688838673873E+02  0.9148747571764890E+01  0.1657156559970872E-01  0.4771030532722530E+00  0.5844661961018864E+00  0.0000000000000000E+00
      1974  0.1956888499365311E+01  0.2008933502853279E+01  0.7992156699529195E-02 -0.1551761306693294E+00  0.9513897048183266E-01  0.0000000000000000E+00
      1975  0.2406776938929907E+01  0.2245870244957813E+01  0.8093252688877376E-02  0.9238492324522739E-01  0.6042851803798722E-01  0.0000000000000000E+00
      1976 -0.3072422661695174E+01 -0.2618955460659735E+01 -0.1902439503891402E-01 -0.2440166587428761E+00 -0.1904261472536504E+00  0.0000000000000000E+00
      1977 -0.3336177684720379E+01 -0.3044781349642596E+01  0.2495549582033982E-02 -0.8080280758391338E-01 -0.2130890770759033E+00  0.0000000000000000E+00
      1978 -0.7177630933001247E+01 -0.6805051035695067E+01 -0.7226996762144942E-01 -0.1646099231421815E-01 -0.2838489373705133E+00  0.0000000000000000E+00
      1979 -0.3837835376680111E+01 -0.3629528359927370E+01 -0.3091116686309894E-01  0.1779527615615401E-01 -0.1951911260457974E+00  0.0000000000000000E+00
      1980 -0.2088333616414203E+01 -0.1846475717757268E+01 -0.7369092302360022E-03 -0.5783727238919617E-01 -0.1832837170375021E+00  0.0000000000000000E+00
      1981 -0.7778121667072138E+01 -0.6795994326150852E+01 -0.7146926937418539E-01 -0.4828880584861112E+00 -0.4277700130609814E+00  0.0000000000000000E+00
      1982  0.1151660208753728E+02  0.1044677720434349E+02  0.8205684555705775E-01  0.5468543142797335E+00  0.4409137233570137E+00  0.0000000000000000E+00
      1983 -0.7478236199461834E+01 -0.6913207560025476E+01 -0.1239472477596784E-01 -0.3734993134110829E+00 -0.1791346012493088E+00  0.0000000000000000E+00
      1984  0.4897149204169949E+01  0.4628927961550676E+01  0.2768627746548908E-01  0.1254034451918568E+00  0.1151315199619293E+00  0.0000000000000000E+00
      1985  0.9933266692011875E+01  0.9083484899115289E+01  0.7984015678655693E-01  0.3701358298429268E+00  0.3998058062670984E+00  0.0000000000000000E+00
      1986 -0.8568321638965482E+01 -0.7887187874781651E+01  0.1331388649791242E-01 -0.4209150242629591E+00 -0.2735326264187803E+00  0.0000000000000000E+00
      1987  0.3252765269821011E+01  0.2886461251951854E+01  0.2876718616835567E-01  0.2493609939034406E+00  0.8817583779736056E-01  0.0000000000000000E+00
      1988  0.1311394429950796E+01  0.1107028557793900E+01 -0.1389541172729325E-01  0.6382029373156445E-01  0.1544409901526204E+00  0.0000000000000000E+00
      1989 -0.1319206583869650E+02 -0.1217140632203198E+02 -0.8774934414590412E-01 -0.3932793383345511E+00 -0.5396308341840682E+00  0.0000000000000000E+00
      1990  0.1358964635648669E+01  0.1174019340404279E+01  0.3475093783028418E-01  0.2299393049237622E+00 -0.7974494750965852E-01  0.0000000000000000E+00
      1991  0.4238576809440027E+01  0.4034485991176698E+01  0.5208885744411293E-02  0.5897551813271455E-01  0.1399064143862059E+00  0.0000000000000000E+00
      1992  0.4524739825141125E+01  0.4215519316123371E+01 -0.1994977660134441E-01  0.8091760934147749E-01  0.2482526762776195E+00  0.0000000000000000E+00
      1993 -0.2974335607171390E+01 -0.2786739239717203E+01 -0.2284226947967311E-01 -0.7390759307909230E-01 -0.9084650489542319E-01  0.0000000000000000E+00
      1994  0.1858824520819873E+01  0.1533462579859270E+01  0.5262333250090562E-01  0.2241014333309104E+00  0.4863717512878482E-01  0.0000000000000000E+00
      1995 -0.4126823432176109E+01 -0.3664400774782436E+01 -0.5640931238596318E-02 -0.2640385014230930E+00 -0.1927432247319822E+00  0.0000000000000000E+00
      1996  0.6248832691032915E+01  0.5764602017333882E+01  0.5771958330869667E-01  0.1493033958485165E+00  0.2772076945418221E+00  0.0000000000000000E+00
      1997  0.1024254908197726E+02  0.9126048446443662E+01  0.6741753386968100E-01  0.4890954009970931E+00  0.5599877006668289E+00  0.0000000000000000E+00
      1998  0.1958075151035781E+01  0.2045745870914309E+01  0.2288019875726406E-01 -0.2446377273908402E+00  0.1340868087550480E+00  0.0000000000000000E+00
      1999 -0.8464338078023742E+01 -0.7784573024953619E+01 -0.2056910115548929E-01 -0.2732672290085628E+00 -0.3859287229060768E+00  0.0000000000000000E+00
      2000 -0.5010352116940393E+01 -0.4695740338552830E+01 -0.5085359445498481E-03 -0.1067199953590188E+00 -0.2073832470839956E+00  0.0000000000000000E+00
