      1801  0.1256272726581349E+03  0.1050193897080960E+03  0.2146708635927319E+01  0.7983801548212486E+01  0.1047737276589912E+02  0.0000000000000000E+00
      1802  0.1222316063109837E+03  0.1015573807407920E+03  0.2038987384029659E+01  0.7882169326201393E+01  0.1075306885996048E+02  0.0000000000000000E+00
      1803  0.1262200602444302E+03  0.1049732444673365E+03  0.2063763784874987E+01  0.8206013092313974E+01  0.1097703889990486E+02  0.0000000000000000E+00
      1804  0.1213309855746001E+03  0.1004783966347089E+03  0.2123292802393125E+01  0.8156587698372231E+01  0.1057270843912579E+02  0.0000000000000000E+00
      1805  0.1240366161349116E+03  0.1032546452223745E+03  0.2067673171948345E+01  0.8049814778917685E+01  0.1066448296167120E+02  0.0000000000000000E+00
      1806  0.1171689246374473E+03  0.9755706273531304E+02  0.1948465481874462E+01  0.7506409011197992E+01  0.1015698740906192E+02  0.0000000000000000E+00
      1807  0.1251559359978048E+03  0.1043195955590650E+03  0.2034195495236396E+01  0.8070263400688971E+01  0.1073188154281442E+02  0.0000000000000000E+00
      1808  0.1252368750552984E+03  0.1040424269242631E+03  0.2211384932128305E+01  0.8302007773262627E+01  0.1068105542564446E+02  0.0000000000000000E+00
      1809  0.1281508459211713E+03  0.1071684026268697E+03  0.2209863175013199E+01  0.7940788233712368E+01  0.1083179188557615E+02  0.0000000000000000E+00
      1810  0.1188183714773045E+03  0.9858570842607911E+02  0.2073499262736732E+01  0.7674984227091389E+01  0.1048417956139736E+02  0.0000000000000000E+00
      1811  0.1236017056789427E+03  0.1025034341963139E+03  0.2091591946245449E+01  0.8268180906425679E+01  0.1073849862995761E+02  0.0000000000000000E+00
      1812  0.1198330836416883E+03  0.9994638520318566E+02  0.2113859391396844E+01  0.7508595223468752E+01  0.1026424382363697E+02  0.0000000000000000E+00
      1813  0.1205247796748274E+03  0.1002534905781908E+03  0.2041749596717951E+01  0.7720167013439217E+01  0.1050937248647942E+02  0.0000000000000000E+00
      1814  0.1254523398347715E+03  0.1042584199544366E+03  0.2178302296681587E+01  0.8004090656998979E+01  0.1101152692665433E+02  0.0000000000000000E+00
      1815  0.1269288249102542E+03  0.1059043569696001E+03  0.2136500885671916E+01  0.7847331503802386E+01  0.1104063555117983E+02  0.0000000000000000E+00
      1816  0.1301137049830569E+03  0.1088569328417356E+03  0.2227317764203584E+01  0.8003657405222761E+01  0.1102579697189488E+02  0.0000000000000000E+00
      1817  0.1289602801086294E+03  0.1073873856844155E+03  0.2162200642070412E+01  0.8302003960439093E+01  0.1110868982170436E+02  0.0000000000000000E+00
      1818  0.1246160830944195E+03  0.1033109211013563E+03  0.2097982760599304E+01  0.8433615170192940E+01  0.1077356406227098E+02  0.0000000000000000E+00
      1819  0.1288626278244115E+03  0.1077878637067058E+03  0.2206372149987086E+01  0.8044389816634826E+01  0.1082400215108392E+02  0.0000000000000000E+00
      1820  0.1304330806416479E+03  0.1089967815564283E+03  0.2133810220159928E+01  0.8378817373525091E+01  0.1092367149153471E+02  0.0000000000000000E+00
      1821  0.1188608921817847E+03  0.9885221396469228E+02  0.2039588964346339E+01  0.7724766611939751E+01  0.1024432264080635E+02  0.0000000000000000E+00
      1822  0.1301845818854063E+03  0.1087239969675798E+03  0.2211559480171295E+01  0.8215748681506978E+01  0.1103327675614818E+02  0.0000000000000000E+00
      1823  0.1228138083641771E+03  0.1016191701617556E+03  0.2072779989087268E+01  0.8404977093486805E+01  0.1071688111984748E+02  0.0000000000000000E+00
      1824  0.1209687032065529E+03  0.9989449141997490E+02  0.1999636168149881E+01  0.8380085841724517E+01  0.1069448977670370E+02  0.0000000000000000E+00
      1825  0.1248670888235679E+03  0.1041576211570179E+03  0.2061784033608720E+01  0.8106397842476804E+01  0.1054128579046454E+02  0.0000000000000000E+00
      1826  0.1247479995544375E+03  0.1044595183360933E+03  0.1969161376122494E+01  0.7658569425424706E+01  0.1066075041679700E+02  0.0000000000000000E+00
      1827  0.1255321299053483E+03  0.1048100049563622E+03  0.2095359547054511E+01  0.8071379544891419E+01  0.1055538585704020E+02  0.0000000000000000E+00
      1828  0.1273004646062164E+03  0.1062207235252767E+03  0.2217553584157304E+01  0.7933058139670392E+01  0.1092912935711191E+02  0.0000000000000000E+00
      1829  0.1284787861840568E+03  0.1077460010614814E+03  0.2234385106696721E+01  0.7842969014105364E+01  0.1065543100177331E+02  0.0000000000000000E+00
      1830  0.1294020776159905E+03  0.1083080680048598E+03  0.2280100057828548E+01  0.8117228549129408E+01  0.1069668100417286E+02  0.0000000000000000E+00
      1831  0.1260188111977677E+03  0.1049940168842393E+03  0.2267271988017456E+01  0.7849221650612142E+01  0.1090830067489887E+02  0.0000000000000000E+00
      1832  0.1257935036623352E+03  0.1049416538866908E+03  0.2233422461287115E+01  0.8041318723119215E+01  0.1057710859123808E+02  0.0000000000000000E+00
      1833  0.1222258246548111E+03  0.1015050037418667E+03  0.2047461328499676E+01  0.7903991908451539E+01  0.1076936767599310E+02  0.0000000000000000E+00
      1834  0.1262607940534386E+03  0.1050047647172886E+03  0.2067107904538881E+01  0.8210306728040292E+01  0.1097861470357082E+02  0.0000000000000000E+00
      1835  0.1214991027371197E+03  0.1006347276839324E+03  0.2126308232434127E+01  0.8149642301636417E+01  0.1058842451911681E+02  0.0000000000000000E+00
      1836  0.1241463995168568E+03  0.1033294238846428E+03  0.2074414021378185E+01  0.8061225022453916E+01  0.1068133658838198E+02  0.0000000000000000E+00
      1837  0.1172379453312244E+03  0.9764336906833461E+02  0.1946385266115621E+01  0.7485202903076303E+01  0.1016298809369795E+02  0.0000000000000000E+00
      1838  0.1252896540625373E+03  0.1044296236339743E+03  0.2035975374884787E+01  0.8072827935945202E+01  0.1075122711773305E+02  0.0000000000000000E+00
      1839  0.1252510061719274E+03  0.1040378617221873E+03  0.2216883724201908E+01  0.8298316796889010E+01  0.1069794392864930E+02  0.0000000000000000E+00
      1840  0.1281470592634557E+03  0.1071253872701217E+03  0.2216655726317037E+01  0.7946507701951170E+01  0.1085850856506573E+02  0.0000000000000000E+00
      1841  0.1188123435012183E+03  0.9855051651014506E+02  0.2076024147818410E+01  0.7663178628516405E+01  0.1052262421473840E+02  0.0000000000000000E+00
      1842  0.1235444884852510E+03  0.1024432523723009E+03  0.2087950841599531E+01  0.8264206182609064E+01  0.1074907908874146E+02  0.0000000000000000E+00
      1843  0.1199884516844660E+03  0.1000738447766399E+03  0.2118845130660616E+01  0.7511249223240058E+01  0.1028451255392543E+02  0.0000000000000000E+00
      1844  0.1205412056787923E+03  0.1002725426684632E+03  0.2037867614740292E+01  0.7711553178892302E+01  0.1051924221669633E+02  0.0000000000000000E+00
      1845  0.1254255877798201E+03  0.1042501909611771E+03  0.2180415547594937E+01  0.7996854677350989E+01  0.1099812659369726E+02  0.0000000000000000E+00
      1846  0.1268813410669816E+03  0.1058591905163226E+03  0.2139915419307775E+01  0.7862563099642333E+01  0.1101967203170885E+02  0.0000000000000000E+00
      1847  0.1301347831725614E+03  0.1088766936103990E+03  0.2228593581411175E+01  0.8002423184831979E+01  0.1102707279591905E+02  0.0000000000000000E+00
      1848  0.1289066530479774E+03  0.1073304057376551E+03  0.2167135034734404E+01  0.8304806373103183E+01  0.1110430590248468E+02  0.0000000000000000E+00
      1849  0.1245976997572763E+03  0.1032815279669278E+03  0.2098047744900211E+01  0.8437302268678359E+01  0.1078082177677005E+02  0.0000000000000000E+00
      1850  0.1288420452776148E+03  0.1077881234638698E+03  0.2212028715547913E+01  0.8037416148239494E+01  0.1080447694995763E+02  0.0000000000000000E+00
      1851  0.1303109773713408E+03  0.1088897197335956E+03  0.2135457913658080E+01  0.8377968955448525E+01  0.1090783076863865E+02  0.0000000000000000E+00
      1852  0.1188958430694393E+03  0.9888534001159302E+02  0.2037505896741748E+01  0.7725507977337776E+01  0.1024748918376678E+02  0.0000000000000000E+00
      1853  0.1302153653052483E+03  0.1087370527681010E+03  0.2210430554707013E+01  0.8233368281658397E+01  0.1103451370078202E+02  0.0000000000000000E+00
      1854  0.1229838112323120E+03  0.1017374660748500E+03  0.2075633863751574E+01  0.8427420521195144E+01  0.1074329077251518E+02  0.0000000000000000E+00
      1855  0.1209849862308955E+03  0.9992989399269308E+02  0.1997667532524509E+01  0.8372610542034764E+01  0.1068481416364295E+02  0.0000000000000000E+00
      1856  0.1248019983261962E+03  0.1041125552380473E+03  0.2064522011563763E+01  0.8092331511667647E+01  0.1053258956491753E+02  0.0000000000000000E+00
      1857  0.1246866554157701E+03  0.1043990081954358E+03  0.1974941264564069E+01  0.7672162465859514E+01  0.1064054348991082E+02  0.0000000000000000E+00
      1858  0.1255110547453965E+03  0.1047954562323443E+03  0.2101246645019442E+01  0.8062419773667466E+01  0.1055193209436536E+02  0.0000000000000000E+00
      1859  0.1272548752530842E+03  0.1062056693682677E+03  0.2217243304955665E+01  0.7912351222129528E+01  0.1091961135773134E+02  0.0000000000000000E+00
      1860  0.1284222508232335E+03  0.1077070412465427E+03  0.2235385628753892E+01  0.7835563779165504E+01  0.1064426016877145E+02  0.0000000000000000E+00
      1861  0.1294790567475414E+03  0.1083646341208609E+03  0.2287155065104622E+01  0.8132606925028618E+01  0.1069466063654726E+02  0.0000000000000000E+00
      1862  0.1259333265458595E+03  0.1049314066181808E+03  0.2270177931279999E+01  0.7837843804949169E+01  0.1089389819144951E+02  0.0000000000000000E+00
      1863  0.1257306766837240E+03  0.1049222339915788E+03  0.2235284397327668E+01  0.8007787629287449E+01  0.1056537066553018E+02  0.0000000000000000E+00
      1864  0.1222793693492383E+03  0.1015664379973126E+03  0.2047285335941810E+01  0.7892582159783673E+01  0.1077306385620021E+02  0.0000000000000000E+00
      1865  0.1264207092428468E+03  0.1051331564830941E+03  0.2070345675421891E+01  0.8205797324959081E+01  0.1101140975937170E+02  0.0000000000000000E+00
      1866  0.1215213242613415E+03  0.1006452155305199E+03  0.2134753057565978E+01  0.8151069950446571E+01  0.1059028572280916E+02  0.0000000000000000E+00
      1867  0.1241813071982395E+03  0.1033461596268688E+03  0.2083773500706393E+01  0.8059163970986157E+01  0.1069221009967806E+02  0.0000000000000000E+00
      1868  0.1172729122481147E+03  0.9763752319052078E+02  0.1967769525249427E+01  0.7501347691453487E+01  0.1016627184089107E+02  0.0000000000000000E+00
      1869  0.1252821038124570E+03  0.1044000919238131E+03  0.2047313778986688E+01  0.8082319852971573E+01  0.1075237825668560E+02  0.0000000000000000E+00
      1870  0.1252633818103219E+03  0.1040364650429110E+03  0.2225484588068761E+01  0.8311224885406983E+01  0.1069020729393526E+02  0.0000000000000000E+00
      1871  0.1282229349573557E+03  0.1071852732174810E+03  0.2219871254909559E+01  0.7955361994203775E+01  0.1086242849076157E+02  0.0000000000000000E+00
      1872  0.1188741987618610E+03  0.9860181183665364E+02  0.2080936875523855E+01  0.7669225925622390E+01  0.1052222412406119E+02  0.0000000000000000E+00
      1873  0.1236871299682796E+03  0.1025715541740011E+03  0.2092606404568917E+01  0.8286483400398208E+01  0.1073648598931141E+02  0.0000000000000000E+00
      1874  0.1199689826993052E+03  0.1000850360855710E+03  0.2121072047846339E+01  0.7493863294213130E+01  0.1026901127167489E+02  0.0000000000000000E+00
      1875  0.1205451672407923E+03  0.1002647836013140E+03  0.2047107591444167E+01  0.7719900690537968E+01  0.1051337535749627E+02  0.0000000000000000E+00
      1876  0.1254822662275167E+03  0.1043144650232520E+03  0.2186372288419151E+01  0.7992096159718983E+01  0.1098933275612657E+02  0.0000000000000000E+00
      1877  0.1269538858643554E+03  0.1059172974099817E+03  0.2144170505708488E+01  0.7862698826508225E+01  0.1102971912215717E+02  0.0000000000000000E+00
      1878  0.1301971072596863E+03  0.1089473643607713E+03  0.2235734891209545E+01  0.8003120066700387E+01  0.1101088794100491E+02  0.0000000000000000E+00
      1879  0.1289792715423168E+03  0.1074032514710998E+03  0.2168758333005778E+01  0.8302453863447692E+01  0.1110480787476351E+02  0.0000000000000000E+00
      1880  0.1247403402595413E+03  0.1033754401072470E+03  0.2112377973774926E+01  0.8458102421344318E+01  0.1079441975717488E+02  0.0000000000000000E+00
      1881  0.1289653672263182E+03  0.1078767001749618E+03  0.2213127404856774E+01  0.8055847775865569E+01  0.1081969187063412E+02  0.0000000000000000E+00
      1882  0.1304452063873340E+03  0.1090039697516986E+03  0.2137022594287500E+01  0.8389669864831742E+01  0.1091454417651612E+02  0.0000000000000000E+00
      1883  0.1189847204569647E+03  0.9896315786382060E+02  0.2048843094361665E+01  0.7720319714209420E+01  0.1025239978457284E+02  0.0000000000000000E+00
      1884  0.1302391232920055E+03  0.1087875694445659E+03  0.2213790032630646E+01  0.8203532225279279E+01  0.1103423158952956E+02  0.0000000000000000E+00
      1885  0.1229655445770563E+03  0.1017502978853245E+03  0.2083503001880044E+01  0.8401508113520455E+01  0.1073023557633129E+02  0.0000000000000000E+00
      1886  0.1210367463494908E+03  0.9996424523196897E+02  0.2005857168451097E+01  0.8374748217789719E+01  0.1069189573128097E+02  0.0000000000000000E+00
      1887  0.1249064164811658E+03  0.1041787713168226E+03  0.2067067664165923E+01  0.8099563181736613E+01  0.1056101431844058E+02  0.0000000000000000E+00
      1888  0.1246765152037267E+03  0.1043827364635303E+03  0.1978583170646711E+01  0.7673655359787201E+01  0.1064154020976238E+02  0.0000000000000000E+00
      1889  0.1255106030540902E+03  0.1047846720157556E+03  0.2101665896168309E+01  0.8077394701130267E+01  0.1054687044103596E+02  0.0000000000000000E+00
      1890  0.1272868052862437E+03  0.1062322073806630E+03  0.2220783656559350E+01  0.7910654671723271E+01  0.1092315957729809E+02  0.0000000000000000E+00
      1891  0.1285272677746540E+03  0.1078064386939431E+03  0.2238078327556495E+01  0.7836881603461973E+01  0.1064586914969251E+02  0.0000000000000000E+00
      1892  0.1294534580771002E+03  0.1083577499366688E+03  0.2281869107119237E+01  0.8124285340479789E+01  0.1068955369283246E+02  0.0000000000000000E+00
      1893  0.1259797312705807E+03  0.1049371204593813E+03  0.2274913745727491E+01  0.7860185675640595E+01  0.1090751138983138E+02  0.0000000000000000E+00
      1894  0.1257647686496762E+03  0.1049336723650138E+03  0.2232933888953821E+01  0.8020092541443743E+01  0.1057806985426503E+02  0.0000000000000000E+00
      1895  0.1223642429626734E+03  0.1016350014949411E+03  0.2053588936094290E+01  0.7904095285982610E+01  0.1077155724565536E+02  0.0000000000000000E+00
      1896  0.1262825592862013E+03  0.1050181451633058E+03  0.2069335749888793E+01  0.8192020907119977E+01  0.1100305746588679E+02  0.0000000000000000E+00
      1897  0.1214489961472547E+03  0.1005759713413361E+03  0.2136839272579402E+01  0.8160373409018259E+01  0.1057581212432082E+02  0.0000000000000000E+00
      1898  0.1241349659122436E+03  0.1033273351736298E+03  0.2085745888020083E+01  0.8043305595101101E+01  0.1067857925549247E+02  0.0000000000000000E+00
      1899  0.1171655048772783E+03  0.9755834464103819E+02  0.1954929460257260E+01  0.7497331951892306E+01  0.1015489882409042E+02  0.0000000000000000E+00
      1900  0.1252846118757162E+03  0.1044027304848514E+03  0.2042494577011692E+01  0.8085250209171299E+01  0.1075413660468175E+02  0.0000000000000000E+00
      1901  0.1252303735550051E+03  0.1039991573509927E+03  0.2222875487662400E+01  0.8320316608479365E+01  0.1068802410787074E+02  0.0000000000000000E+00
      1902  0.1280996755282804E+03  0.1070961470192425E+03  0.2211162331002008E+01  0.7941450868931998E+01  0.1085091530910398E+02  0.0000000000000000E+00
      1903  0.1188112559349724E+03  0.9856154798994831E+02  0.2079767443009567E+01  0.7660674081852713E+01  0.1050926642016182E+02  0.0000000000000000E+00
      1904  0.1235669832473750E+03  0.1024568378216308E+03  0.2094471201155603E+01  0.8270262694543725E+01  0.1074541153004478E+02  0.0000000000000000E+00
      1905  0.1199546276340494E+03  0.1000580876517388E+03  0.2122182534363041E+01  0.7498537545063182E+01  0.1027581990288433E+02  0.0000000000000000E+00
      1906  0.1204821507337839E+03  0.1002113039462338E+03  0.2050199871920653E+01  0.7725152083895098E+01  0.1049549483173435E+02  0.0000000000000000E+00
      1907  0.1253692684510718E+03  0.1042109896796434E+03  0.2185654598618837E+01  0.7986405297508620E+01  0.1098621887530099E+02  0.0000000000000000E+00
      1908  0.1268614869934950E+03  0.1058578302020632E+03  0.2143489442428041E+01  0.7851790418539198E+01  0.1100837693046453E+02  0.0000000000000000E+00
      1909  0.1301407285584035E+03  0.1088707695030498E+03  0.2235640158270005E+01  0.8022565086295595E+01  0.1101175381078816E+02  0.0000000000000000E+00
      1910  0.1289514250283107E+03  0.1073788074695025E+03  0.2169407304895395E+01  0.8287579061233140E+01  0.1111563119267954E+02  0.0000000000000000E+00
      1911  0.1247423148299812E+03  0.1033910567662224E+03  0.2107386345567884E+01  0.8449251139927018E+01  0.1079462057826387E+02  0.0000000000000000E+00
      1912  0.1289808837030717E+03  0.1079010786592246E+03  0.2213993160539885E+01  0.8046279512922533E+01  0.1081953237038462E+02  0.0000000000000000E+00
      1913  0.1304202219102448E+03  0.1089988824145548E+03  0.2138488787009678E+01  0.8372335198436259E+01  0.1091051551024397E+02  0.0000000000000000E+00
      1914  0.1189514111292437E+03  0.9893714847538838E+02  0.2046071561202673E+01  0.7724737980643302E+01  0.1024345311200934E+02  0.0000000000000000E+00
      1915  0.1302563003744809E+03  0.1087873823561990E+03  0.2212342995330486E+01  0.8216344787963846E+01  0.1104023023498758E+02  0.0000000000000000E+00
      1916  0.1229395869014322E+03  0.1017093364828502E+03  0.2083153529798120E+01  0.8415266826237675E+01  0.1073183006254628E+02  0.0000000000000000E+00
      1917  0.1209759527700137E+03  0.9992446033028628E+02  0.2007906317436986E+01  0.8359758887835673E+01  0.1068382723445485E+02  0.0000000000000000E+00
      1918  0.1248610661025532E+03  0.1041403405184202E+03  0.2065880980505508E+01  0.8117024846191269E+01  0.1053781975743616E+02  0.0000000000000000E+00
      1919  0.1246506259965056E+03  0.1043815381369644E+03  0.1982068787371645E+01  0.7645826791403997E+01  0.1064119228076548E+02  0.0000000000000000E+00
      1920  0.1256381607898567E+03  0.1049086002042884E+03  0.2107992390260102E+01  0.8075526089127434E+01  0.1054604210618072E+02  0.0000000000000000E+00
      1921  0.1274349868833385E+03  0.1063529305729643E+03  0.2220071403081066E+01  0.7935389461862802E+01  0.1092659544543021E+02  0.0000000000000000E+00
      1922  0.1285757978642718E+03  0.1078510571353195E+03  0.2239420938757112E+01  0.7835380382881268E+01  0.1064993940731381E+02  0.0000000000000000E+00
      1923  0.1294297818306638E+03  0.1083427995933432E+03  0.2279741262561914E+01  0.8123279424767649E+01  0.1068396154999115E+02  0.0000000000000000E+00
      1924  0.1260515709848789E+03  0.1050179401316322E+03  0.2273059235273295E+01  0.7855673856332776E+01  0.1090489776164074E+02  0.0000000000000000E+00
      1925  0.1258619882736641E+03  0.1050088585555212E+03  0.2232875344613380E+01  0.8034691471114519E+01  0.1058556290241491E+02  0.0000000000000000E+00
      1926  0.1222914322043789E+03  0.1015761190927486E+03  0.2049769147106235E+01  0.7895768338005457E+01  0.1076977562651848E+02  0.0000000000000000E+00
      1927  0.1262901568434381E+03  0.1050425016647899E+03  0.2064158544759682E+01  0.8188007073078200E+01  0.1099548956081030E+02  0.0000000000000000E+00
      1928  0.1214994609927988E+03  0.1006165587021423E+03  0.2137153283292947E+01  0.8153035168595130E+01  0.1059271383876825E+02  0.0000000000000000E+00
      1929  0.1241132305005262E+03  0.1032999498367119E+03  0.2088245361858552E+01  0.8038600458116409E+01  0.1068643484383934E+02  0.0000000000000000E+00
      1930  0.1172405883530828E+03  0.9759853918148679E+02  0.1960458977503259E+01  0.7517358601937040E+01  0.1016423159215566E+02  0.0000000000000000E+00
      1931  0.1252594352803755E+03  0.1043565074894633E+03  0.2042175877373935E+01  0.8092263169069565E+01  0.1076848874446871E+02  0.0000000000000000E+00
      1932  0.1252291263326262E+03  0.1039943335218570E+03  0.2226470045627142E+01  0.8301182490728422E+01  0.1070714027441372E+02  0.0000000000000000E+00
      1933  0.1280314520127265E+03  0.1070236871527134E+03  0.2218330988842802E+01  0.7934029117084203E+01  0.1085540475408601E+02  0.0000000000000000E+00
      1934  0.1188211706147533E+03  0.9854381977670241E+02  0.2080424238475200E+01  0.7681702273329630E+01  0.1051522432624614E+02  0.0000000000000000E+00
      1935  0.1236003987427181E+03  0.1024632799559570E+03  0.2096587114276891E+01  0.8287930051278611E+01  0.1075260162120541E+02  0.0000000000000000E+00
      1936  0.1198656688502388E+03  0.9996858057596609E+02  0.2125885657080879E+01  0.7499279309159216E+01  0.1027192330803246E+02  0.0000000000000000E+00
      1937  0.1204159248149832E+03  0.1001801409767907E+03  0.2046639636619879E+01  0.7697974861622188E+01  0.1049116933995051E+02  0.0000000000000000E+00
      1938  0.1254811481196275E+03  0.1043044457794661E+03  0.2182535450481804E+01  0.7994943619759834E+01  0.1099922326991978E+02  0.0000000000000000E+00
      1939  0.1270055934632622E+03  0.1059516388819683E+03  0.2145889815228884E+01  0.7870287069268192E+01  0.1103777769679683E+02  0.0000000000000000E+00
      1940  0.1300915452996481E+03  0.1088269273033642E+03  0.2240540447899608E+01  0.8015081042292330E+01  0.1100899650609197E+02  0.0000000000000000E+00
      1941  0.1289949495413047E+03  0.1074107908608346E+03  0.2169654611558002E+01  0.8314025031825670E+01  0.1110047903708652E+02  0.0000000000000000E+00
      1942  0.1247222977789896E+03  0.1033839001880737E+03  0.2110483392769586E+01  0.8448037377601482E+01  0.1077987682054479E+02  0.0000000000000000E+00
      1943  0.1289258050060367E+03  0.1078344431341137E+03  0.2217887224409819E+01  0.8060585383071228E+01  0.1081288926444185E+02  0.0000000000000000E+00
      1944  0.1304427710540258E+03  0.1089918808452650E+03  0.2143190845565510E+01  0.8393115747373241E+01  0.1091458361582213E+02  0.0000000000000000E+00
      1945  0.1189022326977184E+03  0.9889541898312923E+02  0.2048341124935009E+01  0.7719664689520441E+01  0.1023880790013373E+02  0.0000000000000000E+00
      1946  0.1302806247329471E+03  0.1088163905507813E+03  0.2211172492296986E+01  0.8222076421344770E+01  0.1103098526852400E+02  0.0000000000000000E+00
      1947  0.1230060422529926E+03  0.1017706090356695E+03  0.2080618056017742E+01  0.8417956115263150E+01  0.1073685904604225E+02  0.0000000000000000E+00
      1948  0.1209937806201013E+03  0.9992742414273975E+02  0.2003746467473149E+01  0.8367760921217702E+01  0.1069484908867064E+02  0.0000000000000000E+00
      1949  0.1249211914985331E+03  0.1041946971245279E+03  0.2069289246758550E+01  0.8109904342855451E+01  0.1054730078439118E+02  0.0000000000000000E+00
      1950  0.1247373577496074E+03  0.1044259387756518E+03  0.1981585927720521E+01  0.7679325355060704E+01  0.1065050769117435E+02  0.0000000000000000E+00
      1951  0.1256063937697349E+03  0.1048564390379852E+03  0.2101379813728247E+01  0.8091019817822053E+01  0.1055755510019952E+02  0.0000000000000000E+00
      1952  0.1273268191728614E+03  0.1062524905659801E+03  0.2218942152125512E+01  0.7929686013171679E+01  0.1092570044158418E+02  0.0000000000000000E+00
      1953  0.1285963510624936E+03  0.1078500201332559E+03  0.2238532708393309E+01  0.7848762708759198E+01  0.1065903551208515E+02  0.0000000000000000E+00
      1954  0.1293847452973401E+03  0.1082789772318473E+03  0.2283732371687734E+01  0.8129264188424258E+01  0.1069277150538103E+02  0.0000000000000000E+00
      1955  0.1260429961837805E+03  0.1050193339127626E+03  0.2268934172154475E+01  0.7851035175052273E+01  0.1090369292381110E+02  0.0000000000000000E+00
      1956  0.1258516422185813E+03  0.1049943003462795E+03  0.2238757809037484E+01  0.8036888752313409E+01  0.1058169531095089E+02  0.0000000000000000E+00
      1957  0.1223756786109424E+03  0.1016353185748543E+03  0.2053417508985998E+01  0.7915157651153714E+01  0.1077178487594843E+02  0.0000000000000000E+00
      1958  0.1263822631111195E+03  0.1051079108048117E+03  0.2065842120236057E+01  0.8202471861228510E+01  0.1100603832484317E+02  0.0000000000000000E+00
      1959  0.1214094395805971E+03  0.1005311633618106E+03  0.2134630677147148E+01  0.8156595300820362E+01  0.1058705024081902E+02  0.0000000000000000E+00
      1960  0.1241352472755182E+03  0.1033030229854316E+03  0.2086563257837336E+01  0.8055904016564609E+01  0.1068975701568464E+02  0.0000000000000000E+00
      1961  0.1172405476778536E+03  0.9760142130467582E+02  0.1956117358251427E+01  0.7502984224222137E+01  0.1018002479070424E+02  0.0000000000000000E+00
      1962  0.1253211831646963E+03  0.1044347698589098E+03  0.2043085396583689E+01  0.8085754889610387E+01  0.1075757301959239E+02  0.0000000000000000E+00
      1963  0.1253606811292373E+03  0.1041001842150212E+03  0.2225834724586420E+01  0.8328255499156432E+01  0.1070640669047327E+02  0.0000000000000000E+00
      1964  0.1282248000642337E+03  0.1071825243406043E+03  0.2215317605621669E+01  0.7957554837043209E+01  0.1086940328096458E+02  0.0000000000000000E+00
      1965  0.1187680147076693E+03  0.9850508580349731E+02  0.2080659829305051E+01  0.7675657029368713E+01  0.1050661204549815E+02  0.0000000000000000E+00
      1966  0.1237009602272379E+03  0.1025644127265051E+03  0.2092723201215506E+01  0.8281152513256343E+01  0.1076267178626093E+02  0.0000000000000000E+00
      1967  0.1199389191114439E+03  0.1000438924231785E+03  0.2124555194667672E+01  0.7499800310907776E+01  0.1027067118268997E+02  0.0000000000000000E+00
      1968  0.1206148657775877E+03  0.1003381709041558E+03  0.2047322897672573E+01  0.7718250666985457E+01  0.1051112130877379E+02  0.0000000000000000E+00
      1969  0.1254671626113140E+03  0.1042877271674895E+03  0.2182354984025749E+01  0.8000754600223253E+01  0.1099632585957536E+02  0.0000000000000000E+00
      1970  0.1270097427012032E+03  0.1059638466352337E+03  0.2146519780471569E+01  0.7873769634097895E+01  0.1102560665139993E+02  0.0000000000000000E+00
      1971  0.1301604132550880E+03  0.1088818194396440E+03  0.2236286306844788E+01  0.8026212711089354E+01  0.1101609479750984E+02  0.0000000000000000E+00
      1972  0.1289961748003309E+03  0.1074201603380167E+03  0.2169297092934467E+01  0.8301381374609409E+01  0.1110533599477016E+02  0.0000000000000000E+00
      1973  0.1246762622643893E+03  0.1033313490657575E+03  0.2111333575240709E+01  0.8449325649149198E+01  0.1078425397424204E+02  0.0000000000000000E+00
      1974  0.1289625410543029E+03  0.1078752664754693E+03  0.2213394183316197E+01  0.8051413983421043E+01  0.1082246641209629E+02  0.0000000000000000E+00
      1975  0.1304466023715074E+03  0.1089813626350553E+03  0.2142052798226853E+01  0.8397679210660279E+01  0.1092550772756492E+02  0.0000000000000000E+00
      1976  0.1189148134520371E+03  0.9888510928789174E+02  0.2044109504493125E+01  0.7736466246393833E+01  0.1024912841325840E+02  0.0000000000000000E+00
      1977  0.1303711251319703E+03  0.1088476648463184E+03  0.2212531940836787E+01  0.8244797771795858E+01  0.1106613057301928E+02  0.0000000000000000E+00
      1978  0.1229060271328556E+03  0.1016595906457355E+03  0.2082955776364649E+01  0.8428557726144936E+01  0.1073492298461050E+02  0.0000000000000000E+00
      1979  0.1210095328184670E+03  0.9992692005339173E+02  0.2006609569411840E+01  0.8375217873644894E+01  0.1070078532201852E+02  0.0000000000000000E+00
      1980  0.1248425027955458E+03  0.1041099149934817E+03  0.2068557981067680E+01  0.8120598615728499E+01  0.1054343120526789E+02  0.0000000000000000E+00
      1981  0.1246351807751882E+03  0.1043122344579782E+03  0.1979405057864382E+01  0.7680992863258783E+01  0.1066254839608680E+02  0.0000000000000000E+00
      1982  0.1255200327429652E+03  0.1047809130145770E+03  0.2103903652594032E+01  0.8090763088122378E+01  0.1054445298767175E+02  0.0000000000000000E+00
      1983  0.1273522436588153E+03  0.1062761090249070E+03  0.2220046521699876E+01  0.7936009691609606E+01  0.1092007842059880E+02  0.0000000000000000E+00
      1984  0.1284840772608262E+03  0.1077713017156182E+03  0.2237194732414761E+01  0.7844895550267268E+01  0.1063068526252593E+02  0.0000000000000000E+00
      1985  0.1293668424494935E+03  0.1082968626713238E+03  0.2279174564410348E+01  0.8117746010930254E+01  0.1067305920282902E+02  0.0000000000000000E+00
      1986  0.1260391357897986E+03  0.1050194609617818E+03  0.2269127168193648E+01  0.7843459460746711E+01  0.1090708819907634E+02  0.0000000000000000E+00
      1987  0.1257999220523642E+03  0.1049557491625354E+03  0.2241399459431992E+01  0.8022816084834252E+01  0.1057995734556258E+02  0.0000000000000000E+00
      1988  0.1223635090674276E+03  0.1016188874491478E+03  0.2055929615694930E+01  0.7911206961125097E+01  0.1077748504145985E+02  0.0000000000000000E+00
      1989  0.1264291857040687E+03  0.1051364355914565E+03  0.2067840740110356E+01  0.8221021236760018E+01  0.1100388813574181E+02  0.0000000000000000E+00
      1990  0.1215720687530031E+03  0.1006803200013687E+03  0.2138655091998300E+01  0.8163056542237095E+01  0.1059003711739898E+02  0.0000000000000000E+00
      1991  0.1241770006604641E+03  0.1033550920417170E+03  0.2081554160011482E+01  0.8059175459211934E+01  0.1068117899952362E+02  0.0000000000000000E+00
      1992  0.1171414023869231E+03  0.9754008334059668E+02  0.1957289127376428E+01  0.7497960264677308E+01  0.1014606965427257E+02  0.0000000000000000E+00
      1993  0.1252351629870916E+03  0.1043573117676046E+03  0.2039904577024373E+01  0.8086480678443630E+01  0.1075146596401889E+02  0.0000000000000000E+00
      1994  0.1252188404651233E+03  0.1039795563451154E+03  0.2221189489380151E+01  0.8316678978360232E+01  0.1070141565226750E+02  0.0000000000000000E+00
      1995  0.1281646852970618E+03  0.1071436452317864E+03  0.2216141024253157E+01  0.7957427964158027E+01  0.1084747107686426E+02  0.0000000000000000E+00
      1996  0.1188662527241443E+03  0.9857205595941944E+02  0.2081662183398681E+01  0.7687603386970522E+01  0.1052493119435571E+02  0.0000000000000000E+00
      1997  0.1236205447515914E+03  0.1024913172470263E+03  0.2094347910934075E+01  0.8283942745601177E+01  0.1075093684802975E+02  0.0000000000000000E+00
      1998  0.1199386458682671E+03  0.1000126905499777E+03  0.2123197378938688E+01  0.7522836135640214E+01  0.1027992180371053E+02  0.0000000000000000E+00
      1999  0.1205594392820141E+03  0.1002758403330070E+03  0.2045873327209752E+01  0.7726449899895841E+01  0.1051127572190158E+02  0.0000000000000000E+00
      2000  0.1255519645149416E+03  0.1043359562104412E+03  0.2186562643685244E+01  0.8013124149208913E+01  0.1101632151160618E+02  0.0000000000000000E+00
