      1801  0.1203919655163908E+03  0.1002774862074324E+03  0.2096840960781793E+01  0.7801346688273040E+01  0.1021629165990350E+02  0.0000000000000000E+00
      1802  0.1191497066371467E+03  0.9881111631356609E+02  0.2001687847604385E+01  0.7764009702605962E+01  0.1057289277337037E+02  0.0000000000000000E+00
      1803  0.1245022177628204E+03  0.1034516681263600E+03  0.2039548388127251E+01  0.8138937046142798E+01  0.1087206420219045E+02  0.0000000000000000E+00
      1804  0.1207978285501499E+03  0.1000162269055204E+03  0.2112218513243733E+01  0.8133983771617528E+01  0.1053539935976810E+02  0.0000000000000000E+00
      1805  0.1274722268330751E+03  0.1063741755630998E+03  0.2094388930223386E+01  0.8169630680019994E+01  0.1083403165973176E+02  0.0000000000000000E+00
      1806  0.1302200389484090E+03  0.1093439410084041E+03  0.2064028158550081E+01  0.7986540257120094E+01  0.1082552952433486E+02  0.0000000000000000E+00
      1807  0.1304642228633270E+03  0.1090099016252432E+03  0.2103398422819430E+01  0.8290796074081086E+01  0.1106012674118340E+02  0.0000000000000000E+00
      1808  0.1255723642508692E+03  0.1042885268704215E+03  0.2231850023947712E+01  0.8325354304389124E+01  0.1072663305211085E+02  0.0000000000000000E+00
      1809  0.1286500849154083E+03  0.1075930507363633E+03  0.2223970808630839E+01  0.7962833608217280E+01  0.1087022976219685E+02  0.0000000000000000E+00
      1810  0.1274605616181419E+03  0.1063745842997972E+03  0.2156278363200852E+01  0.7989224029218111E+01  0.1094047492592579E+02  0.0000000000000000E+00
      1811  0.1224054467425995E+03  0.1013683890172888E+03  0.2092078985913598E+01  0.8238439692212141E+01  0.1070653904718497E+02  0.0000000000000000E+00
      1812  0.1224516297230668E+03  0.1023134714037166E+03  0.2143457561337530E+01  0.7598995457016769E+01  0.1039570530099596E+02  0.0000000000000000E+00
      1813  0.1302675901347914E+03  0.1090622498178319E+03  0.2136517929356569E+01  0.8056038530838009E+01  0.1101278385676480E+02  0.0000000000000000E+00
      1814  0.1232910439680407E+03  0.1022220258017799E+03  0.2173291736501596E+01  0.7950448764598629E+01  0.1094527766516068E+02  0.0000000000000000E+00
      1815  0.1286001380728606E+03  0.1073991694790902E+03  0.2156661245837106E+01  0.7910360919903917E+01  0.1113394642802943E+02  0.0000000000000000E+00
      1816  0.1179270818745627E+03  0.9778815213453515E+02  0.2118828117290679E+01  0.7603307593562578E+01  0.1041679402917428E+02  0.0000000000000000E+00
      1817  0.1230969098601957E+03  0.1021501487648786E+03  0.2099790989680360E+01  0.8082303081681099E+01  0.1076466702395569E+02  0.0000000000000000E+00
      1818  0.1201760558253504E+03  0.9935039414313216E+02  0.2047078560681649E+01  0.8261142162489472E+01  0.1051744095904720E+02  0.0000000000000000E+00
      1819  0.1306559215603618E+03  0.1094512794446092E+03  0.2210925919673883E+01  0.8104840670859344E+01  0.1088887552521943E+02  0.0000000000000000E+00
      1820  0.1301694858122310E+03  0.1087608697810166E+03  0.2127945044618779E+01  0.8372882191971293E+01  0.1090778879462422E+02  0.0000000000000000E+00
      1821  0.1157540153350505E+03  0.9605081119688649E+02  0.2007660352223558E+01  0.7614542777177130E+01  0.1008100100876324E+02  0.0000000000000000E+00
      1822  0.1228793538482942E+03  0.1021572965959245E+03  0.2133485633282563E+01  0.7947917868391754E+01  0.1064065375069541E+02  0.0000000000000000E+00
      1823  0.1328110567522582E+03  0.1107010004873096E+03  0.2158031319426161E+01  0.8763182952728602E+01  0.1118884199279387E+02  0.0000000000000000E+00
      1824  0.1328851504692531E+03  0.1106255260613591E+03  0.2115054569030768E+01  0.8819102254635819E+01  0.1132546758422738E+02  0.0000000000000000E+00
      1825  0.1309382670095332E+03  0.1095798542304437E+03  0.2134270539455096E+01  0.8330516137730600E+01  0.1089362610190366E+02  0.0000000000000000E+00
      1826  0.1231763314201048E+03  0.1029768445715407E+03  0.1970252931378196E+01  0.7609428877742476E+01  0.1061980503944324E+02  0.0000000000000000E+00
      1827  0.1185018868022510E+03  0.9844102247979745E+02  0.2036073761802450E+01  0.7819877278842297E+01  0.1020491328180889E+02  0.0000000000000000E+00
      1828  0.1293847430939412E+03  0.1081385735972302E+03  0.2233059880082275E+01  0.8001414030824794E+01  0.1101169558580387E+02  0.0000000000000000E+00
      1829  0.1291445337217876E+03  0.1083426632907025E+03  0.2242222569337188E+01  0.7866867964453627E+01  0.1069277989729419E+02  0.0000000000000000E+00
      1830  0.1193151744868472E+03  0.9917228016787098E+02  0.2175377772540008E+01  0.7766050096443727E+01  0.1020146644999247E+02  0.0000000000000000E+00
      1831  0.1320702235307679E+03  0.1105249262552588E+03  0.2320115797258956E+01  0.8055697629444399E+01  0.1116948384880589E+02  0.0000000000000000E+00
      1832  0.1206643040641011E+03  0.1002867804113760E+03  0.2184587826005703E+01  0.7869137259293743E+01  0.1032379856742560E+02  0.0000000000000000E+00
      1833  0.1191023362940009E+03  0.9871665667698906E+02  0.2013763178195708E+01  0.7786461342596883E+01  0.1058545509621941E+02  0.0000000000000000E+00
      1834  0.1245391815970356E+03  0.1034762651486844E+03  0.2045299397098063E+01  0.8144307424412888E+01  0.1087330962684031E+02  0.0000000000000000E+00
      1835  0.1209741745518080E+03  0.1001795297515745E+03  0.2115955586535639E+01  0.8127951123600782E+01  0.1055073809009716E+02  0.0000000000000000E+00
      1836  0.1276055132191269E+03  0.1064687129793242E+03  0.2101766510568766E+01  0.8182454707010708E+01  0.1085257902222327E+02  0.0000000000000000E+00
      1837  0.1302756062829777E+03  0.1094148611007708E+03  0.2061895117384188E+01  0.7965462653681547E+01  0.1083338741114112E+02  0.0000000000000000E+00
      1838  0.1306098939767862E+03  0.1091291233419206E+03  0.2105046391689526E+01  0.8295094359884004E+01  0.1108062988329203E+02  0.0000000000000000E+00
      1839  0.1256381339589170E+03  0.1043349587604840E+03  0.2237055716868113E+01  0.8322513075050654E+01  0.1074360640651430E+02  0.0000000000000000E+00
      1840  0.1287128304044599E+03  0.1076193311645642E+03  0.2230809673769983E+01  0.7968522484949636E+01  0.1089416708117599E+02  0.0000000000000000E+00
      1841  0.1274550672337603E+03  0.1063378476890401E+03  0.2158856997542235E+01  0.7979279391115975E+01  0.1097908315606202E+02  0.0000000000000000E+00
      1842  0.1223582182267987E+03  0.1013186927486943E+03  0.2088618860454811E+01  0.8236172186245215E+01  0.1071473443140435E+02  0.0000000000000000E+00
      1843  0.1226292502830740E+03  0.1024628716659966E+03  0.2148086484770247E+01  0.7603293132208821E+01  0.1041499900009834E+02  0.0000000000000000E+00
      1844  0.1302850540489887E+03  0.1090780853144069E+03  0.2132493510571342E+01  0.8052161985525633E+01  0.1102231323848483E+02  0.0000000000000000E+00
      1845  0.1233238567559640E+03  0.1022724810181608E+03  0.2175954130986990E+01  0.7945996836098754E+01  0.1092942477071744E+02  0.0000000000000000E+00
      1846  0.1285988880468661E+03  0.1073996911821703E+03  0.2160063247037402E+01  0.7927013130222179E+01  0.1111212048743623E+02  0.0000000000000000E+00
      1847  0.1180161216575692E+03  0.9786706826305371E+02  0.2119987344884771E+01  0.7607402853503307E+01  0.1042166319612742E+02  0.0000000000000000E+00
      1848  0.1230892907298004E+03  0.1021377925523976E+03  0.2104676445642991E+01  0.8085897501784672E+01  0.1076092422997518E+02  0.0000000000000000E+00
      1849  0.1201893286693790E+03  0.9935056281186543E+02  0.2047611002110333E+01  0.8265280568144114E+01  0.1052587428725915E+02  0.0000000000000000E+00
      1850  0.1306964873000492E+03  0.1095095778243256E+03  0.2216756675023086E+01  0.8098942686468970E+01  0.1087121011423158E+02  0.0000000000000000E+00
      1851  0.1301015109758640E+03  0.1087046212501348E+03  0.2129700918652421E+01  0.8372945183501921E+01  0.1089424362357474E+02  0.0000000000000000E+00
      1852  0.1158414905294219E+03  0.9613406004580632E+02  0.2005615271459935E+01  0.7616358973440740E+01  0.1008545623871499E+02  0.0000000000000000E+00
      1853  0.1229855172884260E+03  0.1022458077416604E+03  0.2132159013888429E+01  0.7964517302236201E+01  0.1064303323064092E+02  0.0000000000000000E+00
      1854  0.1330623219977935E+03  0.1109023209845117E+03  0.2160460810500971E+01  0.8785951745297220E+01  0.1121358845748363E+02  0.0000000000000000E+00
      1855  0.1329721633693637E+03  0.1107344694453035E+03  0.2113362366289378E+01  0.8808631326569197E+01  0.1131570023120169E+02  0.0000000000000000E+00
      1856  0.1309766765416511E+03  0.1096390909186049E+03  0.2137402863426243E+01  0.8314808005797804E+01  0.1088537475382212E+02  0.0000000000000000E+00
      1857  0.1231624329146075E+03  0.1029643915423332E+03  0.1975826679809384E+01  0.7622549487136127E+01  0.1059966520532877E+02  0.0000000000000000E+00
      1858  0.1185290025827683E+03  0.9846739367872530E+02  0.2041724241485477E+01  0.7814935095234532E+01  0.1020494956732302E+02  0.0000000000000000E+00
      1859  0.1293916257470157E+03  0.1081702679870307E+03  0.2232393123890042E+01  0.7984973114293785E+01  0.1100399152180103E+02  0.0000000000000000E+00
      1860  0.1291559634238317E+03  0.1083663270389021E+03  0.2243296293767139E+01  0.7863419071606348E+01  0.1068292101955596E+02  0.0000000000000000E+00
      1861  0.1194630725913967E+03  0.9929104159849516E+02  0.2182193793495102E+01  0.7786645697155665E+01  0.1020319150225079E+02  0.0000000000000000E+00
      1862  0.1320600666163656E+03  0.1105245841553550E+03  0.2322866269490865E+01  0.8050817062432047E+01  0.1116179912908765E+02  0.0000000000000000E+00
      1863  0.1206108499845267E+03  0.1002621369784182E+03  0.2186497932679070E+01  0.7841128481616613E+01  0.1032108659181287E+02  0.0000000000000000E+00
      1864  0.1192181122183684E+03  0.9882994494612458E+02  0.2013545806923556E+01  0.7779399481134928E+01  0.1059522198418535E+02  0.0000000000000000E+00
      1865  0.1246943132450171E+03  0.1035905859136793E+03  0.2048289175582058E+01  0.8143929668363404E+01  0.1091150848739230E+02  0.0000000000000000E+00
      1866  0.1209928886057780E+03  0.1001811092287913E+03  0.2124560565663386E+01  0.8132208868310499E+01  0.1055500994301291E+02  0.0000000000000000E+00
      1867  0.1276397977253730E+03  0.1064799061439082E+03  0.2111184887808964E+01  0.8182878333298667E+01  0.1086582836035704E+02  0.0000000000000000E+00
      1868  0.1303317781210254E+03  0.1094273685728083E+03  0.2083263161927189E+01  0.7980801455880171E+01  0.1084034493040994E+02  0.0000000000000000E+00
      1869  0.1306412144571740E+03  0.1091370892485227E+03  0.2115903964171505E+01  0.8305820007638092E+01  0.1108240123684160E+02  0.0000000000000000E+00
      1870  0.1256824126641925E+03  0.1043605227765659E+03  0.2245980711644403E+01  0.8337311802383494E+01  0.1073859737359867E+02  0.0000000000000000E+00
      1871  0.1288300004089839E+03  0.1077071695872807E+03  0.2233902818374044E+01  0.7981019629523518E+01  0.1090790837380559E+02  0.0000000000000000E+00
      1872  0.1276047789981737E+03  0.1064674122659759E+03  0.2161941346940110E+01  0.7988401707393955E+01  0.1098702367786384E+02  0.0000000000000000E+00
      1873  0.1225855701279081E+03  0.1015231431187579E+03  0.2093503381492530E+01  0.8260591907731955E+01  0.1070833171992574E+02  0.0000000000000000E+00
      1874  0.1226522507185183E+03  0.1025090475812270E+03  0.2149972621253827E+01  0.7586578111678103E+01  0.1040665240435931E+02  0.0000000000000000E+00
      1875  0.1303416658704235E+03  0.1091178975167138E+03  0.2139573955183022E+01  0.8058485427660910E+01  0.1102570897086571E+02  0.0000000000000000E+00
      1876  0.1234016048575203E+03  0.1023508208687324E+03  0.2182309260788216E+01  0.7941128685646940E+01  0.1092734604235261E+02  0.0000000000000000E+00
      1877  0.1286942331513911E+03  0.1074759172575222E+03  0.2163881417986972E+01  0.7927326204773493E+01  0.1112710827110841E+02  0.0000000000000000E+00
      1878  0.1180643042928765E+03  0.9791806906889995E+02  0.2130323611944131E+01  0.7604736291234555E+01  0.1041117532079786E+02  0.0000000000000000E+00
      1879  0.1231734376628171E+03  0.1022183021916125E+03  0.2106845589422518E+01  0.8082579233055464E+01  0.1076571064872655E+02  0.0000000000000000E+00
      1880  0.1203523454113751E+03  0.9946208008530587E+02  0.2062436158557246E+01  0.8286714310874757E+01  0.1054111485663718E+02  0.0000000000000000E+00
      1881  0.1307946685659885E+03  0.1095732080265273E+03  0.2217347867739112E+01  0.8117901112759640E+01  0.1088621155896230E+02  0.0000000000000000E+00
      1882  0.1302087179038342E+03  0.1087907125457995E+03  0.2131306706104013E+01  0.8385530397689591E+01  0.1090116825424123E+02  0.0000000000000000E+00
      1883  0.1159175539089334E+03  0.9619731196460930E+02  0.2017842593223552E+01  0.7610980331778141E+01  0.1009141901932232E+02  0.0000000000000000E+00
      1884  0.1229717900940173E+03  0.1022561234531448E+03  0.2137787662537370E+01  0.7934742136994358E+01  0.1064313684134066E+02  0.0000000000000000E+00
      1885  0.1330133872789126E+03  0.1108844197996466E+03  0.2166299884675371E+01  0.8759366295084831E+01  0.1120330129950580E+02  0.0000000000000000E+00
      1886  0.1330245235897339E+03  0.1107687470309356E+03  0.2118219343992563E+01  0.8813397616121039E+01  0.1132415959868461E+02  0.0000000000000000E+00
      1887  0.1310670617998883E+03  0.1096935364723574E+03  0.2137902927691422E+01  0.8322969044660200E+01  0.1091265335517928E+02  0.0000000000000000E+00
      1888  0.1231554532249647E+03  0.1029488839902248E+03  0.1980255006711412E+01  0.7625661976652137E+01  0.1060065225137632E+02  0.0000000000000000E+00
      1889  0.1185061760607614E+03  0.9843570831738117E+02  0.2044336703042379E+01  0.7829236836608287E+01  0.1019689420372950E+02  0.0000000000000000E+00
      1890  0.1294055830896602E+03  0.1081806318146216E+03  0.2235516863095819E+01  0.7981835569679760E+01  0.1100759884226319E+02  0.0000000000000000E+00
      1891  0.1292209858981232E+03  0.1084291238761315E+03  0.2245846169591198E+01  0.7863912487181835E+01  0.1068210336521868E+02  0.0000000000000000E+00
      1892  0.1194089271407979E+03  0.9925866544629557E+02  0.2179032100474027E+01  0.7775371953108928E+01  0.1019585764091943E+02  0.0000000000000000E+00
      1893  0.1320864214547003E+03  0.1105147547222968E+03  0.2325870787023884E+01  0.8071842300718437E+01  0.1117395364466110E+02  0.0000000000000000E+00
      1894  0.1206410844998869E+03  0.1002771217690955E+03  0.2185305786966801E+01  0.7848520529438416E+01  0.1033013641438624E+02  0.0000000000000000E+00
      1895  0.1192633594070691E+03  0.9885878222837127E+02  0.2020214789975870E+01  0.7789319100569473E+01  0.1059504328815244E+02  0.0000000000000000E+00
      1896  0.1245940861228972E+03  0.1035161036212181E+03  0.2047633342594735E+01  0.8129228048996122E+01  0.1090112111008811E+02  0.0000000000000000E+00
      1897  0.1209629565764168E+03  0.1001542081998162E+03  0.2126561284479132E+01  0.8140608174276899E+01  0.1054157891784440E+02  0.0000000000000000E+00
      1898  0.1276009794304611E+03  0.1064682517211723E+03  0.2112219685164927E+01  0.8166931192448647E+01  0.1085357683167532E+02  0.0000000000000000E+00
      1899  0.1302293272164285E+03  0.1093535154148889E+03  0.2067308790366168E+01  0.7976342764298876E+01  0.1083216024687450E+02  0.0000000000000000E+00
      1900  0.1305736500792178E+03  0.1090630271074678E+03  0.2110304304341210E+01  0.8307736263257041E+01  0.1109258240415176E+02  0.0000000000000000E+00
      1901  0.1256400042159913E+03  0.1043080137771006E+03  0.2243506028304298E+01  0.8345239729856193E+01  0.1074324468073017E+02  0.0000000000000000E+00
      1902  0.1286678463748375E+03  0.1075791748651012E+03  0.2225420456537959E+01  0.7964180285969099E+01  0.1089907076722938E+02  0.0000000000000000E+00
      1903  0.1274771338340444E+03  0.1063603793421277E+03  0.2160464259653201E+01  0.7978068353449645E+01  0.1097822187881369E+02  0.0000000000000000E+00
      1904  0.1224188148241444E+03  0.1013635379206122E+03  0.2095571898912523E+01  0.8243788367461018E+01  0.1071591663715863E+02  0.0000000000000000E+00
      1905  0.1226085668117742E+03  0.1024569673510807E+03  0.2151200156250104E+01  0.7591468596925860E+01  0.1040893070751768E+02  0.0000000000000000E+00
      1906  0.1302539499597291E+03  0.1090491319551938E+03  0.2142881715238645E+01  0.8064447782410767E+01  0.1099748850688589E+02  0.0000000000000000E+00
      1907  0.1232749585181379E+03  0.1022394569418867E+03  0.2181680452784585E+01  0.7935866424281420E+01  0.1091795469918516E+02  0.0000000000000000E+00
      1908  0.1286363077742014E+03  0.1074558215765545E+03  0.2163461398377015E+01  0.7916761276177211E+01  0.1110026352309265E+02  0.0000000000000000E+00
      1909  0.1180360518811009E+03  0.9787210670928455E+02  0.2130235297718456E+01  0.7625450677426845E+01  0.1040825919667091E+02  0.0000000000000000E+00
      1910  0.1231650501581195E+03  0.1022146476803777E+03  0.2108012826935983E+01  0.8069669653380011E+01  0.1077271999742582E+02  0.0000000000000000E+00
      1911  0.1203502956070942E+03  0.9947669481669371E+02  0.2057618804918464E+01  0.8277389465132615E+01  0.1053859252034930E+02  0.0000000000000000E+00
      1912  0.1308435584046377E+03  0.1096306717641279E+03  0.2218256883705561E+01  0.8108971659338650E+01  0.1088565809746563E+02  0.0000000000000000E+00
      1913  0.1302083874729604E+03  0.1088108368840760E+03  0.2132884015101195E+01  0.8368373110207665E+01  0.1089629346357563E+02  0.0000000000000000E+00
      1914  0.1158760369464836E+03  0.9616127094674789E+02  0.2015232142154599E+01  0.7616429960633293E+01  0.1008310389694773E+02  0.0000000000000000E+00
      1915  0.1229849450056432E+03  0.1022494298181969E+03  0.2136274514635026E+01  0.7948795025232513E+01  0.1065044564757877E+02  0.0000000000000000E+00
      1916  0.1329491411184364E+03  0.1108058244631182E+03  0.2165841153050055E+01  0.8773258949909227E+01  0.1120421655235896E+02  0.0000000000000000E+00
      1917  0.1329361758757464E+03  0.1106959860751795E+03  0.2120764440381919E+01  0.8801048879852393E+01  0.1131837648033262E+02  0.0000000000000000E+00
      1918  0.1309669238768492E+03  0.1095966541449178E+03  0.2137444204024632E+01  0.8340434918935371E+01  0.1089239060897130E+02  0.0000000000000000E+00
      1919  0.1231090622953717E+03  0.1029259387796136E+03  0.1984011488089946E+01  0.7598411052105354E+01  0.1060070097556287E+02  0.0000000000000000E+00
      1920  0.1186529699810654E+03  0.9857942945423660E+02  0.2050745340268350E+01  0.7826937712161318E+01  0.1019585747439909E+02  0.0000000000000000E+00
      1921  0.1295872078327661E+03  0.1083401480900822E+03  0.2235040036643815E+01  0.8005577718909537E+01  0.1100644198713042E+02  0.0000000000000000E+00
      1922  0.1293236358204488E+03  0.1085301206444220E+03  0.2246997373647995E+01  0.7861009971195815E+01  0.1068550783118301E+02  0.0000000000000000E+00
      1923  0.1194389152775366E+03  0.9929735172276034E+02  0.2177058397739034E+01  0.7773508244299615E+01  0.1019099691273755E+02  0.0000000000000000E+00
      1924  0.1321822582399898E+03  0.1106226230839610E+03  0.2323914639194512E+01  0.8065914885728125E+01  0.1116980563110624E+02  0.0000000000000000E+00
      1925  0.1208214312343765E+03  0.1004335020022221E+03  0.2185647033172569E+01  0.7863691098197682E+01  0.1033859110078403E+02  0.0000000000000000E+00
      1926  0.1192822177293931E+03  0.9889209026769926E+02  0.2016596996859939E+01  0.7781850252652782E+01  0.1059168021218125E+02  0.0000000000000000E+00
      1927  0.1246376442336975E+03  0.1035802066609084E+03  0.2042583959679265E+01  0.8124611016789387E+01  0.1089024259632026E+02  0.0000000000000000E+00
      1928  0.1209985443883311E+03  0.1001827260450250E+03  0.2126719287260372E+01  0.8133482576087831E+01  0.1055561647995773E+02  0.0000000000000000E+00
      1929  0.1276058689009962E+03  0.1064709006907851E+03  0.2114917448510448E+01  0.8161639007411246E+01  0.1085841175428952E+02  0.0000000000000000E+00
      1930  0.1303244688287479E+03  0.1094164635048586E+03  0.2073255469433301E+01  0.7996337967140013E+01  0.1083841188731601E+02  0.0000000000000000E+00
      1931  0.1306405967433129E+03  0.1091156590342549E+03  0.2110296120407991E+01  0.8315296359640776E+01  0.1109934522900921E+02  0.0000000000000000E+00
      1932  0.1256585989832648E+03  0.1043252910184880E+03  0.2247019615548412E+01  0.8327416582169505E+01  0.1075887176705878E+02  0.0000000000000000E+00
      1933  0.1286329717532919E+03  0.1075455636493139E+03  0.2232829415791990E+01  0.7957357168667394E+01  0.1089722151951862E+02  0.0000000000000000E+00
      1934  0.1274575450066587E+03  0.1063193880506803E+03  0.2161410002944504E+01  0.7999626373891787E+01  0.1097712057914208E+02  0.0000000000000000E+00
      1935  0.1224479412866269E+03  0.1013615360114479E+03  0.2097577774753459E+01  0.8261639202098479E+01  0.1072718829832702E+02  0.0000000000000000E+00
      1936  0.1225173722366479E+03  0.1023605845459304E+03  0.2154754878807033E+01  0.7592715578588709E+01  0.1040931723332175E+02  0.0000000000000000E+00
      1937  0.1301677075594237E+03  0.1089878104391692E+03  0.2138909859218382E+01  0.8038970000885035E+01  0.1100201726015094E+02  0.0000000000000000E+00
      1938  0.1233770338903902E+03  0.1023156224750401E+03  0.2178376193300762E+01  0.7945065324135373E+01  0.1093796989791400E+02  0.0000000000000000E+00
      1939  0.1287590537684307E+03  0.1075230257902787E+03  0.2165888780991404E+01  0.7936375513173357E+01  0.1113376368398728E+02  0.0000000000000000E+00
      1940  0.1179886215440264E+03  0.9782846743355850E+02  0.2134788466912887E+01  0.7619033237635430E+01  0.1040633240591974E+02  0.0000000000000000E+00
      1941  0.1231719068461971E+03  0.1022064450452614E+03  0.2108412233394451E+01  0.8098360409003771E+01  0.1075868915853743E+02  0.0000000000000000E+00
      1942  0.1203048548400563E+03  0.9944086489994332E+02  0.2060434519665871E+01  0.8276919346075323E+01  0.1052663607437178E+02  0.0000000000000000E+00
      1943  0.1307601068516351E+03  0.1095364126516014E+03  0.2222075678248715E+01  0.8122072352638325E+01  0.1087954616914670E+02  0.0000000000000000E+00
      1944  0.1302223079437697E+03  0.1087930166781403E+03  0.2137276932018015E+01  0.8389707922656289E+01  0.1090230641095500E+02  0.0000000000000000E+00
      1945  0.1158332589355728E+03  0.9612359873258515E+02  0.2017448036273767E+01  0.7613458386693649E+01  0.1007875378002015E+02  0.0000000000000000E+00
      1946  0.1230253225214191E+03  0.1022911795443917E+03  0.2135127636920463E+01  0.7958567108204473E+01  0.1064044823190245E+02  0.0000000000000000E+00
      1947  0.1330484661228158E+03  0.1108944032929419E+03  0.2163210934295277E+01  0.8779878735266829E+01  0.1121097316031187E+02  0.0000000000000000E+00
      1948  0.1329508195648611E+03  0.1106945670871931E+03  0.2116548138514346E+01  0.8809051165983801E+01  0.1133065317316988E+02  0.0000000000000000E+00
      1949  0.1310295340936489E+03  0.1096478094462827E+03  0.2141202455222302E+01  0.8337597579453247E+01  0.1090292461269063E+02  0.0000000000000000E+00
      1950  0.1231627266258806E+03  0.1029342593250925E+03  0.1983385458062179E+01  0.7633044559100896E+01  0.1061203728362488E+02  0.0000000000000000E+00
      1951  0.1185815202602540E+03  0.9848714162107709E+02  0.2044700966525270E+01  0.7842170656578640E+01  0.1020750701607319E+02  0.0000000000000000E+00
      1952  0.1294346613443208E+03  0.1081899886397946E+03  0.2234012938463057E+01  0.7999931332330308E+01  0.1101072843373286E+02  0.0000000000000000E+00
      1953  0.1292481627382133E+03  0.1084321598090029E+03  0.2246218012621156E+01  0.7873525498813180E+01  0.1069625941777607E+02  0.0000000000000000E+00
      1954  0.1192849264163807E+03  0.9912178639250084E+02  0.2181184360227285E+01  0.7779604081762075E+01  0.1020235158189044E+02  0.0000000000000000E+00
      1955  0.1320874624050313E+03  0.1105365826905402E+03  0.2319936500368766E+01  0.8059978699376266E+01  0.1117096451474606E+02  0.0000000000000000E+00
      1956  0.1206806175788490E+03  0.1002915565184221E+03  0.2191189555763860E+01  0.7866072619364743E+01  0.1033179888529830E+02  0.0000000000000000E+00
      1957  0.1192492462974595E+03  0.9883723594292451E+02  0.2020072964977161E+01  0.7800856652719918E+01  0.1059108073683783E+02  0.0000000000000000E+00
      1958  0.1246395166400262E+03  0.1035543136532079E+03  0.2044084102157426E+01  0.8139196771448312E+01  0.1090192211321259E+02  0.0000000000000000E+00
      1959  0.1209033469783373E+03  0.1000890453074559E+03  0.2124239715554821E+01  0.8136697692722365E+01  0.1055336426260412E+02  0.0000000000000000E+00
      1960  0.1276185745496308E+03  0.1064628353017339E+03  0.2113074306767302E+01  0.8179955539234399E+01  0.1086270940189524E+02  0.0000000000000000E+00
      1961  0.1303106796545637E+03  0.1094038583273951E+03  0.2068837236746551E+01  0.7985110283457055E+01  0.1085287380696496E+02  0.0000000000000000E+00
      1962  0.1306364670051910E+03  0.1091264319457218E+03  0.2111422818583894E+01  0.8312485126706118E+01  0.1108612711417922E+02  0.0000000000000000E+00
      1963  0.1257369411073628E+03  0.1043774673396123E+03  0.2246493667844546E+01  0.8356018947466534E+01  0.1075696115243933E+02  0.0000000000000000E+00
      1964  0.1287498419506940E+03  0.1076253718637446E+03  0.2229993891592449E+01  0.7982690198530257E+01  0.1091178599682666E+02  0.0000000000000000E+00
      1965  0.1274135516353033E+03  0.1062870104131314E+03  0.2161792289521856E+01  0.7996953385501513E+01  0.1096779554714846E+02  0.0000000000000000E+00
      1966  0.1225303407667177E+03  0.1014432753786960E+03  0.2094120617197479E+01  0.8255730023121421E+01  0.1073721474770270E+02  0.0000000000000000E+00
      1967  0.1225740900008577E+03  0.1024205292056317E+03  0.2153367373318654E+01  0.7593857787491515E+01  0.1040633563441585E+02  0.0000000000000000E+00
      1968  0.1303863539621171E+03  0.1091681510576732E+03  0.2139697943482781E+01  0.8057275804586117E+01  0.1102122915637512E+02  0.0000000000000000E+00
      1969  0.1233527272672754E+03  0.1022892689126232E+03  0.2177921858521929E+01  0.7950457092754263E+01  0.1093507940337589E+02  0.0000000000000000E+00
      1970  0.1287140302594870E+03  0.1074839892660528E+03  0.2166639040944342E+01  0.7938586104398142E+01  0.1112481584809178E+02  0.0000000000000000E+00
      1971  0.1180079808007876E+03  0.9783156064776951E+02  0.2130797427088083E+01  0.7627439503935115E+01  0.1041818322199493E+02  0.0000000000000000E+00
      1972  0.1231536352669260E+03  0.1021974216936030E+03  0.2108459388932813E+01  0.8082410954110745E+01  0.1076534323027947E+02  0.0000000000000000E+00
      1973  0.1202595215982539E+03  0.9939226308874461E+02  0.2061577460851250E+01  0.8275795577014676E+01  0.1052988547164344E+02  0.0000000000000000E+00
      1974  0.1307993452079204E+03  0.1095800055745987E+03  0.2218025127182810E+01  0.8113243350995194E+01  0.1088807115514367E+02  0.0000000000000000E+00
      1975  0.1302169078223897E+03  0.1087762468297822E+03  0.2136463442858548E+01  0.8393173939098608E+01  0.1091102361065034E+02  0.0000000000000000E+00
      1976  0.1158013115587725E+03  0.9607431067720745E+02  0.2013309234152633E+01  0.7627607379639414E+01  0.1008608426777291E+02  0.0000000000000000E+00
      1977  0.1230879472580561E+03  0.1023000992277082E+03  0.2136796239202397E+01  0.7976888462944363E+01  0.1067416332820112E+02  0.0000000000000000E+00
      1978  0.1329425788679688E+03  0.1107794953992201E+03  0.2165880354274904E+01  0.8789992496801226E+01  0.1120721061767267E+02  0.0000000000000000E+00
      1979  0.1329780309516409E+03  0.1107075244339023E+03  0.2119379865497572E+01  0.8817334913405510E+01  0.1133379173883560E+02  0.0000000000000000E+00
      1980  0.1310205056075668E+03  0.1096392601241829E+03  0.2140033099974414E+01  0.8345076113847282E+01  0.1089613626956218E+02  0.0000000000000000E+00
      1981  0.1231492990565171E+03  0.1029119480242837E+03  0.1981465328389692E+01  0.7634378551420207E+01  0.1062150715242351E+02  0.0000000000000000E+00
      1982  0.1185255900867959E+03  0.9844437557258590E+02  0.2047067132008774E+01  0.7839650165047185E+01  0.1019449721715405E+02  0.0000000000000000E+00
      1983  0.1294512866765010E+03  0.1082093567214806E+03  0.2235153065652253E+01  0.8003419196383074E+01  0.1100335769298506E+02  0.0000000000000000E+00
      1984  0.1291429421110303E+03  0.1083644370357297E+03  0.2244837354969175E+01  0.7867388553841843E+01  0.1066627916648975E+02  0.0000000000000000E+00
      1985  0.1192395365217597E+03  0.9912064988787448E+02  0.2176829253188650E+01  0.7764574656867184E+01  0.1017748272382951E+02  0.0000000000000000E+00
      1986  0.1320650691299699E+03  0.1105246747061397E+03  0.2319766218150624E+01  0.8048642106647428E+01  0.1117198609903232E+02  0.0000000000000000E+00
      1987  0.1206455759635649E+03  0.1002739174931985E+03  0.2193752945630260E+01  0.7848494306715355E+01  0.1032941121802083E+02  0.0000000000000000E+00
      1988  0.1192166518289470E+03  0.9880333273921266E+02  0.2022619414012449E+01  0.7794219595885189E+01  0.1059648007983668E+02  0.0000000000000000E+00
      1989  0.1246942141086675E+03  0.1035907379439133E+03  0.2046258461185771E+01  0.8155643947713685E+01  0.1090157375585475E+02  0.0000000000000000E+00
      1990  0.1210248915044150E+03  0.1001986288024670E+03  0.2128297639767065E+01  0.8141464584093114E+01  0.1055650047808795E+02  0.0000000000000000E+00
      1991  0.1276471625883073E+03  0.1065018652267152E+03  0.2108084499211580E+01  0.8182123928198893E+01  0.1085508893418182E+02  0.0000000000000000E+00
      1992  0.1302235435069258E+03  0.1093562594742204E+03  0.2070138482650941E+01  0.7978092848507874E+01  0.1081905270154662E+02  0.0000000000000000E+00
      1993  0.1306082079005231E+03  0.1090981895752140E+03  0.2107984711700718E+01  0.8314267972094827E+01  0.1108776564151344E+02  0.0000000000000000E+00
      1994  0.1256365353241423E+03  0.1042993297959070E+03  0.2241864435583098E+01  0.8344287364704094E+01  0.1075105372794803E+02  0.0000000000000000E+00
      1995  0.1287257555293109E+03  0.1076259204483011E+03  0.2230756413730563E+01  0.7981793280321051E+01  0.1088728538695815E+02  0.0000000000000000E+00
      1996  0.1275320143013192E+03  0.1063774160736726E+03  0.2162875204787269E+01  0.8007347600138138E+01  0.1098437542272134E+02  0.0000000000000000E+00
      1997  0.1224642300039024E+03  0.1013928215943662E+03  0.2095225685761905E+01  0.8258255853303098E+01  0.1071792687047102E+02  0.0000000000000000E+00
      1998  0.1225992094075294E+03  0.1024185552508730E+03  0.2151859290430364E+01  0.7615856100112369E+01  0.1041293876611365E+02  0.0000000000000000E+00
      1999  0.1303342757390783E+03  0.1091085889005951E+03  0.2138368707847989E+01  0.8066322331888067E+01  0.1102099579874718E+02  0.0000000000000000E+00
      2000  0.1234915372421943E+03  0.1023933330416771E+03  0.2182384045430283E+01  0.7963658609158729E+01  0.1095216154592808E+02  0.0000000000000000E+00
