      1801 -0.1139704674056876E+01 -0.1049679382393316E+01  0.7395494113364451E-03  0.3674859307371946E-01 -0.1275134341486158E+00  0.0000000000000000E+00
      1802 -0.2169970573018646E+01 -0.2045794468245725E+01 -0.3465087856700896E-01 -0.3624671022036115E-01 -0.5327851598555016E-01  0.0000000000000000E+00
      1803  0.5610380960821828E+00  0.4511393537354370E+00 -0.2690723153815957E-01  0.5319288987825628E-01  0.8361308400664938E-01  0.0000000000000000E+00
      1804  0.5894525852232821E+01  0.5226022056476754E+01  0.4687119073643083E-01  0.2878473510790756E+00  0.3337852539405659E+00  0.0000000000000000E+00
      1805 -0.1547969288153502E+02 -0.1414694054414046E+02 -0.8379472451223074E-01 -0.5734914622209786E+00 -0.6754661506613568E+00  0.0000000000000000E+00
      1806 -0.8237113550692730E+01 -0.7409099613432762E+01 -0.9330932355251995E-01 -0.2172698610904704E+00 -0.5174347526169789E+00  0.0000000000000000E+00
      1807 -0.1892840381053894E+01 -0.1700214199778767E+01 -0.4374762328631281E-01  0.4542623070140438E-01 -0.1943047886902176E+00  0.0000000000000000E+00
      1808  0.4620296536018762E+01  0.4048857017036539E+01  0.3967042633560256E-01  0.3324097223575355E+00  0.1993593702890876E+00  0.0000000000000000E+00
      1809 -0.1319345454017253E+02 -0.1202830711417765E+02 -0.6323937403427753E-01 -0.5387872938203628E+00 -0.5631207581402388E+00  0.0000000000000000E+00
      1810 -0.8159728952000705E+01 -0.7394008027974422E+01 -0.2770739431309311E-01 -0.2495875656994360E+00 -0.4884259640137574E+00  0.0000000000000000E+00
      1811  0.5780050634739691E+01  0.5118150300594688E+01  0.2819773825471554E-01  0.4622495929872660E+00  0.1714530029030280E+00  0.0000000000000000E+00
      1812  0.9613431535244429E+01  0.8952472279690706E+01  0.4807593538082500E-01  0.9921063473905922E-01  0.5136726854338379E+00  0.0000000000000000E+00
      1813 -0.1152944682173328E+02 -0.1071898550095783E+02 -0.4631774638591171E-01 -0.3723476602078098E+00 -0.3917959141817365E+00  0.0000000000000000E+00
      1814  0.2789847573448799E+01  0.2437649807799190E+01  0.2487748766228354E-01  0.1689646894281090E+00  0.1583555885592174E+00  0.0000000000000000E+00
      1815  0.8441069126354867E+01  0.7696844171675030E+01  0.4429177461405672E-01  0.1346673275605278E+00  0.5652658525052466E+00  0.0000000000000000E+00
      1816 -0.8854974002124423E+00 -0.9036943915526161E+00  0.2658553530504842E-01 -0.6048475869566724E-01  0.5209621473079500E-01  0.0000000000000000E+00
      1817  0.4008949182370628E+01  0.3497501368616058E+01  0.1991900363947779E-01  0.2509379711330844E+00  0.2405908389820066E+00  0.0000000000000000E+00
      1818  0.4901660352490903E+01  0.4348532733928316E+01 -0.9644182071903255E-02  0.2553358494472466E+00  0.3074359511872515E+00  0.0000000000000000E+00
      1819  0.6531649316514442E+01  0.6190826718585471E+01  0.1004090906171518E-01  0.4534931392203590E-01  0.2854323749452155E+00  0.0000000000000000E+00
      1820  0.5921967396452037E+00  0.5727298983469640E+00 -0.5364445865033898E-02 -0.1256692705543490E-01  0.3739821421870695E-01  0.0000000000000000E+00
      1821 -0.5742573139577204E+01 -0.5077581101178777E+01 -0.3456472240715536E-01 -0.3006872560529139E+00 -0.3297400599383551E+00  0.0000000000000000E+00
      1822 -0.1523139594561042E+02 -0.1393416234601512E+02 -0.6392250627438048E-01 -0.4379056995884140E+00 -0.7954053937324986E+00  0.0000000000000000E+00
      1823 -0.6479331489006887E+01 -0.6098371404520682E+01 -0.8558938353590005E-01  0.8696548550384696E-01 -0.3823361864541470E+00  0.0000000000000000E+00
      1824 -0.3945196239391438E+01 -0.3754163586315119E+01 -0.4458342783992298E-01  0.4032564964686457E-01 -0.1867748748832554E+00  0.0000000000000000E+00
      1825  0.3196534306424175E+01  0.2992479861316217E+01  0.1327161055834933E-01  0.1117436127542262E+00  0.7903922179538683E-01  0.0000000000000000E+00
      1826 -0.5810819082960756E+01 -0.5038088455468108E+01 -0.6073193590294364E-01 -0.4444803156574013E+00 -0.2675183759323058E+00  0.0000000000000000E+00
      1827  0.6123920464120977E+01  0.5596441109652768E+01  0.3992426461613707E-01  0.3162188469483337E+00  0.1713362429037424E+00  0.0000000000000000E+00
      1828 -0.1249238548002314E+01 -0.1169809451323488E+01  0.7582526549847918E-02 -0.1329917157041040E+00  0.4598009247542900E-01  0.0000000000000000E+00
      1829  0.1007869035897120E+02  0.9256578439179204E+01  0.4530174278492233E-01  0.2809856653871028E+00  0.4958245116199611E+00  0.0000000000000000E+00
      1830  0.3629603844462055E+01  0.3340442633517397E+01  0.3364936953732672E-01  0.9940617373884181E-01  0.1561056676684875E+00  0.0000000000000000E+00
      1831 -0.4925471432842239E+01 -0.4504229688605720E+01  0.1883769055199093E-01 -0.2483896868285799E+00 -0.1916897479599325E+00  0.0000000000000000E+00
      1832  0.7376735979041202E-01 -0.2059883499194144E-01 -0.3039182663148311E-02  0.1320542838861204E+00 -0.3464890644061734E-01  0.0000000000000000E+00
      1833 -0.1237247800046624E+01 -0.1188664780977255E+01 -0.3216740509865940E-01 -0.1252837810663505E-01 -0.3887235864074079E-02  0.0000000000000000E+00
      1834  0.1349637363706859E+01  0.1204758860390388E+01 -0.2326995851691486E-01  0.5876538700428171E-01  0.1093830748291048E+00  0.0000000000000000E+00
      1835  0.6633928059021961E+01  0.5919930065913191E+01  0.5158557207559518E-01  0.2956261560642219E+00  0.3667862649689557E+00  0.0000000000000000E+00
      1836 -0.1474251934045972E+02 -0.1347445722545257E+02 -0.7936877971076829E-01 -0.5457830173653830E+00 -0.6429103179309901E+00  0.0000000000000000E+00
      1837 -0.7242658371531300E+01 -0.6445665155374626E+01 -0.9088073346469992E-01 -0.2152158116348527E+00 -0.4908966710571214E+00  0.0000000000000000E+00
      1838 -0.9462466184253887E+00 -0.8038803981720446E+00 -0.3989031578114813E-01  0.6207895151049367E-01 -0.1645548559826900E+00  0.0000000000000000E+00
      1839  0.5262842643907113E+01  0.4652709894418126E+01  0.4241833270021553E-01  0.3338523402153924E+00  0.2338620765733850E+00  0.0000000000000000E+00
      1840 -0.1264362714525196E+02 -0.1154043903434097E+02 -0.5870048659626415E-01 -0.5209014884504222E+00 -0.5235861358642885E+00  0.0000000000000000E+00
      1841 -0.7523821338296195E+01 -0.6788797990922244E+01 -0.2496370576569339E-01 -0.2477631788871235E+00 -0.4622964627211296E+00  0.0000000000000000E+00
      1842  0.6363511505037387E+01  0.5676940361725579E+01  0.2873582889358985E-01  0.4657878827980958E+00  0.1920474316201172E+00  0.0000000000000000E+00
      1843  0.1013677931424314E+02  0.9440602479086929E+01  0.5060786256236779E-01  0.1115382154950699E+00  0.5340307570987891E+00  0.0000000000000000E+00
      1844 -0.1105488400987056E+02 -0.1025515616527839E+02 -0.4731793761675804E-01 -0.3716354296852289E+00 -0.3807744772901832E+00  0.0000000000000000E+00
      1845  0.3247698114698138E+01  0.2889954714020078E+01  0.2751113635050636E-01  0.1664518093466329E+00  0.1637804549809193E+00  0.0000000000000000E+00
      1846  0.8766330346501961E+01  0.8003718024702517E+01  0.4473308486989842E-01  0.1499092730398677E+00  0.5679699638896744E+00  0.0000000000000000E+00
      1847 -0.5101742602831343E+00 -0.5457998060787796E+00  0.2714085935058302E-01 -0.5609953283613535E-01  0.6458421928119770E-01  0.0000000000000000E+00
      1848  0.4336938182966540E+01  0.3815538189651647E+01  0.1833210607247126E-01  0.2526123895368954E+00  0.2504554977055255E+00  0.0000000000000000E+00
      1849  0.5234477649051365E+01  0.4655513235287617E+01 -0.8232418623440400E-02  0.2591985287264243E+00  0.3279983036607677E+00  0.0000000000000000E+00
      1850  0.6856324045355636E+01  0.6506912456898151E+01  0.9735963718442819E-02  0.4958890975671335E-01  0.2900867149823325E+00  0.0000000000000000E+00
      1851  0.8628392672558824E+00  0.8373884784946544E+00 -0.5772283616885757E-02 -0.8629735803147199E-02  0.3985280818126315E-01  0.0000000000000000E+00
      1852 -0.5309352744334572E+01 -0.4664848268905921E+01 -0.3452934613318417E-01 -0.2969360677575247E+00 -0.3130390615379417E+00  0.0000000000000000E+00
      1853 -0.1483818050417102E+02 -0.1356942409061861E+02 -0.6358048930913196E-01 -0.4258172018885192E+00 -0.7793587223547506E+00  0.0000000000000000E+00
      1854 -0.5966269422818240E+01 -0.5629810621070993E+01 -0.8410637620511713E-01  0.1017982874277819E+00 -0.3541507129699101E+00  0.0000000000000000E+00
      1855 -0.3539630226169027E+01 -0.3353610012592482E+01 -0.4569635558452390E-01  0.3670037105097579E-01 -0.1770242290430013E+00  0.0000000000000000E+00
      1856  0.3441580072981773E+01  0.3236395346614394E+01  0.1554587436117894E-01  0.1063455265017684E+00  0.8329332550443330E-01  0.0000000000000000E+00
      1857 -0.5550067643922051E+01 -0.4798975384923263E+01 -0.5736076277962008E-01 -0.4263233949287166E+00 -0.2674081012904456E+00  0.0000000000000000E+00
      1858  0.6365393463562960E+01  0.5826774043784320E+01  0.4092339596707194E-01  0.3176127995467102E+00  0.1800832242648627E+00  0.0000000000000000E+00
      1859 -0.9903162275986898E+00 -0.9237154989896955E+00  0.7791163341988521E-02 -0.1310414403455391E+00  0.5664954839455671E-01  0.0000000000000000E+00
      1860  0.1021639643540249E+02  0.9390415296107220E+01  0.4581384777467468E-01  0.2826809301762028E+00  0.4974863613444052E+00  0.0000000000000000E+00
      1861  0.3916146410873593E+01  0.3600831335553806E+01  0.3341935481693203E-01  0.1104580044653884E+00  0.1714377160374671E+00  0.0000000000000000E+00
      1862 -0.4686884501221528E+01 -0.4268998387123505E+01  0.1984640112170917E-01 -0.2546708554124744E+00 -0.1830616598072595E+00  0.0000000000000000E+00
      1863  0.3049001485259600E+00  0.2129591274399730E+00 -0.8753101076342581E-03  0.1212009147231726E+00 -0.2838458352954992E-01  0.0000000000000000E+00
      1864 -0.9384008371617399E+00 -0.9104596416374441E+00 -0.3173403431075453E-01 -0.4166302575196690E-02  0.7959141361654645E-02  0.0000000000000000E+00
      1865  0.1700523122886610E+01  0.1516605621510016E+01 -0.2089924418805729E-01  0.6500463472256759E-01  0.1398121108420848E+00  0.0000000000000000E+00
      1866  0.6811900112332917E+01  0.6085001277922718E+01  0.5493380346769551E-01  0.2976722482146478E+00  0.3742927827278587E+00  0.0000000000000000E+00
      1867 -0.1445296467565909E+02 -0.1320738030298592E+02 -0.7457279749035246E-01 -0.5397121222685660E+00 -0.6312994529142568E+00  0.0000000000000000E+00
      1868 -0.6963183611456039E+01 -0.6192426759046079E+01 -0.8656142087153988E-01 -0.1993220738842698E+00 -0.4848733576541508E+00  0.0000000000000000E+00
      1869 -0.7264218041276450E+00 -0.5916826212744764E+00 -0.3700986814781228E-01  0.6346465796519146E-01 -0.1611939726705458E+00  0.0000000000000000E+00
      1870  0.5362296869677141E+01  0.4746654392257178E+01  0.4396406676501176E-01  0.3362920443773616E+00  0.2353863662775921E+00  0.0000000000000000E+00
      1871 -0.1238777875427488E+02 -0.1130856019121501E+02 -0.5815864803123411E-01 -0.5074466128417416E+00 -0.5136133021868908E+00  0.0000000000000000E+00
      1872 -0.7223285932833144E+01 -0.6507031601950214E+01 -0.2413961355743274E-01 -0.2462278374232612E+00 -0.4458868799022342E+00  0.0000000000000000E+00
      1873  0.6612534072415185E+01  0.5910256940433874E+01  0.2914431442526574E-01  0.4776942727351277E+00  0.1954385448209234E+00  0.0000000000000000E+00
      1874  0.1028927647156829E+02  0.9602982697570681E+01  0.4920665016515419E-01  0.9520679676195469E-01  0.5418803270705111E+00  0.0000000000000000E+00
      1875 -0.1082686635965976E+02 -0.1005457545108199E+02 -0.4438764126950715E-01 -0.3594888259321096E+00 -0.3684144413761496E+00  0.0000000000000000E+00
      1876  0.3421019732174733E+01  0.3057270469979467E+01  0.2803116953904981E-01  0.1650065139424120E+00  0.1707115787138025E+00  0.0000000000000000E+00
      1877  0.8939852542678743E+01  0.8161614545731670E+01  0.4516183216717513E-01  0.1505103735504950E+00  0.5825657912294027E+00  0.0000000000000000E+00
      1878 -0.2630841341703896E+00 -0.2987245200541765E+00  0.2633692020767910E-01 -0.5755595102073727E-01  0.6685941669684436E-01  0.0000000000000000E+00
      1879  0.4494834891631440E+01  0.3967523218441329E+01  0.1886638369307032E-01  0.2516404917764397E+00  0.2568047977205978E+00  0.0000000000000000E+00
      1880  0.5427568914025900E+01  0.4821635762531165E+01 -0.5702213677198838E-02  0.2732156224474016E+00  0.3384197427245383E+00  0.0000000000000000E+00
      1881  0.7025095003164551E+01  0.6660520493393542E+01  0.9209397608158757E-02  0.5398616037470478E-01  0.3013789517881492E+00  0.0000000000000000E+00
      1882  0.1089783490499965E+01  0.1053366767924949E+01 -0.5377002723547792E-02 -0.6369078717644742E-02  0.4816280401620723E-01  0.0000000000000000E+00
      1883 -0.5154236724179259E+01 -0.4510350853236429E+01 -0.3425441232746813E-01 -0.3014714614410238E+00 -0.3081599971743363E+00  0.0000000000000000E+00
      1884 -0.1473926216272141E+02 -0.1346406499675551E+02 -0.6317278625049400E-01 -0.4341501300059332E+00 -0.7778742497094563E+00  0.0000000000000000E+00
      1885 -0.5847641418670504E+01 -0.5506200184449880E+01 -0.8040641112236130E-01  0.9509722018115370E-01 -0.3561320432794160E+00  0.0000000000000000E+00
      1886 -0.3381918037130508E+01 -0.3221038760210479E+01 -0.4399249409128188E-01  0.5286421718797560E-01 -0.1697510000167238E+00  0.0000000000000000E+00
      1887  0.3647489180614949E+01  0.3409695348402422E+01  0.1574706779738325E-01  0.1179187637143672E+00  0.1041280007007814E+00  0.0000000000000000E+00
      1888 -0.5391320911449084E+01 -0.4646680728276785E+01 -0.5891339066042410E-01 -0.4260036314598918E+00 -0.2597231610519787E+00  0.0000000000000000E+00
      1889  0.6461774156004181E+01  0.5908466695477905E+01  0.4276639566650405E-01  0.3288497756144168E+00  0.1816912892453593E+00  0.0000000000000000E+00
      1890 -0.8123889834087555E+00 -0.7562616791312095E+00  0.9831900007188199E-02 -0.1320338033729765E+00  0.6607459908824211E-01  0.0000000000000000E+00
      1891  0.1035032090720486E+02  0.9512880672272241E+01  0.4921073417588537E-01  0.2843359515731932E+00  0.5038935491835448E+00  0.0000000000000000E+00
      1892  0.4004767487541906E+01  0.3690511448825549E+01  0.3263396186588812E-01  0.1121835988040044E+00  0.1694384780464662E+00  0.0000000000000000E+00
      1893 -0.4519091251918637E+01 -0.4140437284745628E+01  0.1933050968984780E-01 -0.2341646731063690E+00 -0.1638198037564893E+00  0.0000000000000000E+00
      1894  0.4456330861228876E+00  0.3378800528322270E+00  0.1182799136139763E-02  0.1251188996442423E+00 -0.1854866548971940E-01  0.0000000000000000E+00
      1895 -0.7364585889748283E+00 -0.7179597428251990E+00 -0.2848415334037547E-01 -0.5907245130193062E-03  0.1057603170376823E-01  0.0000000000000000E+00
      1896  0.1738109042019228E+01  0.1562116914852705E+01 -0.1969252160535050E-01  0.5915659365093334E-01  0.1365280551209409E+00  0.0000000000000000E+00
      1897  0.6871773917287644E+01  0.6146898056844551E+01  0.5440452650612830E-01  0.3045605492667310E+00  0.3659107846702322E+00  0.0000000000000000E+00
      1898 -0.1433158934109306E+02 -0.1307626769833220E+02 -0.7420904735685108E-01 -0.5513771302141227E+00 -0.6297354651898761E+00  0.0000000000000000E+00
      1899 -0.6919386783831203E+01 -0.6150343101401154E+01 -0.8961220158863634E-01 -0.1973965797243656E+00 -0.4820349011170436E+00  0.0000000000000000E+00
      1900 -0.5434174455833877E+00 -0.4355912446416789E+00 -0.3576669352152884E-01  0.7168797933619922E-01 -0.1437474867563775E+00  0.0000000000000000E+00
      1901  0.5549409772304581E+01  0.4913113182830131E+01  0.4767070664794611E-01  0.3459599049041306E+00  0.2426659779223725E+00  0.0000000000000000E+00
      1902 -0.1233027922624463E+02 -0.1123210586233538E+02 -0.5888516930157333E-01 -0.5230941136760969E+00 -0.5161940809315814E+00  0.0000000000000000E+00
      1903 -0.7133426531060822E+01 -0.6419568893765343E+01 -0.2531983211283468E-01 -0.2421475297562224E+00 -0.4463902754264228E+00  0.0000000000000000E+00
      1904  0.6680701704937491E+01  0.5966594241706495E+01  0.3023052380021359E-01  0.4753393781282202E+00  0.2085375613025547E+00  0.0000000000000000E+00
      1905  0.1039526820477472E+02  0.9685548906184628E+01  0.5319489286218115E-01  0.1055543599749720E+00  0.5509700457529406E+00  0.0000000000000000E+00
      1906 -0.1073031367751868E+02 -0.9955375351883241E+01 -0.4282589849028612E-01 -0.3591349328052741E+00 -0.3729774943398732E+00  0.0000000000000000E+00
      1907  0.3529541677993858E+01  0.3163130576860122E+01  0.3054602498608298E-01  0.1652724843134021E+00  0.1705925918342480E+00  0.0000000000000000E+00
      1908  0.9031714556605580E+01  0.8253261251056324E+01  0.4510435404086147E-01  0.1559917036031828E+00  0.5773572479052063E+00  0.0000000000000000E+00
      1909 -0.1363791757186358E+00 -0.2059024514952504E+00  0.2689195557599915E-01 -0.3659558666564777E-01  0.7922690686626346E-01  0.0000000000000000E+00
      1910  0.4642224984256416E+01  0.4105034622607556E+01  0.2213949410439814E-01  0.2425847683088771E+00  0.2724660992355882E+00  0.0000000000000000E+00
      1911  0.5593516654110537E+01  0.4973179946084421E+01 -0.5586041374679167E-02  0.2817953354705576E+00  0.3441274139302420E+00  0.0000000000000000E+00
      1912  0.7133089040447492E+01  0.6762733203744683E+01  0.1208317903892422E-01  0.5144726441437531E-01  0.3068253932495099E+00  0.0000000000000000E+00
      1913  0.1161770839127370E+01  0.1126414582632187E+01 -0.1933400344891959E-02 -0.7990519762232702E-02  0.4528017660230881E-01  0.0000000000000000E+00
      1914 -0.5085295307266614E+01 -0.4448870651017572E+01 -0.3243729058892547E-01 -0.2936655404209619E+00 -0.3103218252391581E+00  0.0000000000000000E+00
      1915 -0.1459391910347476E+02 -0.1333880979317197E+02 -0.6304811175046532E-01 -0.4264554730186462E+00 -0.7656057255336732E+00  0.0000000000000000E+00
      1916 -0.5725814962896730E+01 -0.5394088586309890E+01 -0.8081260494994402E-01  0.1007117115753561E+00 -0.3516254832122485E+00  0.0000000000000000E+00
      1917 -0.3366045094875723E+01 -0.3189459342316594E+01 -0.4181244890075801E-01  0.3962025438588528E-01 -0.1743935580442550E+00  0.0000000000000000E+00
      1918  0.3650991661850725E+01  0.3408987088064333E+01  0.1637070285840064E-01  0.1303350391193596E+00  0.9529883180863412E-01  0.0000000000000000E+00
      1919 -0.5314383489352108E+01 -0.4556338177475153E+01 -0.5602319081161045E-01 -0.4471583394153524E+00 -0.2548637816499960E+00  0.0000000000000000E+00
      1920  0.6567879124990842E+01  0.6011111666643264E+01  0.4451567042377318E-01  0.3306137070888505E+00  0.1816380808349528E+00  0.0000000000000000E+00
      1921 -0.7129706054646113E+00 -0.6753060105662606E+00  0.1080437383688566E-01 -0.1145920986226465E+00  0.6612312988741111E-01  0.0000000000000000E+00
      1922  0.1040688768072779E+02  0.9567783478114499E+01  0.4953530619756433E-01  0.2816120550567197E+00  0.5079568413590002E+00  0.0000000000000000E+00
      1923  0.4069289772993098E+01  0.3755848657032174E+01  0.3213969803254012E-01  0.1153417907670464E+00  0.1659596271613361E+00  0.0000000000000000E+00
      1924 -0.4418788589830361E+01 -0.4028457990542284E+01  0.1918448852605262E-01 -0.2398014186815301E+00 -0.1697136691326005E+00  0.0000000000000000E+00
      1925  0.5660456258998501E+00  0.4366794139912081E+00  0.4810140561958319E-03  0.1386969954359932E+00 -0.9811797583546739E-02  0.0000000000000000E+00
      1926 -0.7318830336893207E+00 -0.7095515882261566E+00 -0.2925524897757563E-01 -0.8837434449693277E-02  0.1576123796410615E-01  0.0000000000000000E+00
      1927  0.1814728228891484E+01  0.1638643525157071E+01 -0.1961257605555560E-01  0.6066508226121965E-01  0.1350321975287463E+00  0.0000000000000000E+00
      1928  0.7032085320650665E+01  0.6278995974712842E+01  0.5742556111588356E-01  0.3103426710218995E+00  0.3853211138000387E+00  0.0000000000000000E+00
      1929 -0.1425442033455403E+02 -0.1301549535793350E+02 -0.7069157799085653E-01 -0.5494320446663825E+00 -0.6188013539633000E+00  0.0000000000000000E+00
      1930 -0.6824914970142191E+01 -0.6077784041752345E+01 -0.8665590948188921E-01 -0.1841447112407903E+00 -0.4763303076671657E+00  0.0000000000000000E+00
      1931 -0.5303181568699108E+00 -0.4116969254816737E+00 -0.3860063184152846E-01  0.6418479040883680E-01 -0.1442053899555470E+00  0.0000000000000000E+00
      1932  0.5632679755375863E+01  0.4994176735030752E+01  0.4888320926044583E-01  0.3399350135014704E+00  0.2496847975832002E+00  0.0000000000000000E+00
      1933 -0.1223570755432631E+02 -0.1114221178959380E+02 -0.5826912318950271E-01 -0.5200195555954275E+00 -0.5152070859475678E+00  0.0000000000000000E+00
      1934 -0.7120238088643458E+01 -0.6411534214635775E+01 -0.2532613201626251E-01 -0.2334432563578857E+00 -0.4499344856335414E+00  0.0000000000000000E+00
      1935  0.6691349322272361E+01  0.5971168370966106E+01  0.3151704620037272E-01  0.4794730129333266E+00  0.2091908921725611E+00  0.0000000000000000E+00
      1936  0.1037119358212400E+02  0.9672156169191586E+01  0.5058965564217899E-01  0.1020049506560432E+00  0.5464428066341902E+00  0.0000000000000000E+00
      1937 -0.1069619087180272E+02 -0.9901532338779509E+01 -0.4513935915557257E-01 -0.3749025287366717E+00 -0.3746166451309750E+00  0.0000000000000000E+00
      1938  0.3630520574072790E+01  0.3248810098049312E+01  0.2831551780364111E-01  0.1755382190179143E+00  0.1778567392019186E+00  0.0000000000000000E+00
      1939  0.9146716383198701E+01  0.8350900363065335E+01  0.4656143322396789E-01  0.1614480356448476E+00  0.5878065512645617E+00  0.0000000000000000E+00
      1940 -0.1542580569775499E+00 -0.2072308596668544E+00  0.2797240520685370E-01 -0.4744787677264195E-01  0.7244827425509333E-01  0.0000000000000000E+00
      1941  0.4665459886674565E+01  0.4127428716758310E+01  0.1832152747207938E-01  0.2594617382576488E+00  0.2602479041865284E+00  0.0000000000000000E+00
      1942  0.5563764087175253E+01  0.4957956494048247E+01 -0.4498824487707354E-02  0.2779202465787413E+00  0.3323861710359712E+00  0.0000000000000000E+00
      1943  0.7159918359775698E+01  0.6785866448263238E+01  0.1018359163799434E-01  0.5717621255702904E-01  0.3066921073174366E+00  0.0000000000000000E+00
      1944  0.1219800278667276E+01  0.1165650683939707E+01 -0.2020674477340489E-02  0.2627066533297691E-02  0.5354320267161275E-01  0.0000000000000000E+00
      1945 -0.5058362260677804E+01 -0.4415987712307366E+01 -0.3246272531469718E-01 -0.3056989760457045E+00 -0.3042128470100339E+00  0.0000000000000000E+00
      1946 -0.1456883032073963E+02 -0.1331207079248480E+02 -0.6189913219258456E-01 -0.4250099641451285E+00 -0.7698504319171313E+00  0.0000000000000000E+00
      1947 -0.5706346829224410E+01 -0.5382251532588627E+01 -0.8206381421166666E-01  0.1012033712345692E+00 -0.3432348536586857E+00  0.0000000000000000E+00
      1948 -0.3307988192996821E+01 -0.3145637921193751E+01 -0.4240559929596933E-01  0.4264314794776733E-01 -0.1625878204548672E+00  0.0000000000000000E+00
      1949  0.3786815707694758E+01  0.3530943516416661E+01  0.2059618259335103E-01  0.1311487345480006E+00  0.1041272741367442E+00  0.0000000000000000E+00
      1950 -0.5274509941480003E+01 -0.4536081713371150E+01 -0.5593576645811159E-01 -0.4327289092434720E+00 -0.2497635524072693E+00  0.0000000000000000E+00
      1951  0.6646024533208869E+01  0.6069682611822310E+01  0.4739683828896358E-01  0.3364081625962286E+00  0.1925369205013581E+00  0.0000000000000000E+00
      1952 -0.7040624004593746E+00 -0.6614234869911073E+00  0.1128424280742616E-01 -0.1240983108237289E+00  0.7017515454803394E-01  0.0000000000000000E+00
      1953  0.1053598226707844E+02  0.9677483969047399E+01  0.4741948873105431E-01  0.2936147837543140E+00  0.5174640255456735E+00  0.0000000000000000E+00
      1954  0.4096528705962591E+01  0.3769401901118771E+01  0.3638398076703537E-01  0.1157282607114619E+00  0.1750145633653266E+00  0.0000000000000000E+00
      1955 -0.4375999359079621E+01 -0.3986315479051493E+01  0.2199190591063296E-01 -0.2485461767248660E+00 -0.1631296092138946E+00  0.0000000000000000E+00
      1956  0.5968561234686681E+00  0.4587506660427542E+00  0.7082918084040740E-02  0.1424798351401186E+00 -0.1145729579824579E-01  0.0000000000000000E+00
      1957 -0.6427577655505653E+00 -0.6386569330023176E+00 -0.2548263566927752E-01  0.2628623668485097E-02  0.1875317945254684E-01  0.0000000000000000E+00
      1958  0.1895053211118843E+01  0.1703547512956742E+01 -0.1571886842561790E-01  0.6743943823328487E-01  0.1397851283544337E+00  0.0000000000000000E+00
      1959  0.6990662102857711E+01  0.6236249291601082E+01  0.6070249859491417E-01  0.3135005170462530E+00  0.3802097956154645E+00  0.0000000000000000E+00
      1960 -0.1423630513159784E+02 -0.1299282281185348E+02 -0.6904365717674847E-01 -0.5560475230125294E+00 -0.6183911395550830E+00  0.0000000000000000E+00
      1961 -0.6735448817534324E+01 -0.5979121964944586E+01 -0.8835131608766107E-01 -0.2012404372531286E+00 -0.4667350992489520E+00  0.0000000000000000E+00
      1962 -0.5159192219348092E+00 -0.4021812749882571E+00 -0.3560918722529707E-01  0.6658274651525364E-01 -0.1447115062365104E+00  0.0000000000000000E+00
      1963  0.5637602324090906E+01  0.4974749463404340E+01  0.5566595533801384E-01  0.3601078017908376E+00  0.2470791035577156E+00  0.0000000000000000E+00
      1964 -0.1226666370739878E+02 -0.1117261871241858E+02 -0.5863341659924909E-01 -0.5254266028412836E+00 -0.5099849755396691E+00  0.0000000000000000E+00
      1965 -0.7178494420720297E+01 -0.6452905390830329E+01 -0.2355993746258908E-01 -0.2498153620510284E+00 -0.4522137303763435E+00  0.0000000000000000E+00
      1966  0.6874192072456037E+01  0.6142188724679746E+01  0.3525995523447981E-01  0.4865948282802917E+00  0.2101485642615117E+00  0.0000000000000000E+00
      1967  0.1048292876755291E+02  0.9774005916829882E+01  0.5801004361685495E-01  0.1062785321003565E+00  0.5446342750058192E+00  0.0000000000000000E+00
      1968 -0.1061701483190356E+02 -0.9843380061620277E+01 -0.4271226735065031E-01 -0.3653894256329124E+00 -0.3655330772997112E+00  0.0000000000000000E+00
      1969  0.3648487666902363E+01  0.3259713744986140E+01  0.3389723157987692E-01  0.1739344461625433E+00  0.1809422441738062E+00  0.0000000000000000E+00
      1970  0.9219598605859513E+01  0.8401757245644797E+01  0.5767631460395400E-01  0.1738929081850580E+00  0.5862721374257026E+00  0.0000000000000000E+00
      1971 -0.1516671302184806E+00 -0.2181693953848058E+00  0.3568289729436909E-01 -0.4307860980107497E-01  0.7389797767303058E-01  0.0000000000000000E+00
      1972  0.4732950473941121E+01  0.4168156151663744E+01  0.2876874056926165E-01  0.2690976212592208E+00  0.2669279604488998E+00  0.0000000000000000E+00
      1973  0.5583693807260736E+01  0.4945335139984248E+01  0.2088289292320621E-02  0.2995137769178358E+00  0.3367566010663243E+00  0.0000000000000000E+00
      1974  0.7210902905970364E+01  0.6827429270762754E+01  0.2093896530196750E-01  0.5559837201315826E-01  0.3069362978924806E+00  0.0000000000000000E+00
      1975  0.1243554194409893E+01  0.1160814429821588E+01  0.6546322692297990E-02  0.1470892667990450E-01  0.6148451521610220E-01  0.0000000000000000E+00
      1976 -0.5097162728146063E+01 -0.4459587847439686E+01 -0.2573347920745747E-01 -0.3091557744317478E+00 -0.3026856270671736E+00  0.0000000000000000E+00
      1977 -0.1451886797692544E+02 -0.1327105140622031E+02 -0.6580155605472507E-01 -0.4273314342205107E+00 -0.7546835804299008E+00  0.0000000000000000E+00
      1978 -0.5705839166402855E+01 -0.5373580557977271E+01 -0.8040679032443790E-01  0.9221354859403032E-01 -0.3440653666951803E+00  0.0000000000000000E+00
      1979 -0.3235652825452023E+01 -0.3075483382473792E+01 -0.4076160076362747E-01  0.4209156903697764E-01 -0.1614994112515840E+00  0.0000000000000000E+00
      1980  0.3841297439819328E+01  0.3579317372415928E+01  0.2603209040682824E-01  0.1371676177482979E+00  0.9878035924827876E-01  0.0000000000000000E+00
      1981 -0.5265324388028595E+01 -0.4523886139174037E+01 -0.5613240480389893E-01 -0.4392136313404949E+00 -0.2460922127101641E+00  0.0000000000000000E+00
      1982  0.6684050802065348E+01  0.6101884178210712E+01  0.5631821645901760E-01  0.3381861051421760E+00  0.1876623022534443E+00  0.0000000000000000E+00
      1983 -0.6602541410770164E+00 -0.6254878963019302E+00  0.2040320428206193E-01 -0.1222027155546579E+00  0.6703326649750997E-01  0.0000000000000000E+00
      1984  0.1058630354767564E+02  0.9725444995797201E+01  0.6378118680011968E-01  0.2939452607465318E+00  0.5031321043317880E+00  0.0000000000000000E+00
      1985  0.4149828315196217E+01  0.3805616016724514E+01  0.5496162828117571E-01  0.1197618927925375E+00  0.1694887773979915E+00  0.0000000000000000E+00
      1986 -0.4404817862434151E+01 -0.4014193354738374E+01  0.2930119172020148E-01 -0.2603279515844935E+00 -0.1595977478314776E+00  0.0000000000000000E+00
      1987  0.6026497592846923E+00  0.4535237400900065E+00  0.1943830050319383E-01  0.1360272735128054E+00 -0.6339554821313346E-02  0.0000000000000000E+00
      1988 -0.6348996877963360E+00 -0.6477733964922323E+00 -0.2363028006958557E-01  0.8751436758573055E-02  0.2775255200690877E-01  0.0000000000000000E+00
      1989  0.1970836569424177E+01  0.1745247714889277E+01 -0.1083072841816392E-01  0.9305449522578724E-01  0.1433650877272756E+00  0.0000000000000000E+00
      1990  0.7179636070945848E+01  0.6391242448743166E+01  0.7464459961489879E-01  0.3315377763819712E+00  0.3822112462058160E+00  0.0000000000000000E+00
      1991 -0.1424648083342023E+02 -0.1297941959221264E+02 -0.7108695869976123E-01 -0.5731944450453520E+00 -0.6227798374625015E+00  0.0000000000000000E+00
      1992 -0.6788149806279906E+01 -0.6010157524636729E+01 -0.8882231767212710E-01 -0.2062302950998676E+00 -0.4829396688711854E+00  0.0000000000000000E+00
      1993 -0.4227147807199951E+00 -0.3046181742200927E+00 -0.3716475507066096E-01  0.6727238783471534E-01 -0.1482042392639586E+00  0.0000000000000000E+00
      1994  0.5730729939104127E+01  0.5050761771548866E+01  0.6158127634121133E-01  0.3646621386359319E+00  0.2537247525781178E+00  0.0000000000000000E+00
      1995 -0.1221611123379411E+02 -0.1110514222335469E+02 -0.6168279379964577E-01 -0.5335906924836883E+00 -0.5156955241560912E+00  0.0000000000000000E+00
      1996 -0.7047862469221435E+01 -0.6337547723174144E+01 -0.2733248256079463E-01 -0.2442480754460039E+00 -0.4387341880404926E+00  0.0000000000000000E+00
      1997  0.6835930278339696E+01  0.6104274765154306E+01  0.3713361879715325E-01  0.4873997754740882E+00  0.2071221189141540E+00  0.0000000000000000E+00
      1998  0.1061551331014931E+02  0.9871543814222083E+01  0.6799194706384436E-01  0.1226545390135469E+00  0.5533230098498193E+00  0.0000000000000000E+00
      1999 -0.1067944605644510E+02 -0.9893896514332480E+01 -0.4603760099563764E-01 -0.3783551424057712E+00 -0.3611567987112215E+00  0.0000000000000000E+00
      2000  0.3727852114073925E+01  0.3324343490879387E+01  0.3767064353171704E-01  0.1766128957581658E+00  0.1892250839046511E+00  0.0000000000000000E+00
