      1801  0.1261973025089080E+03  0.1055348574996404E+03  0.2152089999829467E+01  0.8003893193535843E+01  0.1050646181590232E+02  0.0000000000000000E+00
      1802  0.1239671246645262E+03  0.1031201534847985E+03  0.2056343277629567E+01  0.7946181918185073E+01  0.1084444598391305E+02  0.0000000000000000E+00
      1803  0.1234317995703252E+03  0.1024476136823783E+03  0.2040570172499798E+01  0.8107391873884245E+01  0.1083622384156294E+02  0.0000000000000000E+00
      1804  0.1187498505688146E+03  0.9816358212597866E+02  0.2096198199025032E+01  0.8058210011307308E+01  0.1043186023250344E+02  0.0000000000000000E+00
      1805  0.1196710112024972E+03  0.9932892612354222E+02  0.2023863365911906E+01  0.7890597354151325E+01  0.1042762435889180E+02  0.0000000000000000E+00
      1806  0.1196430117260379E+03  0.9983391582797927E+02  0.1962530599881922E+01  0.7589214823533931E+01  0.1025735047464281E+02  0.0000000000000000E+00
      1807  0.1176607816618052E+03  0.9756269259636434E+02  0.1962847624099180E+01  0.7793569502051660E+01  0.1034167193929010E+02  0.0000000000000000E+00
      1808  0.1237228763430891E+03  0.1027235334077338E+03  0.2185363749535354E+01  0.8237496466596159E+01  0.1057648271922392E+02  0.0000000000000000E+00
      1809  0.1137416232982213E+03  0.9417224563271829E+02  0.2061473050813366E+01  0.7432068353156827E+01  0.1007583626153269E+02  0.0000000000000000E+00
      1810  0.1319509844714473E+03  0.1105451692635809E+03  0.2165842830421701E+01  0.8127321873463032E+01  0.1111265050398171E+02  0.0000000000000000E+00
      1811  0.1336877708093669E+03  0.1115794704718944E+03  0.2180293560580611E+01  0.8641894597830451E+01  0.1128611217906129E+02  0.0000000000000000E+00
      1812  0.1152252594794458E+03  0.9570906098008226E+02  0.2078976199307513E+01  0.7358544712823870E+01  0.1007867758723223E+02  0.0000000000000000E+00
      1813  0.1258670513960432E+03  0.1051034865947058E+03  0.2090112999455422E+01  0.7896057429568033E+01  0.1077739437231395E+02  0.0000000000000000E+00
      1814  0.1368284538048413E+03  0.1145151319271330E+03  0.2292020255160738E+01  0.8397297851400531E+01  0.1162400377114725E+02  0.0000000000000000E+00
      1815  0.1303087248394773E+03  0.1088921075523940E+03  0.2178695797579283E+01  0.7976740397502900E+01  0.1126118109200123E+02  0.0000000000000000E+00
      1816  0.1163327517432699E+03  0.9631782433344927E+02  0.2108890845005451E+01  0.7555572129561241E+01  0.1035046443525380E+02  0.0000000000000000E+00
      1817  0.1233964208188677E+03  0.1024211652054231E+03  0.2103440052405867E+01  0.8091427816334257E+01  0.1078038774470448E+02  0.0000000000000000E+00
      1818  0.1176526079295763E+03  0.9706683404515964E+02  0.2024890341568974E+01  0.8169193417320429E+01  0.1039169012552728E+02  0.0000000000000000E+00
      1819  0.1265032624128626E+03  0.1057035268820195E+03  0.2170402355933044E+01  0.7956935475535032E+01  0.1067239769937504E+02  0.0000000000000000E+00
      1820  0.1239065236429782E+03  0.1031290201844055E+03  0.2068062523000494E+01  0.8137222639986875E+01  0.1057221829558542E+02  0.0000000000000000E+00
      1821  0.1273538036705059E+03  0.1065683075962497E+03  0.2104543808452611E+01  0.8023280026107301E+01  0.1065767223969638E+02  0.0000000000000000E+00
      1822  0.1261283074283862E+03  0.1050312369013151E+03  0.2176013444735883E+01  0.8075598063841470E+01  0.1084545901849375E+02  0.0000000000000000E+00
      1823  0.1178184214431658E+03  0.9712563773058754E+02  0.2019535175781421E+01  0.8218104077738657E+01  0.1045514445905819E+02  0.0000000000000000E+00
      1824  0.1149030467942625E+03  0.9444345612371872E+02  0.1933474031323408E+01  0.8154561399865189E+01  0.1037155523935516E+02  0.0000000000000000E+00
      1825  0.1177874942822220E+03  0.9778345334889607E+02  0.1983056471266214E+01  0.7855009532816440E+01  0.1016597492924324E+02  0.0000000000000000E+00
      1826  0.1221450453061938E+03  0.1021609892968305E+03  0.1931733335439033E+01  0.7558741784495637E+01  0.1049358088942864E+02  0.0000000000000000E+00
      1827  0.1335234868145479E+03  0.1120753145606529E+03  0.2153475093391622E+01  0.8349278138370591E+01  0.1094541902213293E+02  0.0000000000000000E+00
      1828  0.1191828455801156E+03  0.9885354793411810E+02  0.2136288991001918E+01  0.7648648475786068E+01  0.1054436017920943E+02  0.0000000000000000E+00
      1829  0.1326664901474850E+03  0.1115737412526882E+03  0.2268726633375309E+01  0.7975397554272213E+01  0.1084862470714924E+02  0.0000000000000000E+00
      1830  0.1289679842874828E+03  0.1079067786080051E+03  0.2275781411413876E+01  0.8103337168795811E+01  0.1068208709926796E+02  0.0000000000000000E+00
      1831  0.1239403055889335E+03  0.1031276747403496E+03  0.2246255558054895E+01  0.7771959154349459E+01  0.1079441613617943E+02  0.0000000000000000E+00
      1832  0.1262787496291459E+03  0.1054017376851638E+03  0.2235810425954416E+01  0.8051102480935096E+01  0.1059009903709271E+02  0.0000000000000000E+00
      1833  0.1238828574924294E+03  0.1030051660748528E+03  0.2062804840010003E+01  0.7963192407824817E+01  0.1085169416974177E+02  0.0000000000000000E+00
      1834  0.1234131984358419E+03  0.1024336553407366E+03  0.2042730731127367E+01  0.8105933966289005E+01  0.1083087839768895E+02  0.0000000000000000E+00
      1835  0.1188765573638906E+03  0.9828918088820546E+02  0.2098582903058474E+01  0.8047308902804284E+01  0.1044148466982247E+02  0.0000000000000000E+00
      1836  0.1197102623134687E+03  0.9934698875008719E+02  0.2030198920894557E+01  0.7897371146823108E+01  0.1043570349566392E+02  0.0000000000000000E+00
      1837  0.1196522186464228E+03  0.9986768658801390E+02  0.1960594952144352E+01  0.7565478073044456E+01  0.1025845903322016E+02  0.0000000000000000E+00
      1838  0.1177650239035335E+03  0.9765224019359653E+02  0.1964334184132461E+01  0.7793372299986206E+01  0.1035507722581830E+02  0.0000000000000000E+00
      1839  0.1237108912723886E+03  0.1027035596020834E+03  0.2190386086312508E+01  0.8229336454525086E+01  0.1058760912946752E+02  0.0000000000000000E+00
      1840  0.1137517161133058E+03  0.9415726385514196E+02  0.2067511028375099E+01  0.7432355093832338E+01  0.1009458613595636E+02  0.0000000000000000E+00
      1841  0.1319200673559688E+03  0.1104929533224597E+03  0.2168723545102468E+01  0.8111995623399100E+01  0.1114639486500764E+02  0.0000000000000000E+00
      1842  0.1335798171018500E+03  0.1114701291995246E+03  0.2176980570130621E+01  0.8637791839872992E+01  0.1129491549232166E+02  0.0000000000000000E+00
      1843  0.1153833324729540E+03  0.9584006579321868E+02  0.2083556725273485E+01  0.7360646667708116E+01  0.1009906328675368E+02  0.0000000000000000E+00
      1844  0.1259149907219697E+03  0.1051532258755171E+03  0.2086162349847537E+01  0.7887155959461828E+01  0.1078844653714322E+02  0.0000000000000000E+00
      1845  0.1368084661008612E+03  0.1145164649933999E+03  0.2294870393224087E+01  0.8384903099781690E+01  0.1161222761445548E+02  0.0000000000000000E+00
      1846  0.1302732171694769E+03  0.1088584388335536E+03  0.2182003394442803E+01  0.7988764133632048E+01  0.1124401080784853E+02  0.0000000000000000E+00
      1847  0.1164046328041876E+03  0.9637955080469568E+02  0.2109721527320286E+01  0.7555485660270888E+01  0.1035987481190083E+02  0.0000000000000000E+00
      1848  0.1233587097928037E+03  0.1023837317068989E+03  0.2108184204188764E+01  0.8089718540979741E+01  0.1077707534073621E+02  0.0000000000000000E+00
      1849  0.1176606642960774E+03  0.9707129035315273E+02  0.2024827958113359E+01  0.8165934708930138E+01  0.1039861127588116E+02  0.0000000000000000E+00
      1850  0.1264972699899703E+03  0.1057233372117053E+03  0.2175675996245386E+01  0.7946583345937538E+01  0.1065167343608207E+02  0.0000000000000000E+00
      1851  0.1238225256012871E+03  0.1030665992893072E+03  0.2069390627079477E+01  0.8130796067711110E+01  0.1055573961718936E+02  0.0000000000000000E+00
      1852  0.1274202905710764E+03  0.1066407395864373E+03  0.2102195222846674E+01  0.8019905460431684E+01  0.1065745030136070E+02  0.0000000000000000E+00
      1853  0.1261841959576663E+03  0.1050747474019308E+03  0.2174626139062418E+01  0.8090432237806450E+01  0.1084439017886664E+02  0.0000000000000000E+00
      1854  0.1180254729125145E+03  0.9728404185564652E+02  0.2022230289030577E+01  0.8238383622895807E+01  0.1048081714494175E+02  0.0000000000000000E+00
      1855  0.1149379517678296E+03  0.9449885514623837E+02  0.1931398280772773E+01  0.8146261988270579E+01  0.1036143635254797E+02  0.0000000000000000E+00
      1856  0.1177487485468257E+03  0.9776608329108998E+02  0.1984973071202029E+01  0.7839884446528232E+01  0.1015780773800541E+02  0.0000000000000000E+00
      1857  0.1221021889722049E+03  0.1021227174751988E+03  0.1937351657341408E+01  0.7569973256855493E+01  0.1047214658280915E+02  0.0000000000000000E+00
      1858  0.1334694979221705E+03  0.1120310380410381E+03  0.2159189857086662E+01  0.8337535806744171E+01  0.1094173421730158E+02  0.0000000000000000E+00
      1859  0.1191435126152207E+03  0.9884593548557092E+02  0.2136111388245425E+01  0.7626459705956394E+01  0.1053500603544793E+02  0.0000000000000000E+00
      1860  0.1325827233383669E+03  0.1115134394434634E+03  0.2269626246062906E+01  0.7966535196844807E+01  0.1083312245199584E+02  0.0000000000000000E+00
      1861  0.1290679770102672E+03  0.1079850185785421E+03  0.2282521652384669E+01  0.8118168553980444E+01  0.1068226822535996E+02  0.0000000000000000E+00
      1862  0.1238947892522025E+03  0.1030994227005747E+03  0.2248827072680524E+01  0.7760537546043670E+01  0.1078600193290355E+02  0.0000000000000000E+00
      1863  0.1262038863707135E+03  0.1053695171128488E+03  0.2237392523977562E+01  0.8017240631846853E+01  0.1057973610204031E+02  0.0000000000000000E+00
      1864  0.1239626510691459E+03  0.1030953564816422E+03  0.2062564178309815E+01  0.7949855078580582E+01  0.1085487533061348E+02  0.0000000000000000E+00
      1865  0.1235938318314962E+03  0.1025839526955588E+03  0.2045806301212206E+01  0.8098937718607035E+01  0.1086513511611813E+02  0.0000000000000000E+00
      1866  0.1189109817446847E+03  0.9830988712042989E+02  0.2106998645894292E+01  0.8047371090728531E+01  0.1044672488763196E+02  0.0000000000000000E+00
      1867  0.1198010179322793E+03  0.9941682196815873E+02  0.2039603907605346E+01  0.7893456054197449E+01  0.1045113600231776E+02  0.0000000000000000E+00
      1868  0.1197273986815722E+03  0.9990213127414319E+02  0.1981743098804392E+01  0.7579944553001751E+01  0.1026357975562295E+02  0.0000000000000000E+00
      1869  0.1177888914279779E+03  0.9765593770151742E+02  0.1976315313891386E+01  0.7800194446644857E+01  0.1035644396592433E+02  0.0000000000000000E+00
      1870  0.1237495788861021E+03  0.1027320090063581E+03  0.2199203539712551E+01  0.8238976915472994E+01  0.1057938942455841E+02  0.0000000000000000E+00
      1871  0.1138394165278608E+03  0.9422098013020450E+02  0.2073883441489749E+01  0.7440855703854149E+01  0.1010369725231257E+02  0.0000000000000000E+00
      1872  0.1320470681879576E+03  0.1106110000170655E+03  0.2170815731306269E+01  0.8115702548948795E+01  0.1114954989063686E+02  0.0000000000000000E+00
      1873  0.1338057742974245E+03  0.1116779453942999E+03  0.2179653123728850E+01  0.8657081164313565E+01  0.1129109461508220E+02  0.0000000000000000E+00
      1874  0.1153882348503958E+03  0.9586754924042194E+02  0.2087163432024294E+01  0.7342310854301756E+01  0.1009121132364778E+02  0.0000000000000000E+00
      1875  0.1259338868367786E+03  0.1051538113061689E+03  0.2094404736041708E+01  0.7891528671106089E+01  0.1079414212346203E+02  0.0000000000000000E+00
      1876  0.1368255585761615E+03  0.1145318120356904E+03  0.2297903779620953E+01  0.8381444949516540E+01  0.1161439781133360E+02  0.0000000000000000E+00
      1877  0.1303428753737059E+03  0.1089079900950025E+03  0.2185868220715593E+01  0.7987674537911016E+01  0.1126134252007686E+02  0.0000000000000000E+00
      1878  0.1164504277793002E+03  0.9642981276509622E+02  0.2120913933900155E+01  0.7551581592133614E+01  0.1034811948817024E+02  0.0000000000000000E+00
      1879  0.1234265193010240E+03  0.1024495916781818E+03  0.2110568107015160E+01  0.8085641970225375E+01  0.1078071754560169E+02  0.0000000000000000E+00
      1880  0.1177730031398567E+03  0.9713415181450246E+02  0.2040479009174107E+01  0.8186532982572224E+01  0.1041183933360787E+02  0.0000000000000000E+00
      1881  0.1266029763778723E+03  0.1057950643221573E+03  0.2177258232658783E+01  0.7964448949684433E+01  0.1066620487337178E+02  0.0000000000000000E+00
      1882  0.1239199364576622E+03  0.1031445205294565E+03  0.2072260916535137E+01  0.8142050984992480E+01  0.1056110402667812E+02  0.0000000000000000E+00
      1883  0.1274971939250297E+03  0.1067076471646768E+03  0.2111943189678033E+01  0.8013586863447657E+01  0.1066401670722701E+02  0.0000000000000000E+00
      1884  0.1261713694558548E+03  0.1050891284773669E+03  0.2179088013638907E+01  0.8059263087445604E+01  0.1084388987740343E+02  0.0000000000000000E+00
      1885  0.1179611337137725E+03  0.9724988089480314E+02  0.2031629456169104E+01  0.8211281274428693E+01  0.1046834208837144E+02  0.0000000000000000E+00
      1886  0.1149669929555104E+03  0.9451280741616836E+02  0.1941355480578537E+01  0.8145333004566078E+01  0.1036749705419748E+02  0.0000000000000000E+00
      1887  0.1178994295295408E+03  0.9787977608396245E+02  0.1989554125952812E+01  0.7845958612320147E+01  0.1018414070730531E+02  0.0000000000000000E+00
      1888  0.1221096154160349E+03  0.1021284777798972E+03  0.1941431057256270E+01  0.7568957860654011E+01  0.1047074871822750E+02  0.0000000000000000E+00
      1889  0.1334979465066149E+03  0.1120515280564100E+03  0.2157321931446185E+01  0.8352358773761452E+01  0.1093673774499718E+02  0.0000000000000000E+00
      1890  0.1191462162919353E+03  0.9884362604465655E+02  0.2141620307102300E+01  0.7625844571552671E+01  0.1053512536862387E+02  0.0000000000000000E+00
      1891  0.1326857585997866E+03  0.1116151349348484E+03  0.2270839173460590E+01  0.7968525537887380E+01  0.1083125895359028E+02  0.0000000000000000E+00
      1892  0.1289825339255918E+03  0.1079232681741155E+03  0.2277682590245189E+01  0.8109477255135918E+01  0.1067210590609524E+02  0.0000000000000000E+00
      1893  0.1238720735249826E+03  0.1030426033535892E+03  0.2253995306627720E+01  0.7781001560289932E+01  0.1079447330447573E+02  0.0000000000000000E+00
      1894  0.1262657754415739E+03  0.1054115772275240E+03  0.2235004206498596E+01  0.8029320847746165E+01  0.1058987315980523E+02  0.0000000000000000E+00
      1895  0.1240716147363995E+03  0.1031904860554009E+03  0.2068389227128904E+01  0.7960703815810867E+01  0.1085203563805890E+02  0.0000000000000000E+00
      1896  0.1235261366174573E+03  0.1025397869650796E+03  0.2045623653636297E+01  0.8084219135506119E+01  0.1085650686323522E+02  0.0000000000000000E+00
      1897  0.1188616073248810E+03  0.9826437965386754E+02  0.2109633060417745E+01  0.8055220047849325E+01  0.1043237456274631E+02  0.0000000000000000E+00
      1898  0.1197304867023134E+03  0.9937350818760022E+02  0.2042416601970531E+01  0.7877545437337436E+01  0.1043701647540519E+02  0.0000000000000000E+00
      1899  0.1196199351985628E+03  0.9982117968569449E+02  0.1968313699823922E+01  0.7575111957770441E+01  0.1025532985527387E+02  0.0000000000000000E+00
      1900  0.1177655196791442E+03  0.9762769001794881E+02  0.1972715591223612E+01  0.7800967242398858E+01  0.1036414682757295E+02  0.0000000000000000E+00
      1901  0.1237177844840907E+03  0.1026926095308114E+03  0.2196666001687392E+01  0.8246156380218245E+01  0.1058235257137366E+02  0.0000000000000000E+00
      1902  0.1136842589395292E+03  0.9409677231702931E+02  0.2065953283209879E+01  0.7425550056191758E+01  0.1009598328309810E+02  0.0000000000000000E+00
      1903  0.1319439914619686E+03  0.1105300274636140E+03  0.2168351954708944E+01  0.8103359222208622E+01  0.1114225282143714E+02  0.0000000000000000E+00
      1904  0.1336555093093467E+03  0.1115463631608001E+03  0.2180540510844326E+01  0.8636652310218910E+01  0.1129195332748340E+02  0.0000000000000000E+00
      1905  0.1153666110971569E+03  0.9584735388549834E+02  0.2088585827832687E+01  0.7343798175387104E+01  0.1008687320843882E+02  0.0000000000000000E+00
      1906  0.1258577919433787E+03  0.1051046439299774E+03  0.2097520993561752E+01  0.7893335932939104E+01  0.1076229108690044E+02  0.0000000000000000E+00
      1907  0.1367552473987780E+03  0.1144910948063321E+03  0.2296831838054128E+01  0.8371799331358240E+01  0.1159552142303351E+02  0.0000000000000000E+00
      1908  0.1302696052992004E+03  0.1088832562496111E+03  0.2185668586387849E+01  0.7971469502353627E+01  0.1122921096084784E+02  0.0000000000000000E+00
      1909  0.1163997872638863E+03  0.9636823654407132E+02  0.2120876846938212E+01  0.7567639369355951E+01  0.1034303450352085E+02  0.0000000000000000E+00
      1910  0.1233914083797855E+03  0.1024265891032712E+03  0.2111386545825805E+01  0.8067660223904102E+01  0.1078577250678451E+02  0.0000000000000000E+00
      1911  0.1177527976639061E+03  0.9713533256291616E+02  0.2035580330711046E+01  0.8171952044669423E+01  0.1040993272560947E+02  0.0000000000000000E+00
      1912  0.1266176565042849E+03  0.1058220348834362E+03  0.2177923130065966E+01  0.7951922374109681E+01  0.1066577611667303E+02  0.0000000000000000E+00
      1913  0.1239042762156528E+03  0.1031545232061493E+03  0.2073753116899302E+01  0.8120198059034937E+01  0.1055580183356929E+02  0.0000000000000000E+00
      1914  0.1274539644860467E+03  0.1066790331983254E+03  0.2108938563199801E+01  0.8014598761486413E+01  0.1065139396303503E+02  0.0000000000000000E+00
      1915  0.1261739633455358E+03  0.1050776663111975E+03  0.2177719311132454E+01  0.8069686300665628E+01  0.1084889142254015E+02  0.0000000000000000E+00
      1916  0.1179365806525969E+03  0.9721167583125209E+02  0.2031218205736481E+01  0.8223337647192359E+01  0.1047034896841595E+02  0.0000000000000000E+00
      1917  0.1149082681495703E+03  0.9447982733272036E+02  0.1942786916087497E+01  0.8127608391147222E+01  0.1035804550961525E+02  0.0000000000000000E+00
      1918  0.1178267814613170E+03  0.9781620095126735E+02  0.1988437194301646E+01  0.7860298618458981E+01  0.1016184469728900E+02  0.0000000000000000E+00
      1919  0.1220675074323486E+03  0.1021105039961637E+03  0.1944775011226367E+01  0.7541048298315514E+01  0.1047118012664304E+02  0.0000000000000000E+00
      1920  0.1336268838188952E+03  0.1121792665368699E+03  0.2163744255913533E+01  0.8347600285475426E+01  0.1093627274063634E+02  0.0000000000000000E+00
      1921  0.1193238863907482E+03  0.9899543912742335E+02  0.2141114936660119E+01  0.7645830240217629E+01  0.1054150208644719E+02  0.0000000000000000E+00
      1922  0.1327529905860414E+03  0.1116782814256506E+03  0.2272209880649696E+01  0.7963397739058513E+01  0.1083910154068248E+02  0.0000000000000000E+00
      1923  0.1289797515479346E+03  0.1079296487455223E+03  0.2275390123640964E+01  0.8105403485660316E+01  0.1066930919311107E+02  0.0000000000000000E+00
      1924  0.1239698242778703E+03  0.1031494666676163E+03  0.2252362341597046E+01  0.7775167748243000E+01  0.1079282752041380E+02  0.0000000000000000E+00
      1925  0.1263569603918228E+03  0.1054798430636841E+03  0.2235214248866774E+01  0.8042719213797266E+01  0.1059918386547464E+02  0.0000000000000000E+00
      1926  0.1239707322270171E+03  0.1030986197688316E+03  0.2064806149716364E+01  0.7952490128647363E+01  0.1085481617982169E+02  0.0000000000000000E+00
      1927  0.1234550769619391E+03  0.1024893012444942E+03  0.2040487522314165E+01  0.8079641318898334E+01  0.1084564687623254E+02  0.0000000000000000E+00
      1928  0.1188706911495436E+03  0.9826808959849967E+02  0.2109929009740393E+01  0.8047895028447261E+01  0.1044477751285629E+02  0.0000000000000000E+00
      1929  0.1196843419842261E+03  0.9932591905689591E+02  0.2044871490580391E+01  0.7872584671937166E+01  0.1044096676481266E+02  0.0000000000000000E+00
      1930  0.1196569793344147E+03  0.9982901962189403E+02  0.1974055891172935E+01  0.7594697506826360E+01  0.1025920631452140E+02  0.0000000000000000E+00
      1931  0.1177565059343207E+03  0.9760588769503110E+02  0.1972505453211280E+01  0.7805866379260865E+01  0.1037224640681745E+02  0.0000000000000000E+00
      1932  0.1237287079017222E+03  0.1027050150644456E+03  0.2200354333127390E+01  0.8225973198962139E+01  0.1059736530518710E+02  0.0000000000000000E+00
      1933  0.1136796673557723E+03  0.9409532801779017E+02  0.2072701086535534E+01  0.7419230790638148E+01  0.1009240746080829E+02  0.0000000000000000E+00
      1934  0.1319411542454920E+03  0.1105034505184641E+03  0.2169779709521354E+01  0.8123871052884068E+01  0.1114405296462240E+02  0.0000000000000000E+00
      1935  0.1336716247272201E+03  0.1115323493884877E+03  0.2183233849698609E+01  0.8654423816968542E+01  0.1130161767206513E+02  0.0000000000000000E+00
      1936  0.1153079028216061E+03  0.9578260587417304E+02  0.2092229924387657E+01  0.7343813822673575E+01  0.1008925320037175E+02  0.0000000000000000E+00
      1937  0.1257803418990680E+03  0.1050551104774969E+03  0.2093797981130720E+01  0.7867279253195377E+01  0.1076415418724495E+02  0.0000000000000000E+00
      1938  0.1368304668644818E+03  0.1145363419462974E+03  0.2293788055354101E+01  0.8383247637604867E+01  0.1161708922522541E+02  0.0000000000000000E+00
      1939  0.1303940445632484E+03  0.1089518524608149E+03  0.2188076701113638E+01  0.7991588824856942E+01  0.1126252657646293E+02  0.0000000000000000E+00
      1940  0.1163558695293844E+03  0.9632882515913259E+02  0.2125210062854789E+01  0.7562190780780718E+01  0.1033964352661635E+02  0.0000000000000000E+00
      1941  0.1234476522187633E+03  0.1024663527735889E+03  0.2111306920207310E+01  0.8096992110164257E+01  0.1077300041480275E+02  0.0000000000000000E+00
      1942  0.1177566352405136E+03  0.9715070079812590E+02  0.2038502840670867E+01  0.8173272225205508E+01  0.1039415937651149E+02  0.0000000000000000E+00
      1943  0.1265821111385718E+03  0.1057782837612246E+03  0.2181884619980440E+01  0.7966055686265894E+01  0.1065588707110093E+02  0.0000000000000000E+00
      1944  0.1239338733340790E+03  0.1031560815899066E+03  0.2078414300316895E+01  0.8142365213234925E+01  0.1055701223062048E+02  0.0000000000000000E+00
      1945  0.1274022080428589E+03  0.1066336728388145E+03  0.2111333466141760E+01  0.8010431360801261E+01  0.1064677037710124E+02  0.0000000000000000E+00
      1946  0.1262193149160953E+03  0.1051257053399286E+03  0.2176525023845531E+01  0.8077890238085102E+01  0.1083919431423600E+02  0.0000000000000000E+00
      1947  0.1180221754087649E+03  0.9729498418012776E+02  0.2028452632136335E+01  0.8226519674712225E+01  0.1047221892178860E+02  0.0000000000000000E+00
      1948  0.1149271372655332E+03  0.9448156864113511E+02  0.1939033524703688E+01  0.8138819929388585E+01  0.1036771517030583E+02  0.0000000000000000E+00
      1949  0.1178597891706009E+03  0.9783821327513216E+02  0.1991832880013325E+01  0.7858321820076160E+01  0.1017142119537925E+02  0.0000000000000000E+00
      1950  0.1221456955116557E+03  0.1021467659752176E+03  0.1944226777880999E+01  0.7574757640511770E+01  0.1047994511804530E+02  0.0000000000000000E+00
      1951  0.1335706081768613E+03  0.1121018569984861E+03  0.2156808232261253E+01  0.8365095482325241E+01  0.1094684746378861E+02  0.0000000000000000E+00
      1952  0.1192305722501697E+03  0.9890599133994550E+02  0.2140161537710185E+01  0.7643275031045214E+01  0.1054114434146881E+02  0.0000000000000000E+00
      1953  0.1328082229300389E+03  0.1117079677410557E+03  0.2271214630218364E+01  0.7979840201719857E+01  0.1084920035704496E+02  0.0000000000000000E+00
      1954  0.1290020736279408E+03  0.1079280433080413E+03  0.2279333386517453E+01  0.8114728856116010E+01  0.1067996807726609E+02  0.0000000000000000E+00
      1955  0.1239942020586496E+03  0.1031809198356912E+03  0.2248303160019842E+01  0.7771986529823106E+01  0.1079299253311558E+02  0.0000000000000000E+00
      1956  0.1263727712799283E+03  0.1054906296139255E+03  0.2240844554211368E+01  0.8046227423288990E+01  0.1059506968850241E+02  0.0000000000000000E+00
      1957  0.1240932103349309E+03  0.1031986861012576E+03  0.2068375315098444E+01  0.7971970122727694E+01  0.1085417879584707E+02  0.0000000000000000E+00
      1958  0.1235628661238267E+03  0.1025709835944049E+03  0.2042102353270238E+01  0.8094039334538948E+01  0.1085574084161243E+02  0.0000000000000000E+00
      1959  0.1187941691150807E+03  0.9819519982175147E+02  0.2107423691752940E+01  0.8050687519890431E+01  0.1044085808168586E+02  0.0000000000000000E+00
      1960  0.1197427667799089E+03  0.9936462581827791E+02  0.2043337736418452E+01  0.7887095492501584E+01  0.1044770773271109E+02  0.0000000000000000E+00
      1961  0.1196942295605396E+03  0.9986767670198641E+02  0.1969475314546046E+01  0.7579649942834853E+01  0.1027742760117242E+02  0.0000000000000000E+00
      1962  0.1177799087038086E+03  0.9764770205532416E+02  0.1973244161412581E+01  0.7798829677930196E+01  0.1036013280914161E+02  0.0000000000000000E+00
      1963  0.1238046734586258E+03  0.1027547832590898E+03  0.2199751741212632E+01  0.8255611834680066E+01  0.1059452662364314E+02  0.0000000000000000E+00
      1964  0.1138005012274810E+03  0.9418571686087790E+02  0.2069951158506842E+01  0.7443345945487854E+01  0.1010148726260846E+02  0.0000000000000000E+00
      1965  0.1318824535607947E+03  0.1104643777873711E+03  0.2169472335499515E+01  0.8122939845281582E+01  0.1112566359264248E+02  0.0000000000000000E+00
      1966  0.1337614886550238E+03  0.1116235776430122E+03  0.2179252940826425E+01  0.8651115512764207E+01  0.1130754255842110E+02  0.0000000000000000E+00
      1967  0.1153474597388811E+03  0.9582389293477512E+02  0.2090864902507478E+01  0.7348352943394586E+01  0.1008434895820384E+02  0.0000000000000000E+00
      1968  0.1260176364683641E+03  0.1052531957397872E+03  0.2094628289966214E+01  0.7887432456190537E+01  0.1078237998242024E+02  0.0000000000000000E+00
      1969  0.1368404111976983E+03  0.1145478641289496E+03  0.2293347145782167E+01  0.8386003850410312E+01  0.1161319607255611E+02  0.0000000000000000E+00
      1970  0.1303897427464889E+03  0.1089570415925577E+03  0.2188911321778337E+01  0.7993116402756008E+01  0.1125067342939685E+02  0.0000000000000000E+00
      1971  0.1164008851216519E+03  0.9636078984011955E+02  0.2121191549584110E+01  0.7569916444894966E+01  0.1034898728705330E+02  0.0000000000000000E+00
      1972  0.1234191192638264E+03  0.1024513228455471E+03  0.2111679541845834E+01  0.8080728306361397E+01  0.1077538857007204E+02  0.0000000000000000E+00
      1973  0.1176873854728899E+03  0.9707882961361301E+02  0.2039290667764737E+01  0.8171500161935700E+01  0.1039776502957651E+02  0.0000000000000000E+00
      1974  0.1265874610828858E+03  0.1057875251055235E+03  0.2177650847241983E+01  0.7957676255823549E+01  0.1066460887429669E+02  0.0000000000000000E+00
      1975  0.1239098536587689E+03  0.1031191902463649E+03  0.2077165524991782E+01  0.8147142231213113E+01  0.1056635565619933E+02  0.0000000000000000E+00
      1976  0.1273851731861080E+03  0.1065985167115347E+03  0.2107498029822272E+01  0.8025425277481466E+01  0.1065373316726948E+02  0.0000000000000000E+00
      1977  0.1263294818016055E+03  0.1051801344091956E+03  0.2178043069761693E+01  0.8097178293233746E+01  0.1087412602941463E+02  0.0000000000000000E+00
      1978  0.1179491370954831E+03  0.9721163834185744E+02  0.2030898933931603E+01  0.8235018242277315E+01  0.1047158157741663E+02  0.0000000000000000E+00
      1979  0.1149730205495387E+03  0.9451594175654088E+02  0.1941868052488022E+01  0.8141827680568184E+01  0.1037338305994162E+02  0.0000000000000000E+00
      1980  0.1178670930258255E+03  0.9784496276531318E+02  0.1991534902774770E+01  0.7863827529084682E+01  0.1016676782865282E+02  0.0000000000000000E+00
      1981  0.1221191627571713E+03  0.1021080001766766E+03  0.1942371402468764E+01  0.7575630967252316E+01  0.1049316021077368E+02  0.0000000000000000E+00
      1982  0.1334915752039757E+03  0.1120355834184720E+03  0.2160022049039334E+01  0.8362950862452218E+01  0.1093301887401227E+02  0.0000000000000000E+00
      1983  0.1192155533514371E+03  0.9889649048693481E+02  0.2141501749663450E+01  0.7647488026524737E+01  0.1053007308831414E+02  0.0000000000000000E+00
      1984  0.1326132572240643E+03  0.1115520019285060E+03  0.2269420816213022E+01  0.7975029370029777E+01  0.1081680510931558E+02  0.0000000000000000E+00
      1985  0.1288661764423800E+03  0.1078321745424731E+03  0.2274649480047953E+01  0.8101771873727396E+01  0.1065758054613160E+02  0.0000000000000000E+00
      1986  0.1239116708810244E+03  0.1031042974780707E+03  0.2248374721226058E+01  0.7763484866214116E+01  0.1079551381551361E+02  0.0000000000000000E+00
      1987  0.1262603394398493E+03  0.1053953520652378E+03  0.2243383947599454E+01  0.8029830784348306E+01  0.1059177264266362E+02  0.0000000000000000E+00
      1988  0.1240313132027163E+03  0.1031358019352195E+03  0.2070989350823758E+01  0.7965746868705393E+01  0.1085877504796761E+02  0.0000000000000000E+00
      1989  0.1235828884171225E+03  0.1025736926719177E+03  0.2044064622255022E+01  0.8112226618124641E+01  0.1085290450482512E+02  0.0000000000000000E+00
      1990  0.1189495304671883E+03  0.9834000086371690E+02  0.2111436297746241E+01  0.8056893662557808E+01  0.1044119964316721E+02  0.0000000000000000E+00
      1991  0.1197633646094433E+03  0.9940040558482308E+02  0.2038455619633728E+01  0.7891257217307595E+01  0.1043324618767873E+02  0.0000000000000000E+00
      1992  0.1196036135320508E+03  0.9981979457979050E+02  0.1970577443856335E+01  0.7575224042402247E+01  0.1023801746600188E+02  0.0000000000000000E+00
      1993  0.1177509479251859E+03  0.9762850982646869E+02  0.1970281445626054E+01  0.7801134190018018E+01  0.1035102246307303E+02  0.0000000000000000E+00
      1994  0.1237287601262472E+03  0.1027041222448263E+03  0.2194939982909986E+01  0.8243108088342698E+01  0.1058658981016830E+02  0.0000000000000000E+00
      1995  0.1137801072572754E+03  0.9419093610237749E+02  0.2070885805338243E+01  0.7439950797888436E+01  0.1007833455167120E+02  0.0000000000000000E+00
      1996  0.1319587361232695E+03  0.1105152945493143E+03  0.2170222392841240E+01  0.8133498329411072E+01  0.1113972085170295E+02  0.0000000000000000E+00
      1997  0.1336515734173167E+03  0.1115342157336581E+03  0.2180471237380805E+01  0.8650915086212343E+01  0.1128597136006555E+02  0.0000000000000000E+00
      1998  0.1153142786657894E+03  0.9576766292119237E+02  0.2089068412391955E+01  0.7372302638577214E+01  0.1008524469362771E+02  0.0000000000000000E+00
      1999  0.1258888366262371E+03  0.1051259815155471E+03  0.2092752117651624E+01  0.7897861537039463E+01  0.1077224145599903E+02  0.0000000000000000E+00
      2000  0.1368717439371340E+03  0.1145488434048070E+03  0.2297477117414309E+01  0.8403115488037692E+01  0.1162230792687491E+02  0.0000000000000000E+00
