      1801  0.1281341987926251E+03  0.1072876895852488E+03  0.2170118230080983E+01  0.8072109465808534E+01  0.1060428151148683E+02  0.0000000000000000E+00
      1802  0.1269498223059776E+03  0.1057957884286664E+03  0.2087404308287303E+01  0.8059045095742148E+01  0.1100758447328175E+02  0.0000000000000000E+00
      1803  0.1036901499271601E+03  0.8459969870897380E+02  0.1851463921986906E+01  0.7409253158546185E+01  0.9829734137653150E+01  0.0000000000000000E+00
      1804  0.1208392716371710E+03  0.1001809015144054E+03  0.2087592184864627E+01  0.8110250831603247E+01  0.1046052710629776E+02  0.0000000000000000E+00
      1805  0.1282513001861615E+03  0.1071333740654084E+03  0.2089380369640535E+01  0.8191184492060435E+01  0.1083736125905202E+02  0.0000000000000000E+00
      1806  0.1305252913840001E+03  0.1096467059275498E+03  0.2061609571262843E+01  0.7997548787839442E+01  0.1081942709734823E+02  0.0000000000000000E+00
      1807  0.1205327594394796E+03  0.1000717166043285E+03  0.2009035449123648E+01  0.7920989050894891E+01  0.1053101833513271E+02  0.0000000000000000E+00
      1808  0.1272370147578541E+03  0.1058534035177755E+03  0.2234130408230352E+01  0.8373751842361566E+01  0.1077572898948668E+02  0.0000000000000000E+00
      1809  0.1172798550970810E+03  0.9733538973120831E+02  0.2108113346901728E+01  0.7559866397755480E+01  0.1027648562121557E+02  0.0000000000000000E+00
      1810  0.1319948773003996E+03  0.1105449449224677E+03  0.2178364266815338E+01  0.8137134449532407E+01  0.1113443366158428E+02  0.0000000000000000E+00
      1811  0.1449322954269841E+03  0.1217211207403836E+03  0.2279266170442826E+01  0.9049910422700840E+01  0.1188199809345676E+02  0.0000000000000000E+00
      1812  0.1321628749658037E+03  0.1110099712236830E+03  0.2247777503796480E+01  0.7945942756399120E+01  0.1095918348192507E+02  0.0000000000000000E+00
      1813  0.1149030680587403E+03  0.9503099148401412E+02  0.2010928565949441E+01  0.7555526208898641E+01  0.1030562179987812E+02  0.0000000000000000E+00
      1814  0.1166951986014892E+03  0.9632979503535341E+02  0.2094904862856644E+01  0.7703010349647995E+01  0.1056748835363115E+02  0.0000000000000000E+00
      1815  0.1113681502996282E+03  0.9185024019460576E+02  0.1989738517633066E+01  0.7310428739202714E+01  0.1021774284818661E+02  0.0000000000000000E+00
      1816  0.1267806130818495E+03  0.1059434497981015E+03  0.2177395900591936E+01  0.7865751646293909E+01  0.1079401573686204E+02  0.0000000000000000E+00
      1817  0.1259808794236623E+03  0.1047462435317719E+03  0.2124112849459441E+01  0.8185279607380217E+01  0.1092524343505088E+02  0.0000000000000000E+00
      1818  0.1424267130118805E+03  0.1194266286153615E+03  0.2241247841007515E+01  0.9082889654314803E+01  0.1167594690119674E+02  0.0000000000000000E+00
      1819  0.1318496656974931E+03  0.1104261597361097E+03  0.2248093107118271E+01  0.8152542707881709E+01  0.1102287014638347E+02  0.0000000000000000E+00
      1820  0.1323856715937914E+03  0.1107310307968684E+03  0.2158048743007730E+01  0.8452641599675024E+01  0.1104395045424014E+02  0.0000000000000000E+00
      1821  0.1232348204478435E+03  0.1027802962841530E+03  0.2086515383954505E+01  0.7884596809597686E+01  0.1048341197013844E+02  0.0000000000000000E+00
      1822  0.1217302418418198E+03  0.1010592432126538E+03  0.2137433262477805E+01  0.7917466785795961E+01  0.1061609858089212E+02  0.0000000000000000E+00
      1823  0.1135427551539951E+03  0.9328511691375192E+02  0.1972854839289798E+01  0.8060236971487612E+01  0.1022454642946575E+02  0.0000000000000000E+00
      1824  0.1155436158293212E+03  0.9505453827511406E+02  0.1932521946259494E+01  0.8173388338076151E+01  0.1038316726987150E+02  0.0000000000000000E+00
      1825  0.1152353107323416E+03  0.9547603059353217E+02  0.1955709216035481E+01  0.7768146953603006E+01  0.1003542396917095E+02  0.0000000000000000E+00
      1826  0.1063906117747570E+03  0.8790020084053992E+02  0.1787830563215610E+01  0.7010102254980459E+01  0.9692478116020988E+01  0.0000000000000000E+00
      1827  0.1388639197687098E+03  0.1170335214907721E+03  0.2168139139268534E+01  0.8507888235561646E+01  0.1115437090310755E+02  0.0000000000000000E+00
      1828  0.1117048293474962E+03  0.9209180511780070E+02  0.2049110225219027E+01  0.7387750279582721E+01  0.1017616372489374E+02  0.0000000000000000E+00
      1829  0.1283842425109094E+03  0.1077539439129233E+03  0.2210924105010827E+01  0.7817848398955329E+01  0.1060152609401991E+02  0.0000000000000000E+00
      1830  0.1414413770617531E+03  0.1192329491994961E+03  0.2386538472122150E+01  0.8536763584802738E+01  0.1128512580533219E+02  0.0000000000000000E+00
      1831  0.1142058056652433E+03  0.9426075591570761E+02  0.2146335173588938E+01  0.7444415017975458E+01  0.1035429955797130E+02  0.0000000000000000E+00
      1832  0.1278548878918995E+03  0.1068755015628834E+03  0.2241169578555434E+01  0.8090652217613497E+01  0.1064756453284723E+02  0.0000000000000000E+00
      1833  0.1269301641203684E+03  0.1057625451103001E+03  0.2087520442992423E+01  0.8071284440163335E+01  0.1100881412691252E+02  0.0000000000000000E+00
      1834  0.1037941518916164E+03  0.8472090028831340E+02  0.1851566234946667E+01  0.7402843565989536E+01  0.9818841802366693E+01  0.0000000000000000E+00
      1835  0.1210061833656850E+03  0.1003454444060331E+03  0.2089757893791955E+01  0.8099884186606658E+01  0.1047109687925336E+02  0.0000000000000000E+00
      1836  0.1282833964631938E+03  0.1071412946512057E+03  0.2095754178603865E+01  0.8196440993370377E+01  0.1084990664001390E+02  0.0000000000000000E+00
      1837  0.1305279708458365E+03  0.1096750990732003E+03  0.2059043929758845E+01  0.7971859353270442E+01  0.1082196848960702E+02  0.0000000000000000E+00
      1838  0.1206570326768391E+03  0.1001847862781651E+03  0.2009722818084250E+01  0.7917863208819956E+01  0.1054466037176976E+02  0.0000000000000000E+00
      1839  0.1272698240051722E+03  0.1058820252624168E+03  0.2238698259075018E+01  0.8365135728139780E+01  0.1078396475554058E+02  0.0000000000000000E+00
      1840  0.1172828032606064E+03  0.9731627110991158E+02  0.2114076098094715E+01  0.7560121680752470E+01  0.1029233437184781E+02  0.0000000000000000E+00
      1841  0.1319846359711709E+03  0.1105153532978306E+03  0.2180766477159054E+01  0.8121164115159985E+01  0.1116735208102143E+02  0.0000000000000000E+00
      1842  0.1448443316948053E+03  0.1216276406996920E+03  0.2275949870097835E+01  0.9049210389825671E+01  0.1189153073518975E+02  0.0000000000000000E+00
      1843  0.1323234566969394E+03  0.1111417489317264E+03  0.2252266215702154E+01  0.7948445737684534E+01  0.1098099581182628E+02  0.0000000000000000E+00
      1844  0.1149259578871225E+03  0.9506205168132433E+02  0.2006097722325814E+01  0.7541238639361486E+01  0.1031656984411082E+02  0.0000000000000000E+00
      1845  0.1167414713673877E+03  0.9639696212218426E+02  0.2096355106330568E+01  0.7693490366758590E+01  0.1055466377211435E+02  0.0000000000000000E+00
      1846  0.1114008961417392E+03  0.9189218383914420E+02  0.1992267490750373E+01  0.7317471222124786E+01  0.1019897358971975E+02  0.0000000000000000E+00
      1847  0.1268320249489385E+03  0.1060041664380935E+03  0.2178116378317144E+01  0.7856835334596917E+01  0.1079290679793085E+02  0.0000000000000000E+00
      1848  0.1259783201710417E+03  0.1047460540403210E+03  0.2129010908006618E+01  0.8180289844292924E+01  0.1092296537842111E+02  0.0000000000000000E+00
      1849  0.1424127912810474E+03  0.1194170551070485E+03  0.2241169884253251E+01  0.9077040220132911E+01  0.1167752606961266E+02  0.0000000000000000E+00
      1850  0.1318089512204720E+03  0.1104155975945720E+03  0.2253474350950543E+01  0.8140343544262009E+01  0.1099953573068758E+02  0.0000000000000000E+00
      1851  0.1322223738594350E+03  0.1105901836613376E+03  0.2159765578780887E+01  0.8446967452634091E+01  0.1102545716668235E+02  0.0000000000000000E+00
      1852  0.1232858081707832E+03  0.1028368070744745E+03  0.2084326251137179E+01  0.7881968962584219E+01  0.1048270588258718E+02  0.0000000000000000E+00
      1853  0.1217759832490510E+03  0.1010954386811902E+03  0.2136017556385259E+01  0.7928682873290058E+01  0.1061584413818536E+02  0.0000000000000000E+00
      1854  0.1137263730619088E+03  0.9341874185285022E+02  0.1975512917486916E+01  0.8078641898567914E+01  0.1025347639300374E+02  0.0000000000000000E+00
      1855  0.1155674994457368E+03  0.9509915939672247E+02  0.1930527673183643E+01  0.8163259121919518E+01  0.1037455325391128E+02  0.0000000000000000E+00
      1856  0.1151766443628122E+03  0.9544051460865703E+02  0.1957605946084330E+01  0.7751170675536248E+01  0.1002735313253457E+02  0.0000000000000000E+00
      1857  0.1063349742236984E+03  0.8784753614611628E+02  0.1792794169493700E+01  0.7021972187896497E+01  0.9672671720191856E+01  0.0000000000000000E+00
      1858  0.1388404705521468E+03  0.1170155892990072E+03  0.2173343978998418E+01  0.8498721417184862E+01  0.1115281585695648E+02  0.0000000000000000E+00
      1859  0.1117179626072209E+03  0.9213339038483306E+02  0.2049261711619517E+01  0.7368312926911435E+01  0.1016699758385682E+02  0.0000000000000000E+00
      1860  0.1283567961727223E+03  0.1077457962001554E+03  0.2211656293337090E+01  0.7811929035879317E+01  0.1058741464335060E+02  0.0000000000000000E+00
      1861  0.1415817148949254E+03  0.1193532612558703E+03  0.2393080926755770E+01  0.8552158973584167E+01  0.1128321373871517E+02  0.0000000000000000E+00
      1862  0.1141805799625922E+03  0.9425589531621068E+02  0.2148710385367651E+01  0.7432821079590472E+01  0.1034315318142345E+02  0.0000000000000000E+00
      1863  0.1277522679908837E+03  0.1068190812190483E+03  0.2242523308172293E+01  0.8057920476364407E+01  0.1063274298729858E+02  0.0000000000000000E+00
      1864  0.1268923580411438E+03  0.1057415668924037E+03  0.2087235494831912E+01  0.8058181424688600E+01  0.1100537422921957E+02  0.0000000000000000E+00
      1865  0.1038589350940066E+03  0.8475675792607913E+02  0.1853883851689503E+01  0.7400992964881911E+01  0.9847300351356102E+01  0.0000000000000000E+00
      1866  0.1209964907358822E+03  0.1003252716258191E+03  0.2098129595991560E+01  0.8098733846723347E+01  0.1047435566734818E+02  0.0000000000000000E+00
      1867  0.1283749242113507E+03  0.1072149207489057E+03  0.2104987759883746E+01  0.8192519061319183E+01  0.1086249664124201E+02  0.0000000000000000E+00
      1868  0.1306141866258882E+03  0.1097260879741037E+03  0.2080060236113216E+01  0.7984111734424380E+01  0.1082392668124697E+02  0.0000000000000000E+00
      1869  0.1206757799290957E+03  0.1001844257417645E+03  0.2021443540544531E+01  0.7926744987329986E+01  0.1054316565945662E+02  0.0000000000000000E+00
      1870  0.1272931812085718E+03  0.1058927811699280E+03  0.2246990543053258E+01  0.8376208375258408E+01  0.1077720112033196E+02  0.0000000000000000E+00
      1871  0.1174088228078643E+03  0.9741332391397819E+02  0.2119571878315770E+01  0.7570380710546330E+01  0.1030554630502401E+02  0.0000000000000000E+00
      1872  0.1321386062747023E+03  0.1106572587151877E+03  0.2182852676534724E+01  0.8125436654641511E+01  0.1117305822833831E+02  0.0000000000000000E+00
      1873  0.1451076649284538E+03  0.1218746157100475E+03  0.2276180831150039E+01  0.9065379680737829E+01  0.1189148870651852E+02  0.0000000000000000E+00
      1874  0.1323388348761785E+03  0.1111821670946971E+03  0.2252181698790297E+01  0.7927255428145945E+01  0.1097723065454517E+02  0.0000000000000000E+00
      1875  0.1149642862915744E+03  0.9507370603954665E+02  0.2017535310219218E+01  0.7549644931351621E+01  0.1032340001045682E+02  0.0000000000000000E+00
      1876  0.1167834466549471E+03  0.9643720383725946E+02  0.2105471484156745E+01  0.7686902366423633E+01  0.1055386896710727E+02  0.0000000000000000E+00
      1877  0.1114894504133899E+03  0.9195110067875372E+02  0.2000319353670988E+01  0.7318438063741267E+01  0.1021959231722388E+02  0.0000000000000000E+00
      1878  0.1268861317754213E+03  0.1060598164605922E+03  0.2186024219995877E+01  0.7854848452100262E+01  0.1078544264273308E+02  0.0000000000000000E+00
      1879  0.1259989129002135E+03  0.1047683951898756E+03  0.2130711695802142E+01  0.8173808817973921E+01  0.1092599719656186E+02  0.0000000000000000E+00
      1880  0.1425156353884420E+03  0.1194744599028981E+03  0.2251374874420274E+01  0.9097961365579543E+01  0.1169183924554404E+02  0.0000000000000000E+00
      1881  0.1319271938127538E+03  0.1104991066007038E+03  0.2253489001793215E+01  0.8158718589094804E+01  0.1101587962116182E+02  0.0000000000000000E+00
      1882  0.1324028944660467E+03  0.1107498834892818E+03  0.2160451334848017E+01  0.8457595422329639E+01  0.1103496421958735E+02  0.0000000000000000E+00
      1883  0.1233865620145148E+03  0.1029250207556046E+03  0.2094311162825839E+01  0.7876787930934571E+01  0.1049044216514974E+02  0.0000000000000000E+00
      1884  0.1217768490154663E+03  0.1011189480888359E+03  0.2141241635814169E+01  0.7899772641051465E+01  0.1061688664976467E+02  0.0000000000000000E+00
      1885  0.1137151725589746E+03  0.9343192503268558E+02  0.1986020037933832E+01  0.8054111024877246E+01  0.1024311646347785E+02  0.0000000000000000E+00
      1886  0.1156774328333703E+03  0.9518875189104249E+02  0.1940212336565570E+01  0.8164809943754012E+01  0.1038365866200838E+02  0.0000000000000000E+00
      1887  0.1153950840834733E+03  0.9561674894384937E+02  0.1962818496100554E+01  0.7759137039632819E+01  0.1005637960389053E+02  0.0000000000000000E+00
      1888  0.1064112995887835E+03  0.8790792246946485E+02  0.1801673593005517E+01  0.7025635154191187E+01  0.9676068372121994E+01  0.0000000000000000E+00
      1889  0.1388774875819433E+03  0.1170352200214579E+03  0.2171226342638857E+01  0.8516835012162264E+01  0.1115420620568413E+02  0.0000000000000000E+00
      1890  0.1116904071610941E+03  0.9208992624165077E+02  0.2056464481557859E+01  0.7372008199544990E+01  0.1017200823834057E+02  0.0000000000000000E+00
      1891  0.1283724149113258E+03  0.1077505944302488E+03  0.2213293650738790E+01  0.7816833478794461E+01  0.1059169335154379E+02  0.0000000000000000E+00
      1892  0.1414474501671215E+03  0.1192386081880139E+03  0.2385063956811802E+01  0.8547309924050307E+01  0.1127646809824550E+02  0.0000000000000000E+00
      1893  0.1141750615483475E+03  0.9421478121799814E+02  0.2156976042657013E+01  0.7454153051555784E+01  0.1034915123613663E+02  0.0000000000000000E+00
      1894  0.1277943608803286E+03  0.1068367554232828E+03  0.2239905103951955E+01  0.8072145771101466E+01  0.1064555458199242E+02  0.0000000000000000E+00
      1895  0.1269913255875317E+03  0.1058247681494118E+03  0.2092194336996190E+01  0.8068869674354410E+01  0.1100549342676921E+02  0.0000000000000000E+00
      1896  0.1038031186067708E+03  0.8471314935365011E+02  0.1859471431930074E+01  0.7386743816496279E+01  0.9843754004694336E+01  0.0000000000000000E+00
      1897  0.1209369934344561E+03  0.1002701931310240E+03  0.2099608260982800E+01  0.8107303241435888E+01  0.1045988880101348E+02  0.0000000000000000E+00
      1898  0.1282853813203559E+03  0.1071555743407052E+03  0.2105627546305725E+01  0.8175963417099975E+01  0.1084821601624489E+02  0.0000000000000000E+00
      1899  0.1304902670128841E+03  0.1096298360378869E+03  0.2063905540967205E+01  0.7979660600444961E+01  0.1081686483358493E+02  0.0000000000000000E+00
      1900  0.1206664772754557E+03  0.1001717125656017E+03  0.2017226281591555E+01  0.7926390486416556E+01  0.1055114794184593E+02  0.0000000000000000E+00
      1901  0.1272689536226195E+03  0.1058634767605429E+03  0.2244431440138747E+01  0.8380995467265214E+01  0.1078004995467260E+02  0.0000000000000000E+00
      1902  0.1172403895146309E+03  0.9728363357253232E+02  0.2111570051663633E+01  0.7553253669085892E+01  0.1029193222134900E+02  0.0000000000000000E+00
      1903  0.1319913152622986E+03  0.1105416375124878E+03  0.2180752062928708E+01  0.8111719527127725E+01  0.1115720615975425E+02  0.0000000000000000E+00
      1904  0.1449061812569448E+03  0.1216940042592989E+03  0.2277372991600903E+01  0.9043516984110495E+01  0.1189128702193450E+02  0.0000000000000000E+00
      1905  0.1323224143903939E+03  0.1111622370333737E+03  0.2253230779892947E+01  0.7931095740350008E+01  0.1097585083677719E+02  0.0000000000000000E+00
      1906  0.1149029921447042E+03  0.9503277456726596E+02  0.2021024221576431E+01  0.7553015270366464E+01  0.1029617808549540E+02  0.0000000000000000E+00
      1907  0.1166816817940675E+03  0.9635631146211495E+02  0.2105007325812754E+01  0.7675558023400234E+01  0.1054480498273946E+02  0.0000000000000000E+00
      1908  0.1114100296787273E+03  0.9191442139795220E+02  0.2000273470544967E+01  0.7303989516312708E+01  0.1019134529391752E+02  0.0000000000000000E+00
      1909  0.1268260936073806E+03  0.1059868141577137E+03  0.2186004661687423E+01  0.7870806661963122E+01  0.1078246812601623E+02  0.0000000000000000E+00
      1910  0.1260021329953147E+03  0.1047796654301950E+03  0.2131312486366979E+01  0.8157448907673636E+01  0.1093370617107912E+02  0.0000000000000000E+00
      1911  0.1425551394763240E+03  0.1195265202040992E+03  0.2245609647281144E+01  0.9086601564912545E+01  0.1169640806003116E+02  0.0000000000000000E+00
      1912  0.1319494562288629E+03  0.1105327548464019E+03  0.2254530286641391E+01  0.8147281300365307E+01  0.1101488979545425E+02  0.0000000000000000E+00
      1913  0.1323472019836109E+03  0.1107211273597651E+03  0.2162155050067587E+01  0.8436689735725075E+01  0.1102722983805340E+02  0.0000000000000000E+00
      1914  0.1233529373161740E+03  0.1029032616815107E+03  0.2091793201021305E+01  0.7877812312636854E+01  0.1048007012100511E+02  0.0000000000000000E+00
      1915  0.1217881117125375E+03  0.1011152485086882E+03  0.2140009302386675E+01  0.7909700315145860E+01  0.1062315358631660E+02  0.0000000000000000E+00
      1916  0.1136529587347830E+03  0.9335772002028492E+02  0.1985743709383794E+01  0.8064421936422601E+01  0.1024507306869170E+02  0.0000000000000000E+00
      1917  0.1155183733994357E+03  0.9505643397340235E+02  0.1941764940436427E+01  0.8145378032418490E+01  0.1037479645317836E+02  0.0000000000000000E+00
      1918  0.1152186751433271E+03  0.9545115416272978E+02  0.1961605782733913E+01  0.7771874819353179E+01  0.1003404037851018E+02  0.0000000000000000E+00
      1919  0.1063265968326025E+03  0.8784938043064311E+02  0.1804443183490058E+01  0.6994657708241471E+01  0.9678115510227791E+01  0.0000000000000000E+00
      1920  0.1389822165214180E+03  0.1171459090471396E+03  0.2177444124225942E+01  0.8506028526695761E+01  0.1115283482335665E+02  0.0000000000000000E+00
      1921  0.1118946914541221E+03  0.9227239343481895E+02  0.2056161803441038E+01  0.7387485018384073E+01  0.1017865119747802E+02  0.0000000000000000E+00
      1922  0.1285247830380461E+03  0.1079017981140318E+03  0.2214514932007320E+01  0.7809313682791888E+01  0.1059915630921506E+02  0.0000000000000000E+00
      1923  0.1415426603938639E+03  0.1193435336801178E+03  0.2382791481664076E+01  0.8540259552314064E+01  0.1127607567976810E+02  0.0000000000000000E+00
      1924  0.1142904992419499E+03  0.9433369478530382E+02  0.2155499844795139E+01  0.7447500175924037E+01  0.1035380443592702E+02  0.0000000000000000E+00
      1925  0.1279333689778786E+03  0.1069551065313582E+03  0.2240301252422812E+01  0.8083471684111647E+01  0.1065448950998588E+02  0.0000000000000000E+00
      1926  0.1269607946002853E+03  0.1058044639181003E+03  0.2088656630620406E+01  0.8059651433306678E+01  0.1100802261825791E+02  0.0000000000000000E+00
      1927  0.1037664801639239E+03  0.8469881015347750E+02  0.1854317139311692E+01  0.7381902249040490E+01  0.9831450622094172E+01  0.0000000000000000E+00
      1928  0.1208994680425636E+03  0.1002332946133100E+03  0.2099884554720899E+01  0.8098263339621486E+01  0.1046802553491125E+02  0.0000000000000000E+00
      1929  0.1281459626133305E+03  0.1070274100340529E+03  0.2108370623757235E+01  0.8167682871442345E+01  0.1084249908407822E+02  0.0000000000000000E+00
      1930  0.1304388531026330E+03  0.1095539472751446E+03  0.2069872854448604E+01  0.7998015308581066E+01  0.1081701766445864E+02  0.0000000000000000E+00
      1931  0.1206446628934930E+03  0.1001381966730762E+03  0.2017452329497639E+01  0.7930676474129758E+01  0.1055833741678951E+02  0.0000000000000000E+00
      1932  0.1272488045990763E+03  0.1058498244155036E+03  0.2248070149428530E+01  0.8360107137305899E+01  0.1079080289683826E+02  0.0000000000000000E+00
      1933  0.1171762692174750E+03  0.9722956817919835E+02  0.2118753203703327E+01  0.7546069922044328E+01  0.1028187791252912E+02  0.0000000000000000E+00
      1934  0.1319616075272648E+03  0.1104979415317037E+03  0.2182323839182714E+01  0.8132197167707325E+01  0.1114914498867092E+02  0.0000000000000000E+00
      1935  0.1448874418942662E+03  0.1216603710758100E+03  0.2280034620655766E+01  0.9061607337723400E+01  0.1188542886007696E+02  0.0000000000000000E+00
      1936  0.1321834794856314E+03  0.1110357743007930E+03  0.2257517750903158E+01  0.7929108238320841E+01  0.1096107919561434E+02  0.0000000000000000E+00
      1937  0.1147392221365465E+03  0.9491544168975932E+02  0.2017448430901532E+01  0.7522170653874958E+01  0.1028416136201071E+02  0.0000000000000000E+00
      1938  0.1167491146080307E+03  0.9641301376110165E+02  0.2101438931672845E+01  0.7682806905456700E+01  0.1055185500979957E+02  0.0000000000000000E+00
      1939  0.1114926341223713E+03  0.9195314974277029E+02  0.2002276380905182E+01  0.7321702220573486E+01  0.1021550577812231E+02  0.0000000000000000E+00
      1940  0.1267281295765232E+03  0.1059085172999019E+03  0.2190769898190439E+01  0.7862301208024359E+01  0.1076654117040650E+02  0.0000000000000000E+00
      1941  0.1259669821029690E+03  0.1047432925738545E+03  0.2131434169394421E+01  0.8181428445478739E+01  0.1091082691424130E+02  0.0000000000000000E+00
      1942  0.1424941652056524E+03  0.1194956328108827E+03  0.2249065434115658E+01  0.9082292826424425E+01  0.1166717413422969E+02  0.0000000000000000E+00
      1943  0.1318680595908351E+03  0.1104470828475914E+03  0.2257699735438032E+01  0.8160879514553685E+01  0.1100239749325194E+02  0.0000000000000000E+00
      1944  0.1323378118075155E+03  0.1106858151509292E+03  0.2166521560450938E+01  0.8457981752092262E+01  0.1102749334404315E+02  0.0000000000000000E+00
      1945  0.1232616343005001E+03  0.1028249885081909E+03  0.2093943883347863E+01  0.7872518670216434E+01  0.1047018323874493E+02  0.0000000000000000E+00
      1946  0.1217771507522415E+03  0.1011092997704806E+03  0.2139246281408949E+01  0.7918607981098050E+01  0.1060999671925397E+02  0.0000000000000000E+00
      1947  0.1136943388211042E+03  0.9340159345358840E+02  0.1983047619841671E+01  0.8067155046455616E+01  0.1024254270121857E+02  0.0000000000000000E+00
      1948  0.1155505831792974E+03  0.9507692082420235E+02  0.1937785437355668E+01  0.8155940420952273E+01  0.1037993649678710E+02  0.0000000000000000E+00
      1949  0.1153207270052313E+03  0.9554488635416921E+02  0.1965020021126721E+01  0.7770636329728205E+01  0.1004018430020718E+02  0.0000000000000000E+00
      1950  0.1063763118467472E+03  0.8786348064128860E+02  0.1804145541487584E+01  0.7025765880449350E+01  0.9682919783521584E+01  0.0000000000000000E+00
      1951  0.1389387944360049E+03  0.1170841536717572E+03  0.2169786626312258E+01  0.8525240377351510E+01  0.1115961376058385E+02  0.0000000000000000E+00
      1952  0.1117524394834797E+03  0.9213950568675956E+02  0.2054951793336442E+01  0.7382427529352416E+01  0.1017555447403127E+02  0.0000000000000000E+00
      1953  0.1284799512186709E+03  0.1078430937636113E+03  0.2213010819112886E+01  0.7820635892610639E+01  0.1060321074333618E+02  0.0000000000000000E+00
      1954  0.1413997113369848E+03  0.1191911326966741E+03  0.2385766392647866E+01  0.8543989304147676E+01  0.1127882294351497E+02  0.0000000000000000E+00
      1955  0.1142393384579999E+03  0.9429667920152662E+02  0.2151238922944313E+01  0.7443849483095703E+01  0.1034757085043322E+02  0.0000000000000000E+00
      1956  0.1278434175654776E+03  0.1068661476876190E+03  0.2245440437076830E+01  0.8084795627475495E+01  0.1064703381330634E+02  0.0000000000000000E+00
      1957  0.1269701778847879E+03  0.1057967571181391E+03  0.2091886539858774E+01  0.8077564661683203E+01  0.1100396956510674E+02  0.0000000000000000E+00
      1958  0.1038509845453541E+03  0.8476256984476210E+02  0.1855871354693573E+01  0.7392371879586383E+01  0.9840171466312007E+01  0.0000000000000000E+00
      1959  0.1208838649228228E+03  0.1002189102599206E+03  0.2097347146712942E+01  0.8100067844263659E+01  0.1046753967192547E+02  0.0000000000000000E+00
      1960  0.1282661018257338E+03  0.1071216397307115E+03  0.2106432301819114E+01  0.8183987914847451E+01  0.1085404187835583E+02  0.0000000000000000E+00
      1961  0.1305189581675231E+03  0.1096318471701833E+03  0.2065366118667286E+01  0.7984323257809014E+01  0.1083742162086355E+02  0.0000000000000000E+00
      1962  0.1206481407880520E+03  0.1001595021475999E+03  0.2018147198973181E+01  0.7925313666589798E+01  0.1054517777488900E+02  0.0000000000000000E+00
      1963  0.1273274625571990E+03  0.1058980591821381E+03  0.2247326120549278E+01  0.8390621405545675E+01  0.1079145584896593E+02  0.0000000000000000E+00
      1964  0.1173132752378813E+03  0.9732725946175835E+02  0.2116108715367943E+01  0.7570079403128517E+01  0.1029982765762655E+02  0.0000000000000000E+00
      1965  0.1319165880016534E+03  0.1104599134794575E+03  0.2181981350937980E+01  0.8130819530190042E+01  0.1114387364106804E+02  0.0000000000000000E+00
      1966  0.1449719654209432E+03  0.1217367447245189E+03  0.2276097379512321E+01  0.9058365102094612E+01  0.1190075821481734E+02  0.0000000000000000E+00
      1967  0.1322647763541697E+03  0.1111102646315796E+03  0.2256113627760622E+01  0.7934480427013765E+01  0.1096391766781575E+02  0.0000000000000000E+00
      1968  0.1150269241604575E+03  0.9515148795495858E+02  0.2018238832676994E+01  0.7547739300947828E+01  0.1030945807187413E+02  0.0000000000000000E+00
      1969  0.1167701533965501E+03  0.9642119961389776E+02  0.2101462796180995E+01  0.7693421012484501E+01  0.1055406997398692E+02  0.0000000000000000E+00
      1970  0.1114860305581704E+03  0.9194665707406476E+02  0.2003008641033137E+01  0.7329133024434297E+01  0.1020723181863820E+02  0.0000000000000000E+00
      1971  0.1268309618458981E+03  0.1059806873602326E+03  0.2186741629429256E+01  0.7879680543304084E+01  0.1078385231293219E+02  0.0000000000000000E+00
      1972  0.1260050142021670E+03  0.1047760334440755E+03  0.2131240548396800E+01  0.8176884332140975E+01  0.1092085587755367E+02  0.0000000000000000E+00
      1973  0.1424510996897399E+03  0.1194317239061273E+03  0.2249368130832136E+01  0.9091867201493532E+01  0.1167814045128689E+02  0.0000000000000000E+00
      1974  0.1318973678358352E+03  0.1104750623145381E+03  0.2252942708038117E+01  0.8154089078649889E+01  0.1101527373460917E+02  0.0000000000000000E+00
      1975  0.1323422328158925E+03  0.1106733250402564E+03  0.2165730387443324E+01  0.8463130440742779E+01  0.1104004694745010E+02  0.0000000000000000E+00
      1976  0.1232483171681209E+03  0.1027891585492821E+03  0.2089530533459816E+01  0.7889275239690646E+01  0.1048035284568834E+02  0.0000000000000000E+00
      1977  0.1218550030659422E+03  0.1011305760066772E+03  0.2140166369424867E+01  0.7938697966799891E+01  0.1064556272304017E+02  0.0000000000000000E+00
      1978  0.1136422797475488E+03  0.9333812149008183E+02  0.1985594717927873E+01  0.8074683264697125E+01  0.1024388027484189E+02  0.0000000000000000E+00
      1979  0.1156005178939284E+03  0.9511320856034361E+02  0.1940892111203283E+01  0.8159438595724074E+01  0.1038697862665737E+02  0.0000000000000000E+00
      1980  0.1152671238009471E+03  0.9548840268419295E+02  0.1964853957001067E+01  0.7776376901298937E+01  0.1003749025845424E+02  0.0000000000000000E+00
      1981  0.1063588196794523E+03  0.8783105213410255E+02  0.1802594705498559E+01  0.7029986222371207E+01  0.9695186617480056E+01  0.0000000000000000E+00
      1982  0.1388370294257949E+03  0.1169935282392270E+03  0.2174608954665092E+01  0.8521069348281198E+01  0.1114782288362148E+02  0.0000000000000000E+00
      1983  0.1117971456781477E+03  0.9218681915825528E+02  0.2056768731877403E+01  0.7386903015880774E+01  0.1016665477213436E+02  0.0000000000000000E+00
      1984  0.1283973979256602E+03  0.1077915209665115E+03  0.2211983249858045E+01  0.7817269565340430E+01  0.1057662414395034E+02  0.0000000000000000E+00
      1985  0.1413833698493376E+03  0.1192072932320152E+03  0.2381767103054693E+01  0.8531888260593220E+01  0.1126242125367455E+02  0.0000000000000000E+00
      1986  0.1141917703372932E+03  0.9425362764330649E+02  0.2151785082474504E+01  0.7433767702400984E+01  0.1035258990911116E+02  0.0000000000000000E+00
      1987  0.1278052161656146E+03  0.1068432218612260E+03  0.2248576560378097E+01  0.8066939416998551E+01  0.1064647832701200E+02  0.0000000000000000E+00
      1988  0.1269859638717244E+03  0.1058102401514186E+03  0.2094918250580218E+01  0.8071401556883966E+01  0.1100940391284150E+02  0.0000000000000000E+00
      1989  0.1039023103756982E+03  0.8479159745547967E+02  0.1858070375794340E+01  0.7411063289350035E+01  0.9841579255074141E+01  0.0000000000000000E+00
      1990  0.1210117769632784E+03  0.1003320395101259E+03  0.2102365571043844E+01  0.8105060758353394E+01  0.1047231112375509E+02  0.0000000000000000E+00
      1991  0.1283112936453525E+03  0.1071765812497159E+03  0.2102060393236783E+01  0.8186998283387361E+01  0.1084565371901261E+02  0.0000000000000000E+00
      1992  0.1304260909233136E+03  0.1095811362993732E+03  0.2067153726587777E+01  0.7977916272369848E+01  0.1079988462498285E+02  0.0000000000000000E+00
      1993  0.1206289002581758E+03  0.1001413219391323E+03  0.2015102367565401E+01  0.7928308119553448E+01  0.1054416783192475E+02  0.0000000000000000E+00
      1994  0.1272759013535153E+03  0.1058676444517958E+03  0.2243074732978519E+01  0.8377438302114712E+01  0.1078774386662614E+02  0.0000000000000000E+00
      1995  0.1173497252639467E+03  0.9738594608283941E+02  0.2116779366171905E+01  0.7566901395894112E+01  0.1028009841904130E+02  0.0000000000000000E+00
      1996  0.1320767090523698E+03  0.1105891620268171E+03  0.2182845286829195E+01  0.8141026557590358E+01  0.1116367518113313E+02  0.0000000000000000E+00
      1997  0.1449631308150365E+03  0.1217429958615362E+03  0.2277196670738039E+01  0.9054908016040951E+01  0.1188803026672142E+02  0.0000000000000000E+00
      1998  0.1322838196851453E+03  0.1111013368672765E+03  0.2253606934505068E+01  0.7955402420308006E+01  0.1097347346305580E+02  0.0000000000000000E+00
      1999  0.1149063969557704E+03  0.9503003533965338E+02  0.2016140150001958E+01  0.7554862469620318E+01  0.1030535899649482E+02  0.0000000000000000E+00
      2000  0.1167956468751462E+03  0.9641907921884776E+02  0.2105701684828289E+01  0.7701908279576455E+01  0.1056895769189371E+02  0.0000000000000000E+00
