      1801 -0.1473882275260986E+01 -0.1357278661921776E+01 -0.4325531184137235E-03  0.2712192335081560E-01 -0.1432929835716141E+00  0.0000000000000000E+00
      1802  0.2519322970750699E+00  0.1750632419402738E+00 -0.2568885278078288E-01  0.4357248302495634E-01  0.5898542489062210E-01  0.0000000000000000E+00
      1803  0.5940054719712433E+00  0.4711260420552441E+00 -0.2500661831399941E-01  0.3508287406129326E-01  0.1128031741687066E+00  0.0000000000000000E+00
      1804 -0.1999812410375203E+01 -0.2015534488041491E+01  0.2063975409635181E-01  0.5139004866441793E-01 -0.5630772509448068E-01  0.0000000000000000E+00
      1805 -0.2284953302137908E+01 -0.1925032845263352E+01 -0.3981611690793399E-01 -0.1396044915396374E+00 -0.1804998484269860E+00  0.0000000000000000E+00
      1806 -0.9975702413383859E+00 -0.7931209261453658E+00 -0.5389456010369727E-01 -0.7142333339688474E-01 -0.7913142169243773E-01  0.0000000000000000E+00
      1807 -0.2751816135499893E+01 -0.2531934692113321E+01 -0.3346522641816270E-01 -0.3615602967486133E-01 -0.1502601872935513E+00  0.0000000000000000E+00
      1808  0.3478527689285282E+00  0.1669612395696471E+00  0.2438485745438795E-01  0.1802804960628570E+00 -0.2377382415836345E-01  0.0000000000000000E+00
      1809  0.2100953808070284E+01  0.2042270313752561E+01  0.1142889673068785E-01 -0.5283828990114044E-01  0.1000928874881775E+00  0.0000000000000000E+00
      1810 -0.3670064920409499E-01 -0.1818080414675560E-01  0.2644277036771008E-01 -0.8440696321805628E-01  0.3944434779300700E-01  0.0000000000000000E+00
      1811 -0.8890337647128415E+00 -0.1003769828567973E+01  0.1276888802984225E-01  0.1731947205805283E+00 -0.7122754475523892E-01  0.0000000000000000E+00
      1812  0.2784164198622499E+01  0.2866396888339839E+01  0.1067021682130337E-01 -0.1310199745869668E+00  0.3811706804831895E-01  0.0000000000000000E+00
      1813 -0.8212131710388131E+00 -0.7725013599402879E+00 -0.9930241904686948E-04 -0.2880944868902958E-01 -0.1980305999044787E-01  0.0000000000000000E+00
      1814  0.2810487398529556E+01  0.2384999870920633E+01  0.2573728694580208E-01  0.1179575261705906E+00  0.2817927144925302E+00  0.0000000000000000E+00
      1815  0.2723206867566557E+01  0.2489449762082364E+01  0.2155568987431594E-01 -0.6517273500007521E-01  0.2773741506099530E+00  0.0000000000000000E+00
      1816  0.1619174646762356E+01  0.1469998282173761E+01  0.2411546828915119E-01  0.2921796875858843E-01  0.9584292754085871E-01  0.0000000000000000E+00
      1817 -0.1136932136223165E+01 -0.1254792738138747E+01  0.2161998502281351E-02  0.9775037495701994E-01  0.1794822845628105E-01  0.0000000000000000E+00
      1818  0.2876775056250296E+01  0.2524443876107610E+01 -0.1956150051532832E-01  0.2250544729726032E+00  0.1468382076854134E+00  0.0000000000000000E+00
      1819 -0.1169537974873125E+01 -0.8271316893136316E+00 -0.9377492573920222E-02 -0.1938727402655983E+00 -0.1391560527199771E+00  0.0000000000000000E+00
      1820 -0.2396713614672825E+01 -0.2137318200048633E+01 -0.1937865785638593E-01 -0.3910847862174996E-01 -0.2009082781460558E+00  0.0000000000000000E+00
      1821  0.6102867917174241E+00  0.7735412792294831E+00 -0.2029046237272767E-01 -0.8405313091303171E-01 -0.5891089422629967E-01  0.0000000000000000E+00
      1822 -0.1811866768481726E+01 -0.1661618425966713E+01  0.5507532094840675E-02 -0.6582581473361927E-01 -0.8993005987623409E-01  0.0000000000000000E+00
      1823 -0.3329713603647203E+00 -0.5305854137662420E+00 -0.4673420666649852E-01  0.1892958775065478E+00  0.5505238256147205E-01  0.0000000000000000E+00
      1824  0.1804503568781989E+01  0.1498751130745067E+01 -0.2928276407569640E-02  0.1485782731753288E+00  0.1601024412691651E+00  0.0000000000000000E+00
      1825  0.5525675265443420E+00  0.5524340356567621E+00  0.6502474401886485E-02 -0.3473935164993514E-01  0.2837036813562980E-01  0.0000000000000000E+00
      1826 -0.2500267178761994E+01 -0.1987954215204627E+01 -0.3287808750306477E-01 -0.3353865025894608E+00 -0.1440483734648420E+00  0.0000000000000000E+00
      1827 -0.2343505449819761E+01 -0.2175485071152212E+01  0.9218968478375162E-02  0.3016972981223092E-01 -0.2074090769581572E+00  0.0000000000000000E+00
      1828 -0.1229823903368173E+01 -0.1083847703784267E+01  0.7702419757692668E-02 -0.8911071998401281E-01 -0.6456789935758565E-01  0.0000000000000000E+00
      1829  0.2056518655768230E+01  0.1972024921560354E+01  0.2725880134914370E-02  0.2168659858762964E-01  0.6008125548533246E-01  0.0000000000000000E+00
      1830  0.2330485069536055E+01  0.2202948097982329E+01  0.2625356382536872E-01  0.1155918699334489E+00 -0.1430846220509376E-01  0.0000000000000000E+00
      1831  0.6656873624504498E+00  0.6505697242811228E+00  0.3155268647048559E-01 -0.6935286890329397E-01  0.5291782060213500E-01  0.0000000000000000E+00
      1832 -0.1830823718712861E+01 -0.1829255285032706E+01 -0.8429464254495714E-02  0.5199379550362499E-01 -0.4513276492928461E-01  0.0000000000000000E+00
      1833  0.1540601079264489E-01 -0.5995439392418064E-01 -0.2697277001772480E-01  0.3978631720428859E-01  0.6254685753026142E-01  0.0000000000000000E+00
      1834  0.4749993302840965E+00  0.3780392272087466E+00 -0.2494400862241405E-01  0.2542882394488049E-01  0.9647528775288328E-01  0.0000000000000000E+00
      1835 -0.1896792907508879E+01 -0.1908026376255200E+01  0.2219918767996141E-01  0.4843368774460627E-01 -0.5939940667824696E-01  0.0000000000000000E+00
      1836 -0.2264476542306966E+01 -0.1918901230807314E+01 -0.3880932134485979E-01 -0.1300653074805862E+00 -0.1767006826742064E+00  0.0000000000000000E+00
      1837 -0.9843352358862473E+00 -0.7640164167315437E+00 -0.5661713262077040E-01 -0.8400138496500788E-01 -0.7970030156892373E-01  0.0000000000000000E+00
      1838 -0.2670398953046255E+01 -0.2458760829757172E+01 -0.3371979039513241E-01 -0.3046049742450208E-01 -0.1474578354694489E+00  0.0000000000000000E+00
      1839  0.3913316499002427E+00  0.2003730727680924E+00  0.2606764077841096E-01  0.1779014625368387E+00 -0.1301052618310026E-01  0.0000000000000000E+00
      1840  0.2112936032480321E+01  0.2027328632091752E+01  0.1280107191567852E-01 -0.4671298716623137E-01  0.1195193156391199E+00  0.0000000000000000E+00
      1841 -0.6557522619205641E-01 -0.5260151909503802E-01  0.2642132794026832E-01 -0.9037478457172167E-01  0.5097974953443558E-01  0.0000000000000000E+00
      1842 -0.9181501815710134E+00 -0.1033942340216141E+01  0.1120839426482373E-01  0.1741408448302193E+00 -0.6955708044991342E-01  0.0000000000000000E+00
      1843  0.2857001692202910E+01  0.2930065769614703E+01  0.1126369357808276E-01 -0.1222004568717042E+00  0.3787268588183066E-01  0.0000000000000000E+00
      1844 -0.8539216708767146E+00 -0.7908655536586015E+00 -0.2210268939489505E-02 -0.3409446802986701E-01 -0.2675138024875630E-01  0.0000000000000000E+00
      1845  0.2781462767531406E+01  0.2377126064871985E+01  0.2826415424800342E-01  0.1093820345261352E+00  0.2666905138852805E+00  0.0000000000000000E+00
      1846  0.2716028081389568E+01  0.2485591412978259E+01  0.2034445344799824E-01 -0.5410002131021739E-01  0.2641922362735263E+00  0.0000000000000000E+00
      1847  0.1615505191685515E+01  0.1470753248847057E+01  0.2453812670988550E-01  0.2552866844872255E-01  0.9468514767985263E-01  0.0000000000000000E+00
      1848 -0.1142751747782478E+01 -0.1257262208258967E+01  0.2290533834333806E-02  0.9677361491147410E-01  0.1544631173067801E-01  0.0000000000000000E+00
      1849  0.2864170537495505E+01  0.2500620870411805E+01 -0.1901776983766300E-01  0.2278056120297612E+00  0.1547618248916018E+00  0.0000000000000000E+00
      1850 -0.1142522696300741E+01 -0.7952870373602728E+00 -0.8748430078617506E-02 -0.1950544549275177E+00 -0.1434327739343334E+00  0.0000000000000000E+00
      1851 -0.2456516966895313E+01 -0.2188212178197132E+01 -0.2059556621452825E-01 -0.3664398326999448E-01 -0.2110652392136611E+00  0.0000000000000000E+00
      1852  0.6471257548458041E+00  0.8115351367775402E+00 -0.2184947929925476E-01 -0.8851069758727535E-01 -0.5404920504520699E-01  0.0000000000000000E+00
      1853 -0.1796580804050914E+01 -0.1659003547303088E+01  0.5339620927179010E-02 -0.5824427999763593E-01 -0.8467259767736486E-01  0.0000000000000000E+00
      1854 -0.2491200625738054E+00 -0.4643005317801646E+00 -0.4776101031653066E-01  0.1960133126752447E+00  0.6692816684764689E-01  0.0000000000000000E+00
      1855  0.1791909971604491E+01  0.1495990082902875E+01 -0.4206785733961826E-02  0.1423269831255940E+00  0.1577996913099858E+00  0.0000000000000000E+00
      1856  0.5221206936456149E+00  0.5351036736630050E+00  0.8447690569808380E-02 -0.4294529760001132E-01  0.2151462701281309E-01  0.0000000000000000E+00
      1857 -0.2511334368346831E+01 -0.2004372281469210E+01 -0.3156249588867546E-01 -0.3217460437434413E+00 -0.1536535472455010E+00  0.0000000000000000E+00
      1858 -0.2367797995018948E+01 -0.2194968096735606E+01  0.9600287407612021E-02  0.2610498737500778E-01 -0.2085351730659619E+00  0.0000000000000000E+00
      1859 -0.1245662919912751E+01 -0.1097941000740880E+01  0.6086445968227822E-02 -0.8965868618155970E-01 -0.6414967895854012E-01  0.0000000000000000E+00
      1860  0.2020612136556440E+01  0.1940250957358116E+01  0.2851900483198249E-02  0.2258057265735695E-01  0.5492870605776696E-01  0.0000000000000000E+00
      1861  0.2428428419732311E+01  0.2282423119620244E+01  0.2620512128587929E-01  0.1268407719777529E+00 -0.7040593151564734E-02  0.0000000000000000E+00
      1862  0.6329786812920605E+00  0.6309748056108160E+00  0.3186123299778616E-01 -0.8130551758283718E-01  0.5144816026629474E-01  0.0000000000000000E+00
      1863 -0.1837007651845878E+01 -0.1820643547372778E+01 -0.6203406362029413E-02  0.3811442257455952E-01 -0.4827512068563279E-01  0.0000000000000000E+00
      1864  0.1324674082850941E+00  0.5199685193347701E-01 -0.2756767740098442E-01  0.4465024561356967E-01  0.6338798813903020E-01  0.0000000000000000E+00
      1865  0.6381680722863339E+00  0.5125822479301553E+00 -0.2366723056715664E-01  0.3118930005534463E-01  0.1180637548679909E+00  0.0000000000000000E+00
      1866 -0.1933969709466643E+01 -0.1948047103099064E+01  0.2477587166912918E-01  0.4833278529492054E-01 -0.5903126333162897E-01  0.0000000000000000E+00
      1867 -0.2252222208138469E+01 -0.1911445078269187E+01 -0.3552275782774005E-01 -0.1301675570616195E+00 -0.1750868149799198E+00  0.0000000000000000E+00
      1868 -0.9830934376248639E+00 -0.7706118786528978E+00 -0.5336054578563636E-01 -0.7500338668485416E-01 -0.8411762650147629E-01  0.0000000000000000E+00
      1869 -0.2711062157403517E+01 -0.2494650467803838E+01 -0.3245234920684020E-01 -0.3166329237296291E-01 -0.1522960480198774E+00  0.0000000000000000E+00
      1870  0.3878769564709350E+00  0.1991041530241850E+00  0.2592019912933372E-01  0.1794664945034787E+00 -0.1661389018606175E-01  0.0000000000000000E+00
      1871  0.2137052158840013E+01  0.2041687085633336E+01  0.1286495210997857E-01 -0.4000802408304409E-01  0.1225081451797419E+00  0.0000000000000000E+00
      1872 -0.3985466974574953E-01 -0.3381593169658370E-01  0.2701827338314779E-01 -0.9176521971328493E-01  0.5870820828096999E-01  0.0000000000000000E+00
      1873 -0.8566947822564395E+00 -0.9767191038688536E+00  0.1011308164393350E-01  0.1842709134918563E+00 -0.7435967352337658E-01  0.0000000000000000E+00
      1874  0.2846640324028642E+01  0.2936734883743660E+01  0.1071762578720734E-01 -0.1412847468688453E+00  0.4047256136662399E-01  0.0000000000000000E+00
      1875 -0.8461618610455798E+00 -0.7979715540600141E+00  0.8450730678790045E-04 -0.3003684016752500E-01 -0.1823797412482867E-01  0.0000000000000000E+00
      1876  0.2766487480017710E+01  0.2360980697400920E+01  0.2852048402052353E-01  0.1066927784427862E+00  0.2702935201534799E+00  0.0000000000000000E+00
      1877  0.2768200904507286E+01  0.2522535199692348E+01  0.2116597322054885E-01 -0.5013690998612668E-01  0.2746366415805150E+00  0.0000000000000000E+00
      1878  0.1649677326130615E+01  0.1509026342536595E+01  0.2333488586564761E-01  0.2674274296315557E-01  0.9057335476521917E-01  0.0000000000000000E+00
      1879 -0.1154436715200353E+01 -0.1268060367224135E+01  0.3409934525657957E-02  0.9634306540362446E-01  0.1387065209450061E-01  0.0000000000000000E+00
      1880  0.2922945910933500E+01  0.2534344615337786E+01 -0.1679974631854812E-01  0.2449524929673089E+00  0.1604485489469505E+00  0.0000000000000000E+00
      1881 -0.1110682066277692E+01 -0.7650902373002582E+00 -0.9244112469609395E-02 -0.1948806523083885E+00 -0.1414670641994343E+00  0.0000000000000000E+00
      1882 -0.2422009200125858E+01 -0.2154444744823748E+01 -0.2198615358951415E-01 -0.3634281045461186E-01 -0.2092354912579819E+00  0.0000000000000000E+00
      1883  0.6577913554616182E+00  0.8299597889825725E+00 -0.2117695022578260E-01 -0.9553493288153074E-01 -0.5545655041364012E-01  0.0000000000000000E+00
      1884 -0.1807531815343844E+01 -0.1652909373634470E+01  0.6012577706617555E-02 -0.6953831085490993E-01 -0.9109670856108058E-01  0.0000000000000000E+00
      1885 -0.2947520743514335E+00 -0.4970950592595217E+00 -0.4339873665063734E-01  0.1854909060260869E+00  0.6025081553263904E-01  0.0000000000000000E+00
      1886  0.1815308944220112E+01  0.1502781196117735E+01 -0.3564161744266763E-02  0.1559334097262041E+00  0.1601585001204417E+00  0.0000000000000000E+00
      1887  0.5543058310952604E+00  0.5467548770275211E+00  0.6556022515021857E-02 -0.3357364347610615E-01  0.3456857502882411E-01  0.0000000000000000E+00
      1888 -0.2560785642245669E+01 -0.2046629239452507E+01 -0.3323130646041744E-01 -0.3267704666824598E+00 -0.1541546296502850E+00  0.0000000000000000E+00
      1889 -0.2344222599402608E+01 -0.2175522414456483E+01  0.1003473288930070E-01  0.3567664830686293E-01 -0.2144115661422898E+00  0.0000000000000000E+00
      1890 -0.1230752771403845E+01 -0.1082253347689488E+01  0.7240942230547739E-02 -0.9461552704059276E-01 -0.6112483890431285E-01  0.0000000000000000E+00
      1891  0.2080221750918381E+01  0.1999645876918309E+01  0.6221068632630729E-02  0.1947070286898647E-01  0.5488410249845288E-01  0.0000000000000000E+00
      1892  0.2367731052595132E+01  0.2233754152628650E+01  0.2550565689270830E-01  0.1236845085742877E+00 -0.1521326550051134E-01  0.0000000000000000E+00
      1893  0.6539461576870140E+00  0.6184196935542133E+00  0.3229889832344004E-01 -0.6024849330699877E-01  0.6347605911636042E-01  0.0000000000000000E+00
      1894 -0.1848176653762592E+01 -0.1835963127282668E+01 -0.5108720071880124E-02  0.3904689495132636E-01 -0.4615170135937140E-01  0.0000000000000000E+00
      1895  0.1802072552890816E+00  0.9963321498004545E-01 -0.2435721718424002E-01  0.4634134330500009E-01  0.5858991418827558E-01  0.0000000000000000E+00
      1896  0.5297929697357748E+00  0.4174489279609639E+00 -0.2266568824243202E-01  0.2413489483989294E-01  0.1108748351773510E+00  0.0000000000000000E+00
      1897 -0.1950932889194122E+01 -0.1960816337552974E+01  0.2446289429745021E-01  0.5575139771406216E-01 -0.7033084365266050E-01  0.0000000000000000E+00
      1898 -0.2239966922294975E+01 -0.1879153507475321E+01 -0.3562185313811060E-01 -0.1472925906876607E+00 -0.1778989709938841E+00  0.0000000000000000E+00
      1899 -0.1016320361988012E+01 -0.8023876279431152E+00 -0.5582789370738248E-01 -0.7352651903997900E-01 -0.8457832129753398E-01  0.0000000000000000E+00
      1900 -0.2683612971411146E+01 -0.2492078971552922E+01 -0.3055882542744420E-01 -0.2226782219718062E-01 -0.1387073522335987E+00  0.0000000000000000E+00
      1901  0.3445983450498142E+00  0.1426838786417438E+00  0.2933878297452698E-01  0.1872644413287590E+00 -0.1468875789521673E-01  0.0000000000000000E+00
      1902  0.2029800952162321E+01  0.1959631802003850E+01  0.1298100097581784E-01 -0.5678935892202800E-01  0.1139775081046802E+00  0.0000000000000000E+00
      1903 -0.7604005834332178E-01 -0.6830931020484377E-01  0.2753450814761707E-01 -0.8829053982259957E-01  0.5302528353650530E-01  0.0000000000000000E+00
      1904 -0.8972958488450448E+00 -0.1026210828716834E+01  0.1212127696368499E-01  0.1808713956169365E+00 -0.6407769270883201E-01  0.0000000000000000E+00
      1905  0.2860345070375300E+01  0.2941790855785374E+01  0.1292055432501119E-01 -0.1363361550277905E+00  0.4196981529270535E-01  0.0000000000000000E+00
      1906 -0.8561285912952246E+00 -0.7961938153223653E+00  0.1763230856958618E-02 -0.3116496187629436E-01 -0.3053304495352609E-01  0.0000000000000000E+00
      1907  0.2773818482850107E+01  0.2371803173801501E+01  0.2997046339745039E-01  0.1088204010447727E+00  0.2632244446063823E+00  0.0000000000000000E+00
      1908  0.2743557902879562E+01  0.2506885850283810E+01  0.2159910165058586E-01 -0.4978805056973537E-01  0.2648610015148989E+00  0.0000000000000000E+00
      1909  0.1676378588611054E+01  0.1506142425187265E+01  0.2562536501104328E-01  0.4514202833244586E-01  0.9946877008030011E-01  0.0000000000000000E+00
      1910 -0.1103437939483058E+01 -0.1216498129194626E+01  0.5539932810428358E-02  0.8105365396921209E-01  0.2646660293192714E-01  0.0000000000000000E+00
      1911  0.2989027786062799E+01  0.2591209655568774E+01 -0.1714295281050651E-01  0.2516996082949324E+00  0.1632614750096006E+00  0.0000000000000000E+00
      1912 -0.1065132151973199E+01 -0.7189876891959190E+00 -0.7308757448410751E-02 -0.2013585977072623E+00 -0.1374771076216083E+00  0.0000000000000000E+00
      1913 -0.2417682201611060E+01 -0.2143096560878927E+01 -0.1899573284059717E-01 -0.4136093092192510E-01 -0.2142289769696112E+00  0.0000000000000000E+00
      1914  0.6695347652306098E+00  0.8395902269405401E+00 -0.2000167503656978E-01 -0.8709371526780291E-01 -0.6296007140555693E-01  0.0000000000000000E+00
      1915 -0.1788292924450488E+01 -0.1655563937987018E+01  0.5838776289365410E-02 -0.5742353589643814E-01 -0.8114422685639987E-01  0.0000000000000000E+00
      1916 -0.3055574883307057E+00 -0.5148751779596477E+00 -0.4374567961465277E-01  0.1918033571956792E+00  0.6126001204791727E-01  0.0000000000000000E+00
      1917  0.1779307349239283E+01  0.1482553385860711E+01 -0.1340499496401776E-02  0.1456615430020876E+00  0.1524329198728843E+00  0.0000000000000000E+00
      1918  0.5266366258429186E+00  0.5179830318759875E+00  0.8687511340856345E-02 -0.2400149283317226E-01  0.2396757545924851E-01  0.0000000000000000E+00
      1919 -0.2552277362122969E+01 -0.2020942439905369E+01 -0.3118046035411641E-01 -0.3506060710666064E+00 -0.1495483907968797E+00  0.0000000000000000E+00
      1920 -0.2279207428789190E+01 -0.2112062826072124E+01  0.1119483877850486E-01  0.3486254336911311E-01 -0.2132019848646853E+00  0.0000000000000000E+00
      1921 -0.1166684986448782E+01 -0.1036793152623566E+01  0.7870133887589807E-02 -0.7773350687081448E-01 -0.6002846084199120E-01  0.0000000000000000E+00
      1922  0.2043817264142848E+01  0.1964764404800739E+01  0.5991216215576601E-02  0.1516554410442853E-01  0.5789609902210407E-01  0.0000000000000000E+00
      1923  0.2356356478947874E+01  0.2226855086814308E+01  0.2554242127189913E-01  0.1233260243626566E+00 -0.1936705350098954E-01  0.0000000000000000E+00
      1924  0.6914864678801785E+00  0.6705536163664922E+00  0.3185114393012949E-01 -0.6659022036745220E-01  0.5567192795100986E-01  0.0000000000000000E+00
      1925 -0.1778918553844397E+01 -0.1784675201855465E+01 -0.5638994854699237E-02  0.5117482563677465E-01 -0.3977918277100934E-01  0.0000000000000000E+00
      1926  0.1185146595472868E+00  0.4478091222695420E-01 -0.2554821360169269E-01  0.3782627845024076E-01  0.6145568247178480E-01  0.0000000000000000E+00
      1927  0.6290401159641654E+00  0.5219097204017861E+00 -0.2278375803080089E-01  0.2509131961048429E-01  0.1048228339826944E+00  0.0000000000000000E+00
      1928 -0.1916385195716128E+01 -0.1942527250994047E+01  0.2654399878729211E-01  0.5668944726048664E-01 -0.5709139076986133E-01  0.0000000000000000E+00
      1929 -0.2247456021532019E+01 -0.1900334303229188E+01 -0.3049236271753469E-01 -0.1454436149504587E+00 -0.1711857406348413E+00  0.0000000000000000E+00
      1930 -0.9686480112859002E+00 -0.7730659578605203E+00 -0.5354028355989091E-01 -0.5934307628524500E-01 -0.8269869358024463E-01  0.0000000000000000E+00
      1931 -0.2710815848527987E+01 -0.2504268384569807E+01 -0.3393331083019003E-01 -0.3036675890134815E-01 -0.1422473942266403E+00  0.0000000000000000E+00
      1932  0.3507214384608609E+00  0.1521294367468906E+00  0.3071233414538711E-01  0.1786537170913085E+00 -0.1077404952272372E-01  0.0000000000000000E+00
      1933  0.2047171047427937E+01  0.1971566970223010E+01  0.1259749150397198E-01 -0.5232570889037316E-01  0.1153322945913275E+00  0.0000000000000000E+00
      1934 -0.5170517977166139E-01 -0.4932414393994122E-01  0.2624216306321368E-01 -0.7846289851686736E-01  0.4983969962193259E-01  0.0000000000000000E+00
      1935 -0.8852942478983048E+00 -0.1012771711687875E+01  0.1261198469225023E-01  0.1832988671655032E+00 -0.6843338806818358E-01  0.0000000000000000E+00
      1936  0.2782329554093565E+01  0.2875770261112693E+01  0.1135151594264388E-01 -0.1420062870257419E+00  0.3721406406397178E-01  0.0000000000000000E+00
      1937 -0.9071185056451674E+00 -0.8274566714855212E+00 -0.1389538263627739E-02 -0.4468644955933804E-01 -0.3358584633668046E-01  0.0000000000000000E+00
      1938  0.2829768534853041E+01  0.2414062275685116E+01  0.2824840557165892E-01  0.1176141333245091E+00  0.2698437202717590E+00  0.0000000000000000E+00
      1939  0.2801098660431377E+01  0.2548933774964395E+01  0.2292520329043203E-01 -0.4448997165342789E-01  0.2737296538299796E+00  0.0000000000000000E+00
      1940  0.1610196703178430E+01  0.1459325615266445E+01  0.2618867767540356E-01  0.3478271353113065E-01  0.8989969670545106E-01  0.0000000000000000E+00
      1941 -0.1138341003000922E+01 -0.1249597337075322E+01  0.2273002675008285E-02  0.9770572000844821E-01  0.1127761139094492E-01  0.0000000000000000E+00
      1942  0.2922122181515756E+01  0.2544235896530889E+01 -0.1598268895047609E-01  0.2458784916124985E+00  0.1479904823228433E+00  0.0000000000000000E+00
      1943 -0.1115210325106154E+01 -0.7668856990134529E+00 -0.8262399823416092E-02 -0.1979183469562625E+00 -0.1421438793130224E+00  0.0000000000000000E+00
      1944 -0.2390021197923573E+01 -0.2125438554739195E+01 -0.1915500929872510E-01 -0.3586913776783912E-01 -0.2095584961178159E+00  0.0000000000000000E+00
      1945  0.6848750492721301E+00  0.8656163440694158E+00 -0.2015037015618054E-01 -0.1003914906774551E+00 -0.6019943396364930E-01  0.0000000000000000E+00
      1946 -0.1787958595339654E+01 -0.1647079453196356E+01  0.6240850342702040E-02 -0.5438684607220549E-01 -0.9273314641379568E-01  0.0000000000000000E+00
      1947 -0.2432313463439997E+00 -0.4661347734633486E+00 -0.4440256881157161E-01  0.1971173551890896E+00  0.7018864074182782E-01  0.0000000000000000E+00
      1948  0.1771615988329174E+01  0.1465442375094649E+01  0.1827628283005529E-03  0.1434236564343588E+00  0.1625671939718670E+00  0.0000000000000000E+00
      1949  0.5636170140655407E+00  0.5477353348387682E+00  0.1168358872580640E-01 -0.2440155021281401E-01  0.2859964071377954E-01  0.0000000000000000E+00
      1950 -0.2562645682025505E+01 -0.2048336097412773E+01 -0.3120022346974400E-01 -0.3372038692808840E+00 -0.1459054918621016E+00  0.0000000000000000E+00
      1951 -0.2294866626414773E+01 -0.2139485438879334E+01  0.1359402610814474E-01  0.3795452160284403E-01 -0.2069297352464279E+00  0.0000000000000000E+00
      1952 -0.1181543556187849E+01 -0.1039283966929964E+01  0.7961511759996496E-02 -0.8937396416281794E-01 -0.6084713685506433E-01  0.0000000000000000E+00
      1953  0.2124840804794977E+01  0.2041395488230270E+01  0.3572897688246550E-02  0.2099230490506172E-01  0.5888011397139783E-01  0.0000000000000000E+00
      1954  0.2337186073834308E+01  0.2201814092381639E+01  0.2831688913047011E-01  0.1225986658589053E+00 -0.1554357353670705E-01  0.0000000000000000E+00
      1955  0.7205822702356850E+00  0.7003030168531460E+00  0.3578532475889620E-01 -0.7453534562170014E-01  0.5902927424534237E-01  0.0000000000000000E+00
      1956 -0.1813961584264474E+01 -0.1825817639844391E+01  0.1472839253245765E-02  0.5443198916033836E-01 -0.4404877283366544E-01  0.0000000000000000E+00
      1957  0.1620345692839905E+00  0.7167370826194083E-01 -0.2189594859092205E-01  0.4955583443446517E-01  0.6270097517850491E-01  0.0000000000000000E+00
      1958  0.5935904669547160E+00  0.4716953737368647E+00 -0.1921107491791188E-01  0.3134042146410130E-01  0.1097657466716617E+00  0.0000000000000000E+00
      1959 -0.2013687715433503E+01 -0.2033344412280611E+01  0.2827716692664837E-01  0.5206530485270947E-01 -0.6068577493224958E-01  0.0000000000000000E+00
      1960 -0.2244733339071495E+01 -0.1901320958776156E+01 -0.2780743715257564E-01 -0.1433492710808623E+00 -0.1722556720619020E+00  0.0000000000000000E+00
      1961 -0.9789192340112159E+00 -0.7763268791984913E+00 -0.5292247617671508E-01 -0.7318094878919067E-01 -0.7648892984682133E-01  0.0000000000000000E+00
      1962 -0.2715795893412111E+01 -0.2510233963327399E+01 -0.3089154517049858E-01 -0.2761470442820222E-01 -0.1470556804860138E+00  0.0000000000000000E+00
      1963  0.3659521397926382E+00  0.1505376639039740E+00  0.3637486161852519E-01  0.1947876656286418E+00 -0.1574805135850303E-01  0.0000000000000000E+00
      1964  0.2102973495695356E+01  0.2013075213700536E+01  0.1728633513917285E-01 -0.4660358374571403E-01  0.1192155306013600E+00  0.0000000000000000E+00
      1965 -0.1310607526116498E+00 -0.1091578730967679E+00  0.3235126282110869E-01 -0.9351978849733975E-01  0.3926564616134913E-01  0.0000000000000000E+00
      1966 -0.8765743704983833E+00 -0.1009045114656599E+01  0.1652542076435344E-01  0.1861559523434212E+00 -0.7021062894955880E-01  0.0000000000000000E+00
      1967  0.2773835266218720E+01  0.2870447941938747E+01  0.1575550429666722E-01 -0.1451823509779639E+00  0.3281417096126758E-01  0.0000000000000000E+00
      1968 -0.8014722720467773E+00 -0.7467356584319296E+00  0.4436572309897815E-02 -0.3416938469301194E-01 -0.2500380123173407E-01  0.0000000000000000E+00
      1969  0.2820737476800069E+01  0.2401103318531643E+01  0.3591872090805164E-01  0.1141122233996587E+00  0.2696032139607146E+00  0.0000000000000000E+00
      1970  0.2821021650559794E+01  0.2559273053510671E+01  0.3215389753958155E-01 -0.3958638722652711E-01  0.2691810867360673E+00  0.0000000000000000E+00
      1971  0.1667796662678988E+01  0.1502801516019930E+01  0.3451109912154628E-01  0.4010418695667330E-01  0.9037986058083550E-01  0.0000000000000000E+00
      1972 -0.1096269485557200E+01 -0.1219380839779536E+01  0.9769976558346629E-02  0.9501002169324047E-01  0.1833135597074825E-01  0.0000000000000000E+00
      1973  0.2954396728242286E+01  0.2551207618010846E+01 -0.1131547031643065E-01  0.2624498306395462E+00  0.1520547499083228E+00  0.0000000000000000E+00
      1974 -0.1144701697726907E+01 -0.7906422608007133E+00 -0.2441758257301628E-02 -0.2097163765719792E+00 -0.1419013020969160E+00  0.0000000000000000E+00
      1975 -0.2416109771422616E+01 -0.2171986997236912E+01 -0.1658926298883638E-01 -0.2752747435996182E-01 -0.2000060368369048E+00  0.0000000000000000E+00
      1976  0.6284679205459414E+00  0.7894417132298005E+00 -0.1152448083743897E-01 -0.9248719510068311E-01 -0.5696211674573733E-01  0.0000000000000000E+00
      1977 -0.1687102465565062E+01 -0.1578593877139291E+01  0.8400230756442575E-02 -0.4029095405937195E-01 -0.7661786512283965E-01  0.0000000000000000E+00
      1978 -0.2767389454206178E+00 -0.5014387346717069E+00 -0.3792741148613262E-01  0.1963101217877251E+00  0.6631707894949634E-01  0.0000000000000000E+00
      1979  0.1862815116491649E+01  0.1538513258047963E+01  0.9251744028616215E-02  0.1525366500241402E+00  0.1625134643909310E+00  0.0000000000000000E+00
      1980  0.5474142411185660E+00  0.5299942528005603E+00  0.2263398198517783E-01 -0.2411756505948622E-01  0.1890357139231410E-01  0.0000000000000000E+00
      1981 -0.2577219552717636E+01 -0.2053754056088254E+01 -0.2818083712805229E-01 -0.3459792004739165E+00 -0.1493054590274191E+00  0.0000000000000000E+00
      1982 -0.2318477554358288E+01 -0.2157308152953828E+01  0.2056000645390009E-01  0.3219435820278164E-01 -0.2139237660611437E+00  0.0000000000000000E+00
      1983 -0.1169488458955628E+01 -0.1031091092669659E+01  0.1636076500231706E-01 -0.8871791869255555E-01 -0.6604021259572866E-01  0.0000000000000000E+00
      1984  0.2099220432455344E+01  0.2028063652482087E+01  0.1230337420790145E-01  0.1148073907042120E-01  0.4737266669493259E-01  0.0000000000000000E+00
      1985  0.2402804890880879E+01  0.2257870762048401E+01  0.4410296184882058E-01  0.1220522069198611E+00 -0.2122103993620577E-01  0.0000000000000000E+00
      1986  0.7135134295346188E+00  0.6835527824358044E+00  0.4555109397882637E-01 -0.7828016315791193E-01  0.6268971627789940E-01  0.0000000000000000E+00
      1987 -0.1817427804949103E+01 -0.1839447828541022E+01  0.1198951791318753E-01  0.4806548544616555E-01 -0.3803497976743742E-01  0.0000000000000000E+00
      1988  0.1687763334181801E+00  0.5841699860495708E-01 -0.1948690531745336E-01  0.5803202800202203E-01  0.7181421212865184E-01  0.0000000000000000E+00
      1989  0.6944254697851983E+00  0.5425314191598531E+00 -0.1508726652476302E-01  0.5558570255325431E-01  0.1113956145968536E+00  0.0000000000000000E+00
      1990 -0.1896441708122285E+01 -0.1919630663348294E+01  0.3540462309335196E-01  0.4887218046915651E-01 -0.6108784833649604E-01  0.0000000000000000E+00
      1991 -0.2225342269879241E+01 -0.1877363451798809E+01 -0.2301093456917992E-01 -0.1468355521792749E+00 -0.1781323313319782E+00  0.0000000000000000E+00
      1992 -0.1053635308496750E+01 -0.8391117795395184E+00 -0.4972793855392262E-01 -0.7140948094482058E-01 -0.9338610945848837E-01  0.0000000000000000E+00
      1993 -0.2742439368404520E+01 -0.2532463650988529E+01 -0.3056716189922273E-01 -0.2917012197566742E-01 -0.1502384335411065E+00  0.0000000000000000E+00
      1994  0.4060035602828580E+00  0.1835471712373105E+00  0.4162217773907529E-01  0.1910273089499351E+00 -0.1019309764346399E-01  0.0000000000000000E+00
      1995  0.2133279017837845E+01  0.2043242746469827E+01  0.2302996944604567E-01 -0.4199280765476294E-01  0.1089991095767362E+00  0.0000000000000000E+00
      1996 -0.1319200212107380E-01 -0.1702783040607175E-01  0.3534185679407226E-01 -0.8519456843401295E-01  0.5368853992493933E-01  0.0000000000000000E+00
      1997 -0.8840640160210402E+00 -0.1014345922585894E+01  0.2024559019323862E-01  0.1825089270329211E+00 -0.7247261066130578E-01  0.0000000000000000E+00
      1998  0.2850467319040567E+01  0.2919460576597864E+01  0.2402260962756568E-01 -0.1365920608629939E+00  0.4357619367813298E-01  0.0000000000000000E+00
      1999 -0.8417141478066685E+00 -0.7893091784994163E+00  0.5262278479229206E-02 -0.3760577205588671E-01 -0.2006147573059364E-01  0.0000000000000000E+00
      2000  0.2869503657875391E+01  0.2431492158523886E+01  0.4216342293404265E-01  0.1159833785044068E+00  0.2798646979130519E+00  0.0000000000000000E+00
