      1801 -0.1661904923795366E+01 -0.1530421675893763E+01 -0.1097346755071379E-02  0.2168648610210987E-01 -0.1520723872486431E+00  0.0000000000000000E+00
      1802 -0.2828225971998816E+00 -0.3124536875274540E+00 -0.2785452932861519E-01  0.2712829555633841E-01  0.3035732409984936E-01  0.0000000000000000E+00
      1803 -0.2516641507970734E+01 -0.2388374944002463E+01 -0.3729474511575216E-01 -0.4738753973706260E-01 -0.4358427911545360E-01  0.0000000000000000E+00
      1804 -0.2472300902326178E+00 -0.3811286169348348E+00  0.2415085108735583E-01  0.1203912705446735E+00 -0.1064359492981093E-01  0.0000000000000000E+00
      1805 -0.4449916942187690E+01 -0.3930510084947779E+01 -0.4772065445749855E-01 -0.2103302672969266E+00 -0.2613559354854804E+00  0.0000000000000000E+00
      1806  0.3161490668824139E+00  0.4250463904751759E+00 -0.5177528732077107E-01 -0.1768898380964285E-01 -0.3943305246234841E-01  0.0000000000000000E+00
      1807 -0.1077634006176667E+01 -0.1006394190075492E+01 -0.2725513605188594E-01  0.1039963045672500E-01 -0.5438431050601343E-01  0.0000000000000000E+00
      1808 -0.1311897316301551E+01 -0.1368604362034319E+01  0.1817259336957709E-01  0.1192627649623195E+00 -0.8072831259912765E-01  0.0000000000000000E+00
      1809  0.1209944645386073E+01  0.1235974831527895E+01  0.7688765998393849E-02 -0.7102451476690229E-01  0.3730556262668501E-01  0.0000000000000000E+00
      1810  0.1842627367117297E+01  0.1713102840553859E+01  0.3143133706324563E-01 -0.2105327206912998E-01  0.1191464615693248E+00  0.0000000000000000E+00
      1811  0.2618470612391433E+01  0.2211904927110170E+01  0.2386020809764103E-01  0.2620440823145154E+00  0.1206613948691058E+00  0.0000000000000000E+00
      1812  0.1133332658174326E+01  0.1315991063665893E+01  0.7035242132591780E-02 -0.1982647005446928E+00  0.8571052920532979E-02  0.0000000000000000E+00
      1813  0.3834002112793545E+00  0.3459423080429255E+00  0.4405566461215458E-02  0.1124797377084321E-01  0.2180436300437023E-01  0.0000000000000000E+00
      1814  0.1448118001845794E+01  0.1125419463403534E+01  0.2245140892571024E-01  0.7111707198882100E-01  0.2291300575277297E+00  0.0000000000000000E+00
      1815 -0.5859603905848986E+01 -0.5409643144760254E+01 -0.2665740294395697E-02 -0.3067087450040855E+00 -0.1405862757902406E+00  0.0000000000000000E+00
      1816  0.5488510279687834E+00  0.5340274906627933E+00  0.2223852818228626E-01  0.4564499694446397E-01 -0.5305998782076012E-01  0.0000000000000000E+00
      1817  0.5752336678272122E+01  0.5098982352189315E+01  0.1701987447965230E-01  0.3078803505678832E+00  0.3284541010352661E+00  0.0000000000000000E+00
      1818 -0.1433214691745746E+01 -0.1503260548576133E+01 -0.3214424237571081E-01  0.7820133641130066E-01  0.2398876279479794E-01  0.0000000000000000E+00
      1819  0.2215636186214720E+01  0.2295075216169209E+01  0.3999173023346431E-03 -0.6530921093596082E-01 -0.1452973632086308E-01  0.0000000000000000E+00
      1820 -0.1337712181152560E+01 -0.1189946903534538E+01 -0.1484591171335068E-01 -0.2462217641883479E-01 -0.1082971894858345E+00  0.0000000000000000E+00
      1821  0.1895815195763119E+01  0.1942602028057344E+01 -0.1583411178840238E-01 -0.5306815937334864E-01  0.2211543886752530E-01  0.0000000000000000E+00
      1822 -0.6323015660396587E+01 -0.5823205227138249E+01 -0.1149167955928472E-01 -0.2052597463077949E+00 -0.2830590073912567E+00  0.0000000000000000E+00
      1823  0.4176515240084385E+01  0.3643131646251106E+01 -0.3046724140203163E-01  0.3447303753989932E+00  0.2191204598363182E+00  0.0000000000000000E+00
      1824 -0.8248457095147991E+00 -0.9510684806067831E+00 -0.1034130957588797E-01  0.5154645111702099E-01  0.8501762955084913E-01  0.0000000000000000E+00
      1825  0.1069522665244846E+01  0.1046649745472357E+01  0.8033312604782654E-02 -0.8769198250872717E-02  0.2360880541857920E-01  0.0000000000000000E+00
      1826 -0.1589782344450483E+01 -0.1147804751164784E+01 -0.3010064752669352E-01 -0.3115831027858735E+00 -0.1002938429731307E+00  0.0000000000000000E+00
      1827  0.1849384414118589E+01  0.1664338542598250E+01  0.2484390830957091E-01  0.1584170405172927E+00  0.1784922693471187E-02  0.0000000000000000E+00
      1828  0.1288336337363039E+01  0.1210603555739247E+01  0.2082322963013095E-01 -0.4873340149764008E-01  0.1056429534913022E+00  0.0000000000000000E+00
      1829  0.2757252101746210E+01  0.2595409330974306E+01  0.6431452235093224E-02  0.2637070644481558E-01  0.1290406120919947E+00  0.0000000000000000E+00
      1830  0.1942146051121575E+01  0.1852215465792636E+01  0.2258149541430835E-01  0.9188805458549212E-01 -0.2453896467086091E-01  0.0000000000000000E+00
      1831 -0.1454752879599067E+01 -0.1286652425528336E+01  0.2565348551808619E-01 -0.1354383310934199E+00 -0.5831560849539905E-01  0.0000000000000000E+00
      1832 -0.2343174699336298E+01 -0.2276201399880912E+01 -0.9935445089226247E-02  0.4537329112665837E-01 -0.1024111454928210E+00  0.0000000000000000E+00
      1833 -0.7484475660246593E+00 -0.7394750296438467E+00 -0.3009538895925366E-01  0.1687448108499945E-01  0.4248371493436645E-02  0.0000000000000000E+00
      1834 -0.2806437636371086E+01 -0.2626430270254234E+01 -0.3758225581234011E-01 -0.6192285812354120E-01 -0.8050225218097135E-01  0.0000000000000000E+00
      1835 -0.3090426425440344E+00 -0.4178161344448167E+00  0.2526212359300742E-01  0.1116928614663489E+00 -0.2818149315857455E-01  0.0000000000000000E+00
      1836 -0.4539867842701812E+01 -0.4018263560836280E+01 -0.4668761483895619E-01 -0.2049518354488220E+00 -0.2699648315777564E+00  0.0000000000000000E+00
      1837  0.2477085824086435E+00  0.3841964524651867E+00 -0.5475893510362493E-01 -0.3293862246485953E-01 -0.4879031248805931E-01  0.0000000000000000E+00
      1838 -0.1079281377982628E+01 -0.1004026415313626E+01 -0.2801453490748038E-01  0.1231269716787711E-01 -0.5955312492940067E-01  0.0000000000000000E+00
      1839 -0.1381302875514972E+01 -0.1438511796716970E+01  0.1952597477246048E-01  0.1142439548753742E+00 -0.7656100844583753E-01  0.0000000000000000E+00
      1840  0.1155535747371847E+01  0.1162534549844412E+01  0.8707169716620659E-02 -0.6686368810774862E-01  0.5115771591856356E-01  0.0000000000000000E+00
      1841  0.1777637939570353E+01  0.1649972029219066E+01  0.3152526683660099E-01 -0.2834161348375799E-01  0.1244822569984465E+00  0.0000000000000000E+00
      1842  0.2557113792378358E+01  0.2151286556545947E+01  0.2293064434477073E-01  0.2619216925498254E+00  0.1209748989378124E+00  0.0000000000000000E+00
      1843  0.1197071732797174E+01  0.1372490755355674E+01  0.6973608135880646E-02 -0.1916339509221205E+00  0.9241320227738176E-02  0.0000000000000000E+00
      1844  0.3237534756494058E+00  0.3019654819023141E+00  0.2329799969543310E-02  0.5013890827925960E-02  0.1444430294962260E-01  0.0000000000000000E+00
      1845  0.1413656703462729E+01  0.1113443461040335E+01  0.2491236935501740E-01  0.6317807742474429E-01  0.2121227956426328E+00  0.0000000000000000E+00
      1846 -0.5896190033282834E+01 -0.5441419848625949E+01 -0.3439241396432765E-02 -0.2959721140287320E+00 -0.1553588292317147E+00  0.0000000000000000E+00
      1847  0.5368254439074431E+00  0.5300363291256931E+00  0.2128995852830660E-01  0.4146541843751524E-01 -0.5596626218407114E-01  0.0000000000000000E+00
      1848  0.5725106663265554E+01  0.5076748084406055E+01  0.1692747304635218E-01  0.3065844040246031E+00  0.3248467017885416E+00  0.0000000000000000E+00
      1849 -0.1457118224167359E+01 -0.1536265482326554E+01 -0.3205752569044066E-01  0.7948270783169370E-01  0.3172207601794264E-01  0.0000000000000000E+00
      1850  0.2243813979915160E+01  0.2331985712275093E+01  0.1106724674978991E-02 -0.6724552685139301E-01 -0.2203293018351809E-01  0.0000000000000000E+00
      1851 -0.1388633119234534E+01 -0.1230090001999033E+01 -0.1609207745786536E-01 -0.2256991777027917E-01 -0.1198811220073563E+00  0.0000000000000000E+00
      1852  0.1914838359861524E+01  0.1963668128316991E+01 -0.1727207454726913E-01 -0.5767326270573832E-01  0.2611556879753890E-01  0.0000000000000000E+00
      1853 -0.6318636199743591E+01 -0.5829324979122344E+01 -0.1222640979218008E-01 -0.1984487650663979E+00 -0.2786360457626737E+00  0.0000000000000000E+00
      1854  0.4245278971301412E+01  0.3696836124593730E+01 -0.3132677813967265E-01  0.3507659356788335E+00  0.2290036891685249E+00  0.0000000000000000E+00
      1855 -0.8656764833264674E+00 -0.9808345057667144E+00 -0.1196520783228213E-01  0.4536437673296611E-01  0.8175885353956497E-01  0.0000000000000000E+00
      1856  0.1065937579007673E+01  0.1055407426907123E+01  0.9820990061162851E-02 -0.1642604737385328E-01  0.1713520941324194E-01  0.0000000000000000E+00
      1857 -0.1597547563469221E+01 -0.1159317938713368E+01 -0.2882555479527305E-01 -0.2981307862321107E+00 -0.1112732837284697E+00  0.0000000000000000E+00
      1858  0.1828805539414670E+01  0.1650798995713458E+01  0.2540662942229488E-01  0.1519979552352778E+00  0.6019590436429298E-03  0.0000000000000000E+00
      1859  0.1318770094129836E+01  0.1243258324918225E+01  0.1984451948689233E-01 -0.5111246453477351E-01  0.1067797142594940E+00  0.0000000000000000E+00
      1860  0.2756438571439724E+01  0.2602324217564322E+01  0.6321926177211935E-02  0.2607536393700374E-01  0.1217170637611862E+00  0.0000000000000000E+00
      1861  0.2020901022942609E+01  0.1917083626166097E+01  0.2218119090260831E-01  0.1014473269592783E+00 -0.1981112108537481E-01  0.0000000000000000E+00
      1862 -0.1525784461833354E+01 -0.1345265901873437E+01  0.2666910442852342E-01 -0.1475983866322178E+00 -0.5958927775621931E-01  0.0000000000000000E+00
      1863 -0.2395647608852082E+01 -0.2314126295742641E+01 -0.7976329222489188E-02  0.3060469529516204E-01 -0.1041496791821141E+00  0.0000000000000000E+00
      1864 -0.6851714802105900E+00 -0.6844046836797040E+00 -0.3065984217655995E-01  0.2123742669081492E-01  0.8655618954860358E-02  0.0000000000000000E+00
      1865 -0.2687896318452872E+01 -0.2537351527610512E+01 -0.3645273566667039E-01 -0.5735967805046144E-01 -0.5673237712522733E-01  0.0000000000000000E+00
      1866 -0.3145884365132394E+00 -0.4293015438574448E+00  0.2782954826652555E-01  0.1122133304095581E+00 -0.2532977133187728E-01  0.0000000000000000E+00
      1867 -0.4531695704020310E+01 -0.4018194870426703E+01 -0.4386434033449598E-01 -0.2049826410497012E+00 -0.2646538522094103E+00  0.0000000000000000E+00
      1868  0.2281817556157989E+00  0.3555313051864787E+00 -0.5143829104210190E-01 -0.2487880517920965E-01 -0.5103245334936784E-01  0.0000000000000000E+00
      1869 -0.1132303844562600E+01 -0.1054207435506012E+01 -0.2584854128742791E-01  0.1253459699385934E-01 -0.6478246476301970E-01  0.0000000000000000E+00
      1870 -0.1383485950641695E+01 -0.1438237000242052E+01  0.1939067373505566E-01  0.1168497260531283E+00 -0.8148935018782665E-01  0.0000000000000000E+00
      1871  0.1180456163152645E+01  0.1176848196351330E+01  0.8525862628934433E-02 -0.5854873530188159E-01  0.5363083947426350E-01  0.0000000000000000E+00
      1872  0.1751827204442604E+01  0.1614238113496660E+01  0.3236208551944051E-01 -0.2877950952132267E-01  0.1340065149478236E+00  0.0000000000000000E+00
      1873  0.2612253152252580E+01  0.2200986357840114E+01  0.2200587412537758E-01  0.2722806617780825E+00  0.1169802585090103E+00  0.0000000000000000E+00
      1874  0.1150006532720621E+01  0.1341836032875363E+01  0.6420275443927793E-02 -0.2105540478293637E+00  0.1230427223069495E-01  0.0000000000000000E+00
      1875  0.3303943391694665E+00  0.2930129235226755E+00  0.4525788883034660E-02  0.9039413810633194E-02  0.2381621295312216E-01  0.0000000000000000E+00
      1876  0.1394251697842411E+01  0.1093627848260523E+01  0.2495570238254136E-01  0.6053702947855157E-01  0.2151311177207952E+00  0.0000000000000000E+00
      1877 -0.5850590655774435E+01 -0.5408529531478570E+01 -0.3045719516070818E-02 -0.2936177714340620E+00 -0.1453976333457339E+00  0.0000000000000000E+00
      1878  0.5480901978776986E+00  0.5487931362364622E+00  0.2005724268659731E-01  0.4060883137366188E-01 -0.6136901241902187E-01  0.0000000000000000E+00
      1879  0.5731563274482632E+01  0.5081403141990529E+01  0.1912049065232381E-01  0.3095900276210534E+00  0.3214496142187235E+00  0.0000000000000000E+00
      1880 -0.1413630358491188E+01 -0.1512414701769664E+01 -0.3023490016008086E-01  0.9327018868125013E-01  0.3574905475730772E-01  0.0000000000000000E+00
      1881  0.2254313796200732E+01  0.2339696009536836E+01  0.3750658846787998E-03 -0.6631301114828997E-01 -0.1944426807249618E-01  0.0000000000000000E+00
      1882 -0.1374517836068573E+01 -0.1216099961136392E+01 -0.1763282494504869E-01 -0.2264318131160364E-01 -0.1181418686755243E+00  0.0000000000000000E+00
      1883  0.1916421632270691E+01  0.1973947332408611E+01 -0.1641333909539911E-01 -0.6451751900001200E-01  0.2340515795749202E-01  0.0000000000000000E+00
      1884 -0.6347749000692176E+01 -0.5837967661307250E+01 -0.1261579381360562E-01 -0.2105352582976222E+00 -0.2866302872737031E+00  0.0000000000000000E+00
      1885  0.4233041311248164E+01  0.3697283155550069E+01 -0.2666087392852861E-01  0.3408936163608848E+00  0.2215254132657369E+00  0.0000000000000000E+00
      1886 -0.8294952101276505E+00 -0.9599654779478669E+00 -0.1122082756610939E-01  0.5835335426665505E-01  0.8333774111967436E-01  0.0000000000000000E+00
      1887  0.1043427893622421E+01  0.1014027934975666E+01  0.8185790455468460E-02 -0.7315216398437289E-02  0.2852938458972540E-01  0.0000000000000000E+00
      1888 -0.1654344750022031E+01 -0.1207957240875252E+01 -0.3059623080886979E-01 -0.3033382838106887E+00 -0.1124529945272196E+00  0.0000000000000000E+00
      1889  0.1838935441473997E+01  0.1654259370814113E+01  0.2631531193948883E-01  0.1629908983404596E+00 -0.4630139620062924E-02  0.0000000000000000E+00
      1890  0.1319733653385735E+01  0.1243894537318462E+01  0.2111425846473142E-01 -0.5442998086186412E-01  0.1091548384644060E+00  0.0000000000000000E+00
      1891  0.2786293056987327E+01  0.2630536056923237E+01  0.1091385249542609E-01  0.2364806939377631E-01  0.1211950781748877E+00  0.0000000000000000E+00
      1892  0.1976708041808993E+01  0.1884117516041037E+01  0.2158993126961142E-01  0.9858634696241808E-01 -0.2758575246407444E-01  0.0000000000000000E+00
      1893 -0.1472256051973275E+01 -0.1320143575425333E+01  0.2590090808948720E-01 -0.1287676731026290E+00 -0.4924571153480120E-01  0.0000000000000000E+00
      1894 -0.2389828703215252E+01 -0.2310928771849459E+01 -0.6833019549944893E-02  0.3114442820298797E-01 -0.1032113400188449E+00  0.0000000000000000E+00
      1895 -0.6501040185507982E+00 -0.6482758240468112E+00 -0.2768037281999405E-01  0.2284888719980861E-01  0.3003291116197267E-02  0.0000000000000000E+00
      1896 -0.2774601965655631E+01 -0.2609661316992303E+01 -0.3574119851489507E-01 -0.6451468052819340E-01 -0.6468476962023890E-01  0.0000000000000000E+00
      1897 -0.3964518266949686E+00 -0.5056441019246991E+00  0.2764143070085112E-01  0.1195649851445462E+00 -0.3801414061566884E-01  0.0000000000000000E+00
      1898 -0.4577058035083140E+01 -0.4042202460209247E+01 -0.4370844857773979E-01 -0.2225373726438901E+00 -0.2686097536522575E+00  0.0000000000000000E+00
      1899  0.1455576898350669E+00  0.2747057528153076E+00 -0.5403600736197737E-01 -0.2270988575226094E-01 -0.5240216986600406E-01  0.0000000000000000E+00
      1900 -0.1105164762695237E+01 -0.1053653066428907E+01 -0.2443247352677953E-01  0.2181727648321346E-01 -0.4889649922276345E-01  0.0000000000000000E+00
      1901 -0.1403253742699415E+01 -0.1471305952497560E+01  0.2270701419309022E-01  0.1227318496419458E+00 -0.7738665403689154E-01  0.0000000000000000E+00
      1902  0.1123801020683733E+01  0.1146001867673845E+01  0.8736544329283879E-02 -0.7663980241502640E-01  0.4570241109563084E-01  0.0000000000000000E+00
      1903  0.1744378816756938E+01  0.1608589464128934E+01  0.3294451875705100E-01 -0.2563456798662522E-01  0.1284794018575778E+00  0.0000000000000000E+00
      1904  0.2556453981818365E+01  0.2138907873782707E+01  0.2439122188983407E-01  0.2698395714081522E+00  0.1233153147376684E+00  0.0000000000000000E+00
      1905  0.1153957259856655E+01  0.1341735280814729E+01  0.8373832994779635E-02 -0.2061972002439214E+00  0.1004534629107004E-01  0.0000000000000000E+00
      1906  0.3153005633759408E+00  0.2915351911008890E+00  0.6550173864691188E-02  0.7782528403664630E-02  0.9432670006696727E-02  0.0000000000000000E+00
      1907  0.1377630872992892E+01  0.1079929044793541E+01  0.2604589818623288E-01  0.6235226468653642E-01  0.2093036653265821E+00  0.0000000000000000E+00
      1908 -0.5891864176497725E+01 -0.5437101108296112E+01 -0.3682341260618654E-02 -0.2970171863954583E+00 -0.1540635405455424E+00  0.0000000000000000E+00
      1909  0.5454550237607541E+00  0.5181751941616918E+00  0.2114228394473984E-01  0.5863145202211295E-01 -0.5249390636778873E-01  0.0000000000000000E+00
      1910  0.5780104916601793E+01  0.5125585259559815E+01  0.2222141081974144E-01  0.2974089324519311E+00  0.3348893137702969E+00  0.0000000000000000E+00
      1911 -0.1368204312489534E+01 -0.1473789650067965E+01 -0.3054397441432107E-01  0.9884101041098051E-01  0.3728830158177078E-01  0.0000000000000000E+00
      1912  0.2301534170345350E+01  0.2386740863107701E+01  0.2423561099265097E-02 -0.7117740515544420E-01 -0.1645284870616665E-01  0.0000000000000000E+00
      1913 -0.1363063118438552E+01 -0.1198070835321317E+01 -0.1467243675440519E-01 -0.2674579122873911E-01 -0.1235740551340896E+00  0.0000000000000000E+00
      1914  0.1913452972060187E+01  0.1966973054964625E+01 -0.1476471744851067E-01 -0.5493143750838370E-01  0.1617607205245967E-01  0.0000000000000000E+00
      1915 -0.6323227150325976E+01 -0.5831742458649781E+01 -0.1297124249564262E-01 -0.2018042199339795E+00 -0.2767092292465714E+00  0.0000000000000000E+00
      1916  0.4225262837432866E+01  0.3679185584162162E+01 -0.2689061790116682E-01  0.3497424432502638E+00  0.2232254279216082E+00  0.0000000000000000E+00
      1917 -0.8534847555917351E+00 -0.9664264834166955E+00 -0.9363810432193923E-02  0.4610843913156951E-01  0.7619709912558646E-01  0.0000000000000000E+00
      1918  0.1039574858350459E+01  0.1007949530124818E+01  0.1015711852052427E-01  0.3136635671103546E-02  0.1833157403401499E-01  0.0000000000000000E+00
      1919 -0.1651116817852055E+01 -0.1187828146153884E+01 -0.2833642171700195E-01 -0.3268992225035571E+00 -0.1080530274776136E+00  0.0000000000000000E+00
      1920  0.1919093810939165E+01  0.1732397076015452E+01  0.2824822085288552E-01  0.1631934818301350E+00 -0.4744967759308991E-02  0.0000000000000000E+00
      1921  0.1388698801737812E+01  0.1293957744025744E+01  0.2130933713846246E-01 -0.3523901730603014E-01  0.1086707378796356E+00  0.0000000000000000E+00
      1922  0.2803483094293937E+01  0.2649960580988975E+01  0.9308649326345045E-02  0.1897244438935244E-01  0.1252414195892663E+00  0.0000000000000000E+00
      1923  0.1980407096093312E+01  0.1890376275519408E+01  0.2139943613026652E-01  0.9992585190988454E-01 -0.3129446746624522E-01  0.0000000000000000E+00
      1924 -0.1464650281030340E+01 -0.1299264284372099E+01  0.2600244628045961E-01 -0.1344992886280881E+00 -0.5688915431061244E-01  0.0000000000000000E+00
      1925 -0.2325694030792438E+01 -0.2266308774457088E+01 -0.7064542864757742E-02  0.4401566778794871E-01 -0.9633638125853647E-01  0.0000000000000000E+00
      1926 -0.7099781785107147E+00 -0.7011165862032818E+00 -0.2860550100384561E-01  0.1345156220718350E-01  0.6292346489230785E-02  0.0000000000000000E+00
      1927 -0.2745202037878537E+01 -0.2571428710633333E+01 -0.3596664301358388E-01 -0.6699318387496961E-01 -0.7081350035665324E-01  0.0000000000000000E+00
      1928 -0.3445342137282760E+00 -0.4705886172378184E+00  0.2995967775496416E-01  0.1219229147749658E+00 -0.2582818902038405E-01  0.0000000000000000E+00
      1929 -0.4564004824456208E+01 -0.4039820165870157E+01 -0.3908926725458674E-01 -0.2214791811868161E+00 -0.2636162101446485E+00  0.0000000000000000E+00
      1930  0.2158015553547696E+00  0.3275217633140406E+00 -0.5167440805015078E-01 -0.8285208664814806E-02 -0.5176059124430590E-01  0.0000000000000000E+00
      1931 -0.1105006758559028E+01 -0.1036224264611321E+01 -0.2787774399263217E-01  0.1397276720102310E-01 -0.5487751715610033E-01  0.0000000000000000E+00
      1932 -0.1430971575925375E+01 -0.1492556805565290E+01  0.2357310894614293E-01  0.1130203055797088E+00 -0.7500818488593533E-01  0.0000000000000000E+00
      1933  0.1084230038982491E+01  0.1103307282592644E+01  0.8416043827731784E-02 -0.7325693699077790E-01  0.4576364955289257E-01  0.0000000000000000E+00
      1934  0.1804899241621200E+01  0.1664686480415551E+01  0.3166461059265175E-01 -0.1540643896141308E-01  0.1239545895744125E+00  0.0000000000000000E+00
      1935  0.2569639943195237E+01  0.2149969982491517E+01  0.2480748252769845E-01  0.2733174777573728E+00  0.1215450004186451E+00  0.0000000000000000E+00
      1936  0.1108614436380322E+01  0.1309145139290503E+01  0.6643144895133218E-02 -0.2132247191088658E+00  0.6050871303552963E-02  0.0000000000000000E+00
      1937  0.2593514978056246E+00  0.2535695992572582E+00  0.3184016250255588E-02 -0.4731969536981427E-02  0.7329851835092332E-02  0.0000000000000000E+00
      1938  0.1420096281863801E+01  0.1109844211696276E+01  0.2446811263820334E-01  0.7020535483140740E-01  0.2155786026979128E+00  0.0000000000000000E+00
      1939 -0.5860583827891473E+01 -0.5420967955934652E+01 -0.2728443229739323E-02 -0.2918210768571398E+00 -0.1450663518699445E+00  0.0000000000000000E+00
      1940  0.4697895270363037E+00  0.4634223980798913E+00  0.2254614698102136E-01  0.4677784881181377E-01 -0.6295686683642282E-01  0.0000000000000000E+00
      1941  0.5728453116035270E+01  0.5075312056613302E+01  0.1914171010115696E-01  0.3160459600376545E+00  0.3179533892831547E+00  0.0000000000000000E+00
      1942 -0.1455852694558129E+01 -0.1539143100807619E+01 -0.2911792014254411E-01  0.8775173607683585E-01  0.2465659031519688E-01  0.0000000000000000E+00
      1943  0.2244499861554992E+01  0.2329695170088444E+01  0.1360033254041508E-02 -0.6618839734612135E-01 -0.2036694444137090E-01  0.0000000000000000E+00
      1944 -0.1369641113052203E+01 -0.1215926673296026E+01 -0.1472133983001309E-01 -0.2026506649886122E-01 -0.1187280334273004E+00  0.0000000000000000E+00
      1945  0.1932201906848588E+01  0.1995268904455264E+01 -0.1523944905875638E-01 -0.6876976753080549E-01  0.2094221898288601E-01  0.0000000000000000E+00
      1946 -0.6368360191013047E+01 -0.5868038519843845E+01 -0.1226187617284969E-01 -0.2027437519988931E+00 -0.2853160429974531E+00  0.0000000000000000E+00
      1947  0.4281819683327618E+01  0.3718555457983683E+01 -0.2767675541685074E-01  0.3580828076071755E+00  0.2328581731536109E+00  0.0000000000000000E+00
      1948 -0.9301350122805181E+00 -0.1049698139852342E+01 -0.8208972884689244E-02  0.4214450605851148E-01  0.8562759439799934E-01  0.0000000000000000E+00
      1949  0.1030537619009045E+01  0.9934140085766787E+00  0.1372378740922610E-01  0.1001802321306727E-02  0.2239802070183509E-01  0.0000000000000000E+00
      1950 -0.1662103806624820E+01 -0.1213970917880085E+01 -0.2838567284512506E-01 -0.3129666953970857E+00 -0.1067805205025232E+00  0.0000000000000000E+00
      1951  0.1892062333621372E+01  0.1691054683090271E+01  0.3034845072570213E-01  0.1683458350570921E+00  0.2313364748308421E-02  0.0000000000000000E+00
      1952  0.1306377566049931E+01  0.1219808776947281E+01  0.2169922270357502E-01 -0.4418357891827472E-01  0.1090531453173522E+00  0.0000000000000000E+00
      1953  0.2802810074323269E+01  0.2643061904667683E+01  0.7102532834603223E-02  0.2419641558686835E-01  0.1284492212341140E+00  0.0000000000000000E+00
      1954  0.1913189043970263E+01  0.1815266647968871E+01  0.2570097870632648E-01  0.9888285173215718E-01 -0.2666143443709574E-01  0.0000000000000000E+00
      1955 -0.1463815070269005E+01 -0.1294398622611990E+01  0.2900387790513110E-01 -0.1444938549895819E+00 -0.5392647057256442E-01  0.0000000000000000E+00
      1956 -0.2378966874511474E+01 -0.2322311648108707E+01 -0.6667754518101445E-03  0.4545807027440171E-01 -0.1014465212253616E+00  0.0000000000000000E+00
      1957 -0.6403172059489000E+00 -0.6472783531857147E+00 -0.2526905065730797E-01  0.2477170087809442E-01  0.7458497016026442E-02  0.0000000000000000E+00
      1958 -0.2781117255704275E+01 -0.2617426923376625E+01 -0.3283108165823553E-01 -0.6396535665912949E-01 -0.6689389401028478E-01  0.0000000000000000E+00
      1959 -0.4431778587922475E+00 -0.5640235043383823E+00  0.3157943827609599E-01  0.1192417935486276E+00 -0.2997558627858904E-01  0.0000000000000000E+00
      1960 -0.4556262567753961E+01 -0.4035310778616423E+01 -0.3619961430551320E-01 -0.2201899847020378E+00 -0.2645621901299799E+00  0.0000000000000000E+00
      1961  0.2573171226718007E+00  0.3747758593837381E+00 -0.5127867837104356E-01 -0.2064562863422438E-01 -0.4553442970667025E-01  0.0000000000000000E+00
      1962 -0.1115934825072727E+01 -0.1051546128422527E+01 -0.2445079912815433E-01  0.1875158797649963E-01 -0.5868948549854654E-01  0.0000000000000000E+00
      1963 -0.1389063737524506E+01 -0.1465639417938650E+01  0.2902135913581563E-01  0.1274725626519826E+00 -0.7991824137365247E-01  0.0000000000000000E+00
      1964  0.1122117923893047E+01  0.1129590572223538E+01  0.1225451227552304E-01 -0.6844584877600220E-01  0.4871868816998756E-01  0.0000000000000000E+00
      1965  0.1716490391561575E+01  0.1592881572342285E+01  0.3807545436112617E-01 -0.2863791427560809E-01  0.1141712791337735E+00  0.0000000000000000E+00
      1966  0.2645284539662319E+01  0.2214880439939042E+01  0.3025125437946427E-01  0.2808378445570299E+00  0.1193150007867837E+00  0.0000000000000000E+00
      1967  0.1084633697122228E+01  0.1290145188514537E+01  0.1111976822650781E-01 -0.2179794121215753E+00  0.1348152502756640E-02  0.0000000000000000E+00
      1968  0.3793701978928213E+00  0.3478726091219896E+00  0.9579757764911644E-02  0.5745941433499659E-02  0.1617188957241949E-01  0.0000000000000000E+00
      1969  0.1436549109344546E+01  0.1121871927049318E+01  0.3193841290870238E-01  0.6619790511941082E-01  0.2165408642671126E+00  0.0000000000000000E+00
      1970 -0.5831909500130587E+01 -0.5393288177017011E+01  0.4140686804887240E-02 -0.2941100990197540E+00 -0.1486519108987105E+00  0.0000000000000000E+00
      1971  0.5509287809272264E+00  0.5327982602170902E+00  0.2847491278298021E-01  0.5118572149611384E-01 -0.6153011356895831E-01  0.0000000000000000E+00
      1972  0.5804130613692043E+01  0.5127879899648704E+01  0.2853304083031334E-01  0.3220668902234144E+00  0.3256507829896147E+00  0.0000000000000000E+00
      1973 -0.1449538825630050E+01 -0.1549007058644907E+01 -0.2621135767174607E-01  0.9778853198695289E-01  0.2789105869965270E-01  0.0000000000000000E+00
      1974  0.2267489522314564E+01  0.2353614542166641E+01  0.8450904411320280E-02 -0.7364833363000073E-01 -0.2092759063339660E-01  0.0000000000000000E+00
      1975 -0.1349752125749545E+01 -0.1218849525639551E+01 -0.1085466069228137E-01 -0.9839266615946824E-02 -0.1102086728017650E+00  0.0000000000000000E+00
      1976  0.1920628874026064E+01  0.1961835381793464E+01 -0.5332425325313690E-02 -0.5815095181786056E-01  0.2227686937577538E-01  0.0000000000000000E+00
      1977 -0.6277116085394289E+01 -0.5800548331986638E+01 -0.1236345445497348E-01 -0.1937710820300851E+00 -0.2704332169225991E+00  0.0000000000000000E+00
      1978  0.4303151138315579E+01  0.3726889154031549E+01 -0.1951766606579847E-01  0.3671115553065219E+00  0.2286680950433087E+00  0.0000000000000000E+00
      1979 -0.8073144344266684E+00 -0.9375496446889984E+00 -0.3663563151805797E-03  0.4551634954699491E-01  0.8508521703051856E-01  0.0000000000000000E+00
      1980  0.1096349643554486E+01  0.1052444146012982E+01  0.2447134535810271E-01  0.3672796754122272E-02  0.1576135542927861E-01  0.0000000000000000E+00
      1981 -0.1649999266024132E+01 -0.1198662324148825E+01 -0.2483532767776271E-01 -0.3213421849003060E+00 -0.1051594292972385E+00  0.0000000000000000E+00
      1982  0.1868765700300124E+01  0.1667008577444995E+01  0.4118532526755309E-01  0.1641220089506298E+00 -0.3550211363055107E-02  0.0000000000000000E+00
      1983  0.1348969982069748E+01  0.1250439040192298E+01  0.3368684083090517E-01 -0.3994739000286236E-01  0.1047914910494068E+00  0.0000000000000000E+00
      1984  0.2787354724851292E+01  0.2640521719884852E+01  0.1702135851905230E-01  0.1506006231551657E-01  0.1147515841318718E+00  0.0000000000000000E+00
      1985  0.1984377579794230E+01  0.1877791909509200E+01  0.4185505577618529E-01  0.9921591539706294E-01 -0.3448530088821796E-01  0.0000000000000000E+00
      1986 -0.1456643049869308E+01 -0.1293413318258485E+01  0.3766567724463888E-01 -0.1497552881975420E+00 -0.5114012065792221E-01  0.0000000000000000E+00
      1987 -0.2359698626745529E+01 -0.2311017838865971E+01  0.9635972741415970E-02  0.3804113977830098E-01 -0.9635790039927243E-01  0.0000000000000000E+00
      1988 -0.6805820556519049E+00 -0.7040686485920393E+00 -0.2330269626753988E-01  0.3099294668377736E-01  0.1579634252389707E-01  0.0000000000000000E+00
      1989 -0.2684802314870591E+01 -0.2542640890004121E+01 -0.3158715845926186E-01 -0.4585450984118895E-01 -0.6471975656602029E-01  0.0000000000000000E+00
      1990 -0.2941239400226685E+00 -0.4221954334164746E+00  0.3871048329193508E-01  0.1194776477309647E+00 -0.3011663762909298E-01  0.0000000000000000E+00
      1991 -0.4562024759281069E+01 -0.4031257779252236E+01 -0.3402324010142663E-01 -0.2252322762723509E+00 -0.2715114636550559E+00  0.0000000000000000E+00
      1992  0.1926064317071769E+00  0.3241048364692999E+00 -0.4752084911798270E-01 -0.1939090239651141E-01 -0.6458665324762831E-01  0.0000000000000000E+00
      1993 -0.1136477117812668E+01 -0.1072682617936259E+01 -0.2341831481327741E-01  0.1961845286487172E-01 -0.5999463792800392E-01  0.0000000000000000E+00
      1994 -0.1371188161851417E+01 -0.1453016952732833E+01  0.3275260569528272E-01  0.1218569600478496E+00 -0.7278077486171748E-01  0.0000000000000000E+00
      1995  0.1185007283719156E+01  0.1190376207885975E+01  0.1714907605168109E-01 -0.6412082116724030E-01  0.4160282094874013E-01  0.0000000000000000E+00
      1996  0.1843851793337538E+01  0.1689552339105943E+01  0.4199487914024502E-01 -0.1753347844121476E-01  0.1298380535325654E+00  0.0000000000000000E+00
      1997  0.2619233017299747E+01  0.2188173123359487E+01  0.3638554582580760E-01  0.2808244221363834E+00  0.1138499259780706E+00  0.0000000000000000E+00
      1998  0.1118764619958044E+01  0.1302814310191459E+01  0.1973254129163217E-01 -0.2119073458692688E+00  0.8125114344218257E-02  0.0000000000000000E+00
      1999  0.3367586108540960E+00  0.3062140806285388E+00  0.1176250996966635E-01  0.2027108432200482E-02  0.1675491182368833E-01  0.0000000000000000E+00
      2000  0.1487977324572691E+01  0.1159926318729288E+01  0.3725915282183569E-01  0.6618095916128108E-01  0.2246108938602855E+00  0.0000000000000000E+00
