      1801  0.1226656033208480E+03  0.1023367614333283E+03  0.2118707704316316E+01  0.7880361782789662E+01  0.1032977240041384E+02  0.0000000000000000E+00
      1802  0.1258497426260823E+03  0.1048399873907183E+03  0.2069497528094757E+01  0.8013209237274326E+01  0.1092704846999488E+02  0.0000000000000000E+00
      1803  0.1270849877791044E+03  0.1057373593340323E+03  0.2074096706994691E+01  0.8242501036496126E+01  0.1103103070158111E+02  0.0000000000000000E+00
      1804  0.1226434319764852E+03  0.1016531996435283E+03  0.2138198182765551E+01  0.8207043286485590E+01  0.1064499086370568E+02  0.0000000000000000E+00
      1805  0.1215373464340938E+03  0.1009790069584988E+03  0.2047930174859383E+01  0.7964782827626714E+01  0.1054562647310888E+02  0.0000000000000000E+00
      1806  0.1216106213990004E+03  0.1015865607648236E+03  0.1986380642628183E+01  0.7665369935682527E+01  0.1037231005586609E+02  0.0000000000000000E+00
      1807  0.1197700890509978E+03  0.9943593150144453E+02  0.1989685733209947E+01  0.7877967613973005E+01  0.1046650420237032E+02  0.0000000000000000E+00
      1808  0.1246028488327140E+03  0.1034905541148099E+03  0.2201521676659981E+01  0.8275534729586287E+01  0.1063523831165779E+02  0.0000000000000000E+00
      1809  0.1274456400999432E+03  0.1065410138126088E+03  0.2200601367509399E+01  0.7915986380718228E+01  0.1078803853910675E+02  0.0000000000000000E+00
      1810  0.1241918155208526E+03  0.1034509465309589E+03  0.2119599194466447E+01  0.7865834316631260E+01  0.1075543547879611E+02  0.0000000000000000E+00
      1811  0.1239535224759256E+03  0.1027964206830110E+03  0.2098967434338060E+01  0.8287079622224510E+01  0.1077105473635199E+02  0.0000000000000000E+00
      1812  0.1280841300117466E+03  0.1074269644865323E+03  0.2192430308678723E+01  0.7790204459555649E+01  0.1067453075697984E+02  0.0000000000000000E+00
      1813  0.1239712503388948E+03  0.1033214397173647E+03  0.2084388036036673E+01  0.7849987086725202E+01  0.1071543549876822E+02  0.0000000000000000E+00
      1814  0.1307761249110387E+03  0.1090339728145443E+03  0.2240090589738570E+01  0.8195163337820750E+01  0.1130689816893506E+02  0.0000000000000000E+00
      1815  0.1304616355904358E+03  0.1090560977585868E+03  0.2176649433319462E+01  0.7979398268568344E+01  0.1124949012996101E+02  0.0000000000000000E+00
      1816  0.1295093393747366E+03  0.1082744939827812E+03  0.2230157065866417E+01  0.7994023935673173E+01  0.1101066439041574E+02  0.0000000000000000E+00
      1817  0.1246995594017013E+03  0.1035200776198137E+03  0.2126748977795541E+01  0.8157469926994581E+01  0.1089526287709742E+02  0.0000000000000000E+00
      1818  0.1310591041895535E+03  0.1091465532120602E+03  0.2151983611933146E+01  0.8667277581138656E+01  0.1109328978442158E+02  0.0000000000000000E+00
      1819  0.1253400541844068E+03  0.1045713930666813E+03  0.2180420761540393E+01  0.7923162580368090E+01  0.1066507777581706E+02  0.0000000000000000E+00
      1820  0.1223395282227341E+03  0.1016888617430467E+03  0.2061725845853573E+01  0.8083204578151733E+01  0.1050573605568203E+02  0.0000000000000000E+00
      1821  0.1262677999120171E+03  0.1055821398215485E+03  0.2097103481476054E+01  0.7985576203325032E+01  0.1060298040566739E+02  0.0000000000000000E+00
      1822  0.1240203694456798E+03  0.1031309863784371E+03  0.2154967111190594E+01  0.8000926153016970E+01  0.1073348980303520E+02  0.0000000000000000E+00
      1823  0.1254856636490980E+03  0.1040681315798872E+03  0.2093609147132267E+01  0.8495148241781818E+01  0.1082877468029665E+02  0.0000000000000000E+00
      1824  0.1289089803764486E+03  0.1070660081746775E+03  0.2073393208716635E+01  0.8667196706934858E+01  0.1110238228611946E+02  0.0000000000000000E+00
      1825  0.1255079502037933E+03  0.1046878065278403E+03  0.2077446136317833E+01  0.8137604535322234E+01  0.1060509300431303E+02  0.0000000000000000E+00
      1826  0.1210314045828055E+03  0.1010692446313490E+03  0.1943179960639448E+01  0.7531349550749453E+01  0.1048763044006765E+02  0.0000000000000000E+00
      1827  0.1209843807381473E+03  0.1007115651661678E+03  0.2051648605167151E+01  0.7903019817472708E+01  0.1031814714933962E+02  0.0000000000000000E+00
      1828  0.1218243845410912E+03  0.1012986162965883E+03  0.2155617411470468E+01  0.7734592668069560E+01  0.1063555816496290E+02  0.0000000000000000E+00
      1829  0.1272536045299634E+03  0.1066744485294047E+03  0.2213310088611781E+01  0.7793252012240965E+01  0.1057259389970589E+02  0.0000000000000000E+00
      1830  0.1286171677247871E+03  0.1076213891352345E+03  0.2266020340647501E+01  0.8085285457674106E+01  0.1064447279123105E+02  0.0000000000000000E+00
      1831  0.1278935223056209E+03  0.1067032720242794E+03  0.2283035541094169E+01  0.7913839843703064E+01  0.1099337489654420E+02  0.0000000000000000E+00
      1832  0.1228747318143353E+03  0.1022975318806293E+03  0.2205102589724887E+01  0.7940604381888519E+01  0.1043149296209264E+02  0.0000000000000000E+00
      1833  0.1258461747249620E+03  0.1047836163845030E+03  0.2079324196487332E+01  0.8035945567058576E+01  0.1094728857691299E+02  0.0000000000000000E+00
      1834  0.1271287363367844E+03  0.1057685294098446E+03  0.2078213468719072E+01  0.8246615284987769E+01  0.1103537817323301E+02  0.0000000000000000E+00
      1835  0.1228122724414628E+03  0.1018065505874998E+03  0.2141527606985830E+01  0.8201278725264160E+01  0.1066291552171289E+02  0.0000000000000000E+00
      1836  0.1216499909756142E+03  0.1010550785409352E+03  0.2054509756346178E+01  0.7977097863002252E+01  0.1056330481533067E+02  0.0000000000000000E+00
      1837  0.1216749342861774E+03  0.1016648797458372E+03  0.1984333619644004E+01  0.7644508400325766E+01  0.1038121252037025E+02  0.0000000000000000E+00
      1838  0.1199371238481914E+03  0.9957578522988686E+02  0.1991333442485121E+01  0.7882517000781517E+01  0.1048748817503792E+02  0.0000000000000000E+00
      1839  0.1246534078968269E+03  0.1035219892501286E+03  0.2207001822611375E+01  0.8272262779218977E+01  0.1065215404486808E+02  0.0000000000000000E+00
      1840  0.1274899948065503E+03  0.1065476760029727E+03  0.2207430639011785E+01  0.7921713176685103E+01  0.1081317498788071E+02  0.0000000000000000E+00
      1841  0.1241845660957189E+03  0.1034134566108911E+03  0.2122263478306434E+01  0.7854869361821900E+01  0.1079397664469955E+02  0.0000000000000000E+00
      1842  0.1238854399317486E+03  0.1027278663364208E+03  0.2095414311763064E+01  0.8284611343427002E+01  0.1077754794013773E+02  0.0000000000000000E+00
      1843  0.1282159120444603E+03  0.1075312831493313E+03  0.2197632459723645E+01  0.7795849117433803E+01  0.1069114731797153E+02  0.0000000000000000E+00
      1844  0.1239543682557056E+03  0.1033111837643411E+03  0.2080072741043173E+01  0.7841051766262245E+01  0.1072205998405914E+02  0.0000000000000000E+00
      1845  0.1307162761273270E+03  0.1090006390248263E+03  0.2242483373816107E+01  0.8183612088381762E+01  0.1128954164030290E+02  0.0000000000000000E+00
      1846  0.1304089792611801E+03  0.1090096909200685E+03  0.2179991318493193E+01  0.7991864056418871E+01  0.1122743296619959E+02  0.0000000000000000E+00
      1847  0.1295309496842731E+03  0.1082973324418059E+03  0.2231598125518619E+01  0.7989119647183641E+01  0.1101289946976500E+02  0.0000000000000000E+00
      1848  0.1246427808609063E+03  0.1034644160661411E+03  0.2131604186085291E+01  0.8156606049208323E+01  0.1089015455947159E+02  0.0000000000000000E+00
      1849  0.1309946494536894E+03  0.1090736817529686E+03  0.2152242124076409E+01  0.8668394532762186E+01  0.1110033104388208E+02  0.0000000000000000E+00
      1850  0.1253090232775578E+03  0.1045594279323514E+03  0.2186121440034648E+01  0.7916935960260576E+01  0.1064653794491121E+02  0.0000000000000000E+00
      1851  0.1222259313170854E+03  0.1015897408845593E+03  0.2063505453076831E+01  0.8081798620542399E+01  0.1049088635890663E+02  0.0000000000000000E+00
      1852  0.1263052278790526E+03  0.1056204171053616E+03  0.2094896328632682E+01  0.7985324462360391E+01  0.1060458998269780E+02  0.0000000000000000E+00
      1853  0.1240427003705153E+03  0.1031377452624142E+03  0.2153704829146025E+01  0.8016706255614093E+01  0.1073454402334095E+02  0.0000000000000000E+00
      1854  0.1256499629433977E+03  0.1041813851991401E+03  0.2096228094673606E+01  0.8517757726833539E+01  0.1085459192275049E+02  0.0000000000000000E+00
      1855  0.1289337757155428E+03  0.1071135017142450E+03  0.2071514451310672E+01  0.8658121519441197E+01  0.1109063803054578E+02  0.0000000000000000E+00
      1856  0.1254759553498386E+03  0.1046777747742874E+03  0.2080184940579916E+01  0.8122383000199557E+01  0.1059561263477167E+02  0.0000000000000000E+00
      1857  0.1209807003744823E+03  0.1010214654615075E+03  0.1948520174133761E+01  0.7545191266387644E+01  0.1046552347245343E+02  0.0000000000000000E+00
      1858  0.1209807221505692E+03  0.1007120152928026E+03  0.2057324452865544E+01  0.7897490863348342E+01  0.1031389154155274E+02  0.0000000000000000E+00
      1859  0.1218071916143946E+03  0.1013095436401330E+03  0.2155041212946263E+01  0.7716220747846186E+01  0.1062638601346914E+02  0.0000000000000000E+00
      1860  0.1272244911352596E+03  0.1066609905185593E+03  0.2213676892236943E+01  0.7788625860331980E+01  0.1056119786413141E+02  0.0000000000000000E+00
      1861  0.1287334479197192E+03  0.1077104699976733E+03  0.2272895248935020E+01  0.8103837325402029E+01  0.1064624534770889E+02  0.0000000000000000E+00
      1862  0.1278619134064941E+03  0.1066839662275321E+03  0.2285691373952119E+01  0.7905204898508392E+01  0.1098705090650144E+02  0.0000000000000000E+00
      1863  0.1228477288585640E+03  0.1023066114912368E+03  0.2207018196882601E+01  0.7909759588759457E+01  0.1042433958168509E+02  0.0000000000000000E+00
      1864  0.1259156954700375E+03  0.1048587132516883E+03  0.2079237812219052E+01  0.8026765277741577E+01  0.1095097912838863E+02  0.0000000000000000E+00
      1865  0.1272861104408930E+03  0.1058921844033534E+03  0.2081476953207875E+01  0.8245113634276622E+01  0.1106733545005499E+02  0.0000000000000000E+00
      1866  0.1228162590061154E+03  0.1018004286900429E+03  0.2150155719427639E+01  0.8203719009097091E+01  0.1066195558754775E+02  0.0000000000000000E+00
      1867  0.1216696270155916E+03  0.1010578429747101E+03  0.2064064878205285E+01  0.7976505886670579E+01  0.1057121327600549E+02  0.0000000000000000E+00
      1868  0.1216963917306900E+03  0.1016502497781988E+03  0.2005699552957958E+01  0.7660616944077033E+01  0.1037982545545628E+02  0.0000000000000000E+00
      1869  0.1199147919178672E+03  0.9953519829547038E+02  0.2003314155398138E+01  0.7891478950335404E+01  0.1048480051666332E+02  0.0000000000000000E+00
      1870  0.1246406093102954E+03  0.1034966944923932E+03  0.2215479565193544E+01  0.8284333595855564E+01  0.1064410165685323E+02  0.0000000000000000E+00
      1871  0.1275322255032031E+03  0.1065711110428615E+03  0.2210837914164532E+01  0.7930334301414609E+01  0.1081994224476250E+02  0.0000000000000000E+00
      1872  0.1242534420954348E+03  0.1034714107017682E+03  0.2126098677964451E+01  0.7860768211402592E+01  0.1079516450429965E+02  0.0000000000000000E+00
      1873  0.1240556483806645E+03  0.1028793175584625E+03  0.2099975734899860E+01  0.8306515658512856E+01  0.1076983942878932E+02  0.0000000000000000E+00
      1874  0.1282291657298359E+03  0.1075694999381430E+03  0.2197919904784104E+01  0.7776293613767181E+01  0.1068545227314153E+02  0.0000000000000000E+00
      1875  0.1240291126206943E+03  0.1033614013212154E+03  0.2088755969684366E+01  0.7849062450624612E+01  0.1072989287917004E+02  0.0000000000000000E+00
      1876  0.1308038560762525E+03  0.1090811323667362E+03  0.2247101127880909E+01  0.8179894243517412E+01  0.1129572833811795E+02  0.0000000000000000E+00
      1877  0.1305144928808066E+03  0.1090905133969297E+03  0.2183610461448817E+01  0.7990981931164493E+01  0.1124938709126353E+02  0.0000000000000000E+00
      1878  0.1296143518445912E+03  0.1083798462192457E+03  0.2239322398203724E+01  0.7989116616767031E+01  0.1100606661037479E+02  0.0000000000000000E+00
      1879  0.1247099667842837E+03  0.1035259935809951E+03  0.2133848111920031E+01  0.8153361324863987E+01  0.1089676376650466E+02  0.0000000000000000E+00
      1880  0.1311618458880360E+03  0.1091897616029316E+03  0.2164986530493668E+01  0.8691643144979391E+01  0.1111545460963131E+02  0.0000000000000000E+00
      1881  0.1254386492476407E+03  0.1046526686752223E+03  0.2187964391847363E+01  0.7935927300829587E+01  0.1066208887974138E+02  0.0000000000000000E+00
      1882  0.1223485719454478E+03  0.1016899879267084E+03  0.2066720019703103E+01  0.8094366176869567E+01  0.1049749782216649E+02  0.0000000000000000E+00
      1883  0.1264024386452132E+03  0.1057034665056147E+03  0.2104874715322032E+01  0.7981387774963115E+01  0.1061270964931346E+02  0.0000000000000000E+00
      1884  0.1240634898037748E+03  0.1031803399670078E+03  0.2158355739952332E+01  0.7988759016478943E+01  0.1073603508033571E+02  0.0000000000000000E+00
      1885  0.1255964563653540E+03  0.1041568359587593E+03  0.2103386861292858E+01  0.8492161987257004E+01  0.1084407155804490E+02  0.0000000000000000E+00
      1886  0.1289567895264379E+03  0.1071167557390439E+03  0.2077342342503675E+01  0.8662215789806305E+01  0.1110047565508409E+02  0.0000000000000000E+00
      1887  0.1255891758929446E+03  0.1047531930867226E+03  0.2082286720625163E+01  0.8130014230056242E+01  0.1062368185554072E+02  0.0000000000000000E+00
      1888  0.1209637902887318E+03  0.1009953178668498E+03  0.1953406986453185E+01  0.7547233053649660E+01  0.1046783238177917E+02  0.0000000000000000E+00
      1889  0.1209649329458402E+03  0.1006854517023135E+03  0.2058955773222781E+01  0.7911947960900358E+01  0.1030857750940348E+02  0.0000000000000000E+00
      1890  0.1218246037789415E+03  0.1013183907872484E+03  0.2159972343365276E+01  0.7715401500131824E+01  0.1063083914819601E+02  0.0000000000000000E+00
      1891  0.1273080436856268E+03  0.1067381521953709E+03  0.2216630667421939E+01  0.7790474601208555E+01  0.1056278622162535E+02  0.0000000000000000E+00
      1892  0.1286810054455487E+03  0.1076783256287886E+03  0.2267120398963899E+01  0.8095861508677579E+01  0.1063969790911871E+02  0.0000000000000000E+00
      1893  0.1278741277066654E+03  0.1066583001628878E+03  0.2289704848974706E+01  0.7929691124736201E+01  0.1099643157006660E+02  0.0000000000000000E+00
      1894  0.1228587091246529E+03  0.1022989407756873E+03  0.2205345011811994E+01  0.7922002912314921E+01  0.1043242042483876E+02  0.0000000000000000E+00
      1895  0.1259805339539852E+03  0.1049103462150821E+03  0.2084302036963458E+01  0.8037806800731005E+01  0.1094807890120863E+02  0.0000000000000000E+00
      1896  0.1272008803372996E+03  0.1058292882146903E+03  0.2080020859453736E+01  0.8231310258795336E+01  0.1106026100436024E+02  0.0000000000000000E+00
      1897  0.1228111601261300E+03  0.1017947129704526E+03  0.2151599474777084E+01  0.8214122307311719E+01  0.1065072537358864E+02  0.0000000000000000E+00
      1898  0.1216659466888607E+03  0.1010733386221840E+03  0.2066652266003321E+01  0.7962658304518309E+01  0.1056329749615519E+02  0.0000000000000000E+00
      1899  0.1216314291014149E+03  0.1016050072938645E+03  0.1991826589035860E+01  0.7657848756396143E+01  0.1037674646211830E+02  0.0000000000000000E+00
      1900  0.1199225546887635E+03  0.9953365856924765E+02  0.1999195186310958E+01  0.7895269416053250E+01  0.1049443151715174E+02  0.0000000000000000E+00
      1901  0.1246315070482141E+03  0.1034761481735479E+03  0.2212958997462721E+01  0.8294619371479705E+01  0.1064778050572366E+02  0.0000000000000000E+00
      1902  0.1274068854091136E+03  0.1064735193580316E+03  0.2202037237168338E+01  0.7917382523239081E+01  0.1081394629067457E+02  0.0000000000000000E+00
      1903  0.1241567141825211E+03  0.1033892418029804E+03  0.2124567732291077E+01  0.7853577345261259E+01  0.1078932730198844E+02  0.0000000000000000E+00
      1904  0.1239091721213361E+03  0.1027370970236033E+03  0.2101716705867314E+01  0.8291243276940328E+01  0.1077911511492518E+02  0.0000000000000000E+00
      1905  0.1282103820777709E+03  0.1075382245320407E+03  0.2198832103573314E+01  0.7783401457094311E+01  0.1068992398506256E+02  0.0000000000000000E+00
      1906  0.1239310307108910E+03  0.1032783410532685E+03  0.2091975511170538E+01  0.7856185733976636E+01  0.1070452841247528E+02  0.0000000000000000E+00
      1907  0.1306766641042175E+03  0.1089711829292086E+03  0.2245946656261523E+01  0.8176331065409755E+01  0.1128320345333757E+02  0.0000000000000000E+00
      1908  0.1303958631473480E+03  0.1090101257117524E+03  0.2183176047890073E+01  0.7981579030525078E+01  0.1122098235718059E+02  0.0000000000000000E+00
      1909  0.1295324494020545E+03  0.1082809750177293E+03  0.2238968933971201E+01  0.8009938080385076E+01  0.1100256736996881E+02  0.0000000000000000E+00
      1910  0.1246758214307087E+03  0.1034962753197223E+03  0.2134680014329427E+01  0.8140312112690292E+01  0.1090455398396664E+02  0.0000000000000000E+00
      1911  0.1311534470220707E+03  0.1091925715781558E+03  0.2159915867153846E+01  0.8683161751368376E+01  0.1111779782539267E+02  0.0000000000000000E+00
      1912  0.1254622895156624E+03  0.1046837057904522E+03  0.2188862868897124E+01  0.7926821354996524E+01  0.1066289950131658E+02  0.0000000000000000E+00
      1913  0.1223201367344889E+03  0.1016803449926726E+03  0.2068458046393636E+01  0.8076228874778058E+01  0.1049510482064461E+02  0.0000000000000000E+00
      1914  0.1263545556042355E+03  0.1056639418427131E+03  0.2102052472708433E+01  0.7985645111700260E+01  0.1060291617711358E+02  0.0000000000000000E+00
      1915  0.1240849783344982E+03  0.1031817847762706E+03  0.2157126009484879E+01  0.8002167738673787E+01  0.1074389981006898E+02  0.0000000000000000E+00
      1916  0.1255890921043819E+03  0.1041325370038588E+03  0.2103131769233032E+01  0.8506667680316385E+01  0.1084675565097356E+02  0.0000000000000000E+00
      1917  0.1289302786841142E+03  0.1071065185083697E+03  0.2079637781343911E+01  0.8648899604611998E+01  0.1109522278978838E+02  0.0000000000000000E+00
      1918  0.1255386923275298E+03  0.1047033184708385E+03  0.2081396759968651E+01  0.8148920625648207E+01  0.1060505647107436E+02  0.0000000000000000E+00
      1919  0.1209606974150027E+03  0.1010121411615868E+03  0.1956931921468867E+01  0.7520408759843779E+01  0.1047121557210324E+02  0.0000000000000000E+00
      1920  0.1210970865379607E+03  0.1008093212119153E+03  0.2065454301358479E+01  0.7911082006985257E+01  0.1031122901770167E+02  0.0000000000000000E+00
      1921  0.1219773003042257E+03  0.1014424258281736E+03  0.2159472441760317E+01  0.7738934450972864E+01  0.1063646758331895E+02  0.0000000000000000E+00
      1922  0.1273269691117208E+03  0.1067514696390363E+03  0.2217764019565593E+01  0.7788534006561408E+01  0.1056920144655737E+02  0.0000000000000000E+00
      1923  0.1286158799545793E+03  0.1076214444181139E+03  0.2265266430541288E+01  0.8093145486197793E+01  0.1063602361972637E+02  0.0000000000000000E+00
      1924  0.1279239869600435E+03  0.1067166424005481E+03  0.2288059042369488E+01  0.7923218603305064E+01  0.1099606691382079E+02  0.0000000000000000E+00
      1925  0.1229917940395038E+03  0.1024077518178482E+03  0.2205664723837710E+01  0.7935026079386033E+01  0.1044335141843184E+02  0.0000000000000000E+00
      1926  0.1259557870487130E+03  0.1048959807632232E+03  0.2080644049306655E+01  0.8029612651759038E+01  0.1094954958442415E+02  0.0000000000000000E+00
      1927  0.1272156067956125E+03  0.1058618914979539E+03  0.2075039819074425E+01  0.8227098847998930E+01  0.1105157663058523E+02  0.0000000000000000E+00
      1928  0.1228312297735042E+03  0.1018052176643788E+03  0.2152193862032813E+01  0.8207339337684443E+01  0.1066647890940839E+02  0.0000000000000000E+00
      1929  0.1216361957488397E+03  0.1010403129336661E+03  0.2068913364742396E+01  0.7958457410869741E+01  0.1056851203956144E+02  0.0000000000000000E+00
      1930  0.1217080393818325E+03  0.1016506014046461E+03  0.1997431040146633E+01  0.7678568356911986E+01  0.1038143858012786E+02  0.0000000000000000E+00
      1931  0.1199493719794619E+03  0.9954318612081730E+02  0.1999069334125929E+01  0.7901016952398539E+01  0.1050609957212020E+02  0.0000000000000000E+00
      1932  0.1246619731435433E+03  0.1035062009388401E+03  0.2216584905983329E+01  0.8275019016599003E+01  0.1066416828212077E+02  0.0000000000000000E+00
      1933  0.1273924683058307E+03  0.1064597729712609E+03  0.2209098792268896E+01  0.7909497705979510E+01  0.1081409883632151E+02  0.0000000000000000E+00
      1934  0.1241891318546483E+03  0.1033982011569164E+03  0.2125390643695620E+01  0.7874600902583179E+01  0.1079093915145316E+02  0.0000000000000000E+00
      1935  0.1239712148528561E+03  0.1027692889567863E+03  0.2103966017010764E+01  0.8308672558884366E+01  0.1078928732017474E+02  0.0000000000000000E+00
      1936  0.1281358354789379E+03  0.1074620177945542E+03  0.2202490269151395E+01  0.7783221204012952E+01  0.1068810621121937E+02  0.0000000000000000E+00
      1937  0.1238541718109692E+03  0.1032358510364344E+03  0.2088212541671620E+01  0.7827099948566445E+01  0.1070300828429695E+02  0.0000000000000000E+00
      1938  0.1307786843999330E+03  0.1090503165344352E+03  0.2242999098108641E+01  0.8183947899630788E+01  0.1130142086775832E+02  0.0000000000000000E+00
      1939  0.1305568519783905E+03  0.1091194103801980E+03  0.2185722689471148E+01  0.7998895782027092E+01  0.1125282312669432E+02  0.0000000000000000E+00
      1940  0.1295179400417872E+03  0.1082715143395484E+03  0.2243694075383734E+01  0.8002135546259710E+01  0.1100059608059538E+02  0.0000000000000000E+00
      1941  0.1247403569534338E+03  0.1035470916228872E+03  0.2134700166116482E+01  0.8167254873596528E+01  0.1089131029083375E+02  0.0000000000000000E+00
      1942  0.1311616056819065E+03  0.1092169983590900E+03  0.2162793411072418E+01  0.8682816115399593E+01  0.1109899779634444E+02  0.0000000000000000E+00
      1943  0.1254114659338728E+03  0.1046238793444388E+03  0.2192618868290879E+01  0.7939768086885723E+01  0.1065519963425736E+02  0.0000000000000000E+00
      1944  0.1223856259538595E+03  0.1017177835509201E+03  0.2072957512085211E+01  0.8097458761549611E+01  0.1049742612930441E+02  0.0000000000000000E+00
      1945  0.1263533489624271E+03  0.1056713257193595E+03  0.2104486567610646E+01  0.7980822861428996E+01  0.1059671381402800E+02  0.0000000000000000E+00
      1946  0.1241291621982417E+03  0.1032312994197547E+03  0.2155999884073009E+01  0.8010033066224420E+01  0.1073182982818949E+02  0.0000000000000000E+00
      1947  0.1256627914960572E+03  0.1042021297254026E+03  0.2100367241335145E+01  0.8510634909426503E+01  0.1084965961989288E+02  0.0000000000000000E+00
      1948  0.1289255529290156E+03  0.1070926501129386E+03  0.2075433952439707E+01  0.8655898542326131E+01  0.1110157032131123E+02  0.0000000000000000E+00
      1949  0.1255513767682861E+03  0.1047132356949465E+03  0.2085029117187491E+01  0.8144209629517666E+01  0.1060890232663458E+02  0.0000000000000000E+00
      1950  0.1209668493601654E+03  0.1009788920645335E+03  0.1956296273017563E+01  0.7554176048656051E+01  0.1047748497395803E+02  0.0000000000000000E+00
      1951  0.1210576590775021E+03  0.1007531404508556E+03  0.2058915121019301E+01  0.7925335703313501E+01  0.1032026780231365E+02  0.0000000000000000E+00
      1952  0.1218784799312906E+03  0.1013523412096825E+03  0.2158332603971551E+01  0.7732589083238889E+01  0.1063521703439757E+02  0.0000000000000000E+00
      1953  0.1273722286656422E+03  0.1067809532867512E+03  0.2216648915561823E+01  0.7799400238195463E+01  0.1057522622513369E+02  0.0000000000000000E+00
      1954  0.1286133838706100E+03  0.1076035133309519E+03  0.2269058606800986E+01  0.8098003930094597E+01  0.1064280800276248E+02  0.0000000000000000E+00
      1955  0.1279420153925442E+03  0.1067485569470681E+03  0.2283855373654108E+01  0.7917683214502180E+01  0.1099191985731986E+02  0.0000000000000000E+00
      1956  0.1229302941899763E+03  0.1023442275632393E+03  0.2211237791457746E+01  0.7938372959978981E+01  0.1043645587530025E+02  0.0000000000000000E+00
      1957  0.1259809844875239E+03  0.1049014393032521E+03  0.2084168955658380E+01  0.8048892556381007E+01  0.1094648367223236E+02  0.0000000000000000E+00
      1958  0.1272516960352777E+03  0.1058700941800756E+03  0.2076563379114133E+01  0.8241617774845322E+01  0.1106342070124273E+02  0.0000000000000000E+00
      1959  0.1227207627214298E+03  0.1016988326517203E+03  0.2149642967826063E+01  0.8209491229478042E+01  0.1066279587240525E+02  0.0000000000000000E+00
      1960  0.1216519675451822E+03  0.1010369968971440E+03  0.2067308308639189E+01  0.7973307507246890E+01  0.1057435483215204E+02  0.0000000000000000E+00
      1961  0.1216719512888267E+03  0.1016192887869733E+03  0.1993024959314022E+01  0.7662765083906582E+01  0.1039687245863269E+02  0.0000000000000000E+00
      1962  0.1198864803496122E+03  0.9950389482665035E+02  0.1999777385570598E+01  0.7893360389205759E+01  0.1048944774818563E+02  0.0000000000000000E+00
      1963  0.1246972239500752E+03  0.1035150873016635E+03  0.2215917720881465E+01  0.8303990563352317E+01  0.1066222836417786E+02  0.0000000000000000E+00
      1964  0.1274840969921035E+03  0.1065157079568582E+03  0.2206215715185021E+01  0.7935500071346719E+01  0.1082667324871351E+02  0.0000000000000000E+00
      1965  0.1240993013823212E+03  0.1033227950877361E+03  0.2125646466781384E+01  0.7871300510440783E+01  0.1077955931736292E+02  0.0000000000000000E+00
      1966  0.1240250394370994E+03  0.1028247247947440E+03  0.2100182878413055E+01  0.8303553764528010E+01  0.1079657799941426E+02  0.0000000000000000E+00
      1967  0.1281585168354904E+03  0.1074860311156388E+03  0.2201039536525686E+01  0.7785365955736809E+01  0.1068608022758908E+02  0.0000000000000000E+00
      1968  0.1240577732247012E+03  0.1033963454088409E+03  0.2089001055311388E+01  0.7848591866161362E+01  0.1072383489438758E+02  0.0000000000000000E+00
      1969  0.1307322236822162E+03  0.1090036845096016E+03  0.2242450000400140E+01  0.8190283983818514E+01  0.1129580518839593E+02  0.0000000000000000E+00
      1970  0.1304997908012848E+03  0.1090708735397635E+03  0.2186412979239742E+01  0.8003872352383231E+01  0.1123863192989847E+02  0.0000000000000000E+00
      1971  0.1295421925674941E+03  0.1082796644856974E+03  0.2239393682378350E+01  0.8013789215531151E+01  0.1100934518388710E+02  0.0000000000000000E+00
      1972  0.1247222696040948E+03  0.1035376263977883E+03  0.2134839935771522E+01  0.8154090505037956E+01  0.1089571276549696E+02  0.0000000000000000E+00
      1973  0.1310928807840206E+03  0.1091403172034422E+03  0.2163849494666093E+01  0.8683714850987627E+01  0.1110499923492471E+02  0.0000000000000000E+00
      1974  0.1254295061149480E+03  0.1046439705809677E+03  0.2188076818638398E+01  0.7932171331584130E+01  0.1066528738375775E+02  0.0000000000000000E+00
      1975  0.1223327041522432E+03  0.1016487297670250E+03  0.2071950015985653E+01  0.8102642656547136E+01  0.1050938171268539E+02  0.0000000000000000E+00
      1976  0.1262928796737463E+03  0.1055887410426071E+03  0.2100556492814138E+01  0.7995742518488937E+01  0.1060783961983603E+02  0.0000000000000000E+00
      1977  0.1242114899412100E+03  0.1032549557962598E+03  0.2157609398944634E+01  0.8028987140059014E+01  0.1076993760594662E+02  0.0000000000000000E+00
      1978  0.1255827055540096E+03  0.1041096635909951E+03  0.2103000168813854E+01  0.8519652200616646E+01  0.1085038959358413E+02  0.0000000000000000E+00
      1979  0.1289665688346390E+03  0.1071122170946278E+03  0.2078326406010476E+01  0.8664809902111987E+01  0.1111121543188879E+02  0.0000000000000000E+00
      1980  0.1255099621159208E+03  0.1046712214631016E+03  0.2083776958991813E+01  0.8151135353996008E+01  0.1060382833983141E+02  0.0000000000000000E+00
      1981  0.1209293619127980E+03  0.1009330417626257E+03  0.1954236444106412E+01  0.7554964367569320E+01  0.1048711933849655E+02  0.0000000000000000E+00
      1982  0.1209770008593090E+03  0.1006869381767862E+03  0.2061698645977091E+01  0.7922518464633090E+01  0.1030584557191263E+02  0.0000000000000000E+00
      1983  0.1218480834338089E+03  0.1013290140864140E+03  0.2159438047072440E+01  0.7735637052652726E+01  0.1062399424766974E+02  0.0000000000000000E+00
      1984  0.1272253053513832E+03  0.1066707217941354E+03  0.2215335913650184E+01  0.7793078160007012E+01  0.1054616948359056E+02  0.0000000000000000E+00
      1985  0.1285447304783262E+03  0.1075745563069200E+03  0.2264781801036066E+01  0.8082928341581354E+01  0.1062246402878884E+02  0.0000000000000000E+00
      1986  0.1278790101087923E+03  0.1066923740735693E+03  0.2283927797631927E+01  0.7906542532368480E+01  0.1099616570522273E+02  0.0000000000000000E+00
      1987  0.1228552932520936E+03  0.1022847918464135E+03  0.2213896097279283E+01  0.7920328145180876E+01  0.1043627716321985E+02  0.0000000000000000E+00
      1988  0.1259499250997966E+03  0.1048670125236151E+03  0.2086822011536539E+01  0.8043200902781180E+01  0.1095288966186376E+02  0.0000000000000000E+00
      1989  0.1273045132651645E+03  0.1059060938388033E+03  0.2078398392478285E+01  0.8258815089568447E+01  0.1106120594431438E+02  0.0000000000000000E+00
      1990  0.1228762899374809E+03  0.1018428726654729E+03  0.2153449428944080E+01  0.8215321401673007E+01  0.1066464644139097E+02  0.0000000000000000E+00
      1991  0.1216833655437457E+03  0.1010802375407746E+03  0.2062308233373571E+01  0.7977075235676298E+01  0.1056374453392117E+02  0.0000000000000000E+00
      1992  0.1215841953900375E+03  0.1015700899444819E+03  0.1994143445445528E+01  0.7657630186382858E+01  0.1036233181372721E+02  0.0000000000000000E+00
      1993  0.1198714072580026E+03  0.9949339150876645E+02  0.1996709026857024E+01  0.7895778263680984E+01  0.1048552845869811E+02  0.0000000000000000E+00
      1994  0.1246301617606085E+03  0.1034730956416138E+03  0.2211227688841849E+01  0.8291286494795454E+01  0.1065455193535755E+02  0.0000000000000000E+00
      1995  0.1274761663059173E+03  0.1065356795154458E+03  0.2206950710883735E+01  0.7933175662052987E+01  0.1080036041753471E+02  0.0000000000000000E+00
      1996  0.1242130193373126E+03  0.1034122121134642E+03  0.2126558453425988E+01  0.7881677979238772E+01  0.1079257079118352E+02  0.0000000000000000E+00
      1997  0.1239540021838228E+03  0.1027642094707513E+03  0.2101547330687913E+01  0.8305615553870176E+01  0.1078262982851344E+02  0.0000000000000000E+00
      1998  0.1281663054977906E+03  0.1074702835269625E+03  0.2199462429073243E+01  0.7806957361434975E+01  0.1068960218031991E+02  0.0000000000000000E+00
      1999  0.1239770562200975E+03  0.1033121753806430E+03  0.2087262146272852E+01  0.7857171507226818E+01  0.1072044718595488E+02  0.0000000000000000E+00
      2000  0.1308156908255610E+03  0.1090505269910392E+03  0.2246906942687704E+01  0.8204424286299693E+01  0.1131383260553446E+02  0.0000000000000000E+00
