      1801 -0.9533266690186804E+00 -0.8782186526771285E+00  0.1388139740582501E-02  0.4220070564655637E-01 -0.1186968617286924E+00  0.0000000000000000E+00
      1802 -0.2994218036611851E+00 -0.3346011067887782E+00 -0.2740526426331647E-01  0.2317768385027184E-01  0.3940688354063637E-01  0.0000000000000000E+00
      1803 -0.1280011514308499E+01 -0.1250080271113568E+01 -0.3192546278545525E-01 -0.1380033642721110E-01  0.1579455601773403E-01  0.0000000000000000E+00
      1804  0.9213545266766531E+00  0.6840177149356034E+00  0.2966246719720633E-01  0.1482268346126501E+00  0.5944750993119290E-01  0.0000000000000000E+00
      1805 -0.7704891504477230E+00 -0.5513254408397537E+00 -0.3411874425667560E-01 -0.1097205351095924E+00 -0.7532443024170210E-01  0.0000000000000000E+00
      1806 -0.5981033442045921E+00 -0.4396520521956787E+00 -0.4969552243589055E-01 -0.7046222425226475E-01 -0.3829354532075791E-01  0.0000000000000000E+00
      1807 -0.9448595286116683E+00 -0.8814874732727508E+00 -0.2324773864727570E-01  0.1499152285351089E-01 -0.5511583954515332E-01  0.0000000000000000E+00
      1808 -0.1397302495339395E+01 -0.1443215364080365E+01  0.1950631058624415E-01  0.1137162489173805E+00 -0.8730969076265410E-01  0.0000000000000000E+00
      1809  0.3686884562990439E-01  0.1661192524709844E+00  0.4202459544429415E-02 -0.1093259893014926E+00 -0.2412687708401575E-01  0.0000000000000000E+00
      1810 -0.2359432733742393E+00 -0.1809766623482023E+00  0.2495709542645823E-01 -0.7980291847372521E-01 -0.1207879787698922E-03  0.0000000000000000E+00
      1811  0.1156067266794966E+01  0.8842798426311793E+00  0.1853661006228997E-01  0.2339757801390394E+00  0.1927503396245764E-01  0.0000000000000000E+00
      1812  0.1464835435503627E+01  0.1636840108585424E+01  0.7087760114551196E-02 -0.1802374457525134E+00  0.1145012556164417E-02  0.0000000000000000E+00
      1813  0.3846006285349666E+00  0.3480770862273659E+00  0.3277535494743613E-02  0.1098974191097344E-01  0.2225626490188476E-01  0.0000000000000000E+00
      1814  0.8770791975196616E+00  0.6001007128060636E+00  0.1964158541533237E-01  0.5499037914198826E-01  0.2023465201562775E+00  0.0000000000000000E+00
      1815  0.7499169337476137E+00  0.6832511380228036E+00  0.1658068808166385E-01 -0.1110100506236205E+00  0.1610951582667662E+00  0.0000000000000000E+00
      1816  0.8407212236978876E+00  0.7633373503882923E+00  0.2270241008578671E-01  0.2044511839499517E-01  0.3423634482881269E-01  0.0000000000000000E+00
      1817  0.8737867653045310E+00  0.6067114272232685E+00  0.5750364972756281E-02  0.1604015807874531E+00  0.1009233923210521E+00  0.0000000000000000E+00
      1818  0.1035949759044128E+01  0.8110187501675590E+00 -0.2550276343634601E-01  0.1678827202757227E+00  0.8255105203719086E-01  0.0000000000000000E+00
      1819 -0.9275572055672154E+00 -0.5988437165201357E+00 -0.8711972107853872E-02 -0.1767480334443475E+00 -0.1432534834948779E+00  0.0000000000000000E+00
      1820 -0.7321129984171948E+00 -0.6092787489578758E+00 -0.1431922770404114E-01  0.1078237700655826E-01 -0.1192973987618333E+00  0.0000000000000000E+00
      1821 -0.5349861387057429E+00 -0.2909079652598410E+00 -0.2370220830935709E-01 -0.1283578880512645E+00 -0.9201807708528016E-01  0.0000000000000000E+00
      1822 -0.5306872464617515E+00 -0.4781776457836263E+00  0.9896904179080717E-02 -0.2343224007653620E-01 -0.3897426478067039E-01  0.0000000000000000E+00
      1823 -0.4092886676537403E+00 -0.6119790424806019E+00 -0.4684685155176423E-01  0.1815574012252482E+00  0.6797982515337735E-01  0.0000000000000000E+00
      1824  0.2568285373221964E-01 -0.1417323715807318E+00 -0.9057159438648850E-02  0.9929232502927876E-01  0.7718005972232304E-01  0.0000000000000000E+00
      1825  0.6794672520029794E+00  0.6803515895244480E+00  0.6046566574384250E-02 -0.2047602916677268E-01  0.1354512507092109E-01  0.0000000000000000E+00
      1826 -0.1991727981826759E+00  0.1289516891515377E+00 -0.2579021804050684E-01 -0.2648715732711272E+00 -0.3746269602257528E-01  0.0000000000000000E+00
      1827 -0.6223623944854486E+00 -0.6165108845220165E+00  0.1638579974658027E-01  0.7598253245418532E-01 -0.9821984216419768E-01  0.0000000000000000E+00
      1828  0.3137574243472939E+00  0.3247762910962453E+00  0.1605417923665408E-01 -0.5928763016361186E-01  0.3221458417800633E-01  0.0000000000000000E+00
      1829  0.9064234777431412E+00  0.9031480078350806E+00 -0.9315066130538141E-03 -0.2260580237233420E-01  0.2681277889344959E-01  0.0000000000000000E+00
      1830 -0.1948709441570805E+00 -0.1066246853907931E+00  0.1774319027191473E-01  0.4161948776549829E-01 -0.1476089368037001E+00  0.0000000000000000E+00
      1831  0.1415706515413183E+00  0.1941321170195410E+00  0.2941129743614116E-01 -0.7093305573510730E-01 -0.1103970717925755E-01  0.0000000000000000E+00
      1832 -0.9979327049906841E+00 -0.1053148296666944E+01 -0.6876801442712112E-02  0.8144014398931738E-01 -0.1934775087034629E-01  0.0000000000000000E+00
      1833 -0.3808613105029198E+00 -0.4220560605989538E+00 -0.2877111178978575E-01  0.2238783374161904E-01  0.4757802814419745E-01  0.0000000000000000E+00
      1834 -0.1329372338123430E+01 -0.1278802143319814E+01 -0.3228784732436817E-01 -0.2145150561719356E-01  0.3169158137945572E-02  0.0000000000000000E+00
      1835  0.1067421676350768E+01  0.8318703437581705E+00  0.3126948208401933E-01  0.1448537365579487E+00  0.5942811395062694E-01  0.0000000000000000E+00
      1836 -0.7117137997878894E+00 -0.5080907898624289E+00 -0.3338316116503844E-01 -0.1010512038368009E+00 -0.6918864492362005E-01  0.0000000000000000E+00
      1837 -0.5355246544955402E+00 -0.3621405200854024E+00 -0.5257655467504475E-01 -0.8331500049251993E-01 -0.3749257924257262E-01  0.0000000000000000E+00
      1838 -0.8581299598286166E+00 -0.8027652061321627E+00 -0.2379425749231181E-01  0.1948281674595130E-01 -0.5105331295009344E-01  0.0000000000000000E+00
      1839 -0.1379710078589776E+01 -0.1437387377814010E+01  0.2144542869813625E-01  0.1115784847416327E+00 -0.7534661421553407E-01  0.0000000000000000E+00
      1840  0.2856661501477081E-01  0.1297890084772625E+00  0.5839089915958029E-02 -0.1034211089749439E+00 -0.3640374403507823E-02  0.0000000000000000E+00
      1841 -0.2719700734897328E+00 -0.2238150903112770E+00  0.2507338770214712E-01 -0.8577551486619289E-01  0.1254714398559089E-01  0.0000000000000000E+00
      1842  0.1115550121369411E+01  0.8421342310931613E+00  0.1723544343955338E-01  0.2345346047432285E+00  0.2164584209346751E-01  0.0000000000000000E+00
      1843  0.1532126026169208E+01  0.1695124633515767E+01  0.7179924111336047E-02 -0.1724462018488100E+00  0.2267670390917281E-02  0.0000000000000000E+00
      1844  0.3393696128559209E+00  0.3157362875942370E+00  0.1556029265643721E-02  0.5642913865139798E-02  0.1643438213090111E-01  0.0000000000000000E+00
      1845  0.8659454146657859E+00  0.6083201096740261E+00  0.2224978656150441E-01  0.4740126965843098E-01  0.1879742487718237E+00  0.0000000000000000E+00
      1846  0.7241713229056045E+00  0.6598122458355902E+00  0.1549885358187392E-01 -0.9903652762308975E-01  0.1478967511112309E+00  0.0000000000000000E+00
      1847  0.8269548167765615E+00  0.7541241685751845E+00  0.2251672394237084E-01  0.1725086484606216E-01  0.3306305941294380E-01  0.0000000000000000E+00
      1848  0.8699649612820394E+00  0.6057652856236007E+00  0.5950832400108087E-02  0.1594409532695540E+00  0.9880788998877602E-01  0.0000000000000000E+00
      1849  0.1034561581680684E+01  0.7986964621013144E+00 -0.2509493810398931E-01  0.1711142257048874E+00  0.8984583197847269E-01  0.0000000000000000E+00
      1850 -0.8908355680728814E+00 -0.5568196513466209E+00 -0.8076624066138075E-02 -0.1781265007014386E+00 -0.1478127919586848E+00  0.0000000000000000E+00
      1851 -0.7833720346268157E+00 -0.6505958166570183E+00 -0.1564398438666903E-01  0.1242265688308925E-01 -0.1295548904662190E+00  0.0000000000000000E+00
      1852 -0.5027088693311778E+00 -0.2569437439819097E+00 -0.2538604528861819E-01 -0.1326851602775167E+00 -0.8769391978313307E-01  0.0000000000000000E+00
      1853 -0.5198994093959726E+00 -0.4800617784991787E+00  0.9687136994455085E-02 -0.1557132599340399E-01 -0.3395344189784667E-01  0.0000000000000000E+00
      1854 -0.3361636757797072E+00 -0.5557308004824949E+00 -0.4779953633210016E-01  0.1875072788349454E+00  0.7985938219994498E-01  0.0000000000000000E+00
      1855  0.1662258771036654E-01 -0.1404270986893629E+00 -0.1089273511214712E-01  0.9286378156042466E-01  0.7507863995145148E-01  0.0000000000000000E+00
      1856  0.6324530635866863E+00  0.6463702193715558E+00  0.7947697623478186E-02 -0.2846768699853898E-01  0.6602833590188564E-02  0.0000000000000000E+00
      1857 -0.2191811547063775E+00  0.1041339512351712E+00 -0.2460224770807702E-01 -0.2513054449561112E+00 -0.4740741327736186E-01  0.0000000000000000E+00
      1858 -0.6668029296649824E+00 -0.6553497313044865E+00  0.1696847930814208E-01  0.6990943593199023E-01 -0.9833111360062724E-01  0.0000000000000000E+00
      1859  0.3201872181689074E+00  0.3337486488670716E+00  0.1477625997523604E-01 -0.6171631013512130E-01  0.3337861946171983E-01  0.0000000000000000E+00
      1860  0.8825038518420647E+00  0.8858601636065468E+00 -0.7938225561341538E-03 -0.2308754562145956E-01  0.2052505641311191E-01  0.0000000000000000E+00
      1861 -0.1235329055187225E+00 -0.5060047211735300E-01  0.1771447769071794E-01  0.5186349086395831E-01 -0.1425104019560431E+00  0.0000000000000000E+00
      1862  0.7956064542498498E-01  0.1497988783544939E+00  0.2977720563283331E-01 -0.8427847240263907E-01 -0.1573696615970470E-01  0.0000000000000000E+00
      1863 -0.1042510698719596E+01 -0.1082197069496960E+01 -0.4696350890031785E-02  0.6661709087493242E-01 -0.2223436920753802E-01  0.0000000000000000E+00
      1864 -0.2964317224468718E+00 -0.3458710316386890E+00 -0.2929628079008530E-01  0.2667689626166982E-01  0.5205869372023455E-01  0.0000000000000000E+00
      1865 -0.1194179271866621E+01 -0.1173252469238573E+01 -0.3088490118161275E-01 -0.1659335953213298E-01  0.2655145808569662E-01  0.0000000000000000E+00
      1866  0.1029586774246713E+01  0.7894279326967901E+00  0.3403961346358994E-01  0.1451149339317881E+00  0.6100429415454640E-01  0.0000000000000000E+00
      1867 -0.7020071251166012E+00 -0.5060720178576035E+00 -0.3006936103739124E-01 -0.1005100401390513E+00 -0.6535570608255531E-01  0.0000000000000000E+00
      1868 -0.5711326929673222E+00 -0.4055094426038845E+00 -0.4927714727923659E-01 -0.7497465462157964E-01 -0.4137144846262155E-01  0.0000000000000000E+00
      1869 -0.9017016600434906E+00 -0.8414771345874401E+00 -0.2251713435081693E-01  0.1888715316510118E-01 -0.5659454427033450E-01  0.0000000000000000E+00
      1870 -0.1373259970796601E+01 -0.1427881698446979E+01  0.2115839022844031E-01  0.1139204872744474E+00 -0.8045714985250783E-01  0.0000000000000000E+00
      1871  0.9774944343937494E-01  0.1908192281813788E+00  0.5638457742613828E-02 -0.9665344903031747E-01 -0.2054793454300765E-02  0.0000000000000000E+00
      1872 -0.2828846946976574E+00 -0.2400705467478169E+00  0.2549032575576485E-01 -0.8761276303863287E-01  0.1930828933302726E-01  0.0000000000000000E+00
      1873  0.1175208475678970E+01  0.8961050920467775E+00  0.1625082459995665E-01  0.2452640067766398E+00  0.1758855225559654E-01  0.0000000000000000E+00
      1874  0.1501084228672186E+01  0.1680349648634805E+01  0.6633340311602896E-02 -0.1913597865926433E+00  0.5461026318421072E-02  0.0000000000000000E+00
      1875  0.3405784857757538E+00  0.3022831282417661E+00  0.3810071963903442E-02  0.9361917505988221E-02  0.2512336806409743E-01  0.0000000000000000E+00
      1876  0.8218172694059870E+00  0.5641002287511148E+00  0.2211414543140877E-01  0.4477895057190699E-01  0.1908239446515570E+00  0.0000000000000000E+00
      1877  0.7797876269869306E+00  0.7012497253328782E+00  0.1610838489935864E-01 -0.9587290632856522E-01  0.1583024230832585E+00  0.0000000000000000E+00
      1878  0.8580511830412585E+00  0.7911894164440626E+00  0.2168229812738801E-01  0.1687867548597368E-01  0.2830079298383330E-01  0.0000000000000000E+00
      1879  0.8646812667699106E+00  0.6010101969796058E+00  0.7556420123383109E-02  0.1593321551605043E+00  0.9678249450641807E-01  0.0000000000000000E+00
      1880  0.1083434539790274E+01  0.8243332650537444E+00 -0.2306930796020309E-01  0.1866015248874862E+00  0.9556905780924582E-01  0.0000000000000000E+00
      1881 -0.8642983905429350E+00 -0.5319917209943459E+00 -0.8673798069002911E-02 -0.1772015805140919E+00 -0.1464312909654927E+00  0.0000000000000000E+00
      1882 -0.7544942778770862E+00 -0.6229120652460999E+00 -0.1704458043402280E-01  0.1322967031991806E-01 -0.1277673025168804E+00  0.0000000000000000E+00
      1883 -0.5096045941136096E+00 -0.2551849194463211E+00 -0.2488852880397053E-01 -0.1399045459090031E+00 -0.8962659995431500E-01  0.0000000000000000E+00
      1884 -0.5338578980398681E+00 -0.4764690098425852E+00  0.1046859265211920E-01 -0.2676676237614271E-01 -0.4109071847325950E-01  0.0000000000000000E+00
      1885 -0.3682428443140290E+00 -0.5745418199262002E+00 -0.4366852697479782E-01  0.1772698753469113E+00  0.7269762724005373E-01  0.0000000000000000E+00
      1886  0.3552200711987097E-01 -0.1381396161909493E+00 -0.1016519928087104E-01  0.1064572651988216E+00  0.7736955739286870E-01  0.0000000000000000E+00
      1887  0.6649243965627346E+00  0.6587046693303437E+00  0.6166784177883381E-02 -0.1913572722535885E-01  0.1918867027986640E-01  0.0000000000000000E+00
      1888 -0.2698024132582026E+00  0.6143513682169245E-01 -0.2638928579793997E-01 -0.2562050457779145E+00 -0.4864321850404011E-01  0.0000000000000000E+00
      1889 -0.6477295951044967E+00 -0.6402940639608883E+00  0.1808381201001531E-01  0.7973142697570824E-01 -0.1052507701293307E+00  0.0000000000000000E+00
      1890  0.3032326106560639E+00  0.3169462319395397E+00  0.1612177189755195E-01 -0.6497933015120394E-01  0.3514393697017605E-01  0.0000000000000000E+00
      1891  0.9280521330703592E+00  0.9305487366990318E+00  0.2973938056244298E-02 -0.2529882204341745E-01  0.1982828035850129E-01  0.0000000000000000E+00
      1892 -0.1706995034767483E+00 -0.8529381316624056E-01  0.1625121789668808E-01  0.4873196032282353E-01 -0.1503888685300201E+00  0.0000000000000000E+00
      1893  0.1307614139203234E+00  0.1648206932442094E+00  0.2992013931054291E-01 -0.6340489923172933E-01 -0.5745194027012082E-03  0.0000000000000000E+00
      1894 -0.1043019934486557E+01 -0.1090694836828785E+01 -0.3123054641093716E-02  0.6873805974581848E-01 -0.1794010276249797E-01  0.0000000000000000E+00
      1895 -0.2378164398443455E+00 -0.2872713606678758E+00 -0.2635777361772432E-01  0.2815311500732559E-01  0.4765957943393118E-01  0.0000000000000000E+00
      1896 -0.1262543900391295E+01 -0.1228792864501983E+01 -0.3004948094006300E-01 -0.2360627868196685E-01  0.1990472373271807E-01  0.0000000000000000E+00
      1897  0.9648590950872968E+00  0.7278960111877681E+00  0.3388995857077941E-01  0.1530572392390379E+00  0.5001588608971212E-01  0.0000000000000000E+00
      1898 -0.6966748731133522E+00 -0.4795370689686799E+00 -0.3018493529788209E-01 -0.1172599208438840E+00 -0.6969294800290628E-01  0.0000000000000000E+00
      1899 -0.5997582184116830E+00 -0.4313391461274795E+00 -0.5171938963399367E-01 -0.7243732926815412E-01 -0.4426235338205355E-01  0.0000000000000000E+00
      1900 -0.9076852142992792E+00 -0.8734131554506211E+00 -0.2023658682339147E-01  0.2994582447579953E-01 -0.4398129650106504E-01  0.0000000000000000E+00
      1901 -0.1406580408174496E+01 -0.1472173282035733E+01  0.2455542404022560E-01  0.1192371443421903E+00 -0.7819969452118061E-01  0.0000000000000000E+00
      1902 -0.1839531629161265E-01  0.1003373208404931E+00  0.5641302998619370E-02 -0.1138792992146745E+00 -0.1049464091605034E-01  0.0000000000000000E+00
      1903 -0.2913202348957875E+00 -0.2468434138831655E+00  0.2589059740370204E-01 -0.8436264766406330E-01  0.1399522924773998E-01  0.0000000000000000E+00
      1904  0.1126985876945608E+01  0.8394210398825953E+00  0.1834393405734252E-01  0.2422322336811741E+00  0.2698866932449683E-01  0.0000000000000000E+00
      1905  0.1504864776889296E+01  0.1675670195494380E+01  0.8830360613029642E-02 -0.1865526422285219E+00  0.6916863010407073E-02  0.0000000000000000E+00
      1906  0.3215257783955875E+00  0.2933340510511281E+00  0.5784058055099313E-02  0.8723849582724980E-02  0.1368381970663460E-01  0.0000000000000000E+00
      1907  0.8411230175540569E+00  0.5864958794184962E+00  0.2336419051038319E-01  0.4629144231484290E-01  0.1849715053103356E+00  0.0000000000000000E+00
      1908  0.7670081204810508E+00  0.6996576028779848E+00  0.1613753066582726E-01 -0.9721234492413404E-01  0.1484253318613717E+00  0.0000000000000000E+00
      1909  0.8789927733942500E+00  0.7829668879419881E+00  0.2331232234401769E-01  0.3550674325970941E-01  0.3720681984853437E-01  0.0000000000000000E+00
      1910  0.9135674383000195E+00  0.6499136161665213E+00  0.9763715545676142E-02  0.1448525280788328E+00  0.1090375785089878E+00  0.0000000000000000E+00
      1911  0.1139159607460019E+01  0.8733589626332532E+00 -0.2343417396462732E-01  0.1920510288707272E+00  0.9718378992066801E-01  0.0000000000000000E+00
      1912 -0.8176893816641270E+00 -0.4851237960411494E+00 -0.6594916664643468E-02 -0.1835540853741302E+00 -0.1424165835842048E+00  0.0000000000000000E+00
      1913 -0.7388515429754547E+00 -0.6004711714070969E+00 -0.1403769206636770E-01  0.9102980009426716E-02 -0.1334456595114155E+00  0.0000000000000000E+00
      1914 -0.5038192850692693E+00 -0.2517680653056739E+00 -0.2361741046613905E-01 -0.1312677669460648E+00 -0.9716604235139173E-01  0.0000000000000000E+00
      1915 -0.5317155596635728E+00 -0.4963071120992949E+00  0.1042724689374225E-01 -0.1408606818965665E-01 -0.3174962626836610E-01  0.0000000000000000E+00
      1916 -0.3871175045729649E+00 -0.5999171206615342E+00 -0.4390394202906928E-01  0.1832363047506108E+00  0.7346725336702782E-01  0.0000000000000000E+00
      1917 -0.1999659024778583E-02 -0.1576046678162231E+00 -0.8327581022079703E-02  0.9472139914307318E-01  0.6921119067045287E-01  0.0000000000000000E+00
      1918  0.6437785255993068E+00  0.6357779996324064E+00  0.8174154172221509E-02 -0.9051634689815650E-02  0.8878006484493713E-02  0.0000000000000000E+00
      1919 -0.2721347507729026E+00  0.7541478714208399E-01 -0.2396808113247341E-01 -0.2795598990771793E+00 -0.4402155770533608E-01  0.0000000000000000E+00
      1920 -0.5693483303558988E+00 -0.5645532399999682E+00  0.1958024374666266E-01  0.7974868338602979E-01 -0.1041240174886235E+00  0.0000000000000000E+00
      1921  0.4095423271803643E+00  0.4028684527578162E+00  0.1654550473647890E-01 -0.4631829340091356E-01  0.3644666308698306E-01  0.0000000000000000E+00
      1922  0.9222033068482547E+00  0.9255342213218890E+00  0.2002521835178631E-02 -0.2974833063223932E-01  0.2441489432342608E-01  0.0000000000000000E+00
      1923 -0.1945772142727976E+00 -0.1051117981231673E+00  0.1640557127625007E-01  0.4788822525133689E-01 -0.1537592126772164E+00  0.0000000000000000E+00
      1924  0.1310468992628054E+00  0.1801727062711292E+00  0.2975133981325961E-01 -0.6938670113116018E-01 -0.9490445690422948E-02  0.0000000000000000E+00
      1925 -0.9709926364835437E+00 -0.1036990623244765E+01 -0.4062994692115542E-02  0.8165141363878183E-01 -0.1159043218544390E-01  0.0000000000000000E+00
      1926 -0.3353313498921346E+00 -0.3775646232372938E+00 -0.2744940616330724E-01  0.1947565475328439E-01  0.5020702475518250E-01  0.0000000000000000E+00
      1927 -0.1236141700200672E+01 -0.1195520532105895E+01 -0.3018591711658128E-01 -0.2422649200478779E-01  0.1379124102659360E-01  0.0000000000000000E+00
      1928  0.1039290198681402E+01  0.7842121971369301E+00  0.3610717128778415E-01  0.1558478191170423E+00  0.6312301113964419E-01  0.0000000000000000E+00
      1929 -0.7262638446833454E+00 -0.5234525029070192E+00 -0.2475057466451062E-01 -0.1154497916628852E+00 -0.6261097544893135E-01  0.0000000000000000E+00
      1930 -0.5714934281871487E+00 -0.4213486845415174E+00 -0.4966816407133494E-01 -0.5850673380009838E-01 -0.4196984577419824E-01  0.0000000000000000E+00
      1931 -0.9068691335112902E+00 -0.8576132460950328E+00 -0.2349838449524021E-01  0.2283831314159430E-01 -0.4859581606261067E-01  0.0000000000000000E+00
      1932 -0.1423237183854729E+01 -0.1482814063032914E+01  0.2550432816506940E-01  0.1096157203613103E+00 -0.7554316934819544E-01  0.0000000000000000E+00
      1933 -0.1403444952543131E-01  0.1021968483247493E+00  0.5166267626477380E-02 -0.1111131949084421E+00 -0.1028437056821540E-01  0.0000000000000000E+00
      1934 -0.2387819414381699E+00 -0.1984565410713841E+00  0.2448018853662488E-01 -0.7411649846147765E-01  0.9310909558065034E-02  0.0000000000000000E+00
      1935  0.1142691201085705E+01  0.8552291496469019E+00  0.1896058622687172E-01  0.2447490420918680E+00  0.2375242312006445E-01  0.0000000000000000E+00
      1936  0.1465466460595400E+01  0.1649997578739262E+01  0.7134004173849439E-02 -0.1934016272334070E+00  0.1736504915695370E-02  0.0000000000000000E+00
      1937  0.2877501321767226E+00  0.2789009151819962E+00  0.2400431344612014E-02 -0.4370769300357300E-02  0.1081955495047275E-01  0.0000000000000000E+00
      1938  0.8930555115174885E+00  0.6262145634109306E+00  0.2181792513364827E-01  0.5404958915184090E-01  0.1909734338210687E+00  0.0000000000000000E+00
      1939  0.8159888754751524E+00  0.7332184192717373E+00  0.1753023794518105E-01 -0.9152697625895026E-01  0.1567671945171842E+00  0.0000000000000000E+00
      1940  0.8101669979054060E+00  0.7344981145987584E+00  0.2422016399602613E-01  0.2426100773214461E-01  0.2718771157847751E-01  0.0000000000000000E+00
      1941  0.8777407616969788E+00  0.6151362244882861E+00  0.6607917229879917E-02  0.1622676028679602E+00  0.9372901711085152E-01  0.0000000000000000E+00
      1942  0.1074834270428221E+01  0.8296527988338176E+00 -0.2206001332432884E-01  0.1838224957058525E+00  0.8341898921288078E-01  0.0000000000000000E+00
      1943 -0.8699462594429347E+00 -0.5360687399573998E+00 -0.7602060878351451E-02 -0.1791133609948516E+00 -0.1471620976123351E+00  0.0000000000000000E+00
      1944 -0.7484281187405721E+00 -0.6196372054222539E+00 -0.1427627772246034E-01  0.1427803681791891E-01 -0.1287926724137755E+00  0.0000000000000000E+00
      1945 -0.5214945558741123E+00 -0.2577393188536979E+00 -0.2383797289399029E-01 -0.1459110905172794E+00 -0.9400617360914451E-01  0.0000000000000000E+00
      1946 -0.5155060402541904E+00 -0.4716102132923710E+00  0.1071148798394194E-01 -0.1158736268654130E-01 -0.4301995225922037E-01  0.0000000000000000E+00
      1947 -0.3227654454333107E+00 -0.5483743245505366E+00 -0.4465032840982162E-01  0.1881202519489230E+00  0.8213895557812266E-01  0.0000000000000000E+00
      1948 -0.6894969618166087E-01 -0.2328969589438584E+00 -0.7041138251524264E-02  0.9168296979323191E-01  0.7930543122048977E-01  0.0000000000000000E+00
      1949  0.6790663409291280E+00  0.6645823872408487E+00  0.1154228262689738E-01 -0.1053240288599258E-01  0.1347407394737634E-01  0.0000000000000000E+00
      1950 -0.2453941419038491E+00  0.8403036697812802E-01 -0.2393807929037263E-01 -0.2652233751024892E+00 -0.4026305448911165E-01  0.0000000000000000E+00
      1951 -0.5855322769678875E+00 -0.5944871234220914E+00  0.2147610252218354E-01  0.8392770728166039E-01 -0.9644896334964217E-01  0.0000000000000000E+00
      1952  0.3393955517144283E+00  0.3441844085937747E+00  0.1671775445896968E-01 -0.5672877422153356E-01  0.3522216288321835E-01  0.0000000000000000E+00
      1953  0.9490748564126049E+00  0.9497790477674724E+00 -0.7629933445365547E-04 -0.2462708332064352E-01  0.2399919130023167E-01  0.0000000000000000E+00
      1954 -0.2293439073439397E+00 -0.1452617238288370E+00  0.1924428923755572E-01  0.4643848211512493E-01 -0.1497649548677840E+00  0.0000000000000000E+00
      1955  0.1427047725745477E+00  0.1907886890841615E+00  0.3330456991806383E-01 -0.7726443409108526E-01 -0.4124052336590803E-02  0.0000000000000000E+00
      1956 -0.1027706594699344E+01 -0.1099368849811885E+01  0.3053616475743138E-02  0.8457826092725157E-01 -0.1596962229045551E-01  0.0000000000000000E+00
      1957 -0.2444170665702852E+00 -0.3030827195436071E+00 -0.2393138899845855E-01  0.3109094365413922E-01  0.5150609831764069E-01  0.0000000000000000E+00
      1958 -0.1243426579610026E+01 -0.1213930407089766E+01 -0.2702564060894129E-01 -0.2045663822797927E-01  0.1798610631665883E-01  0.0000000000000000E+00
      1959  0.9538834458915536E+00  0.7022440726434849E+00  0.3824271181480916E-01  0.1545911324767338E+00  0.5880552895652695E-01  0.0000000000000000E+00
      1960 -0.7183174568698456E+00 -0.5196839798142705E+00 -0.2208978353225390E-01 -0.1120999933986262E+00 -0.6444370012469376E-01  0.0000000000000000E+00
      1961 -0.5937994732250540E+00 -0.4378938998322714E+00 -0.4864568944292556E-01 -0.7213413170915511E-01 -0.3512575224070216E-01  0.0000000000000000E+00
      1962 -0.8987687228670163E+00 -0.8533138929657620E+00 -0.1953789530774747E-01  0.2717366007897786E-01 -0.5309059467248429E-01  0.0000000000000000E+00
      1963 -0.1360764349956733E+01 -0.1437082187568839E+01  0.3144164419798118E-01  0.1246334545998768E+00 -0.7975726118575030E-01  0.0000000000000000E+00
      1964  0.3225357837006762E-01  0.1378637253729536E+00  0.9059195974716407E-02 -0.1078241238604355E+00 -0.6845219117165940E-02  0.0000000000000000E+00
      1965 -0.3177585146407004E+00 -0.2576463261842833E+00  0.3023844011321621E-01 -0.8966204662189337E-01 -0.6885819477386902E-03  0.0000000000000000E+00
      1966  0.1229748250270594E+01  0.9350243050377224E+00  0.2368648379196317E-01  0.2502156979633512E+00  0.2082176347755666E-01  0.0000000000000000E+00
      1967  0.1448200777803073E+01  0.1636624815901166E+01  0.1150083447189057E-01 -0.1973428532319082E+00 -0.2582019338075139E-02  0.0000000000000000E+00
      1968  0.4019262070905144E+00  0.3680620963393187E+00  0.8525651537717806E-02  0.6407704135915547E-02  0.1893075507756337E-01  0.0000000000000000E+00
      1969  0.8982342642610165E+00  0.6276576872540351E+00  0.2878990545367432E-01  0.4970808625772691E-01  0.1920785852955815E+00  0.0000000000000000E+00
      1970  0.8393873232255143E+00  0.7483815364977122E+00  0.2620763318989284E-01 -0.9003063322713792E-01  0.1548287867650453E+00  0.0000000000000000E+00
      1971  0.8539247786712516E+00  0.7653737324305028E+00  0.3169450030125253E-01  0.2824877936289551E-01  0.2860776657660195E-01  0.0000000000000000E+00
      1972  0.8998115849133677E+00  0.6221947233261677E+00  0.1460830347451894E-01  0.1622853621656821E+00  0.1007231959469986E+00  0.0000000000000000E+00
      1973  0.1084005730880457E+01  0.8177187356498938E+00 -0.1838995447585936E-01  0.1976504070225811E+00  0.8702654268384252E-01  0.0000000000000000E+00
      1974 -0.8886204109771337E+00 -0.5499858704442042E+00 -0.1658300400360945E-02 -0.1898116689281045E+00 -0.1471645712044630E+00  0.0000000000000000E+00
      1975 -0.7410094910851479E+00 -0.6358451672897484E+00 -0.1084633721315781E-01  0.2513063004155989E-01 -0.1194486166238018E+00  0.0000000000000000E+00
      1976 -0.5588025198871621E+00 -0.3133749316926366E+00 -0.1584255263330637E-01 -0.1381114493066632E+00 -0.9147358625455579E-01  0.0000000000000000E+00
      1977 -0.4157243402849467E+00 -0.4081087082134950E+00  0.1376766349512034E-01  0.5836908464030280E-02 -0.2722020403060303E-01  0.0000000000000000E+00
      1978 -0.3888212404640783E+00 -0.6165750543876556E+00 -0.3797772458428000E-01  0.1875387823634253E+00  0.7819275614443177E-01  0.0000000000000000E+00
      1979  0.4104983733109578E-01 -0.1358823875513700E+00  0.7132002845252148E-03  0.9747632409257241E-01  0.7874270050536866E-01  0.0000000000000000E+00
      1980  0.6688945554700546E+00  0.6519376386903234E+00  0.2216364356237599E-01 -0.8758141924955354E-02  0.3551415142312223E-02  0.0000000000000000E+00
      1981 -0.2804476127569463E+00  0.5412871478702330E-01 -0.1940946356460739E-01 -0.2721486027844869E+00 -0.4301826119487205E-01  0.0000000000000000E+00
      1982 -0.6123060119749320E+00 -0.6168340919097572E+00  0.3063921504186901E-01  0.7888551267920656E-01 -0.1049966477862507E+00  0.0000000000000000E+00
      1983  0.3891494668241039E+00  0.3839824542940300E+00  0.2748173174028309E-01 -0.5229432975038599E-01  0.2997961054017695E-01  0.0000000000000000E+00
      1984  0.9136216938539984E+00  0.9268550320183829E+00  0.7965937519971244E-02 -0.3401521065561319E-01  0.1281593497125944E-01  0.0000000000000000E+00
      1985 -0.2078579116720703E+00 -0.1283606963124147E+00  0.3316395989076796E-01  0.4404172345888534E-01 -0.1567028987093099E+00  0.0000000000000000E+00
      1986  0.1738374824745779E+00  0.2141282104616465E+00  0.4214961340935196E-01 -0.8050235090569192E-01 -0.1937990490727130E-02  0.0000000000000000E+00
      1987 -0.9838875626084896E+00 -0.1065502366425901E+01  0.1400230727833635E-01  0.7910592067965588E-01 -0.1149342414058356E-01  0.0000000000000000E+00
      1988 -0.2589797049117750E+00 -0.3363485543408938E+00 -0.2175410057430374E-01  0.3842702900880190E-01  0.6069592099462015E-01  0.0000000000000000E+00
      1989 -0.1138402417484970E+01 -0.1135363668994764E+01 -0.2441078294772142E-01  0.6798198524133369E-03  0.2069221460510220E-01  0.0000000000000000E+00
      1990  0.1080586635544980E+01  0.8185901887771292E+00  0.4673967852187864E-01  0.1567392368622131E+00  0.5851753138376091E-01  0.0000000000000000E+00
      1991 -0.6962711489437972E+00 -0.4940437666722903E+00 -0.1564667310794169E-01 -0.1157429518490173E+00 -0.7083775731454936E-01  0.0000000000000000E+00
      1992 -0.6197109891663264E+00 -0.4524382982652671E+00 -0.4482920563611469E-01 -0.6992450431043976E-01 -0.5251898095450443E-01  0.0000000000000000E+00
      1993 -0.9099946123711331E+00 -0.8674368983045520E+00 -0.1795557926005162E-01  0.2758087235056091E-01 -0.5218300715709041E-01  0.0000000000000000E+00
      1994 -0.1345365969620400E+01 -0.1426858242731387E+01  0.3654050695888904E-01  0.1174536369058247E+00 -0.7250187075372852E-01  0.0000000000000000E+00
      1995  0.8018124546407659E-01  0.1887479552609936E+00  0.1331017528007209E-01 -0.1062676308481929E+00 -0.1560925422879635E-01  0.0000000000000000E+00
      1996 -0.2514201734625838E+00 -0.2165441311055896E+00  0.3287897012992420E-01 -0.8179755532520866E-01  0.1404254283829144E-01  0.0000000000000000E+00
      1997  0.1170471019941957E+01  0.8764994344574226E+00  0.2838052855150020E-01  0.2482076481353569E+00  0.1738340879767644E-01  0.0000000000000000E+00
      1998  0.1495427538774978E+01  0.1658600732165796E+01  0.1914587508103022E-01 -0.1896593908668789E+00  0.7340322395029044E-02  0.0000000000000000E+00
      1999  0.3687536728939206E+00  0.3330403116136091E+00  0.1015522984390359E-01  0.2902533078465247E-02  0.2265559835794240E-01  0.0000000000000000E+00
      2000  0.9315192503761104E+00  0.6462022733803321E+00  0.3385109680597014E-01  0.5031681930762993E-01  0.2011490608821788E+00  0.0000000000000000E+00
