      1801  0.1223481464107380E+03  0.1020494177196232E+03  0.2115645495555888E+01  0.7869231054490663E+01  0.1031385214106819E+02  0.0000000000000000E+00
      1802  0.1248454764854371E+03  0.1039365254997525E+03  0.2059473605934996E+01  0.7975594060535672E+01  0.1087388331921387E+02  0.0000000000000000E+00
      1803  0.1215050425153577E+03  0.1007095635963984E+03  0.2020853486857157E+01  0.8039215710637535E+01  0.1073540972146438E+02  0.0000000000000000E+00
      1804  0.1238062689911308E+03  0.1027418989944711E+03  0.2141022071047629E+01  0.8242507481954547E+01  0.1068084044365762E+02  0.0000000000000000E+00
      1805  0.1174321696213609E+03  0.9727239028956997E+02  0.2007910612636069E+01  0.7819785028039043E+01  0.1033208369111585E+02  0.0000000000000000E+00
      1806  0.1223193523972345E+03  0.1022596454182758E+03  0.1985789592907122E+01  0.7686103792965804E+01  0.1038781359308583E+02  0.0000000000000000E+00
      1807  0.1219697905104310E+03  0.1014284078219095E+03  0.2007451733967156E+01  0.7958484496634602E+01  0.1057544645791975E+02  0.0000000000000000E+00
      1808  0.1219742497804359E+03  0.1011097227939440E+03  0.2176564578389922E+01  0.8181052594565575E+01  0.1050690981353639E+02  0.0000000000000000E+00
      1809  0.1251298395662892E+03  0.1044661392598273E+03  0.2175719832021984E+01  0.7831187305014644E+01  0.1065679316942527E+02  0.0000000000000000E+00
      1810  0.1263393600157351E+03  0.1054107778995743E+03  0.2134107879355284E+01  0.7938783810642150E+01  0.1085569042616323E+02  0.0000000000000000E+00
      1811  0.1300076155445099E+03  0.1082660206520683E+03  0.2152172397644181E+01  0.8504870465122170E+01  0.1108455202967530E+02  0.0000000000000000E+00
      1812  0.1269335714806751E+03  0.1063495578305521E+03  0.2187840855053707E+01  0.7755478911245430E+01  0.1064069388382380E+02  0.0000000000000000E+00
      1813  0.1263806735464798E+03  0.1055008084105195E+03  0.2108259322592690E+01  0.7931102309124475E+01  0.1084050350424317E+02  0.0000000000000000E+00
      1814  0.1293924156115304E+03  0.1077625150414854E+03  0.2231148462237350E+01  0.8150904998231185E+01  0.1124784710957659E+02  0.0000000000000000E+00
      1815  0.1161770705086201E+03  0.9612267651464583E+02  0.2050519938563863E+01  0.7491503621343173E+01  0.1051237043406723E+02  0.0000000000000000E+00
      1816  0.1236357455083535E+03  0.1030287721725213E+03  0.2163505984749977E+01  0.7776844246397932E+01  0.1066662310468408E+02  0.0000000000000000E+00
      1817  0.1330332289903285E+03  0.1111243064014327E+03  0.2189398034418788E+01  0.8434609874606211E+01  0.1128491467987077E+02  0.0000000000000000E+00
      1818  0.1241578985007418E+03  0.1028861142742411E+03  0.2092869861250704E+01  0.8422773746921674E+01  0.1075614061832827E+02  0.0000000000000000E+00
      1819  0.1291465265065303E+03  0.1080448634444019E+03  0.2207946342667935E+01  0.8054678784620332E+01  0.1083903793484001E+02  0.0000000000000000E+00
      1820  0.1241712832082371E+03  0.1033283492466542E+03  0.2078622041415749E+01  0.8154348999619227E+01  0.1060996292054798E+02  0.0000000000000000E+00
      1821  0.1288432696845950E+03  0.1078960661670715E+03  0.2122983476375441E+01  0.8080012859470720E+01  0.1074420718167749E+02  0.0000000000000000E+00
      1822  0.1172574346504870E+03  0.9700591561615288E+02  0.2090982380155570E+01  0.7761336881502555E+01  0.1039919977267588E+02  0.0000000000000000E+00
      1823  0.1316388551710372E+03  0.1096558913136388E+03  0.2146909034916265E+01  0.8714233952291977E+01  0.1112182087019006E+02  0.0000000000000000E+00
      1824  0.1253268773471337E+03  0.1037988556411084E+03  0.2044756321137256E+01  0.8545259171644306E+01  0.1093800621324366E+02  0.0000000000000000E+00
      1825  0.1256485349697936E+03  0.1048270255349512E+03  0.2077089235939785E+01  0.8139824429323710E+01  0.1060459576957893E+02  0.0000000000000000E+00
      1826  0.1221785224825550E+03  0.1021111049983281E+03  0.1952217558431188E+01  0.7569356522146342E+01  0.1054584340364932E+02  0.0000000000000000E+00
      1827  0.1281208551984263E+03  0.1071546938162009E+03  0.2118659707335160E+01  0.8160096641976777E+01  0.1068740503291356E+02  0.0000000000000000E+00
      1828  0.1281414931757679E+03  0.1069589883258019E+03  0.2229781368880648E+01  0.7965751750018677E+01  0.1098697173106659E+02  0.0000000000000000E+00
      1829  0.1312721464983132E+03  0.1102577549546481E+03  0.2266641322175374E+01  0.7940860655823943E+01  0.1080688956566587E+02  0.0000000000000000E+00
      1830  0.1304680860657603E+03  0.1092459678648288E+03  0.2296402821291133E+01  0.8161026015561411E+01  0.1076468936407887E+02  0.0000000000000000E+00
      1831  0.1261540307769958E+03  0.1051017662712965E+03  0.2271887308952819E+01  0.7856721105820379E+01  0.1092365609092609E+02  0.0000000000000000E+00
      1832  0.1225379840595669E+03  0.1019908402473743E+03  0.2202936691081748E+01  0.7929023604831604E+01  0.1041518351627918E+02  0.0000000000000000E+00
      1833  0.1248572473244428E+03  0.1038952126114952E+03  0.2070269779731023E+01  0.8000022280116964E+01  0.1089174265309951E+02  0.0000000000000000E+00
      1834  0.1215577091552215E+03  0.1007535212943637E+03  0.2025728239894252E+01  0.8043894800088657E+01  0.1073456482087495E+02  0.0000000000000000E+00
      1835  0.1239906110306649E+03  0.1029124135662134E+03  0.2144994008402146E+01  0.8237933723346249E+01  0.1069526973270301E+02  0.0000000000000000E+00
      1836  0.1175444858643316E+03  0.9735348642014932E+02  0.2014666770143925E+01  0.7832215773149773E+01  0.1034411690088861E+02  0.0000000000000000E+00
      1837  0.1223664530796529E+03  0.1023239320343227E+03  0.1984164801174893E+01  0.7666375170899787E+01  0.1039198107325542E+02  0.0000000000000000E+00
      1838  0.1220994883396955E+03  0.1015368059366140E+03  0.2009370530876081E+01  0.7962315637781910E+01  0.1059099623442363E+02  0.0000000000000000E+00
      1839  0.1219896480466144E+03  0.1011116226235381E+03  0.2181931975770486E+01  0.8176717062657699E+01  0.1051937638464816E+02  0.0000000000000000E+00
      1840  0.1251741889646225E+03  0.1044769114382354E+03  0.2182492858680536E+01  0.7836457908316561E+01  0.1067832675939008E+02  0.0000000000000000E+00
      1841  0.1263397131585780E+03  0.1053871926264218E+03  0.2136957437593838E+01  0.7927779791543180E+01  0.1088778330301913E+02  0.0000000000000000E+00
      1842  0.1299541222388635E+03  0.1082071587033836E+03  0.2148942697066404E+01  0.8503243004995650E+01  0.1109477783341789E+02  0.0000000000000000E+00
      1843  0.1270958482712172E+03  0.1064825417074221E+03  0.2192940983923874E+01  0.7759266756684588E+01  0.1066109882318667E+02  0.0000000000000000E+00
      1844  0.1263886539260781E+03  0.1055127271710624E+03  0.2103981910825050E+01  0.7921768736625836E+01  0.1085017610756482E+02  0.0000000000000000E+00
      1845  0.1293749147089811E+03  0.1077660465267389E+03  0.2233615905013906E+01  0.8140909700970457E+01  0.1123434257625782E+02  0.0000000000000000E+00
      1846  0.1161629245258841E+03  0.9611319586503767E+02  0.2053509268828049E+01  0.7501770034720180E+01  0.1049444935729821E+02  0.0000000000000000E+00
      1847  0.1236787750605071E+03  0.1030702239161540E+03  0.2164803160336806E+01  0.7771888725750596E+01  0.1067185925826570E+02  0.0000000000000000E+00
      1848  0.1329962468906393E+03  0.1110844097586361E+03  0.2194323264662879E+01  0.8432210914273581E+01  0.1128530295306683E+02  0.0000000000000000E+00
      1849  0.1241454405285573E+03  0.1028671257564180E+03  0.2092852771854153E+01  0.8420902206903175E+01  0.1076455979338200E+02  0.0000000000000000E+00
      1850  0.1291241756279179E+03  0.1080468520442093E+03  0.2213669234489088E+01  0.8046211067383913E+01  0.1081744328183545E+02  0.0000000000000000E+00
      1851  0.1240833227939206E+03  0.1032573697911725E+03  0.2080323993049056E+01  0.8152119086497166E+01  0.1059350992320180E+02  0.0000000000000000E+00
      1852  0.1288904024732148E+03  0.1079452414912365E+03  0.2120715384725809E+01  0.8079525775639636E+01  0.1074491982161293E+02  0.0000000000000000E+00
      1853  0.1172904325344452E+03  0.9702684993252677E+02  0.2089577187732957E+01  0.7775814227215105E+01  0.1039819118697048E+02  0.0000000000000000E+00
      1854  0.1318247178546578E+03  0.1097949032413697E+03  0.2149105992269766E+01  0.8736301250989307E+01  0.1114440737002901E+02  0.0000000000000000E+00
      1855  0.1253538660733241E+03  0.1038503131287779E+03  0.2043004086183389E+01  0.8536066962705460E+01  0.1092448189565725E+02  0.0000000000000000E+00
      1856  0.1256640706312492E+03  0.1048649680273767E+03  0.2079747696429386E+01  0.8125270028871872E+01  0.1059408487857130E+02  0.0000000000000000E+00
      1857  0.1221384149449779E+03  0.1020764709835782E+03  0.1957737078230789E+01  0.7582858914852537E+01  0.1052134796831637E+02  0.0000000000000000E+00
      1858  0.1281301018089815E+03  0.1071740472758043E+03  0.2124436500725073E+01  0.8151249756434501E+01  0.1068036827601765E+02  0.0000000000000000E+00
      1859  0.1281729599772280E+03  0.1070237671517389E+03  0.2229344622602000E+01  0.7945105592758118E+01  0.1097474261012883E+02  0.0000000000000000E+00
      1860  0.1313148804780206E+03  0.1103228422105390E+03  0.2267650909829410E+01  0.7932935962602580E+01  0.1079145139504969E+02  0.0000000000000000E+00
      1861  0.1306254084111874E+03  0.1093847432702289E+03  0.2303402290766782E+01  0.8175830360906785E+01  0.1076143248928487E+02  0.0000000000000000E+00
      1862  0.1261079783295597E+03  0.1050733847778235E+03  0.2274936068094563E+01  0.7845834480430653E+01  0.1091382300321093E+02  0.0000000000000000E+00
      1863  0.1224896714549431E+03  0.1019833898330571E+03  0.2204722840510050E+01  0.7894837486544186E+01  0.1040672129483163E+02  0.0000000000000000E+00
      1864  0.1249245125608435E+03  0.1039687985729682E+03  0.2070169875999656E+01  0.7987981951271878E+01  0.1089756216060378E+02  0.0000000000000000E+00
      1865  0.1217125642905239E+03  0.1008709582079681E+03  0.2028757328987276E+01  0.8039724546723610E+01  0.1077312420684494E+02  0.0000000000000000E+00
      1866  0.1240199436411065E+03  0.1029269642144052E+03  0.2153621050701946E+01  0.8238202885906880E+01  0.1070115549009247E+02  0.0000000000000000E+00
      1867  0.1176049410115268E+03  0.9738934820785342E+02  0.2024144862987899E+01  0.7829919115893766E+01  0.1036152882479158E+02  0.0000000000000000E+00
      1868  0.1224163793710921E+03  0.1023301262923333E+03  0.2005644629265313E+01  0.7681405166558410E+01  0.1039920328293504E+02  0.0000000000000000E+00
      1869  0.1221004569647966E+03  0.1015125196473706E+03  0.2021169914925981E+01  0.7972005810656444E+01  0.1059476159184354E+02  0.0000000000000000E+00
      1870  0.1219955984090248E+03  0.1011006097486793E+03  0.2191017492459578E+01  0.8189790191279732E+01  0.1051418097660612E+02  0.0000000000000000E+00
      1871  0.1252367848277523E+03  0.1045139775435090E+03  0.2186503812921916E+01  0.7846782410012895E+01  0.1068952106130862E+02  0.0000000000000000E+00
      1872  0.1264208234876384E+03  0.1054498074027072E+03  0.2140227627628259E+01  0.7935117240418044E+01  0.1089567121688493E+02  0.0000000000000000E+00
      1873  0.1301393648364462E+03  0.1083698840883311E+03  0.2152276810464888E+01  0.8525370034924522E+01  0.1109183390272572E+02  0.0000000000000000E+00
      1874  0.1271033444923679E+03  0.1065112512955919E+03  0.2193533920136210E+01  0.7741085128286101E+01  0.1065747414835373E+02  0.0000000000000000E+00
      1875  0.1264655182688497E+03  0.1055603026604494E+03  0.2112241571078221E+01  0.7930545908330346E+01  0.1086242812899157E+02  0.0000000000000000E+00
      1876  0.1294593542002715E+03  0.1078435738490699E+03  0.2238697812246027E+01  0.8137922231736615E+01  0.1123916030721897E+02  0.0000000000000000E+00
      1877  0.1162417691737008E+03  0.9616101122077067E+02  0.2060528152972632E+01  0.7504114807125752E+01  0.1051611499283167E+02  0.0000000000000000E+00
      1878  0.1237570068933476E+03  0.1031478870692013E+03  0.2173503871631818E+01  0.7772034415345923E+01  0.1066358153716866E+02  0.0000000000000000E+00
      1879  0.1330744280393042E+03  0.1111607324363322E+03  0.2194399707372988E+01  0.8432961272164244E+01  0.1128633462343470E+02  0.0000000000000000E+00
      1880  0.1242891944496449E+03  0.1029590813477804E+03  0.2107225788181917E+01  0.8444983560565056E+01  0.1077790375311764E+02  0.0000000000000000E+00
      1881  0.1292407348980621E+03  0.1081264789716734E+03  0.2214637215020809E+01  0.8065723782854889E+01  0.1083389492851303E+02  0.0000000000000000E+00
      1882  0.1241926299452813E+03  0.1033435143251500E+03  0.2083089179017827E+01  0.8165429000638449E+01  0.1060059744047486E+02  0.0000000000000000E+00
      1883  0.1289742520165616E+03  0.1080160735374229E+03  0.2130068511386292E+01  0.8076306438111537E+01  0.1075180352964085E+02  0.0000000000000000E+00
      1884  0.1173114137039924E+03  0.9706739118545602E+02  0.2096058491285993E+01  0.7749289211538870E+01  0.1039867481571149E+02  0.0000000000000000E+00
      1885  0.1317854157821655E+03  0.1097842735823743E+03  0.2155131083487212E+01  0.8711945277717865E+01  0.1113406583858628E+02  0.0000000000000000E+00
      1886  0.1253977828740970E+03  0.1038743509099095E+03  0.2049738557232939E+01  0.8540276729590314E+01  0.1093341667736430E+02  0.0000000000000000E+00
      1887  0.1257327607131141E+03  0.1048977030091140E+03  0.2081991747078135E+01  0.8132816121550039E+01  0.1062024983537200E+02  0.0000000000000000E+00
      1888  0.1221293943397964E+03  0.1020594779165504E+03  0.1962364095100742E+01  0.7585363418432065E+01  0.1052218890971321E+02  0.0000000000000000E+00
      1889  0.1281225163192144E+03  0.1071527812582472E+03  0.2124260528879495E+01  0.8168550059739609E+01  0.1067692447234805E+02  0.0000000000000000E+00
      1890  0.1281788656439498E+03  0.1070227047842146E+03  0.2232740988899490E+01  0.7945345885171350E+01  0.1097807398566425E+02  0.0000000000000000E+00
      1891  0.1314130612939680E+03  0.1104121705206145E+03  0.2269838993120761E+01  0.7937314280900802E+01  0.1079373749933201E+02  0.0000000000000000E+00
      1892  0.1305939534473080E+03  0.1093694617247468E+03  0.2298138158651776E+01  0.8170073733964282E+01  0.1075627982994520E+02  0.0000000000000000E+00
      1893  0.1261648015630273E+03  0.1050936594023019E+03  0.2279455644649753E+01  0.7868908841722361E+01  0.1092277767435333E+02  0.0000000000000000E+00
      1894  0.1225133693703632E+03  0.1019887327092255E+03  0.2203398832357198E+01  0.7907042822246313E+01  0.1041419500653416E+02  0.0000000000000000E+00
      1895  0.1249864832059703E+03  0.1040166501012642E+03  0.2075642931247467E+01  0.7999926695717071E+01  0.1089426347774168E+02  0.0000000000000000E+00
      1896  0.1216221660005717E+03  0.1008037186169922E+03  0.2028887326831303E+01  0.8027505218205345E+01  0.1076205483854302E+02  0.0000000000000000E+00
      1897  0.1239489521101926E+03  0.1028583078300186E+03  0.2154655749805784E+01  0.8249102445156163E+01  0.1068688608521217E+02  0.0000000000000000E+00
      1898  0.1175278239155487E+03  0.9733286291899343E+02  0.2027829977074463E+01  0.7817185523628742E+01  0.1034994549585215E+02  0.0000000000000000E+00
      1899  0.1223203748590089E+03  0.1022591280401052E+03  0.1991613677861569E+01  0.7677930310893579E+01  0.1039170283014846E+02  0.0000000000000000E+00
      1900  0.1220972216177667E+03  0.1015020988931788E+03  0.2016738414244100E+01  0.7974849410258816E+01  0.1060353490008499E+02  0.0000000000000000E+00
      1901  0.1219974258812351E+03  0.1010916579984580E+03  0.2188859215090520E+01  0.8198823342787840E+01  0.1051808532489872E+02  0.0000000000000000E+00
      1902  0.1251138793402811E+03  0.1044212751087959E+03  0.2177708736486272E+01  0.7832131213345846E+01  0.1068276428165299E+02  0.0000000000000000E+00
      1903  0.1263265520603968E+03  0.1053725452737117E+03  0.2138531783946874E+01  0.7926004870960115E+01  0.1088947013177804E+02  0.0000000000000000E+00
      1904  0.1299955726883476E+03  0.1082384297035231E+03  0.2153570243482395E+01  0.8508432838124948E+01  0.1109513990321720E+02  0.0000000000000000E+00
      1905  0.1270893721879103E+03  0.1064915866176921E+03  0.2194706187517659E+01  0.7747918357478497E+01  0.1065516102522186E+02  0.0000000000000000E+00
      1906  0.1263746375629396E+03  0.1054906399363411E+03  0.2115369695285072E+01  0.7936871560966761E+01  0.1083175637034681E+02  0.0000000000000000E+00
      1907  0.1293358552409398E+03  0.1077383487456828E+03  0.2237572805613519E+01  0.8133547356099021E+01  0.1122638633354443E+02  0.0000000000000000E+00
      1908  0.1161447980391752E+03  0.9610296580811853E+02  0.2060476983725685E+01  0.7493445981096794E+01  0.1048790926623410E+02  0.0000000000000000E+00
      1909  0.1236465756048764E+03  0.1030220190186241E+03  0.2173655689713329E+01  0.7791786936661810E+01  0.1065911395987721E+02  0.0000000000000000E+00
      1910  0.1330263202015519E+03  0.1111205343756448E+03  0.2195123605146205E+01  0.8416474240437193E+01  0.1129418798032379E+02  0.0000000000000000E+00
      1911  0.1242862695467381E+03  0.1029691235933276E+03  0.2102388196323547E+01  0.8436596123288940E+01  0.1077816163379821E+02  0.0000000000000000E+00
      1912  0.1292830409289689E+03  0.1081765793074802E+03  0.2215502697647295E+01  0.8057015382606048E+01  0.1083394354123522E+02  0.0000000000000000E+00
      1913  0.1241734306828568E+03  0.1033434316275001E+03  0.2084794234940192E+01  0.8147596151382633E+01  0.1059760866903387E+02  0.0000000000000000E+00
      1914  0.1289259963286134E+03  0.1079756861437665E+03  0.2127061534737719E+01  0.8080935291346842E+01  0.1074231335876230E+02  0.0000000000000000E+00
      1915  0.1173363243485984E+03  0.9707213699088381E+02  0.2094969257270870E+01  0.7762522048356668E+01  0.1040669605208710E+02  0.0000000000000000E+00
      1916  0.1317586222881656E+03  0.1097418236373181E+03  0.2154727376115094E+01  0.8724718775672233E+01  0.1113735249906020E+02  0.0000000000000000E+00
      1917  0.1253600377227563E+03  0.1038525875312719E+03  0.2051814689990799E+01  0.8526867982354961E+01  0.1092876751913854E+02  0.0000000000000000E+00
      1918  0.1256703611327002E+03  0.1048346807899483E+03  0.2081094878703818E+01  0.8152092809682934E+01  0.1060249265436506E+02  0.0000000000000000E+00
      1919  0.1220858759673462E+03  0.1020346431884577E+03  0.1965801083097407E+01  0.7558712000917664E+01  0.1052671969487339E+02  0.0000000000000000E+00
      1920  0.1282271098419691E+03  0.1072507261664746E+03  0.2130678358453788E+01  0.8166957648016481E+01  0.1067874766902434E+02  0.0000000000000000E+00
      1921  0.1283255393240941E+03  0.1071412272759671E+03  0.2231856184530260E+01  0.7969755496661428E+01  0.1098270036693531E+02  0.0000000000000000E+00
      1922  0.1314414853492223E+03  0.1104331093491423E+03  0.2270876878224330E+01  0.7936097940224359E+01  0.1080140118163122E+02  0.0000000000000000E+00
      1923  0.1305427545680157E+03  0.1093232923848491E+03  0.2295793138704372E+01  0.8169927783198386E+01  0.1075374126126379E+02  0.0000000000000000E+00
      1924  0.1261992447565180E+03  0.1051325419546896E+03  0.2277783861508837E+01  0.7865634775004820E+01  0.1092328416531492E+02  0.0000000000000000E+00
      1925  0.1226684768160496E+03  0.1021141907450027E+03  0.2203574469407068E+01  0.7923740418173983E+01  0.1042697118346569E+02  0.0000000000000000E+00
      1926  0.1249623402625727E+03  0.1039991435676267E+03  0.2071993902509770E+01  0.7993574452056567E+01  0.1089762834037970E+02  0.0000000000000000E+00
      1927  0.1215982292848834E+03  0.1007965120511567E+03  0.2023796058845929E+01  0.8023666867518315E+01  0.1075425430736243E+02  0.0000000000000000E+00
      1928  0.1239689613698818E+03  0.1028694016394846E+03  0.2155218610001549E+01  0.8242410490933274E+01  0.1070193062946228E+02  0.0000000000000000E+00
      1929  0.1175214576442748E+03  0.9732411868887763E+02  0.2029958444245901E+01  0.7813744047058501E+01  0.1035363646409285E+02  0.0000000000000000E+00
      1930  0.1223824184725227E+03  0.1022909499632704E+03  0.1997301369923682E+01  0.7699307682354316E+01  0.1039485945697450E+02  0.0000000000000000E+00
      1931  0.1221089935003555E+03  0.1014985381345858E+03  0.2016565539330073E+01  0.7981213654263700E+01  0.1061267617217590E+02  0.0000000000000000E+00
      1932  0.1219996086540417E+03  0.1010934592044888E+03  0.2192368700363176E+01  0.8180072034514799E+01  0.1053370871467480E+02  0.0000000000000000E+00
      1933  0.1250917154235281E+03  0.1044018021683079E+03  0.2184566103204864E+01  0.7824621417994195E+01  0.1068072573402107E+02  0.0000000000000000E+00
      1934  0.1263557060114824E+03  0.1053810391190110E+03  0.2139515785712220E+01  0.7947063526689311E+01  0.1088808758006990E+02  0.0000000000000000E+00
      1935  0.1300181788899549E+03  0.1082303934036778E+03  0.2156010732578720E+01  0.8527371797190467E+01  0.1110440295650799E+02  0.0000000000000000E+00
      1936  0.1269918052886939E+03  0.1063914073286919E+03  0.2198176110765620E+01  0.7747132986798844E+01  0.1065508886243740E+02  0.0000000000000000E+00
      1937  0.1262487527652560E+03  0.1053973922442311E+03  0.2111673097921208E+01  0.7908412901980217E+01  0.1083127452112330E+02  0.0000000000000000E+00
      1938  0.1294060143450396E+03  0.1077837971357585E+03  0.2234592691563880E+01  0.8140916110429302E+01  0.1124670840728785E+02  0.0000000000000000E+00
      1939  0.1162560481236405E+03  0.9616343969810976E+02  0.2062668013837214E+01  0.7511736293468573E+01  0.1051820411822499E+02  0.0000000000000000E+00
      1940  0.1236043474177404E+03  0.1029880427386790E+03  0.2178019032068747E+01  0.7784143557404827E+01  0.1065414208958773E+02  0.0000000000000000E+00
      1941  0.1330326705919075E+03  0.1111156590725748E+03  0.2195572903732137E+01  0.8443572547225370E+01  0.1127786606837498E+02  0.0000000000000000E+00
      1942  0.1242641182950049E+03  0.1029622528777074E+03  0.2105395197419070E+01  0.8435274145736070E+01  0.1076119607414230E+02  0.0000000000000000E+00
      1943  0.1291950884682368E+03  0.1080789828340098E+03  0.2219499830364778E+01  0.8070611642563533E+01  0.1082599416129870E+02  0.0000000000000000E+00
      1944  0.1242003768905895E+03  0.1033441475172539E+03  0.2089409729497676E+01  0.8167807028283514E+01  0.1059901261555449E+02  0.0000000000000000E+00
      1945  0.1289027197456541E+03  0.1079623727440838E+03  0.2129360769682347E+01  0.8074578147384045E+01  0.1073640808450393E+02  0.0000000000000000E+00
      1946  0.1173496698863251E+03  0.9708980026971523E+02  0.2093896620312250E+01  0.7768857010524401E+01  0.1039711598577325E+02  0.0000000000000000E+00
      1947  0.1318179761866077E+03  0.1097965235286293E+03  0.2151967870884478E+01  0.8728862771881383E+01  0.1114062201521246E+02  0.0000000000000000E+00
      1948  0.1253140533810603E+03  0.1037978694568480E+03  0.2047906629740959E+01  0.8532831008791502E+01  0.1093544628567980E+02  0.0000000000000000E+00
      1949  0.1256595335706541E+03  0.1048254447352102E+03  0.2084721692840844E+01  0.8143779303046591E+01  0.1060558783955645E+02  0.0000000000000000E+00
      1950  0.1221029637428167E+03  0.1020153344781816E+03  0.1965123010040183E+01  0.7592227858274812E+01  0.1053027839632013E+02  0.0000000000000000E+00
      1951  0.1281854863441029E+03  0.1071911357012464E+03  0.2124217609264104E+01  0.8181569152674809E+01  0.1068856388091775E+02  0.0000000000000000E+00
      1952  0.1281875010098302E+03  0.1070102784869477E+03  0.2230939561774480E+01  0.7962825005849566E+01  0.1098345795525844E+02  0.0000000000000000E+00
      1953  0.1314282079761587E+03  0.1103993718927481E+03  0.2270261637540582E+01  0.7947098418869050E+01  0.1081147602700089E+02  0.0000000000000000E+00
      1954  0.1304669502010102E+03  0.1092301174564163E+03  0.2299904970114848E+01  0.8173689668366629E+01  0.1076323810611244E+02  0.0000000000000000E+00
      1955  0.1261742481464124E+03  0.1051202746067171E+03  0.2273713099005667E+01  0.7858941172139008E+01  0.1092131926855074E+02  0.0000000000000000E+00
      1956  0.1225774014813030E+03  0.1020236457418013E+03  0.2209180760501536E+01  0.7924593474875818E+01  0.1041998150412426E+02  0.0000000000000000E+00
      1957  0.1249830109060372E+03  0.1040002748508132E+03  0.2075440844701516E+01  0.8011026284108823E+01  0.1089626892641353E+02  0.0000000000000000E+00
      1958  0.1216516028509623E+03  0.1008238077130843E+03  0.2025387743872578E+01  0.8036630201374415E+01  0.1076577719263093E+02  0.0000000000000000E+00
      1959  0.1238802518833950E+03  0.1027857306684879E+03  0.2152500539947174E+01  0.8244433093409922E+01  0.1069758758155001E+02  0.0000000000000000E+00
      1960  0.1175629421818005E+03  0.9734741916635383E+02  0.2028394763577874E+01  0.7828433359782277E+01  0.1035869489208677E+02  0.0000000000000000E+00
      1961  0.1223966232269281E+03  0.1023083446055698E+03  0.1992579584777577E+01  0.7684304869338948E+01  0.1041139416724161E+02  0.0000000000000000E+00
      1962  0.1221062166186035E+03  0.1015162373279846E+03  0.2017133319375454E+01  0.7973680256879700E+01  0.1059916571436372E+02  0.0000000000000000E+00
      1963  0.1220808560554644E+03  0.1011503314897587E+03  0.2191691148353589E+01  0.8208916187744963E+01  0.1052991722960728E+02  0.0000000000000000E+00
      1964  0.1252061649864906E+03  0.1044830067016796E+03  0.2181791465077103E+01  0.7850159288623511E+01  0.1069120753111046E+02  0.0000000000000000E+00
      1965  0.1262862777543441E+03  0.1053275864231571E+03  0.2139643435743912E+01  0.7944086951727016E+01  0.1087496094371629E+02  0.0000000000000000E+00
      1966  0.1301065231747442E+03  0.1083196211796020E+03  0.2152151411843499E+01  0.8522552471759820E+01  0.1111219811153886E+02  0.0000000000000000E+00
      1967  0.1270439284621795E+03  0.1064425182444771E+03  0.2196876397272637E+01  0.7750835072347130E+01  0.1065369874808254E+02  0.0000000000000000E+00
      1968  0.1265087038002350E+03  0.1056131575660415E+03  0.2112418603121493E+01  0.7930158272315084E+01  0.1085296935875702E+02  0.0000000000000000E+00
      1969  0.1294231314115781E+03  0.1077964942803503E+03  0.2234031600619728E+01  0.8148907009611404E+01  0.1124369852099679E+02  0.0000000000000000E+00
      1970  0.1162859616523096E+03  0.9619642783418114E+02  0.2063605055516566E+01  0.7516361088237256E+01  0.1050956767437465E+02  0.0000000000000000E+00
      1971  0.1236945745227253E+03  0.1030565442066119E+03  0.2174147302546594E+01  0.7796626630272385E+01  0.1066725638329440E+02  0.0000000000000000E+00
      1972  0.1330720652991413E+03  0.1111605754830794E+03  0.2195221957482134E+01  0.8430964629967011E+01  0.1128530322861255E+02  0.0000000000000000E+00
      1973  0.1242399115422044E+03  0.1029285551749049E+03  0.2106329110614748E+01  0.8436450597579364E+01  0.1076857665910542E+02  0.0000000000000000E+00
      1974  0.1292623842588036E+03  0.1081476967044693E+03  0.2215124022895618E+01  0.8062341847607110E+01  0.1083722168383156E+02  0.0000000000000000E+00
      1975  0.1242189160541463E+03  0.1033439468066120E+03  0.2088353859969973E+01  0.8174439030371225E+01  0.1061217635719317E+02  0.0000000000000000E+00
      1976  0.1289046987551157E+03  0.1079393067164990E+03  0.2125638996079690E+01  0.8091549823967220E+01  0.1074820321856984E+02  0.0000000000000000E+00
      1977  0.1174743527183271E+03  0.9715338211608761E+02  0.2095418237313210E+01  0.7790259192083441E+01  0.1043529317284279E+02  0.0000000000000000E+00
      1978  0.1317887353582331E+03  0.1097511863287102E+03  0.2155024370814197E+01  0.8740773966469446E+01  0.1114175069223927E+02  0.0000000000000000E+00
      1979  0.1254189564341525E+03  0.1038817284231134E+03  0.2050864055677077E+01  0.8541538113362435E+01  0.1094482584199955E+02  0.0000000000000000E+00
      1980  0.1257244720491107E+03  0.1048803841296124E+03  0.2083615285397938E+01  0.8153968965396526E+01  0.1060650366870380E+02  0.0000000000000000E+00
      1981  0.1221379667163907E+03  0.1020336427879497E+03  0.1963145574783845E+01  0.7593143026157052E+01  0.1054803532750010E+02  0.0000000000000000E+00
      1982  0.1281167280454964E+03  0.1071316360282738E+03  0.2126802190431454E+01  0.8179597911241965E+01  0.1067869191554917E+02  0.0000000000000000E+00
      1983  0.1281960228632200E+03  0.1070178318194220E+03  0.2232046732030831E+01  0.7967214581694367E+01  0.1097892973007285E+02  0.0000000000000000E+00
      1984  0.1313019956215650E+03  0.1103108691339733E+03  0.2268734939732649E+01  0.7941178858983659E+01  0.1078121268887542E+02  0.0000000000000000E+00
      1985  0.1304019981959148E+03  0.1092043364799117E+03  0.2295297361968852E+01  0.8160329341640887E+01  0.1074203501239339E+02  0.0000000000000000E+00
      1986  0.1261482342582275E+03  0.1050981657259175E+03  0.2274075154604176E+01  0.7850761576750706E+01  0.1092523180095507E+02  0.0000000000000000E+00
      1987  0.1225353354050991E+03  0.1019946519006438E+03  0.2211824721764537E+01  0.7908453551544697E+01  0.1042040523114601E+02  0.0000000000000000E+00
      1988  0.1249616719965709E+03  0.1039760122316418E+03  0.2078140293717925E+01  0.8005056668484045E+01  0.1090246280272721E+02  0.0000000000000000E+00
      1989  0.1217227789742104E+03  0.1008762316528661E+03  0.2027360336108199E+01  0.8054732530055967E+01  0.1076445445518000E+02  0.0000000000000000E+00
      1990  0.1240448174448127E+03  0.1029373092067287E+03  0.2156443990637427E+01  0.8250878643305668E+01  0.1070018560414090E+02  0.0000000000000000E+00
      1991  0.1175591030871663E+03  0.9735629241828678E+02  0.2023594410276107E+01  0.7832153676804121E+01  0.1034706258179923E+02  0.0000000000000000E+00
      1992  0.1222974697544508E+03  0.1022490289182983E+03  0.1993698172035909E+01  0.7678841323675508E+01  0.1037590134044109E+02  0.0000000000000000E+00
      1993  0.1220729809792153E+03  0.1014870092078893E+03  0.2014074090441694E+01  0.7977002195014249E+01  0.1059489548587011E+02  0.0000000000000000E+00
      1994  0.1220008390524425E+03  0.1010912582804838E+03  0.2187125807221060E+01  0.8197119731753974E+01  0.1052533523298352E+02  0.0000000000000000E+00
      1995  0.1251616453780460E+03  0.1044593010459258E+03  0.2182785871450908E+01  0.7849074185398392E+01  0.1067048427527094E+02  0.0000000000000000E+00
      1996  0.1263738500145844E+03  0.1053822386192015E+03  0.2140643401210403E+01  0.7956333525844205E+01  0.1089463446832820E+02  0.0000000000000000E+00
      1997  0.1300028649962225E+03  0.1082326582277297E+03  0.2153550923125753E+01  0.8523033382978989E+01  0.1109362246238805E+02  0.0000000000000000E+00
      1998  0.1270363570527993E+03  0.1064172988254536E+03  0.2194979259190711E+01  0.7772105899928462E+01  0.1065197306822649E+02  0.0000000000000000E+00
      1999  0.1264106948684244E+03  0.1055199238641029E+03  0.2110528350208817E+01  0.7937672998164381E+01  0.1084256965594828E+02  0.0000000000000000E+00
      2000  0.1294946336598150E+03  0.1078415181933503E+03  0.2238424595954794E+01  0.8161277973794331E+01  0.1125341289671550E+02  0.0000000000000000E+00
