      1801  0.2359371006861162E+00  0.2155135028608400E+00  0.5454082568269545E-02  0.7681220740195840E-01 -0.6184269214495210E-01  0.0000000000000000E+00
      1802 -0.2363327917077864E+01 -0.2233844557614976E+01 -0.3432321614397905E-01 -0.5005399585356985E-01 -0.4510614746533814E-01  0.0000000000000000E+00
      1803  0.4646146337125845E+00  0.3644195346173111E+00 -0.2637586394938226E-01  0.4900801121154048E-01  0.7756295183311558E-01  0.0000000000000000E+00
      1804 -0.2483721477019850E+01 -0.2458364253992163E+01  0.1785668218806504E-01  0.3943608693014352E-01 -0.8264999214589537E-01  0.0000000000000000E+00
      1805 -0.4210317779795817E+00 -0.2070011998196672E+00 -0.3425670691981353E-01 -0.8022801235105899E-01 -0.9954585888903988E-01  0.0000000000000000E+00
      1806 -0.3888447010806396E+01 -0.3464855159222692E+01 -0.6430196968874412E-01 -0.1697898220377476E+00 -0.1895000598572093E+00  0.0000000000000000E+00
      1807  0.1119187193561168E+01  0.1032608617045594E+01 -0.1848875911165861E-01  0.9861006985864693E-01  0.6457265768586821E-02  0.0000000000000000E+00
      1808  0.1484351404291269E+00 -0.3455022060056973E-01  0.2434361504074598E-01  0.1512331930447577E+00  0.7408552944194193E-02  0.0000000000000000E+00
      1809  0.2176480328324324E+01  0.2112430384120852E+01  0.1224071722477740E-01 -0.5281601995228163E-01  0.1046252469309759E+00  0.0000000000000000E+00
      1810 -0.3511991729379756E+01 -0.3212343347930972E+01  0.1562658591730210E-01 -0.1899330338493596E+00 -0.1253419335167308E+00  0.0000000000000000E+00
      1811 -0.3815154349559384E+00 -0.5152442253710868E+00  0.1303004854692326E-01  0.2088743595615247E+00 -0.8817561769329965E-01  0.0000000000000000E+00
      1812 -0.1704133774958550E+01 -0.1275089287939893E+01 -0.3128752177396377E-02 -0.2629917909155645E+00 -0.1629239439256937E+00  0.0000000000000000E+00
      1813 -0.1249615054129046E+01 -0.1132291986123825E+01 -0.5990867065081509E-02 -0.1703185993493264E-01 -0.9430034100520483E-01  0.0000000000000000E+00
      1814  0.1101085158675302E+01  0.8229602073969565E+00  0.1785346791310497E-01  0.7226117211027239E-01  0.1880103112549704E+00  0.0000000000000000E+00
      1815  0.2323191317702304E+01  0.2124270141129134E+01  0.2014899401294841E-01 -0.6034765611820339E-01  0.2391198386784264E+00  0.0000000000000000E+00
      1816  0.3453251527341416E+01  0.3148160155590674E+01  0.3185053492746366E-01  0.8904185034049328E-01  0.1841989864827871E+00  0.0000000000000000E+00
      1817  0.2127354416752312E+01  0.1734122077792958E+01  0.9812932412792932E-02  0.1820825265671043E+00  0.2013368799794606E+00  0.0000000000000000E+00
      1818 -0.1085481910966452E+01 -0.1158267404743700E+01 -0.3092265706223254E-01  0.1022376462848394E+00  0.1470504554641310E-02  0.0000000000000000E+00
      1819  0.2005204429413034E+01  0.2104216741885404E+01  0.2389346640771853E-05 -0.7181122017046099E-01 -0.2720348164854875E-01  0.0000000000000000E+00
      1820  0.2295288749684125E+01  0.2157789509915171E+01 -0.3516150911102977E-02  0.8178934734007011E-01  0.5922604333998448E-01  0.0000000000000000E+00
      1821 -0.5023411879441496E+01 -0.4435849997863778E+01 -0.3574673196796756E-01 -0.2849252396410771E+00 -0.2668899099686717E+00  0.0000000000000000E+00
      1822  0.2515923031422891E+01  0.2353906933153269E+01  0.1984866815123493E-01  0.8723675379101332E-01  0.5493067632737642E-01  0.0000000000000000E+00
      1823 -0.2606745253667912E+01 -0.2655018947685255E+01 -0.5402216287320909E-01  0.1047785237945819E+00 -0.2482666904030196E-02  0.0000000000000000E+00
      1824 -0.2651226576799700E+01 -0.2590194920799484E+01 -0.2040230340954670E-01  0.3311503092752934E-01 -0.7374438351819693E-01  0.0000000000000000E+00
      1825  0.1615062402521664E+01  0.1564416496381694E+01  0.8030381060011190E-02  0.2454119654397161E-01  0.1807432853598933E-01  0.0000000000000000E+00
      1826  0.5639705608625101E+00  0.8328973929618367E+00 -0.2451241077902559E-01 -0.2459118304412786E+00  0.1497409120978521E-02  0.0000000000000000E+00
      1827  0.2553752847300679E+00  0.1828743570242798E+00  0.1959569057028517E-01  0.1009119731447179E+00 -0.4800673600921487E-01  0.0000000000000000E+00
      1828  0.1269266394516877E+01  0.1200316467548289E+01  0.1990294672134928E-01 -0.3891872133162993E-01  0.8796570157887125E-01  0.0000000000000000E+00
      1829  0.1535023776291239E+01  0.1472734043176968E+01  0.2203479331596364E-02 -0.8623506251331915E-02  0.6870976003400571E-01  0.0000000000000000E+00
      1830  0.2060544695890059E+01  0.1967162663010770E+01  0.2372921433832853E-01  0.1032473602872190E+00 -0.3359454174625735E-01  0.0000000000000000E+00
      1831 -0.9733423641824694E+00 -0.8490758922104104E+00  0.2696291810477143E-01 -0.1195669772709003E+00 -0.3166241280593153E-01  0.0000000000000000E+00
      1832 -0.8272898178103774E-01 -0.2045469990231609E+00 -0.3610400104745379E-02  0.1103072605580987E+00  0.1512115678877032E-01  0.0000000000000000E+00
      1833 -0.2658493955447282E+01 -0.2516425657896215E+01 -0.3575744319656254E-01 -0.5553648511861785E-01 -0.5077436923588938E-01  0.0000000000000000E+00
      1834  0.3241941321247502E+00  0.2557570618244509E+00 -0.2658044991200631E-01  0.3780724195272873E-01  0.5721027825957758E-01  0.0000000000000000E+00
      1835 -0.2420454363820165E+01 -0.2384788010247288E+01  0.1939567733093508E-01  0.3397137286590753E-01 -0.8903340376972060E-01  0.0000000000000000E+00
      1836 -0.4137205199500410E+00 -0.2111734080897998E+00 -0.3286189683216403E-01 -0.7248913305232392E-01 -0.9719608197575268E-01  0.0000000000000000E+00
      1837 -0.3862272098625337E+01 -0.3419783078130571E+01 -0.6683748982375350E-01 -0.1833192458710672E+00 -0.1923322847999489E+00  0.0000000000000000E+00
      1838  0.1195135186987532E+01  0.1103688986891213E+01 -0.1916037256869658E-01  0.1022497251036627E+00  0.8356847561354344E-02  0.0000000000000000E+00
      1839  0.1458546775062914E+00 -0.4788127396908526E-01  0.2608266055090949E-01  0.1490745793740475E+00  0.1857871155041874E-01  0.0000000000000000E+00
      1840  0.2182831078035552E+01  0.2090766515599253E+01  0.1381733851818383E-01 -0.4663298439438297E-01  0.1248802083124999E+00  0.0000000000000000E+00
      1841 -0.3525139828187551E+01 -0.3229318668268123E+01  0.1589436596142307E-01 -0.1970140508804072E+00 -0.1147014750004453E+00  0.0000000000000000E+00
      1842 -0.3564099506230826E+00 -0.4911355468420671E+00  0.1126476748604454E-01  0.2092995751818296E+00 -0.8583874644888986E-01  0.0000000000000000E+00
      1843 -0.1605811093183716E+01 -0.1185511661037925E+01 -0.2716728638515112E-02 -0.2554077855805702E+00 -0.1621749179267074E+00  0.0000000000000000E+00
      1844 -0.1227404209785817E+01 -0.1097364376039868E+01 -0.8363825069261593E-02 -0.2110697932569076E-01 -0.1005690293509960E+00  0.0000000000000000E+00
      1845  0.1089684653720018E+01  0.8288338487282023E+00  0.1969222300993664E-01  0.6733591032330094E-01  0.1738226716585781E+00  0.0000000000000000E+00
      1846  0.2327879226425567E+01  0.2128452920658624E+01  0.2012809531447678E-01 -0.4622127404536474E-01  0.2255194844978330E+00  0.0000000000000000E+00
      1847  0.3442075934882313E+01  0.3141726821843802E+01  0.3174481329081565E-01  0.8713285398129443E-01  0.1814714457664005E+00  0.0000000000000000E+00
      1848  0.2137177123613828E+01  0.1744835089858322E+01  0.9806428563542094E-02  0.1830114186887418E+00  0.1995241865032207E+00  0.0000000000000000E+00
      1849 -0.1072026837166387E+01 -0.1157703568207126E+01 -0.3042311851439071E-01  0.1055120968461849E+00  0.1058775270894532E-01  0.0000000000000000E+00
      1850  0.2057707119928135E+01  0.2163039791765061E+01  0.4726230325984362E-03 -0.7436184522651174E-01 -0.3144344964301302E-01  0.0000000000000000E+00
      1851  0.2241010924483148E+01  0.2113820915705820E+01 -0.4850356960966209E-02  0.8238773994771574E-01  0.4965262579057794E-01  0.0000000000000000E+00
      1852 -0.4969574425525527E+01 -0.4383432715027279E+01 -0.3748607097571922E-01 -0.2879620885611720E+00 -0.2606935509613608E+00  0.0000000000000000E+00
      1853  0.2563345938252982E+01  0.2385839351825400E+01  0.2050649544118864E-01  0.9573685713731299E-01  0.6126323384907825E-01  0.0000000000000000E+00
      1854 -0.2500821461114032E+01 -0.2567551167963857E+01 -0.5503995826382848E-01  0.1110894842102617E+00  0.1068018090339530E-01  0.0000000000000000E+00
      1855 -0.2614445540218841E+01 -0.2542773491672543E+01 -0.2266188765272845E-01  0.2628733113823029E-01 -0.7529749203179795E-01  0.0000000000000000E+00
      1856  0.1571476013726238E+01  0.1531315029386758E+01  0.9881603061388192E-02  0.1765316792160133E-01  0.1262621335648972E-01  0.0000000000000000E+00
      1857  0.5593744984781756E+00  0.8207068341275420E+00 -0.2269020276234109E-01 -0.2317591737401486E+00 -0.6882959146875721E-02  0.0000000000000000E+00
      1858  0.2229028900874191E+00  0.1579329379271181E+00  0.2024305800095047E-01  0.9297709385514615E-01 -0.4825019969579727E-01  0.0000000000000000E+00
      1859  0.1272794334124711E+01  0.1205350704019242E+01  0.1873736223294578E-01 -0.4133386950539812E-01  0.9004013737792081E-01  0.0000000000000000E+00
      1860  0.1510209063264965E+01  0.1452826210350354E+01  0.2300230310319478E-02 -0.8353586593078801E-02  0.6343620919737229E-01  0.0000000000000000E+00
      1861  0.2107544018671903E+01  0.1999761770504778E+01  0.2392543870188072E-01  0.1128480980369720E+00 -0.2899128857173420E-01  0.0000000000000000E+00
      1862 -0.1022842606313121E+01 -0.8806951309919595E+00  0.2764932215823808E-01 -0.1319682011176808E+00 -0.3782859636171802E-01  0.0000000000000000E+00
      1863 -0.9985965081484177E-01 -0.2049026929907403E+00 -0.1578440825270112E-02  0.9617698216828499E-01  0.1044450083288443E-01  0.0000000000000000E+00
      1864 -0.2530076939970898E+01 -0.2395036756823010E+01 -0.3638253671147621E-01 -0.5065608451271694E-01 -0.4800156192369549E-01  0.0000000000000000E+00
      1865  0.5091495927043209E+00  0.4123591608118422E+00 -0.2531862375563338E-01  0.4277392540749052E-01  0.7933513024062064E-01  0.0000000000000000E+00
      1866 -0.2407029031925401E+01 -0.2376842957501150E+01  0.2191775161939453E-01  0.3502073177321602E-01 -0.8712455781686021E-01  0.0000000000000000E+00
      1867 -0.3714791917105068E+00 -0.1756259368726372E+00 -0.2971478326390881E-01 -0.7241675029738649E-01 -0.9372172127657392E-01  0.0000000000000000E+00
      1868 -0.3891424047567781E+01 -0.3461094006656822E+01 -0.6344718210164903E-01 -0.1726482942400860E+00 -0.1942345645692198E+00  0.0000000000000000E+00
      1869  0.1180550285518058E+01  0.1092473098044588E+01 -0.1762391731643029E-01  0.1010749658153903E+00  0.4626138974509153E-02  0.0000000000000000E+00
      1870  0.1556713618948214E+00 -0.3576869178294444E-01  0.2586697605783959E-01  0.1512147083563019E+00  0.1435836926362392E-01  0.0000000000000000E+00
      1871  0.2203326095188443E+01  0.2102737746674644E+01  0.1394411125828973E-01 -0.3978663592177971E-01  0.1264308731772900E+00  0.0000000000000000E+00
      1872 -0.3535809103082058E+01 -0.3246616100934046E+01  0.1626479818966065E-01 -0.1982324679907788E+00 -0.1072253323468895E+00  0.0000000000000000E+00
      1873 -0.3121201514602882E+00 -0.4507576887015218E+00  0.1044626179979269E-01  0.2199762621864908E+00 -0.9178498674504998E-01  0.0000000000000000E+00
      1874 -0.1618947689043860E+01 -0.1180072741316089E+01 -0.3581858913005815E-02 -0.2728728480009446E+00 -0.1624202408138193E+00  0.0000000000000000E+00
      1875 -0.1252285018163976E+01 -0.1130243986020638E+01 -0.6535690002864198E-02 -0.1804157958900897E-01 -0.9746376255146720E-01  0.0000000000000000E+00
      1876  0.1083502874854944E+01  0.8253048182354836E+00  0.2036633784944740E-01  0.6380765709027840E-01  0.1740240616797353E+00  0.0000000000000000E+00
      1877  0.2382404745781376E+01  0.2168944260633626E+01  0.2073404953666523E-01 -0.4287067608015815E-01  0.2355971116912443E+00  0.0000000000000000E+00
      1878  0.3496639898965923E+01  0.3198325428853221E+01  0.3075177678849775E-01  0.8855215444757064E-01  0.1790105388766336E+00  0.0000000000000000E+00
      1879  0.2164656727127676E+01  0.1769969909538539E+01  0.1172691297429903E-01  0.1827174142417083E+00  0.2002424903731276E+00  0.0000000000000000E+00
      1880 -0.9955862551883523E+00 -0.1104740066474125E+01 -0.2864956815910285E-01  0.1189697331657183E+00  0.1883364627915647E-01  0.0000000000000000E+00
      1881  0.2100062047122199E+01  0.2198998372969520E+01 -0.7800889977222294E-04 -0.7259556829763826E-01 -0.2626274864991389E-01  0.0000000000000000E+00
      1882  0.2301124790455010E+01  0.2169283860109299E+01 -0.5629059787095492E-02  0.8359568780945068E-01  0.5387430232335695E-01  0.0000000000000000E+00
      1883 -0.4957558913233388E+01 -0.4362235000229715E+01 -0.3743639219704689E-01 -0.2964810726175870E+00 -0.2614064481890463E+00  0.0000000000000000E+00
      1884  0.2560112850293688E+01  0.2398333341203538E+01  0.2202212723514753E-01  0.8498156085428714E-01  0.5477582100071425E-01  0.0000000000000000E+00
      1885 -0.2526813201802512E+01 -0.2580684173596973E+01 -0.5145611457212004E-01  0.1011417804864381E+00  0.4185305880141668E-02  0.0000000000000000E+00
      1886 -0.2610604113939011E+01 -0.2556885408501349E+01 -0.2179170974591222E-01  0.4002626003414476E-01 -0.7195325572589521E-01  0.0000000000000000E+00
      1887  0.1623725700078493E+01  0.1561249127901024E+01  0.8286369477474015E-02  0.2721108110315337E-01  0.2697912159684346E-01  0.0000000000000000E+00
      1888  0.5330777247969961E+00  0.8011783208199577E+00 -0.2474120209278386E-01 -0.2367391646059125E+00 -0.6620229324264992E-02  0.0000000000000000E+00
      1889  0.2367915922542041E+00  0.1644430922881994E+00  0.2136495886128830E-01  0.1039015524038335E+00 -0.5291801129911672E-01  0.0000000000000000E+00
      1890  0.1268667713845940E+01  0.1199547953886465E+01  0.2021078862916869E-01 -0.4452260279655890E-01  0.9343157412686939E-01  0.0000000000000000E+00
      1891  0.1561938535979892E+01  0.1502620917416687E+01  0.6654300721838621E-02 -0.1104810036161439E-01  0.6371141820298157E-01  0.0000000000000000E+00
      1892  0.2085473332866562E+01  0.1987280567629548E+01  0.2303281696325242E-01  0.1105480270969055E+00 -0.3538807882314367E-01  0.0000000000000000E+00
      1893 -0.9644416721205921E+00 -0.8575270024998849E+00  0.2725252003957784E-01 -0.1119508821335071E+00 -0.2221630752677720E-01  0.0000000000000000E+00
      1894 -0.8278362719047080E-01 -0.1970997443961108E+00 -0.1417391453684422E-03  0.9881738661522427E-01  0.1564046973578280E-01  0.0000000000000000E+00
      1895 -0.2467552508042972E+01 -0.2332838188452170E+01 -0.3325420126734240E-01 -0.4953918285713373E-01 -0.5192093546632986E-01  0.0000000000000000E+00
      1896  0.4204346191127590E+00  0.3370820992578343E+00 -0.2423933127636201E-01  0.3630273176449241E-01  0.7128911936679520E-01  0.0000000000000000E+00
      1897 -0.2465954496113064E+01 -0.2430260893145169E+01  0.2150614077322966E-01  0.4205475843022345E-01 -0.9925450217134824E-01  0.0000000000000000E+00
      1898 -0.3634151897341519E+00 -0.1451402601642185E+00 -0.2996567034540468E-01 -0.8895293106852807E-01 -0.9935632815599821E-01  0.0000000000000000E+00
      1899 -0.3891763138294378E+01 -0.3455980507441872E+01 -0.6632777459229169E-01 -0.1714605850905119E+00 -0.1979942711697062E+00  0.0000000000000000E+00
      1900  0.1204942158198401E+01  0.1091081212877091E+01 -0.1512381824686861E-01  0.1133552450006954E+00  0.1562951856748086E-01  0.0000000000000000E+00
      1901  0.1358454813670662E+00 -0.6836808949795788E-01  0.2952025355928892E-01  0.1576172217940444E+00  0.1707609551169098E-01  0.0000000000000000E+00
      1902  0.2133795363957415E+01  0.2057307440036836E+01  0.1384129861092773E-01 -0.5597790208083332E-01  0.1186245273904854E+00  0.0000000000000000E+00
      1903 -0.3504129598932329E+01 -0.3212685403886518E+01  0.1655457300576767E-01 -0.1957763202552850E+00 -0.1122224477962926E+00  0.0000000000000000E+00
      1904 -0.3221331736158687E+00 -0.4727195973269557E+00  0.1231248667501245E-01  0.2164597967452555E+00 -0.7818585970918113E-01  0.0000000000000000E+00
      1905 -0.1628188331066653E+01 -0.1199951476623407E+01 -0.2283782412691968E-02 -0.2692804459000854E+00 -0.1566726261304704E+00  0.0000000000000000E+00
      1906 -0.1257614054049702E+01 -0.1130467743651409E+01 -0.5128943698607445E-02 -0.1818672489792026E-01 -0.1038306418017643E+00  0.0000000000000000E+00
      1907  0.1094483327284304E+01  0.8370221346171082E+00  0.2195939557870293E-01  0.6411205317028147E-01  0.1713897439182134E+00  0.0000000000000000E+00
      1908  0.2361057586113737E+01  0.2156775765650441E+01  0.2079755542706258E-01 -0.4366350739765388E-01  0.2271477724338890E+00  0.0000000000000000E+00
      1909  0.3537568146783306E+01  0.3208804817036661E+01  0.3276164025971132E-01  0.1078244861373168E+00  0.1881772033496192E+00  0.0000000000000000E+00
      1910  0.2207787811223189E+01  0.1811925139905298E+01  0.1448303976868559E-01  0.1690794729676422E+00  0.2123001585815606E+00  0.0000000000000000E+00
      1911 -0.9521093806664428E+00 -0.1066616557639016E+01 -0.2898498887025117E-01  0.1241901155650968E+00  0.1930205027773110E-01  0.0000000000000000E+00
      1912  0.2134748921894039E+01  0.2234744933852835E+01  0.1930072797580002E-02 -0.7783522038714433E-01 -0.2409086436923103E-01  0.0000000000000000E+00
      1913  0.2316063994593757E+01  0.2189090870682731E+01 -0.2313137744874997E-02  0.8228826392759275E-01  0.4699799772830941E-01  0.0000000000000000E+00
      1914 -0.4960656569718815E+01 -0.4366396956777542E+01 -0.3615626521494554E-01 -0.2891347201233102E+00 -0.2689686276030169E+00  0.0000000000000000E+00
      1915  0.2566229638105245E+01  0.2382397515379906E+01  0.2183700336679359E-01  0.9827956824379507E-01  0.6371555111474998E-01  0.0000000000000000E+00
      1916 -0.2535852107993805E+01 -0.2593735090567908E+01 -0.5148209367393510E-01  0.1056894260671938E+00  0.3675650180839537E-02  0.0000000000000000E+00
      1917 -0.2653859043480689E+01 -0.2578002607695849E+01 -0.2032927518875861E-01  0.2600251080449269E-01 -0.8152967140057726E-01  0.0000000000000000E+00
      1918  0.1613016692203700E+01  0.1550607583683965E+01  0.9958325260091159E-02  0.3729829541528455E-01  0.1515248784435906E-01  0.0000000000000000E+00
      1919  0.5310173488980785E+00  0.8153291856888402E+00 -0.2203117690258124E-01 -0.2591191011042008E+00 -0.3161558783976726E-02  0.0000000000000000E+00
      1920  0.3369474341279819E+00  0.2620750493008346E+00  0.2323916200054557E-01  0.1040215678798114E+00 -0.5238834505320918E-01  0.0000000000000000E+00
      1921  0.1359419674646783E+01  0.1268831531976882E+01  0.2070740871874784E-01 -0.2489355664708873E-01  0.9477429059824199E-01  0.0000000000000000E+00
      1922  0.1590211143414948E+01  0.1532606865549573E+01  0.5160848457481331E-02 -0.1576119315435218E-01  0.6820462256224905E-01  0.0000000000000000E+00
      1923  0.2093826204978656E+01  0.1998469890045131E+01  0.2300337996134356E-01  0.1115445070272162E+00 -0.3919157205503331E-01  0.0000000000000000E+00
      1924 -0.9450392507185478E+00 -0.8245236557519335E+00  0.2712458819874171E-01 -0.1178048395878977E+00 -0.2983534357745703E-01  0.0000000000000000E+00
      1925 -0.1834498044881459E-01 -0.1511642626926068E+00 -0.7172788406851170E-03  0.1121340218415684E+00  0.2140253924290822E-01  0.0000000000000000E+00
      1926 -0.2573241669663318E+01 -0.2428888592999797E+01 -0.3464088793349188E-01 -0.5946592292997058E-01 -0.5024626580005843E-01  0.0000000000000000E+00
      1927  0.4680187283266940E+00  0.3887630381871078E+00 -0.2442200262895702E-01  0.3680080595352159E-01  0.6687688681502199E-01  0.0000000000000000E+00
      1928 -0.2406542491947948E+01 -0.2387911845811707E+01  0.2358806462699217E-01  0.4208540893992168E-01 -0.8430411970315047E-01  0.0000000000000000E+00
      1929 -0.3846009721481384E+00 -0.1841370537189085E+00 -0.2432047655634269E-01 -0.8643517155817974E-01 -0.8970827031470524E-01  0.0000000000000000E+00
      1930 -0.3848308391984292E+01 -0.3431758467248708E+01 -0.6400168598389394E-01 -0.1583088375433351E+00 -0.1942394012083584E+00  0.0000000000000000E+00
      1931  0.1176554673408689E+01  0.1074687301954256E+01 -0.1897637790438964E-01  0.1075110854348778E+00  0.1333266392394447E-01  0.0000000000000000E+00
      1932  0.1456187625909291E+00 -0.5488086263072771E-01  0.3069316121157302E-01  0.1490517173066247E+00  0.2075474670345820E-01  0.0000000000000000E+00
      1933  0.2137779188039868E+01  0.2055858891947587E+01  0.1373501115479156E-01 -0.5196791146936493E-01  0.1201531964068541E+00  0.0000000000000000E+00
      1934 -0.3471271259730307E+01 -0.3182471411041789E+01  0.1483955024007669E-01 -0.1872057785441645E+00 -0.1164336203844274E+00  0.0000000000000000E+00
      1935 -0.2946758850172621E+00 -0.4426562518918006E+00  0.1249516712657555E-01  0.2192371254728697E+00 -0.8375192572490651E-01  0.0000000000000000E+00
      1936 -0.1661832815564720E+01 -0.1219445772102731E+01 -0.3011445178579796E-02 -0.2754573698479261E+00 -0.1639182284354795E+00  0.0000000000000000E+00
      1937 -0.1261080081512783E+01 -0.1112753622411830E+01 -0.8213655393599471E-02 -0.3182264710367721E-01 -0.1082901566036772E+00  0.0000000000000000E+00
      1938  0.1184469180203253E+01  0.9158006476304978E+00  0.2025759946791102E-01  0.7270166380598865E-01  0.1757092692988553E+00  0.0000000000000000E+00
      1939  0.2439238170331012E+01  0.2219179953671903E+01  0.2209179964357414E-01 -0.3817596079911213E-01  0.2361423778146449E+00  0.0000000000000000E+00
      1940  0.3474574531593082E+01  0.3164126726011401E+01  0.3370364538313328E-01  0.9684256803371120E-01  0.1799015921648347E+00  0.0000000000000000E+00
      1941  0.2208612612919278E+01  0.1813149610361636E+01  0.1092486858525753E-01  0.1869608954864801E+00  0.1975772384859065E+00  0.0000000000000000E+00
      1942 -0.9940096496922534E+00 -0.1088392736718398E+01 -0.2750143269010734E-01  0.1147840245381947E+00  0.7100495178056561E-02  0.0000000000000000E+00
      1943  0.2100537928522654E+01  0.2200043650410571E+01  0.9470528411982850E-03 -0.7281181944619414E-01 -0.2764095528292231E-01  0.0000000000000000E+00
      1944  0.2301676514894289E+01  0.2159815241078994E+01 -0.2550982021110651E-02  0.9068644240829166E-01  0.5372581342811656E-01  0.0000000000000000E+00
      1945 -0.4997738446663189E+01 -0.4392537985269160E+01 -0.3638570125189095E-01 -0.3047732711847822E+00 -0.2640414889573566E+00  0.0000000000000000E+00
      1946  0.2590498611263349E+01  0.2410622898917832E+01  0.2219921308881850E-01  0.1025376693448285E+00  0.5513882991186974E-01  0.0000000000000000E+00
      1947 -0.2478209550397706E+01 -0.2550535705487705E+01 -0.5177865990062441E-01  0.1084196457976678E+00  0.1568516919295617E-01  0.0000000000000000E+00
      1948 -0.2665542246463902E+01 -0.2600750588099605E+01 -0.1953595143358310E-01  0.2343368325973874E-01 -0.6868939019045078E-01  0.0000000000000000E+00
      1949  0.1657657952211879E+01  0.1585817834915328E+01  0.1389113636092520E-01  0.3545270485428435E-01  0.2249627608134107E-01  0.0000000000000000E+00
      1950  0.5961439669425437E+00  0.8621462035148163E+00 -0.2235512999604831E-01 -0.2447667746116953E+00  0.1119668035473601E-02  0.0000000000000000E+00
      1951  0.3101260624424588E+00  0.2222994222894823E+00  0.2509671431525000E-01  0.1085124285098079E+00 -0.4578250267207953E-01  0.0000000000000000E+00
      1952  0.1305052533584341E+01  0.1225489915526117E+01  0.2093625554397330E-01 -0.3363658912756497E-01  0.9226295164181986E-01  0.0000000000000000E+00
      1953  0.1600366576240710E+01  0.1538644485800995E+01  0.2802146288810191E-02 -0.1003973334302525E-01  0.6895967749392870E-01  0.0000000000000000E+00
      1954  0.2053547323272956E+01  0.1951522052086795E+01  0.2676065734895259E-01  0.1104931246702505E+00 -0.3522851083304175E-01  0.0000000000000000E+00
      1955 -0.9114317703890504E+00 -0.7888409533549335E+00  0.3048857655768977E-01 -0.1269499607542063E+00 -0.2612943283760073E-01  0.0000000000000000E+00
      1956 -0.1654718094155931E-01 -0.1573995389426114E+00  0.6124434808917331E-02  0.1158489108087202E+00  0.1887901238341496E-01  0.0000000000000000E+00
      1957 -0.2473618057061518E+01 -0.2346402436850160E+01 -0.3109916948960187E-01 -0.4951035036211894E-01 -0.4660610035963843E-01  0.0000000000000000E+00
      1958  0.4990425914062797E+00  0.4060940818027123E+00 -0.2055269690457699E-01  0.4265379369054405E-01  0.7084741281759944E-01  0.0000000000000000E+00
      1959 -0.2473434721233954E+01 -0.2446020528705931E+01  0.2536225696299437E-01  0.3759860483432035E-01 -0.9037505432533693E-01  0.0000000000000000E+00
      1960 -0.3520394029521100E+00 -0.1553515406013543E+00 -0.2149564849600960E-01 -0.8238508788437712E-01 -0.9280712597036915E-01  0.0000000000000000E+00
      1961 -0.3848600352879149E+01 -0.3423549143946338E+01 -0.6408682949776597E-01 -0.1743651336443603E+00 -0.1865992457906856E+00  0.0000000000000000E+00
      1962  0.1221610362051920E+01  0.1111550100477156E+01 -0.1470507144541781E-01  0.1124876215484917E+00  0.1227771147168978E-01  0.0000000000000000E+00
      1963  0.2247186263125701E+00  0.5125572829582078E-02  0.3703085157556028E-01  0.1645325929333799E+00  0.1802960897404717E-01  0.0000000000000000E+00
      1964  0.2189744304234626E+01  0.2093838067752008E+01  0.1813478593657625E-01 -0.4748699162359986E-01  0.1252584421696364E+00  0.0000000000000000E+00
      1965 -0.3595402732755646E+01 -0.3285610353719202E+01  0.1969452006965538E-01 -0.2053944600379707E+00 -0.1240924390681264E+00  0.0000000000000000E+00
      1966 -0.2729764393648813E+00 -0.4275366326958907E+00  0.1703056389646173E-01  0.2218477278058834E+00 -0.8431809837133572E-01  0.0000000000000000E+00
      1967 -0.1688895508074570E+01 -0.1239294812885772E+01 -0.3029098796053190E-03 -0.2809736756134999E+00 -0.1683241096956932E+00  0.0000000000000000E+00
      1968 -0.1178890373198613E+01 -0.1054089250694393E+01 -0.3680058176346077E-02 -0.2053434442219798E-01 -0.1005867199056759E+00  0.0000000000000000E+00
      1969  0.1143368407258517E+01  0.8709851220661637E+00  0.2622635582623623E-01  0.6912633940978884E-01  0.1770305899563279E+00  0.0000000000000000E+00
      1970  0.2450945146883819E+01  0.2222670041364255E+01  0.3075500888564126E-01 -0.3459518462414814E-01  0.2321152812580763E+00  0.0000000000000000E+00
      1971  0.3527827801764923E+01  0.3200456654023203E+01  0.4263506332662100E-01  0.1054577225280171E+00  0.1792783618870849E+00  0.0000000000000000E+00
      1972  0.2218366563855997E+01  0.1803211890951655E+01  0.1976185750487890E-01  0.1911153330761271E+00  0.2042774823233369E+00  0.0000000000000000E+00
      1973 -0.1031380320764011E+01 -0.1142808966246941E+01 -0.2454920939027830E-01  0.1249567909671201E+00  0.1102106390608905E-01  0.0000000000000000E+00
      1974  0.2089777277591328E+01  0.2190312582335797E+01  0.7847373556978725E-02 -0.8070122081849285E-01 -0.2768145748295419E-01  0.0000000000000000E+00
      1975  0.2338931065188928E+01  0.2167878157664375E+01  0.4402071825576022E-02  0.1047717966270938E+00  0.6187903907188415E-01  0.0000000000000000E+00
      1976 -0.5018767466435847E+01 -0.4424318920565872E+01 -0.3046990038517165E-01 -0.3013986330049099E+00 -0.2625800124798921E+00  0.0000000000000000E+00
      1977  0.2693723840849561E+01  0.2472363179186930E+01  0.2670894342116610E-01  0.1259018110176952E+00  0.6874990722376695E-01  0.0000000000000000E+00
      1978 -0.2587820001648155E+01 -0.2654682264516182E+01 -0.4615217534730533E-01  0.1026214600874878E+00  0.1039297812784708E-01  0.0000000000000000E+00
      1979 -0.2631369984421834E+01 -0.2571001147134603E+01 -0.1422268523391292E-01  0.2469648987249153E-01 -0.7084264192581476E-01  0.0000000000000000E+00
      1980  0.1627235401242114E+01  0.1548884303386497E+01  0.2395613489001978E-01  0.4022106046674850E-01  0.1417390249884968E-01  0.0000000000000000E+00
      1981  0.5340778287808691E+00  0.8017562068151791E+00 -0.1761599535258206E-01 -0.2504297189682834E+00  0.3673362865543269E-03  0.0000000000000000E+00
      1982  0.3190063906826585E+00  0.2323520178563144E+00  0.3454076464911963E-01  0.1040786349147157E+00 -0.5196502673749243E-01  0.0000000000000000E+00
      1983  0.1414382479702784E+01  0.1320392391440200E+01  0.3282798476273194E-01 -0.2856710438877727E-01  0.8972920788863042E-01  0.0000000000000000E+00
      1984  0.1585470320062750E+01  0.1534993569493211E+01  0.1184545164911135E-01 -0.1919440208317250E-01  0.5782570100360140E-01  0.0000000000000000E+00
      1985  0.2144297803239731E+01  0.2031228953844546E+01  0.4260044917207632E-01  0.1117464052158528E+00 -0.4127800499274017E-01  0.0000000000000000E+00
      1986 -0.8994256651057736E+00 -0.7837355789875075E+00  0.3917885976474551E-01 -0.1313182879717637E+00 -0.2355065791124815E-01  0.0000000000000000E+00
      1987 -0.6227602263807072E-02 -0.1584614791432390E+00  0.1781643853872005E-01  0.1120302318778313E+00  0.2238720646288024E-01  0.0000000000000000E+00
      1988 -0.2496110828374914E+01 -0.2382613895350969E+01 -0.3009077345695984E-01 -0.4483181143521026E-01 -0.3857434813177056E-01  0.0000000000000000E+00
      1989  0.5450759108292624E+00  0.4243805365348978E+00 -0.1721898365234080E-01  0.6508117896146071E-01  0.7283317898524309E-01  0.0000000000000000E+00
      1990 -0.2352102183237165E+01 -0.2327434685656852E+01  0.3154877087622184E-01  0.3364091224207640E-01 -0.8985718069861043E-01  0.0000000000000000E+00
      1991 -0.3091887760590347E+00 -0.1102575192694386E+00 -0.1602355209631806E-01 -0.8515303887687717E-01 -0.9775466581640073E-01  0.0000000000000000E+00
      1992 -0.3909288971252317E+01 -0.3466963718880495E+01 -0.6233864634224847E-01 -0.1761373289031734E+00 -0.2038492771263982E+00  0.0000000000000000E+00
      1993  0.1229200577202235E+01  0.1118214901471901E+01 -0.1277121121921394E-01  0.1156282870957353E+00  0.8128599853816061E-02  0.0000000000000000E+00
      1994  0.1568596935620051E+00 -0.7060180837737123E-01  0.4304780821971517E-01  0.1610131291377744E+00  0.2340056458188703E-01  0.0000000000000000E+00
      1995  0.2234693753670739E+01  0.2135093257036674E+01  0.2424737635277015E-01 -0.4230860650359276E-01  0.1176617267848887E+00  0.0000000000000000E+00
      1996 -0.3470019173498769E+01 -0.3183254906256535E+01  0.2049491569861686E-01 -0.1996934272818913E+00 -0.1075657556589556E+00  0.0000000000000000E+00
      1997 -0.3013559553148266E+00 -0.4528762034502459E+00  0.2006975934109089E-01  0.2185429923526920E+00 -0.8709250355836387E-01  0.0000000000000000E+00
      1998 -0.1640833478555848E+01 -0.1213494430612974E+01  0.3800486560796098E-02 -0.2740357425469002E+00 -0.1571037919567687E+00  0.0000000000000000E+00
      1999 -0.1219874123510400E+01 -0.1094064385044138E+01 -0.4437841706465761E-02 -0.2553103208349608E-01 -0.9584086467629858E-01  0.0000000000000000E+00
      2000  0.1197421242430823E+01  0.9099906577092760E+00  0.3002561322298154E-01  0.7088534769818991E-01  0.1865196238003778E+00  0.0000000000000000E+00
