      1801  0.5563694174770347E+02  0.4076140992645011E+02  0.1468619689793005E+01  0.5899342636499282E+01  0.7507569494961128E+01  0.0000000000000000E+00
      1802  0.8662084889264663E+02  0.6919843060622924E+02  0.1653483646205005E+01  0.6752024823216801E+01  0.9016909816995557E+01  0.0000000000000000E+00
      1803  0.1362223540562678E+03  0.1141986519118137E+03  0.2032409506872613E+01  0.8585488557861856E+01  0.1140580407971965E+02  0.0000000000000000E+00
      1804  0.1416311830640448E+03  0.1188249357003364E+03  0.2257316469392556E+01  0.8941239388143840E+01  0.1160769150617213E+02  0.0000000000000000E+00
      1805  0.1492110235202610E+03  0.1256060905053734E+03  0.2300931782822923E+01  0.9096414072996085E+01  0.1220758715906874E+02  0.0000000000000000E+00
      1806  0.1072054022803313E+03  0.8888946114084598E+02  0.1829166982515538E+01  0.6991176916096715E+01  0.9495597240872923E+01  0.0000000000000000E+00
      1807  0.1327396349121070E+03  0.1110721494544485E+03  0.2104141353261070E+01  0.8383920918219145E+01  0.1117942318617852E+02  0.0000000000000000E+00
      1808  0.5007058410924996E+02  0.3705264945253130E+02  0.1180532777832362E+01  0.5276210571598020E+01  0.6561191307288316E+01  0.0000000000000000E+00
      1809  0.9543366897448146E+02  0.7655231620930985E+02  0.1843380695330013E+01  0.7334619354726893E+01  0.9703352715114676E+01  0.0000000000000000E+00
      1810  0.1161699837327476E+03  0.9720786924622969E+02  0.1878763861460306E+01  0.7263200217079586E+01  0.9820150407978108E+01  0.0000000000000000E+00
      1811  0.1383653882464424E+03  0.1157752328544833E+03  0.2171840296859152E+01  0.8866858621795055E+01  0.1155145647330492E+02  0.0000000000000000E+00
      1812  0.1429334567010604E+03  0.1208918530946588E+03  0.2311966462809673E+01  0.8298956998831324E+01  0.1143068014476063E+02  0.0000000000000000E+00
      1813  0.1167163328158257E+03  0.9891278421875752E+02  0.1785099526046979E+01  0.6808875091848853E+01  0.9209573979172450E+01  0.0000000000000000E+00
      1814  0.1344470786875177E+03  0.1134645039324500E+03  0.2145335940410972E+01  0.7928773153903671E+01  0.1090846566075307E+02  0.0000000000000000E+00
      1815  0.1357218416982237E+03  0.1146626482997999E+03  0.2140079001236929E+01  0.7842553864315779E+01  0.1107656053287116E+02  0.0000000000000000E+00
      1816  0.1345323094192240E+03  0.1137867064816681E+03  0.2190360770706170E+01  0.7795439311729576E+01  0.1075980285512023E+02  0.0000000000000000E+00
      1817  0.1355974596835988E+03  0.1143016543332652E+03  0.2148319502036940E+01  0.8173481937886004E+01  0.1097400391041066E+02  0.0000000000000000E+00
      1818  0.1488175753668897E+03  0.1251912966206132E+03  0.2314537709878195E+01  0.9271154592033609E+01  0.1204058644436466E+02  0.0000000000000000E+00
      1819  0.1412238918418898E+03  0.1192123955080865E+03  0.2324299310544880E+01  0.8326196749816166E+01  0.1136100027344227E+02  0.0000000000000000E+00
      1820  0.1110968460449520E+03  0.9348776013682354E+02  0.1760794190343227E+01  0.6911118588344626E+01  0.8937173129440581E+01  0.0000000000000000E+00
      1821  0.1130975244577666E+03  0.9556557029100688E+02  0.1765909291884107E+01  0.6818286368503229E+01  0.8947758506372365E+01  0.0000000000000000E+00
      1822  0.1160536131206118E+03  0.9776020271172027E+02  0.1845477820081219E+01  0.7067602073043764E+01  0.9380330515766566E+01  0.0000000000000000E+00
      1823  0.1231619074087418E+03  0.1033472969513830E+03  0.1900694141423707E+01  0.7918450830906665E+01  0.9995465485028413E+01  0.0000000000000000E+00
      1824  0.1433233995116594E+03  0.1203735204140727E+03  0.2143400847683036E+01  0.9092705032709015E+01  0.1171377321719478E+02  0.0000000000000000E+00
      1825  0.1171860068484156E+03  0.9815727292873518E+02  0.1882496267355076E+01  0.7468357895889639E+01  0.9677879756435773E+01  0.0000000000000000E+00
      1826  0.1464403552099078E+03  0.1240701152671541E+03  0.2128112890698224E+01  0.8448230495366507E+01  0.1179389655668894E+02  0.0000000000000000E+00
      1827  0.1326324950221338E+03  0.1114843103501014E+03  0.2143792910909242E+01  0.8204962719151535E+01  0.1079942904197166E+02  0.0000000000000000E+00
      1828  0.1582507560869241E+03  0.1337975531564583E+03  0.2547254436364558E+01  0.9155433783836727E+01  0.1275051471026470E+02  0.0000000000000000E+00
      1829  0.1496219606563240E+03  0.1266074074802604E+03  0.2483484167602155E+01  0.8614113492516127E+01  0.1191695551594530E+02  0.0000000000000000E+00
      1830  0.1123351589524846E+03  0.9308406031242919E+02  0.2085147557501231E+01  0.7405246875117992E+01  0.9760704207436213E+01  0.0000000000000000E+00
      1831  0.1290660500266277E+03  0.1079661246309358E+03  0.2288299213267713E+01  0.7880024511591143E+01  0.1093160167083315E+02  0.0000000000000000E+00
      1832  0.6947486134523274E+02  0.5445379806410190E+02  0.1542793182655119E+01  0.5926418364613735E+01  0.7551851733861953E+01  0.0000000000000000E+00
      1833  0.9651838798874964E+02  0.7911905034811846E+02  0.1664868408534289E+01  0.6745395835496970E+01  0.8989073396600009E+01  0.0000000000000000E+00
      1834  0.1344417467627887E+03  0.1125357062352277E+03  0.2040595620116883E+01  0.8529363645729752E+01  0.1133608126171439E+02  0.0000000000000000E+00
      1835  0.1391521507016547E+03  0.1164635803767841E+03  0.2258666627444872E+01  0.8871610645220080E+01  0.1155829305220561E+02  0.0000000000000000E+00
      1836  0.1484389387986834E+03  0.1249605448155083E+03  0.2305737013856239E+01  0.9020184045058233E+01  0.1215247292426040E+02  0.0000000000000000E+00
      1837  0.1033698150966560E+03  0.8513931060575271E+02  0.1823085584656094E+01  0.6938006188002130E+01  0.9469412718245142E+01  0.0000000000000000E+00
      1838  0.1320991733502086E+03  0.1105249594946738E+03  0.2100159223987896E+01  0.8326859747867990E+01  0.1114719488367884E+02  0.0000000000000000E+00
      1839  0.4309242176384073E+02  0.3004436839130598E+02  0.1182069283548712E+01  0.5285241039641224E+01  0.6580743049344811E+01  0.0000000000000000E+00
      1840  0.8954739020670841E+02  0.7059121922118214E+02  0.1849961799410341E+01  0.7358954051360204E+01  0.9747255134755745E+01  0.0000000000000000E+00
      1841  0.1171408035939265E+03  0.9814891983934196E+02  0.1881101407990215E+01  0.7248807557731903E+01  0.9861974788862248E+01  0.0000000000000000E+00
      1842  0.1395194186053943E+03  0.1169259508664823E+03  0.2168579662263640E+01  0.8858103900642956E+01  0.1156678417600545E+02  0.0000000000000000E+00
      1843  0.1436528754392682E+03  0.1215821372774734E+03  0.2318292065343458E+01  0.8296235623662424E+01  0.1145621047278906E+02  0.0000000000000000E+00
      1844  0.1163940852787016E+03  0.9860612758425283E+02  0.1781344645164064E+01  0.6787613823378726E+01  0.9218999225905982E+01  0.0000000000000000E+00
      1845  0.1341515655147578E+03  0.1132227100873225E+03  0.2146878937839931E+01  0.7901845548465367E+01  0.1088013094113012E+02  0.0000000000000000E+00
      1846  0.1354313909052349E+03  0.1144042291448014E+03  0.2143917593090208E+01  0.7842171022544935E+01  0.1104107314479831E+02  0.0000000000000000E+00
      1847  0.1343691335878415E+03  0.1136531662734423E+03  0.2191767447885645E+01  0.7780177145317327E+01  0.1074402272119614E+02  0.0000000000000000E+00
      1848  0.1353006870486259E+03  0.1140289968607579E+03  0.2153580647488837E+01  0.8161514983479353E+01  0.1095659455689978E+02  0.0000000000000000E+00
      1849  0.1485807705921789E+03  0.1249867514165425E+03  0.2315112337155037E+01  0.9252545151109928E+01  0.1202636168737165E+02  0.0000000000000000E+00
      1850  0.1410273178016151E+03  0.1190674632966228E+03  0.2328512685450798E+01  0.8307225968148167E+01  0.1132411585139343E+02  0.0000000000000000E+00
      1851  0.1106018131745415E+03  0.9303104004341942E+02  0.1761327298643944E+01  0.6893442997756816E+01  0.8916002834721395E+01  0.0000000000000000E+00
      1852  0.1126821799390172E+03  0.9517486531675236E+02  0.1761764892525301E+01  0.6807186128176990E+01  0.8938363601562628E+01  0.0000000000000000E+00
      1853  0.1156999532651235E+03  0.9741907294262180E+02  0.1843045824728772E+01  0.7067461795079804E+01  0.9370372702693039E+01  0.0000000000000000E+00
      1854  0.1230866377866748E+03  0.1032461385593600E+03  0.1902135592939486E+01  0.7926581726952504E+01  0.1001178190742273E+02  0.0000000000000000E+00
      1855  0.1430808584015175E+03  0.1202008247831854E+03  0.2140184929178194E+01  0.9055327875245391E+01  0.1168452081390846E+02  0.0000000000000000E+00
      1856  0.1167743437977604E+03  0.9778462658010584E+02  0.1884242137630004E+01  0.7441544223893370E+01  0.9663930856131211E+01  0.0000000000000000E+00
      1857  0.1460836873864415E+03  0.1237536245323389E+03  0.2133951053097287E+01  0.8444069117709375E+01  0.1175204268329590E+02  0.0000000000000000E+00
      1858  0.1323927335715171E+03  0.1112777512744260E+03  0.2149280939726542E+01  0.8184420415361584E+01  0.1078128094200302E+02  0.0000000000000000E+00
      1859  0.1580865228672413E+03  0.1336985271592611E+03  0.2546714716774919E+01  0.9119019604983027E+01  0.1272226138622215E+02  0.0000000000000000E+00
      1860  0.1493794171335427E+03  0.1264144004759917E+03  0.2484915281371415E+01  0.8595945021879940E+01  0.1188415635429957E+02  0.0000000000000000E+00
      1861  0.1122038271926720E+03  0.9294192482771398E+02  0.2090593605439965E+01  0.7414478264548510E+01  0.9756830494969480E+01  0.0000000000000000E+00
      1862  0.1287569247022454E+03  0.1076965081729397E+03  0.2290904362091661E+01  0.7857174156431896E+01  0.1091233801078215E+02  0.0000000000000000E+00
      1863  0.6911804946445488E+02  0.5412056312446024E+02  0.1542900195939628E+01  0.5899622337184245E+01  0.7554963806870749E+01  0.0000000000000000E+00
      1864  0.9622392020781983E+02  0.7884091492149460E+02  0.1662344605285377E+01  0.6730713294771721E+01  0.8989947386268136E+01  0.0000000000000000E+00
      1865  0.1343735126477257E+03  0.1124712875648720E+03  0.2041353069855368E+01  0.8503216101424686E+01  0.1135765591157376E+02  0.0000000000000000E+00
      1866  0.1389746900206986E+03  0.1163001661086991E+03  0.2267233490058082E+01  0.8852243959508488E+01  0.1155504646243300E+02  0.0000000000000000E+00
      1867  0.1484019146438584E+03  0.1249274209264064E+03  0.2315869327288156E+01  0.8997070018710618E+01  0.1216155437145317E+02  0.0000000000000000E+00
      1868  0.1032881436506788E+03  0.8501441773324775E+02  0.1844673676212967E+01  0.6951835330448166E+01  0.9477216910769869E+01  0.0000000000000000E+00
      1869  0.1319071825166037E+03  0.1103315926941049E+03  0.2112342706462925E+01  0.8321586683422595E+01  0.1114166043261329E+02  0.0000000000000000E+00
      1870  0.4290049360569303E+02  0.2980322809062145E+02  0.1211514350981198E+01  0.5298831143172506E+01  0.6586920020917885E+01  0.0000000000000000E+00
      1871  0.8892959924497293E+02  0.6993070769525350E+02  0.1867452153520182E+01  0.7366933361631972E+01  0.9764506034567312E+01  0.0000000000000000E+00
      1872  0.1168260145709329E+03  0.9782427415686651E+02  0.1892313157745214E+01  0.7243973413369036E+01  0.9865453842952121E+01  0.0000000000000000E+00
      1873  0.1394416799978724E+03  0.1168420679576899E+03  0.2173978816185048E+01  0.8859662970973085E+01  0.1156597025302451E+02  0.0000000000000000E+00
      1874  0.1435147352822540E+03  0.1214920259937520E+03  0.2314918020153803E+01  0.8259616222641615E+01  0.1144817504570658E+02  0.0000000000000000E+00
      1875  0.1164952539488804E+03  0.9868629448124173E+02  0.1797988636189451E+01  0.6795365042196089E+01  0.9215605789253207E+01  0.0000000000000000E+00
      1876  0.1342031454372707E+03  0.1132810046808828E+03  0.2155818911099588E+01  0.7888302370695087E+01  0.1087801947459331E+02  0.0000000000000000E+00
      1877  0.1355160165295547E+03  0.1144798866241892E+03  0.2150581911109219E+01  0.7830777774597972E+01  0.1105477021965833E+02  0.0000000000000000E+00
      1878  0.1344156339822286E+03  0.1137111659910916E+03  0.2203425806395117E+01  0.7770032378434634E+01  0.1073100980630733E+02  0.0000000000000000E+00
      1879  0.1353097143355798E+03  0.1140495275346891E+03  0.2158459025585234E+01  0.8147401769434008E+01  0.1095432600587148E+02  0.0000000000000000E+00
      1880  0.1486449306863731E+03  0.1250304595865237E+03  0.2327627334960817E+01  0.9260249775449484E+01  0.1202659398943906E+02  0.0000000000000000E+00
      1881  0.1410900730681967E+03  0.1191150683400420E+03  0.2330956896800193E+01  0.8314236915039920E+01  0.1132981091631457E+02  0.0000000000000000E+00
      1882  0.1107058580818243E+03  0.9311470051841438E+02  0.1776390133553795E+01  0.6902826142891969E+01  0.8911941286964185E+01  0.0000000000000000E+00
      1883  0.1128399619355091E+03  0.9532354919729178E+02  0.1786430883389986E+01  0.6793566069456065E+01  0.8936415785371276E+01  0.0000000000000000E+00
      1884  0.1157153597664093E+03  0.9745897532395095E+02  0.1859647599248602E+01  0.7035338353461487E+01  0.9361398489748206E+01  0.0000000000000000E+00
      1885  0.1230318866161098E+03  0.1032320826228029E+03  0.1917563049176213E+01  0.7893130673967239E+01  0.9989110270163490E+01  0.0000000000000000E+00
      1886  0.1431964229853306E+03  0.1203276916630155E+03  0.2148007288127778E+01  0.9045633754658166E+01  0.1167509027952921E+02  0.0000000000000000E+00
      1887  0.1170020266996039E+03  0.9798630412652325E+02  0.1894373633644431E+01  0.7442739399384971E+01  0.9678609540051417E+01  0.0000000000000000E+00
      1888  0.1461789023246724E+03  0.1238796998068184E+03  0.2134812865023974E+01  0.8426046052230012E+01  0.1173834360060006E+02  0.0000000000000000E+00
      1889  0.1324080818288471E+03  0.1112982692347529E+03  0.2153898643439427E+01  0.8189101206335893E+01  0.1076681274431880E+02  0.0000000000000000E+00
      1890  0.1580791837559386E+03  0.1337258717098418E+03  0.2549094914639582E+01  0.9091332796553884E+01  0.1271288433490339E+02  0.0000000000000000E+00
      1891  0.1494816502991273E+03  0.1265336290771066E+03  0.2487486040657897E+01  0.8583427512899581E+01  0.1187710766846316E+02  0.0000000000000000E+00
      1892  0.1121946358960851E+03  0.9295481188371012E+02  0.2095424192839377E+01  0.7397558426181328E+01  0.9746841393354300E+01  0.0000000000000000E+00
      1893  0.1288859412139648E+03  0.1078019848902214E+03  0.2299634543564528E+01  0.7870736345607700E+01  0.1091358543457123E+02  0.0000000000000000E+00
      1894  0.6919810766425333E+02  0.5417575465853721E+02  0.1563528735979603E+01  0.5907587911143004E+01  0.7551236358593554E+01  0.0000000000000000E+00
      1895  0.9638928060199891E+02  0.7897567045157417E+02  0.1682885981277773E+01  0.6739009182298101E+01  0.8991714986848876E+01  0.0000000000000000E+00
      1896  0.1344031114456201E+03  0.1125374691625126E+03  0.2045191478986518E+01  0.8476448914696139E+01  0.1134400188942482E+02  0.0000000000000000E+00
      1897  0.1389734738254417E+03  0.1163210903319228E+03  0.2268301080954614E+01  0.8852931890160383E+01  0.1153115052240405E+02  0.0000000000000000E+00
      1898  0.1483279292427638E+03  0.1249193883798862E+03  0.2315988858604061E+01  0.8964314561375803E+01  0.1212823744289763E+02  0.0000000000000000E+00
      1899  0.1032403765753804E+03  0.8499339073513400E+02  0.1838328820343435E+01  0.6946081694111067E+01  0.9462575325791926E+01  0.0000000000000000E+00
      1900  0.1319192070746169E+03  0.1103532826164327E+03  0.2109427496881473E+01  0.8317239797111855E+01  0.1113925716419107E+02  0.0000000000000000E+00
      1901  0.4307799232590779E+02  0.2994457731884882E+02  0.1222123330774003E+01  0.5314495023900608E+01  0.6596796652384351E+01  0.0000000000000000E+00
      1902  0.8895984490799711E+02  0.6999251441575473E+02  0.1859927573056254E+01  0.7352532782006209E+01  0.9754870137179893E+01  0.0000000000000000E+00
      1903  0.1167634644469690E+03  0.9779932870958240E+02  0.1889552074334592E+01  0.7229520232754480E+01  0.9845063430297577E+01  0.0000000000000000E+00
      1904  0.1393394875634303E+03  0.1167797870613453E+03  0.2172322794103578E+01  0.8831162834358102E+01  0.1155621487362325E+02  0.0000000000000000E+00
      1905  0.1435428486846172E+03  0.1215225618557423E+03  0.2314271127820460E+01  0.8258756479219837E+01  0.1144725922183453E+02  0.0000000000000000E+00
      1906  0.1163766951803665E+03  0.9858327795365749E+02  0.1800968022458286E+01  0.6794892459534464E+01  0.9197556744716186E+01  0.0000000000000000E+00
      1907  0.1340341497616665E+03  0.1131413646551788E+03  0.2154592432465049E+01  0.7871765882279192E+01  0.1086642679174351E+02  0.0000000000000000E+00
      1908  0.1353908122805850E+03  0.1144042767769214E+03  0.2149700672397187E+01  0.7809704180352056E+01  0.1102713065091455E+02  0.0000000000000000E+00
      1909  0.1342859790131520E+03  0.1135729982929010E+03  0.2202722947478053E+01  0.7779937817160807E+01  0.1073031995561220E+02  0.0000000000000000E+00
      1910  0.1352549385424143E+03  0.1140136007915497E+03  0.2158795357639829E+01  0.8121897299127127E+01  0.1096064509409768E+02  0.0000000000000000E+00
      1911  0.1485680616088367E+03  0.1249858196304143E+03  0.2321627226352811E+01  0.9235419828723714E+01  0.1202519492334596E+02  0.0000000000000000E+00
      1912  0.1410379545519019E+03  0.1190833325433069E+03  0.2332889504705510E+01  0.8296026090254529E+01  0.1132570641363482E+02  0.0000000000000000E+00
      1913  0.1105694510846921E+03  0.9301637493362786E+02  0.1778106537395489E+01  0.6870048600559377E+01  0.8904921013109325E+01  0.0000000000000000E+00
      1914  0.1127506149928442E+03  0.9524851275109630E+02  0.1784248726565172E+01  0.6791890850564779E+01  0.8925962664618032E+01  0.0000000000000000E+00
      1915  0.1157152369052146E+03  0.9745141209979563E+02  0.1858764689744387E+01  0.7040920852942334E+01  0.9364139262732140E+01  0.0000000000000000E+00
      1916  0.1229692503467498E+03  0.1031647189857695E+03  0.1916359166923811E+01  0.7900002206577941E+01  0.9988169987478638E+01  0.0000000000000000E+00
      1917  0.1430267047472606E+03  0.1201920428046749E+03  0.2149476960096949E+01  0.9021995601818114E+01  0.1166318938067064E+02  0.0000000000000000E+00
      1918  0.1168404425883088E+03  0.9783514648236938E+02  0.1894281571029831E+01  0.7459278762875305E+01  0.9651735772034142E+01  0.0000000000000000E+00
      1919  0.1459813898129691E+03  0.1237285865809676E+03  0.2139683606257437E+01  0.8390482821287113E+01  0.1172263680445699E+02  0.0000000000000000E+00
      1920  0.1323928331908174E+03  0.1112965510892255E+03  0.2160830500014508E+01  0.8179391725662413E+01  0.1075605987591485E+02  0.0000000000000000E+00
      1921  0.1581189449700434E+03  0.1337596728114364E+03  0.2548797231518330E+01  0.9110885476714074E+01  0.1269958945037457E+02  0.0000000000000000E+00
      1922  0.1495037564739445E+03  0.1265639747735396E+03  0.2489095723478789E+01  0.8573394219396139E+01  0.1187729175753001E+02  0.0000000000000000E+00
      1923  0.1121452381609810E+03  0.9292277656459882E+02  0.2093676489533005E+01  0.7391042445486499E+01  0.9737742661362505E+01  0.0000000000000000E+00
      1924  0.1288514838694770E+03  0.1077897683455510E+03  0.2297580067076139E+01  0.7855090408694249E+01  0.1090904504815564E+02  0.0000000000000000E+00
      1925  0.6924425937456846E+02  0.5419941829647962E+02  0.1565224311393628E+01  0.5917234865938485E+01  0.7562381900756705E+01  0.0000000000000000E+00
      1926  0.9625609875408747E+02  0.7887375745308913E+02  0.1679087517786696E+01  0.6726015748726808E+01  0.8977238034484925E+01  0.0000000000000000E+00
      1927  0.1341968263951242E+03  0.1123821929428836E+03  0.2039689326765194E+01  0.8456282628544422E+01  0.1131866149693114E+02  0.0000000000000000E+00
      1928  0.1390356171053043E+03  0.1163883584823643E+03  0.2269276724958135E+01  0.8834724619846266E+01  0.1154325727813543E+02  0.0000000000000000E+00
      1929  0.1483038206465528E+03  0.1249149846372009E+03  0.2319685112315835E+01  0.8941200285801735E+01  0.1212795061123419E+02  0.0000000000000000E+00
      1930  0.1032975856126858E+03  0.8503226313956287E+02  0.1844143542696160E+01  0.6957765054334154E+01  0.9463413876092581E+01  0.0000000000000000E+00
      1931  0.1319647239595682E+03  0.1104006696539040E+03  0.2109648658734198E+01  0.8312283398466473E+01  0.1114212224846334E+02  0.0000000000000000E+00
      1932  0.4285868370217234E+02  0.2974846481666099E+02  0.1223249662548413E+01  0.5295322261937842E+01  0.6591646961025076E+01  0.0000000000000000E+00
      1933  0.8871889027246598E+02  0.6976652214658193E+02  0.1866593630765798E+01  0.7337236020145115E+01  0.9748538474973133E+01  0.0000000000000000E+00
      1934  0.1166804168533854E+03  0.9770713354051738E+02  0.1890074148206272E+01  0.7240223262307046E+01  0.9842985902354766E+01  0.0000000000000000E+00
      1935  0.1392776037454049E+03  0.1167029947354144E+03  0.2174747927638902E+01  0.8843452049099524E+01  0.1155640903325218E+02  0.0000000000000000E+00
      1936  0.1434012863675165E+03  0.1214089547544681E+03  0.2317654296536733E+01  0.8248837022357886E+01  0.1142584029415395E+02  0.0000000000000000E+00
      1937  0.1163398630795589E+03  0.9859682956076124E+02  0.1797318270113863E+01  0.6763249803335621E+01  0.9182465445348194E+01  0.0000000000000000E+00
      1938  0.1341741492795823E+03  0.1132728770968874E+03  0.2149824912894104E+01  0.7878312423003607E+01  0.1087313484679721E+02  0.0000000000000000E+00
      1939  0.1355680309011718E+03  0.1145435520042904E+03  0.2150776912766180E+01  0.7826138170650752E+01  0.1104756381346452E+02  0.0000000000000000E+00
      1940  0.1343141279547453E+03  0.1136224925349479E+03  0.2206864984561052E+01  0.7771924008287566E+01  0.1071284642694881E+02  0.0000000000000000E+00
      1941  0.1353779535642421E+03  0.1141335693956927E+03  0.2159852133163026E+01  0.8147434450111744E+01  0.1093709758527458E+02  0.0000000000000000E+00
      1942  0.1486118669680676E+03  0.1250607960119119E+03  0.2324777366519396E+01  0.9233076837854449E+01  0.1199321675178194E+02  0.0000000000000000E+00
      1943  0.1410682956940574E+03  0.1191105766391456E+03  0.2334775199754350E+01  0.8309499756699307E+01  0.1131344409845813E+02  0.0000000000000000E+00
      1944  0.1107605498878949E+03  0.9317856936751762E+02  0.1782826359691926E+01  0.6893902839759818E+01  0.8905251320925544E+01  0.0000000000000000E+00
      1945  0.1128082513799837E+03  0.9531316533426937E+02  0.1787487619121528E+01  0.6790610183052774E+01  0.8916988243540064E+01  0.0000000000000000E+00
      1946  0.1158469823317734E+03  0.9757720249037925E+02  0.1858364547448740E+01  0.7053706253176316E+01  0.9357709040769228E+01  0.0000000000000000E+00
      1947  0.1231190234939063E+03  0.1033101481413765E+03  0.1914101802081174E+01  0.7904873398965234E+01  0.9989900151483372E+01  0.0000000000000000E+00
      1948  0.1430438869083896E+03  0.1202006355601167E+03  0.2145916535225358E+01  0.9025852621089911E+01  0.1167148219195741E+02  0.0000000000000000E+00
      1949  0.1169847946463637E+03  0.9795726589298080E+02  0.1897210192972789E+01  0.7459490273879050E+01  0.9670828286531199E+01  0.0000000000000000E+00
      1950  0.1461906653530832E+03  0.1238895542665580E+03  0.2139184321596479E+01  0.8420053030361448E+01  0.1174187373456723E+02  0.0000000000000000E+00
      1951  0.1325248225298355E+03  0.1113976860657810E+03  0.2155950772731097E+01  0.8197216017488582E+01  0.1077396967383483E+02  0.0000000000000000E+00
      1952  0.1581335429865287E+03  0.1337926453647273E+03  0.2548865648678823E+01  0.9097093202986969E+01  0.1269493877013555E+02  0.0000000000000000E+00
      1953  0.1495800517842498E+03  0.1266256776642461E+03  0.2489360674215168E+01  0.8585796070547600E+01  0.1187921737524098E+02  0.0000000000000000E+00
      1954  0.1121423812202020E+03  0.9290720562180559E+02  0.2098501232294939E+01  0.7397441598687873E+01  0.9739232767413649E+01  0.0000000000000000E+00
      1955  0.1288471270662673E+03  0.1078132411444247E+03  0.2295159172500283E+01  0.7844774914390603E+01  0.1089395183495165E+02  0.0000000000000000E+00
      1956  0.6922961824858290E+02  0.5418977835157429E+02  0.1568991683078408E+01  0.5917232598597991E+01  0.7553615615332173E+01  0.0000000000000000E+00
      1957  0.9635135959766268E+02  0.7895351960822590E+02  0.1683006669257346E+01  0.6739015545307838E+01  0.8975817774871560E+01  0.0000000000000000E+00
      1958  0.1343994922177482E+03  0.1125622323748457E+03  0.2042757362604965E+01  0.8469057311046678E+01  0.1132544516925082E+02  0.0000000000000000E+00
      1959  0.1389505264259004E+03  0.1163284542757916E+03  0.2266316477790112E+01  0.8832178226943631E+01  0.1152357744537513E+02  0.0000000000000000E+00
      1960  0.1483307189041203E+03  0.1249378598366915E+03  0.2317982065225816E+01  0.8961095867084911E+01  0.1211378113511800E+02  0.0000000000000000E+00
      1961  0.1033371547381593E+03  0.8508253994631663E+02  0.1840823542854347E+01  0.6942755858672464E+01  0.9471035390315819E+01  0.0000000000000000E+00
      1962  0.1319610545986497E+03  0.1104300495837045E+03  0.2111633243462279E+01  0.8298712857358668E+01  0.1112065891412420E+02  0.0000000000000000E+00
      1963  0.4308291192681666E+02  0.2993415275673912E+02  0.1222097321325508E+01  0.5320540538480076E+01  0.6606121310271953E+01  0.0000000000000000E+00
      1964  0.8909570066575461E+02  0.7012002909077707E+02  0.1862335574269821E+01  0.7347462807137880E+01  0.9765873193569753E+01  0.0000000000000000E+00
      1965  0.1166843750355914E+03  0.9774440045268355E+02  0.1890842667213382E+01  0.7224433373219662E+01  0.9824698542474831E+01  0.0000000000000000E+00
      1966  0.1394775127779002E+03  0.1169251773966711E+03  0.2170959545352664E+01  0.8823235738374263E+01  0.1155814009750233E+02  0.0000000000000000E+00
      1967  0.1434148944936419E+03  0.1214382893100901E+03  0.2316058090821501E+01  0.8241409142835836E+01  0.1141913794989454E+02  0.0000000000000000E+00
      1968  0.1164351796794684E+03  0.9864978147599314E+02  0.1798311057636631E+01  0.6785105273085906E+01  0.9201981872752842E+01  0.0000000000000000E+00
      1969  0.1340797744186989E+03  0.1131869706153173E+03  0.2149915068626740E+01  0.7877679794689314E+01  0.1086520894006546E+02  0.0000000000000000E+00
      1970  0.1354031926037972E+03  0.1143963055307523E+03  0.2150851484831132E+01  0.7824877482588509E+01  0.1103115810562524E+02  0.0000000000000000E+00
      1971  0.1342525882578560E+03  0.1135524637494876E+03  0.2202114464121041E+01  0.7780571804989041E+01  0.1071743823925835E+02  0.0000000000000000E+00
      1972  0.1352640927462862E+03  0.1140345052286567E+03  0.2158468050712473E+01  0.8133518599485365E+01  0.1093760086743150E+02  0.0000000000000000E+00
      1973  0.1485607900819325E+03  0.1250071246661626E+03  0.2325815934630204E+01  0.9232816207529330E+01  0.1199503327361035E+02  0.0000000000000000E+00
      1974  0.1410536970810760E+03  0.1191096795813463E+03  0.2330572626451170E+01  0.8296848975792017E+01  0.1131659589748652E+02  0.0000000000000000E+00
      1975  0.1106487016615489E+03  0.9305782083008654E+02  0.1783330513916624E+01  0.6900193057073196E+01  0.8907357260472532E+01  0.0000000000000000E+00
      1976  0.1126977622897161E+03  0.9519249318459309E+02  0.1784400264599309E+01  0.6797916568529589E+01  0.8922952271994085E+01  0.0000000000000000E+00
      1977  0.1158335361252233E+03  0.9752298959154577E+02  0.1860776394620033E+01  0.7063722418048396E+01  0.9386047721008930E+01  0.0000000000000000E+00
      1978  0.1229535699835593E+03  0.1031468232967864E+03  0.1918314961036500E+01  0.7905314664532030E+01  0.9983117061204343E+01  0.0000000000000000E+00
      1979  0.1431132207036515E+03  0.1202595123758761E+03  0.2150447394847963E+01  0.9030374930669483E+01  0.1167288600225801E+02  0.0000000000000000E+00
      1980  0.1168795166027774E+03  0.9786340743922651E+02  0.1897760063654098E+01  0.7457659353009325E+01  0.9660689746887499E+01  0.0000000000000000E+00
      1981  0.1461061721388990E+03  0.1238020151443152E+03  0.2137446051135566E+01  0.8413783658483787E+01  0.1175292728496445E+02  0.0000000000000000E+00
      1982  0.1323702196592209E+03  0.1112595538613398E+03  0.2158873151239156E+01  0.8192326919189096E+01  0.1075946572745286E+02  0.0000000000000000E+00
      1983  0.1581180322100256E+03  0.1337562614192800E+03  0.2552711998616705E+01  0.9110496523178295E+01  0.1269856226895076E+02  0.0000000000000000E+00
      1984  0.1494029534034468E+03  0.1264722976738654E+03  0.2490950394861587E+01  0.8583724178496054E+01  0.1185598115622373E+02  0.0000000000000000E+00
      1985  0.1119803507264300E+03  0.9278139346979818E+02  0.2095881000873995E+01  0.7385898635477812E+01  0.9717177620280033E+01  0.0000000000000000E+00
      1986  0.1287312124175187E+03  0.1076980986940054E+03  0.2295803641350240E+01  0.7835145806776688E+01  0.1090216427538624E+02  0.0000000000000000E+00
      1987  0.6908849756159439E+02  0.5405274331839807E+02  0.1571129227542379E+01  0.5904057224788882E+01  0.7560567790865033E+01  0.0000000000000000E+00
      1988  0.9619006219741212E+02  0.7879595693980595E+02  0.1686244713026472E+01  0.6731843513679083E+01  0.8976017030900630E+01  0.0000000000000000E+00
      1989  0.1342603870638493E+03  0.1124083981464108E+03  0.2047268896533313E+01  0.8482189690777979E+01  0.1132253033012731E+02  0.0000000000000000E+00
      1990  0.1389573548751435E+03  0.1163156924782289E+03  0.2272236931045380E+01  0.8835796907010455E+01  0.1153362855885878E+02  0.0000000000000000E+00
      1991  0.1483306808125743E+03  0.1249285517207246E+03  0.2313439722590839E+01  0.8964490783132353E+01  0.1212419858612654E+02  0.0000000000000000E+00
      1992  0.1031641849458103E+03  0.8492944547806782E+02  0.1843396764503803E+01  0.6938225641347562E+01  0.9453117061891232E+01  0.0000000000000000E+00
      1993  0.1318180715158481E+03  0.1102957770829591E+03  0.2109337867470628E+01  0.8298405600109021E+01  0.1111455096530941E+02  0.0000000000000000E+00
      1994  0.4293839502753153E+02  0.2979603056711960E+02  0.1220054814846104E+01  0.5318486367316360E+01  0.6603823278249465E+01  0.0000000000000000E+00
      1995  0.8865771241429032E+02  0.6970804199756245E+02  0.1863797392647596E+01  0.7344814237078618E+01  0.9741058787001645E+01  0.0000000000000000E+00
      1996  0.1167031020815862E+03  0.9773772032880697E+02  0.1892835894131124E+01  0.7229536031909620E+01  0.9843009826738374E+01  0.0000000000000000E+00
      1997  0.1392180047609537E+03  0.1166867314038349E+03  0.2172890593323341E+01  0.8814456902100094E+01  0.1154392586169541E+02  0.0000000000000000E+00
      1998  0.1433270872028837E+03  0.1213320698752640E+03  0.2316113892785652E+01  0.8253653328514067E+01  0.1142525010632006E+02  0.0000000000000000E+00
      1999  0.1164479892419223E+03  0.9867000169252097E+02  0.1796390537509755E+01  0.6784925607003868E+01  0.9196671404887670E+01  0.0000000000000000E+00
      2000  0.1341833831812191E+03  0.1132681192969294E+03  0.2155114379631262E+01  0.7880417954497108E+01  0.1087973155016130E+02  0.0000000000000000E+00
