      1801  0.5630587442835528E+00  0.5159782150496478E+00  0.6554876457534216E-02  0.8637112702353535E-01 -0.4584547424716559E-01  0.0000000000000000E+00
      1802 -0.1432859875667737E+01 -0.1384474909145440E+01 -0.3062312499977692E-01 -0.2183244236212982E-01  0.4070600839608961E-02  0.0000000000000000E+00
      1803 -0.1509633481777128E+01 -0.1453692502418288E+01 -0.3291146872808760E-01 -0.1487052069365937E-01 -0.8158989937094772E-02  0.0000000000000000E+00
      1804 -0.3736959740758094E+01 -0.3594314678873763E+01  0.1157650819316867E-01  0.1047799662608044E-01 -0.1646995667035830E+00  0.0000000000000000E+00
      1805 -0.2452757205473687E+01 -0.2065299381910465E+01 -0.4206150777533743E-01 -0.1327384084595130E+00 -0.2126579073283724E+00  0.0000000000000000E+00
      1806 -0.1388559952139164E+01 -0.1152514148960119E+01 -0.5823330562372634E-01 -0.7795013780796040E-01 -0.9986235974735748E-01  0.0000000000000000E+00
      1807 -0.3262691611797524E+01 -0.2998713824943644E+01 -0.3871464173875253E-01 -0.4828991631439495E-01 -0.1769732288007344E+00  0.0000000000000000E+00
      1808  0.6160558188672628E+00  0.4093213917697337E+00  0.2422917004293160E-01  0.1955993707700925E+00 -0.1309411371549534E-01  0.0000000000000000E+00
      1809 -0.5466071863184140E+01 -0.4905939356915772E+01 -0.2086266493695912E-01 -0.2814362070307952E+00 -0.2578336343006191E+00  0.0000000000000000E+00
      1810  0.6828665489308099E+01  0.6297414797765680E+01  0.4644052910393871E-01  0.1800611051012533E+00  0.3047490573372181E+00  0.0000000000000000E+00
      1811  0.4699958550726793E+01  0.4079152313976317E+01  0.3111900905560620E-01  0.2986667226745371E+00  0.2910205050203351E+00  0.0000000000000000E+00
      1812 -0.6319590988615532E+01 -0.5585768387543967E+01 -0.1381317493090901E-01 -0.4264572590639051E+00 -0.2935521670767554E+00  0.0000000000000000E+00
      1813  0.1897574426434821E+01  0.1789021517150177E+01  0.6981210746170525E-02  0.9259931328127100E-01  0.8972385257202353E-02  0.0000000000000000E+00
      1814  0.6570635605261771E+01  0.5805387638777609E+01  0.3841176311909656E-01  0.2269214648340415E+00  0.4999147385310254E+00  0.0000000000000000E+00
      1815  0.1946526375019474E+01  0.1750424949958675E+01  0.2011407305475572E-01 -0.1114241150832178E+00  0.2874114670892646E+00  0.0000000000000000E+00
      1816 -0.6493218669687311E+01 -0.6017483206100183E+01  0.5131477647345541E-02 -0.1944487761776171E+00 -0.2864181650568661E+00  0.0000000000000000E+00
      1817  0.2460895258636346E+00  0.8199102037890359E-01  0.4958881428537796E-02  0.1786243664875839E+00 -0.1948474243139016E-01  0.0000000000000000E+00
      1818 -0.3790853271559744E+01 -0.3623607120096268E+01 -0.4714533582007158E-01  0.4223750361251171E-01 -0.1623383192559192E+00  0.0000000000000000E+00
      1819  0.2486130994594479E+01  0.2559361534804795E+01  0.1757270272773406E-02 -0.3803766448816348E-01 -0.3695014599492732E-01  0.0000000000000000E+00
      1820 -0.1317042658413645E+00 -0.8355075399787038E-01 -0.1360691562244888E-01  0.1609538021783325E-01 -0.5064197643887920E-01  0.0000000000000000E+00
      1821  0.1855726940641472E+01  0.1892241407396194E+01 -0.1620060858781098E-01 -0.5714447856266618E-01  0.3683062039575529E-01  0.0000000000000000E+00
      1822 -0.2337380889713725E+00 -0.2260474517595426E+00  0.1229183923265315E-01 -0.2949342316605701E-01  0.9510946721573406E-02  0.0000000000000000E+00
      1823 -0.4937467081153741E+01 -0.4787034288929229E+01 -0.6409512915730671E-01  0.4636567264650470E-01 -0.1327033357137143E+00  0.0000000000000000E+00
      1824 -0.5118545414935786E+01 -0.4849148445463522E+01 -0.3566985612696885E-01 -0.2384445707119335E-01 -0.2098826562741023E+00  0.0000000000000000E+00
      1825 -0.8992473674010930E+00 -0.7445499297521980E+00 -0.3779104390574178E-02 -0.2627673399544289E-01 -0.1246415992628765E+00  0.0000000000000000E+00
      1826  0.1146778453539225E+01  0.1385550170658889E+01 -0.2769621063316490E-01 -0.2097673092866096E+00 -0.1308197199892691E-02  0.0000000000000000E+00
      1827  0.6255438544915264E+01  0.5653159200057928E+01  0.4167812311744258E-01  0.2980504852724763E+00  0.2625507364674072E+00  0.0000000000000000E+00
      1828 -0.3924006872120253E+01 -0.3631857995265817E+01  0.2349361057102253E-02 -0.2281243672935723E+00 -0.6637387061796818E-01  0.0000000000000000E+00
      1829  0.5344697019651604E+01  0.4996873163520562E+01  0.1726395952935045E-01  0.1278506297862685E+00  0.2027092668154302E+00  0.0000000000000000E+00
      1830  0.1859965581604816E+01  0.1758226041793188E+01  0.2542779189035152E-01  0.7844647142712867E-01 -0.2134723505855144E-02  0.0000000000000000E+00
      1831 -0.1899936484373987E+01 -0.1694465233897736E+01  0.2521192054990453E-01 -0.1487883733617393E+00 -0.8189479766441680E-01  0.0000000000000000E+00
      1832  0.8304903196912232E+00  0.6499492901019258E+00 -0.1465333812639133E-02  0.1404931958279300E+00  0.4151316757400565E-01  0.0000000000000000E+00
      1833 -0.1294011321104073E+01 -0.1264412615394904E+01 -0.3086792539293279E-01 -0.1782418852352259E-01  0.1909340820728524E-01  0.0000000000000000E+00
      1834 -0.1342335148579034E+01 -0.1278339570891825E+01 -0.3207514304057815E-01 -0.1944620938445775E-01 -0.1247422526217249E-01  0.0000000000000000E+00
      1835 -0.3387376188859329E+01 -0.3254914719443147E+01  0.1382956005509889E-01  0.1034912850858589E-01 -0.1566401579798658E+00  0.0000000000000000E+00
      1836 -0.2235610418463313E+01 -0.1876731676517535E+01 -0.3933195974494361E-01 -0.1196734390686844E+00 -0.1998733431321530E+00  0.0000000000000000E+00
      1837 -0.1160543979096385E+01 -0.9194799056088934E+00 -0.5982523398944698E-01 -0.8793070069723917E-01 -0.9330813880080584E-01  0.0000000000000000E+00
      1838 -0.2970927305643366E+01 -0.2726983531824260E+01 -0.3780116681763469E-01 -0.3985172322401610E-01 -0.1662908837774582E+00  0.0000000000000000E+00
      1839  0.8369749691334374E+00  0.6112751105951790E+00  0.2616653975444600E-01  0.1944121427829552E+00  0.5121176000856763E-02  0.0000000000000000E+00
      1840 -0.5272262839186506E+01 -0.4749806336201983E+01 -0.1876934144760121E-01 -0.2718447824973121E+00 -0.2318423790396084E+00  0.0000000000000000E+00
      1841  0.6961059055789414E+01  0.6414559239762655E+01  0.4695693504050819E-01  0.1754611995648552E+00  0.3240816814213940E+00  0.0000000000000000E+00
      1842  0.4816332675315978E+01  0.4182403104170169E+01  0.3060765340838470E-01  0.3012591978290210E+00  0.3020627199084054E+00  0.0000000000000000E+00
      1843 -0.6021060675443349E+01 -0.5306811404427787E+01 -0.1334932294769482E-01 -0.4173841539067487E+00 -0.2835157941611087E+00  0.0000000000000000E+00
      1844  0.2101021483083668E+01  0.1991765788704192E+01  0.4775688138646354E-02  0.9240474811162229E-01  0.1207525812921154E-01  0.0000000000000000E+00
      1845  0.6729763322615169E+01  0.5972968362022573E+01  0.4080548953643494E-01  0.2231202821850080E+00  0.4928691888711562E+00  0.0000000000000000E+00
      1846  0.2105284102704353E+01  0.1903227778331175E+01  0.1933818362623617E-01 -0.9777650525567469E-01  0.2804946460026151E+00  0.0000000000000000E+00
      1847 -0.6335257207348373E+01 -0.5868833437289918E+01  0.5078889933565311E-02 -0.1917617517432827E+00 -0.2797409082487395E+00  0.0000000000000000E+00
      1848  0.3987201567371309E+00  0.2330612398323024E+00  0.4699865105883726E-02  0.1783404075014866E+00 -0.1738135570254145E-01  0.0000000000000000E+00
      1849 -0.3627715080361824E+01 -0.3478086327478238E+01 -0.4576392452282083E-01  0.4678200597991271E-01 -0.1506468343406779E+00  0.0000000000000000E+00
      1850  0.2666413118758649E+01  0.2740875501061286E+01  0.3223620703913323E-02 -0.3961268535820270E-01 -0.3807331764834773E-01  0.0000000000000000E+00
      1851 -0.3814488824314916E-01  0.1476182167309109E-01 -0.1429368242390469E-01  0.1809705997777937E-01 -0.5671008747011671E-01  0.0000000000000000E+00
      1852  0.2011809088294656E+01  0.2044462460139972E+01 -0.1760903493827257E-01 -0.6017154099320943E-01  0.4512720408616694E-01  0.0000000000000000E+00
      1853 -0.6166449916843887E-01 -0.7436175517363725E-01  0.1236988079634138E-01 -0.1890120885634188E-01  0.1922858406519775E-01  0.0000000000000000E+00
      1854 -0.4702956096754255E+01 -0.4578258026591384E+01 -0.6511024378567903E-01  0.5531817206312905E-01 -0.1149059984403180E+00  0.0000000000000000E+00
      1855 -0.4994220430772780E+01 -0.4719661700166866E+01 -0.3791735119177356E-01 -0.2871616780914949E-01 -0.2079252116049943E+00  0.0000000000000000E+00
      1856 -0.8486574273954357E+00 -0.6879023062492049E+00 -0.2357277899278923E-02 -0.3245595943489724E-01 -0.1259418838120532E+00  0.0000000000000000E+00
      1857  0.1270879575045138E+01  0.1496958152926254E+01 -0.2520002312662083E-01 -0.1943966154854463E+00 -0.6481939269048114E-02  0.0000000000000000E+00
      1858  0.6255483706130875E+01  0.5656587903009190E+01  0.4232792392407057E-01  0.2902069301892639E+00  0.2663609490083491E+00  0.0000000000000000E+00
      1859 -0.3839950720437673E+01 -0.3552860126965089E+01  0.1343068353357697E-02 -0.2281709812145469E+00 -0.6026268061139541E-01  0.0000000000000000E+00
      1860  0.5380074752628948E+01  0.5033423555789103E+01  0.1809923411980410E-01  0.1292599775283056E+00  0.1992919851917244E+00  0.0000000000000000E+00
      1861  0.2043739610214039E+01  0.1920578166553767E+01  0.2547148133600994E-01  0.8964548782346586E-01  0.8044474500793564E-02  0.0000000000000000E+00
      1862 -0.1823851940344238E+01 -0.1612726636490983E+01  0.2574985027432139E-01 -0.1589297330754569E+00 -0.7794542105212179E-01  0.0000000000000000E+00
      1863  0.8895416921967850E+00  0.7191958378266849E+00  0.7584437250115969E-03  0.1274324017541114E+00  0.4215500889097602E-01  0.0000000000000000E+00
      1864 -0.1111882836300655E+01 -0.1093436864526942E+01 -0.3105748241304001E-01 -0.1245759068281259E-01  0.2506910132213803E-01  0.0000000000000000E+00
      1865 -0.1080382540676255E+01 -0.1049478221916775E+01 -0.3030254455252776E-01 -0.1428027955475438E-01  0.1367850534780414E-01  0.0000000000000000E+00
      1866 -0.3298371023796623E+01 -0.3178407715487155E+01  0.1703050507670989E-01  0.1312811219344186E-01 -0.1501219255796221E+00  0.0000000000000000E+00
      1867 -0.2077668698872368E+01 -0.1730899300184656E+01 -0.3632450683960080E-01 -0.1184818160140746E+00 -0.1919630758340343E+00  0.0000000000000000E+00
      1868 -0.1063638559206948E+01 -0.8371434353322845E+00 -0.5650061325156428E-01 -0.7759255021831109E-01 -0.9240196040478925E-01  0.0000000000000000E+00
      1869 -0.2936095060934549E+01 -0.2691012981033451E+01 -0.3577715836929345E-01 -0.4004711341009441E-01 -0.1692578081217117E+00  0.0000000000000000E+00
      1870  0.9194706269258572E+00  0.6942980465543319E+00  0.2664040790956359E-01  0.1965958618055767E+00  0.1936310656384619E-02  0.0000000000000000E+00
      1871 -0.5153162009376805E+01 -0.4642735468171627E+01 -0.1944173850384198E-01 -0.2637446845015482E+00 -0.2272401181997858E+00  0.0000000000000000E+00
      1872  0.7068005199470420E+01  0.6510909532261147E+01  0.4844751064137510E-01  0.1746739378935636E+00  0.3339742186743325E+00  0.0000000000000000E+00
      1873  0.4973098131813323E+01  0.4331513076925535E+01  0.2989263114567788E-01  0.3110996832785191E+00  0.3005927404635904E+00  0.0000000000000000E+00
      1874 -0.5996470904800392E+01 -0.5269685171387643E+01 -0.1445745082433629E-01 -0.4326325167654521E+00 -0.2796957658229700E+00  0.0000000000000000E+00
      1875  0.2156075589150885E+01  0.2032079914264751E+01  0.7106358832934130E-02  0.9587158357820794E-01  0.2101773247498997E-01  0.0000000000000000E+00
      1876  0.6720559885103778E+01  0.5960206567669045E+01  0.4182928097985877E-01  0.2210432020447655E+00  0.4974808344101109E+00  0.0000000000000000E+00
      1877  0.2187163633385500E+01  0.1967809587685467E+01  0.1948459926477856E-01 -0.9253386900889110E-01  0.2924033154441453E+00  0.0000000000000000E+00
      1878 -0.6231298508715034E+01 -0.5757515811894686E+01  0.3741404399161173E-02 -0.1940018194334787E+00 -0.2835222817860245E+00  0.0000000000000000E+00
      1879  0.4842634891681320E+00  0.3147549946131490E+00  0.6212102202067363E-02  0.1790388629096274E+00 -0.1574247055671043E-01  0.0000000000000000E+00
      1880 -0.3508290070237240E+01 -0.3382674478059758E+01 -0.4420552684185702E-01  0.6091013191454637E-01 -0.1423201972501697E+00  0.0000000000000000E+00
      1881  0.2762208038140710E+01  0.2827530566333396E+01  0.2719779782778903E-02 -0.3518051873148028E-01 -0.3286178924398638E-01  0.0000000000000000E+00
      1882  0.4555956398768307E-01  0.9415463703861887E-01 -0.1572952302469822E-01  0.1927019161491754E-01 -0.5213574164115565E-01  0.0000000000000000E+00
      1883  0.2075241179906220E+01  0.2112400136795459E+01 -0.1667030815728082E-01 -0.6663988219477783E-01  0.4615123346282046E-01  0.0000000000000000E+00
      1884 -0.4173623683110939E-01 -0.3938959222405036E-01  0.1369469968106764E-01 -0.3106387138862459E-01  0.1502252710049711E-01  0.0000000000000000E+00
      1885 -0.4697820674946056E+01 -0.4563164960935020E+01 -0.6055598216004926E-01  0.4541132370337387E-01 -0.1195110555543640E+00  0.0000000000000000E+00
      1886 -0.4919633035258298E+01 -0.4663560706991713E+01 -0.3656408745669823E-01 -0.1642067718436026E-01 -0.2030875636255221E+00  0.0000000000000000E+00
      1887 -0.6994301872646307E+00 -0.5628269845577263E+00 -0.3653634244668212E-02 -0.2178001867295787E-01 -0.1111695497892797E+00  0.0000000000000000E+00
      1888  0.1285811066032513E+01  0.1517357291479350E+01 -0.2770765164070628E-01 -0.1980839433363981E+00 -0.5754630469730103E-02  0.0000000000000000E+00
      1889  0.6337116910211980E+01  0.5727645514158820E+01  0.4393437334205359E-01  0.3015130930333557E+00  0.2640239296777441E+00  0.0000000000000000E+00
      1890 -0.3807661533502102E+01 -0.3520787108208032E+01  0.2360201623240455E-02 -0.2311463912366225E+00 -0.5808823568068940E-01  0.0000000000000000E+00
      1891  0.5472296831999797E+01  0.5122028810942844E+01  0.2234247902012706E-01  0.1281850366515777E+00  0.1997405053852525E+00  0.0000000000000000E+00
      1892  0.2011990077491491E+01  0.1899662488608430E+01  0.2457432005081943E-01  0.8745440432030302E-01  0.2988645119364284E-03  0.0000000000000000E+00
      1893 -0.1769571460216233E+01 -0.1592948461266091E+01  0.2542324203699869E-01 -0.1390862592879212E+00 -0.6295998169922136E-01  0.0000000000000000E+00
      1894  0.9680257367647642E+00  0.7857498700336475E+00  0.2633650894377990E-02  0.1311627143335335E+00  0.4847950150320625E-01  0.0000000000000000E+00
      1895 -0.9774636243801852E+00 -0.9629681210225309E+00 -0.2779593610543168E-01 -0.1027022801880989E-01  0.2357066076658721E-01  0.0000000000000000E+00
      1896 -0.1072480023704097E+01 -0.1030280308507838E+01 -0.2954108316353407E-01 -0.2063340962103287E-01  0.7974777588308880E-02  0.0000000000000000E+00
      1897 -0.3280239047924336E+01 -0.3156542011014758E+01  0.1670195508617266E-01  0.1984366921646964E-01 -0.1602426612122197E+00  0.0000000000000000E+00
      1898 -0.2038060120929033E+01 -0.1671289027823121E+01 -0.3618494820363420E-01 -0.1348412987652788E+00 -0.1957448461369983E+00  0.0000000000000000E+00
      1899 -0.1048347203655489E+01 -0.8206744912848342E+00 -0.5889268436666097E-01 -0.7530376010894664E-01 -0.9347626789504718E-01  0.0000000000000000E+00
      1900 -0.2851034307630486E+01 -0.2633231725505861E+01 -0.3421526538605304E-01 -0.3117726144623391E-01 -0.1524100552923375E+00  0.0000000000000000E+00
      1901  0.9570268341565307E+00  0.7139050359878635E+00  0.3009277062336023E-01  0.2053210470152302E+00  0.7707980530077911E-02  0.0000000000000000E+00
      1902 -0.5202201681484478E+01 -0.4668828876582635E+01 -0.1991224451549033E-01 -0.2807728906271334E+00 -0.2326876697592180E+00  0.0000000000000000E+00
      1903  0.7100187689795228E+01  0.6541443495750618E+01  0.4886738653185019E-01  0.1795579551520260E+00  0.3303188523607395E+00  0.0000000000000000E+00
      1904  0.4963035817456734E+01  0.4309600369755957E+01  0.3289505712740474E-01  0.3104640194106529E+00  0.3100763711627237E+00  0.0000000000000000E+00
      1905 -0.5944348683846146E+01 -0.5220822612651256E+01 -0.1288643171119012E-01 -0.4311499088190317E+00 -0.2794897306646738E+00  0.0000000000000000E+00
      1906  0.2191048366280445E+01  0.2076970943431292E+01  0.8815333800080791E-02  0.9623692622810025E-01  0.9025162820970841E-02  0.0000000000000000E+00
      1907  0.6796911421490706E+01  0.6038607181002526E+01  0.4343167596398444E-01  0.2233643328403618E+00  0.4915082316838286E+00  0.0000000000000000E+00
      1908  0.2229614224457123E+01  0.2018499633187830E+01  0.2050885926154120E-01 -0.9428668573419227E-01  0.2848924177419422E+00  0.0000000000000000E+00
      1909 -0.6176835180802336E+01 -0.5731532736418512E+01  0.4231789946255820E-02 -0.1782465667176156E+00 -0.2712876676124718E+00  0.0000000000000000E+00
      1910  0.5503582118569676E+00  0.3785980411965940E+00  0.8720441292477754E-02  0.1650363424210124E+00 -0.1996613053116616E-02  0.0000000000000000E+00
      1911 -0.3450974290748090E+01 -0.3330239076376167E+01 -0.4464604777127117E-01  0.6309621833796916E-01 -0.1391853849386199E+00  0.0000000000000000E+00
      1912  0.2812385253760907E+01  0.2873118853581003E+01  0.4394645549799757E-02 -0.3741673380013998E-01 -0.2771151156975645E-01  0.0000000000000000E+00
      1913  0.8823966045979170E-01  0.1400971838083791E+00 -0.1279188111807865E-01  0.1598681182582740E-01 -0.5505245405633617E-01  0.0000000000000000E+00
      1914  0.2129273411852127E+01  0.2160959506969678E+01 -0.1498341720087372E-01 -0.5625452932653139E-01  0.3955185140985537E-01  0.0000000000000000E+00
      1915  0.3131569524960147E-01  0.9619015350179554E-02  0.1362189792636714E-01 -0.1775080324555563E-01  0.2582558521861075E-01  0.0000000000000000E+00
      1916 -0.4663502495391411E+01 -0.4536758164534598E+01 -0.6105396834480360E-01  0.5150428482432955E-01 -0.1171946473363377E+00  0.0000000000000000E+00
      1917 -0.4941911126820529E+01 -0.4664302665841903E+01 -0.3580594609863030E-01 -0.3105906506648664E-01 -0.2107434498135095E+00  0.0000000000000000E+00
      1918 -0.7009752038131138E+00 -0.5635186586826402E+00 -0.2417498481680273E-02 -0.1367290074302503E-01 -0.1213661459057649E+00  0.0000000000000000E+00
      1919  0.1293394722527850E+01  0.1538161013797801E+01 -0.2455116485434559E-01 -0.2192003904810975E+00 -0.1014735934503588E-02  0.0000000000000000E+00
      1920  0.6458050319192068E+01  0.5841140505101467E+01  0.4655684507187108E-01  0.3040240419859777E+00  0.2663289270327487E+00  0.0000000000000000E+00
      1921 -0.3664855089656580E+01 -0.3398909402008694E+01  0.3258182020237346E-02 -0.2151058883218691E+00 -0.5409798134625400E-01  0.0000000000000000E+00
      1922  0.5524531488905875E+01  0.5172936631804465E+01  0.2152543395325328E-01  0.1245139908659377E+00  0.2055554322822218E+00  0.0000000000000000E+00
      1923  0.2039419463348624E+01  0.1927138100149773E+01  0.2445300190225974E-01  0.8886576471153050E-01 -0.1037403414942394E-02  0.0000000000000000E+00
      1924 -0.1715472849164918E+01 -0.1525688702627044E+01  0.2496084467098248E-01 -0.1442809806179740E+00 -0.7046401059087970E-01  0.0000000000000000E+00
      1925  0.1040918724486684E+01  0.8378240496155932E+00  0.1809990771215049E-02  0.1458568490332965E+00  0.5542783506657920E-01  0.0000000000000000E+00
      1926 -0.1059641421530918E+01 -0.1040365388157946E+01 -0.2877390740391894E-01 -0.1891233755680911E-01  0.2841021158775600E-01  0.0000000000000000E+00
      1927 -0.1109083276082242E+01 -0.1063267250449421E+01 -0.2944045367155244E-01 -0.2038082329828513E-01  0.4005251337018935E-02  0.0000000000000000E+00
      1928 -0.3232127411554535E+01 -0.3123306248746800E+01  0.1858120411013865E-01  0.1985796478851174E-01 -0.1472603317063845E+00  0.0000000000000000E+00
      1929 -0.2048500083913814E+01 -0.1698609379982133E+01 -0.3112600872349476E-01 -0.1319717402315935E+00 -0.1867929549765916E+00  0.0000000000000000E+00
      1930 -0.1017205489136220E+01 -0.8104075018593090E+00 -0.5610572214470137E-01 -0.6101455377416875E-01 -0.8967771135803954E-01  0.0000000000000000E+00
      1931 -0.2844183124050006E+01 -0.2611753498945776E+01 -0.3799788377316955E-01 -0.3889806488110554E-01 -0.1555336764499530E+00  0.0000000000000000E+00
      1932  0.9787327351268813E+00  0.7383227982087670E+00  0.3098228668714755E-01  0.1970347691068843E+00  0.1239288112408438E-01  0.0000000000000000E+00
      1933 -0.5179132861614258E+01 -0.4650098755490182E+01 -0.1966568038564040E-01 -0.2782202655949720E+00 -0.2311481601434731E+00  0.0000000000000000E+00
      1934  0.7158773396184489E+01  0.6588910829063970E+01  0.4799686714418971E-01  0.1922420131372058E+00  0.3296236868391271E+00  0.0000000000000000E+00
      1935  0.5009285518886244E+01  0.4353155910791915E+01  0.3287906629732944E-01  0.3141941957675508E+00  0.3090563460294507E+00  0.0000000000000000E+00
      1936 -0.5947720106152916E+01 -0.5214929659351987E+01 -0.1387584137358374E-01 -0.4375248434139548E+00 -0.2813897620133906E+00  0.0000000000000000E+00
      1937  0.2167821277286151E+01  0.2067871876881923E+01  0.6034551349415839E-02  0.8477072002852401E-01  0.9144129026289131E-02  0.0000000000000000E+00
      1938  0.6895478160554651E+01  0.6118133086083327E+01  0.4128764642848034E-01  0.2362522900695682E+00  0.4998051379732725E+00  0.0000000000000000E+00
      1939  0.2308955156569931E+01  0.2079504932657293E+01  0.2253748910893430E-01 -0.8696719972212806E-01  0.2938799345258286E+00  0.0000000000000000E+00
      1940 -0.6222089274571127E+01 -0.5756120248424110E+01  0.4587994132716927E-02 -0.1888121233517015E+00 -0.2817448969280335E+00  0.0000000000000000E+00
      1941  0.5546611980839581E+00  0.3826305419884321E+00  0.5543023109155212E-02  0.1822309080690646E+00 -0.1574327508269451E-01  0.0000000000000000E+00
      1942 -0.3456269740196262E+01 -0.3315681371719347E+01 -0.4315567552498163E-01  0.5267839888547594E-01 -0.1501110918374089E+00  0.0000000000000000E+00
      1943  0.2805986450201186E+01  0.2866511494377752E+01  0.3614232346602582E-02 -0.3206079204506328E-01 -0.3207848447810754E-01  0.0000000000000000E+00
      1944  0.1205716332999678E+00  0.1619547208278878E+00 -0.1292009128394771E-01  0.2267470106192807E-01 -0.5113769730590129E-01  0.0000000000000000E+00
      1945  0.2131150790203058E+01  0.2169205925666200E+01 -0.1532507484837632E-01 -0.6902063119586356E-01  0.4629057058109583E-01  0.0000000000000000E+00
      1946  0.5392020481179536E-01  0.3482170092910006E-01  0.1420238751461336E-01 -0.1297640292522548E-01  0.1787251929330619E-01  0.0000000000000000E+00
      1947 -0.4634056609022394E+01 -0.4517997412052623E+01 -0.6179850139796410E-01  0.5235883519574197E-01 -0.1066195307675532E+00  0.0000000000000000E+00
      1948 -0.4973912872138802E+01 -0.4709320701059446E+01 -0.3511146155877190E-01 -0.3127302639216940E-01 -0.1982076831284158E+00  0.0000000000000000E+00
      1949 -0.6893865266694605E+00 -0.5650821453252116E+00  0.2083798715468035E-02 -0.1431698592356135E-01 -0.1120711941361587E+00  0.0000000000000000E+00
      1950  0.1366644405993241E+01  0.1592146625406080E+01 -0.2488422567237354E-01 -0.2044357586511042E+00  0.3817764910640585E-02  0.0000000000000000E+00
      1951  0.6447138903486129E+01  0.5813522078378806E+01  0.4899868660688857E-01  0.3122387651021835E+00  0.2723793733982525E+00  0.0000000000000000E+00
      1952 -0.3721093688721263E+01 -0.3442985744134761E+01  0.3134055527284554E-02 -0.2250910138835254E+00 -0.5615098623025815E-01  0.0000000000000000E+00
      1953  0.5602091684781652E+01  0.5240615882546446E+01  0.1885112344805935E-01  0.1331148593454176E+00  0.2095098194417276E+00  0.0000000000000000E+00
      1954  0.2068415378571949E+01  0.1944681096782456E+01  0.2818151489281190E-01  0.9023265421262175E-01  0.5320112684055828E-02  0.0000000000000000E+00
      1955 -0.1670149298138737E+01 -0.1479940323486311E+01  0.2840488514444253E-01 -0.1534319384221761E+00 -0.6518192137469439E-01  0.0000000000000000E+00
      1956  0.1064324836657343E+01  0.8522725616457489E+00  0.8408998502632008E-02  0.1506021846853489E+00  0.5304109182361211E-01  0.0000000000000000E+00
      1957 -0.9311049850787754E+00 -0.9279499597760382E+00 -0.2517243400526457E-01 -0.8187823681221590E-02  0.3020523238374935E-01  0.0000000000000000E+00
      1958 -0.1065035135449012E+01 -0.1029024745189576E+01 -0.2614911352579603E-01 -0.1699651977072624E-01  0.7135243037086299E-02  0.0000000000000000E+00
      1959 -0.3314334326505769E+01 -0.3197297758746875E+01  0.2013785192699201E-01  0.1441751868738168E-01 -0.1515919383732624E+00  0.0000000000000000E+00
      1960 -0.2004246436883235E+01 -0.1658939126018661E+01 -0.2766808478207256E-01 -0.1300949473243106E+00 -0.1875442787581902E+00  0.0000000000000000E+00
      1961 -0.9783680832145737E+00 -0.7674031507178147E+00 -0.5587047742560623E-01 -0.7448830359981781E-01 -0.8060615147133554E-01  0.0000000000000000E+00
      1962 -0.2852518914234153E+01 -0.2621871672667202E+01 -0.3465987626830640E-01 -0.3655522240362212E-01 -0.1594321428950212E+00  0.0000000000000000E+00
      1963  0.1014805184666221E+01  0.7573793862568694E+00  0.3678025462655760E-01  0.2133927276902763E+00  0.7252816092518172E-02  0.0000000000000000E+00
      1964 -0.5149632173601697E+01 -0.4622989543652657E+01 -0.1776215952863383E-01 -0.2789849237305593E+00 -0.2298955466898494E+00  0.0000000000000000E+00
      1965  0.7117520538158547E+01  0.6561327839391356E+01  0.5495663178351376E-01  0.1845944345612864E+00  0.3166416324223836E+00  0.0000000000000000E+00
      1966  0.5111012841656123E+01  0.4439486380271298E+01  0.3966040185837701E-01  0.3259675046023582E+00  0.3058985549240897E+00  0.0000000000000000E+00
      1967 -0.6021538018941943E+01 -0.5275955112395907E+01 -0.1196026839906080E-01 -0.4472687879498862E+00 -0.2863538501970905E+00  0.0000000000000000E+00
      1968  0.2308860184349152E+01  0.2183980833904942E+01  0.1215841366419362E-01  0.9493903442712548E-01  0.1778190235289457E-01  0.0000000000000000E+00
      1969  0.6885725390996547E+01  0.6099875002667686E+01  0.5087655364296543E-01  0.2328855344007736E+00  0.5020883002851156E+00  0.0000000000000000E+00
      1970  0.2339309856544066E+01  0.2099800100959349E+01  0.3176345796321675E-01 -0.8425146749783262E-01  0.2919977651193348E+00  0.0000000000000000E+00
      1971 -0.6222194189043223E+01 -0.5759668607821521E+01  0.9743313545859611E-02 -0.1924389713426455E+00 -0.2798299234249153E+00  0.0000000000000000E+00
      1972  0.5845193403466244E+00  0.4045850048260340E+00  0.1194240370318746E-01  0.1781846211480450E+00 -0.1019268933064267E-01  0.0000000000000000E+00
      1973 -0.3482318553066704E+01 -0.3351841356701653E+01 -0.4156487091182767E-01  0.5883386579653697E-01 -0.1477461912497620E+00  0.0000000000000000E+00
      1974  0.2823485482416987E+01  0.2881109686236306E+01  0.9040817089857022E-02 -0.3541320516598802E-01 -0.3125181574318633E-01  0.0000000000000000E+00
      1975  0.1273849833079418E+00  0.1444888740085521E+00 -0.9101558821427810E-02  0.3463168530006164E-01 -0.4263401717924498E-01  0.0000000000000000E+00
      1976  0.2124003980664107E+01  0.2141443794795979E+01 -0.5346135118925855E-02 -0.5867422617626350E-01  0.4658054716331750E-01  0.0000000000000000E+00
      1977  0.1657605980322058E+00  0.1098520696620409E+00  0.1780069545439137E-01  0.5314213225374131E-02  0.3279361969039935E-01  0.0000000000000000E+00
      1978 -0.4673916131391474E+01 -0.4549750862497251E+01 -0.5745779883932304E-01  0.4365890634728584E-01 -0.1103663764021888E+00  0.0000000000000000E+00
      1979 -0.4865719785684024E+01 -0.4602199049725679E+01 -0.3181538041537594E-01 -0.3246187087154961E-01 -0.1992434846714239E+00  0.0000000000000000E+00
      1980 -0.6624896869562709E+00 -0.5379619244234232E+00  0.8019454865086107E-02 -0.1237934724518119E-01 -0.1201678701527535E+00  0.0000000000000000E+00
      1981  0.1357846504574620E+01  0.1580919503582912E+01 -0.2163178388190445E-01 -0.2069093082319768E+00  0.5468093105587489E-02  0.0000000000000000E+00
      1982  0.6512685619156880E+01  0.5868401486546293E+01  0.6226362674222746E-01  0.3146422199976453E+00  0.2673782858707088E+00  0.0000000000000000E+00
      1983 -0.3687744819412688E+01 -0.3413451511123062E+01  0.1165470602411536E-01 -0.2254649306863510E+00 -0.6048308362739244E-01  0.0000000000000000E+00
      1984  0.5558115864275556E+01  0.5201566255544543E+01  0.3120130797168497E-01  0.1290113711196422E+00  0.1963369296396865E+00  0.0000000000000000E+00
      1985  0.2094325916065023E+01  0.1960666811491025E+01  0.4436058860538011E-01  0.9078030106211059E-01 -0.1481785093490695E-02  0.0000000000000000E+00
      1986 -0.1680598251717893E+01 -0.1497399200629373E+01  0.3697251735971334E-01 -0.1589655961484329E+00 -0.6120597229980151E-01  0.0000000000000000E+00
      1987  0.1074739610406798E+01  0.8489378991187607E+00  0.2114228452935563E-01  0.1472166465783211E+00  0.5744278018036088E-01  0.0000000000000000E+00
      1988 -0.9749134235783069E+00 -0.9889187961776322E+00 -0.2323876641209495E-01 -0.2235698675194707E-02  0.3947983768661711E-01  0.0000000000000000E+00
      1989 -0.1015006599960074E+01 -0.1006681647789925E+01 -0.2317734304758962E-01  0.4193598693247874E-02  0.1065879218419517E-01  0.0000000000000000E+00
      1990 -0.3194616122157833E+01 -0.3079583546445704E+01  0.2572899795540140E-01  0.1032062691961550E-01 -0.1510822005871458E+00  0.0000000000000000E+00
      1991 -0.1981963405808448E+01 -0.1630051021246572E+01 -0.2467263951678903E-01 -0.1326117692615957E+00 -0.1946279757834937E+00  0.0000000000000000E+00
      1992 -0.1016864666222228E+01 -0.7923090857078801E+00 -0.5278141235595264E-01 -0.7331236880153948E-01 -0.9846179935685689E-01  0.0000000000000000E+00
      1993 -0.2837890841387111E+01 -0.2604722524204830E+01 -0.3475466087860526E-01 -0.3779292706806468E-01 -0.1606207292356128E+00  0.0000000000000000E+00
      1994  0.1018730668572113E+01  0.7519179461913960E+00  0.4147932985206652E-01  0.2103701932692466E+00  0.1496319925940551E-01  0.0000000000000000E+00
      1995 -0.5143573051715891E+01 -0.4608941001644236E+01 -0.1707436036200303E-01 -0.2814410405314480E+00 -0.2361166491781994E+00  0.0000000000000000E+00
      1996  0.7249304032141495E+01  0.6657415165523967E+01  0.6012918263814177E-01  0.1995717379293149E+00  0.3321879460500778E+00  0.0000000000000000E+00
      1997  0.5102567860339847E+01  0.4421891780344921E+01  0.4756833899797699E-01  0.3300947542273615E+00  0.3030129867695911E+00  0.0000000000000000E+00
      1998 -0.6001252122599910E+01 -0.5272042048966624E+01 -0.8444206301157013E-02 -0.4444213557128494E+00 -0.2763445116192828E+00  0.0000000000000000E+00
      1999  0.2263476362875219E+01  0.2137577280455227E+01  0.1373268106939132E-01  0.9263185970324181E-01  0.1953454164735803E-01  0.0000000000000000E+00
      2000  0.6986755411736590E+01  0.6175860152449768E+01  0.6097827117092892E-01  0.2403210984059015E+00  0.5095958897099975E+00  0.0000000000000000E+00
