      1801 -0.3744699836213677E+02 -0.3442350629745085E+02 -0.2418045541745532E+00 -0.1069432996888762E+01 -0.1712254513622594E+01  0.0000000000000000E+00
      1802 -0.8933652515469981E+02 -0.8821032609426544E+02 -0.1255451776199737E+00 -0.1332025832507399E+00 -0.8674512995638730E+00  0.0000000000000000E+00
      1803  0.2622904136248676E+00 -0.1217253954607297E+01  0.2572920419553615E-01  0.6956419739465159E+00  0.7581731900901179E+00  0.0000000000000000E+00
      1804  0.8043728586181340E+01  0.6653346170292453E+01  0.9352002045714328E-01  0.4185541531906577E+00  0.8783082422410915E+00  0.0000000000000000E+00
      1805  0.8868249739664103E+01  0.7727883177932585E+01  0.3306282875231511E-01  0.2262972199426733E+00  0.8810065130365308E+00  0.0000000000000000E+00
      1806 -0.1329935998599203E+02 -0.1192757765397060E+02 -0.9767805426833376E-01 -0.6577761054162282E+00 -0.6163281723368700E+00  0.0000000000000000E+00
      1807  0.4935493323021479E+01  0.4408089796440713E+01  0.1365082785173634E-01  0.3605523045268056E+00  0.1532003942022168E+00  0.0000000000000000E+00
      1808 -0.4106056109329381E+02 -0.3680744746629615E+02 -0.3724192688956807E+00 -0.1577451475810073E+01 -0.2303242882291920E+01  0.0000000000000000E+00
      1809 -0.1109971738452853E+03 -0.1110638550242499E+03 -0.4147319081754509E-01  0.4506787045029055E+00 -0.3425243347206942E+00  0.0000000000000000E+00
      1810 -0.1208719628729017E+02 -0.1212102431880950E+02  0.4742224876692841E-02 -0.2062795024907177E-01  0.4971375689170783E-01  0.0000000000000000E+00
      1811  0.7331778578388597E+01  0.5664993247222749E+01  0.9686061786156948E-01  0.7432574127443814E+00  0.8266673005598946E+00  0.0000000000000000E+00
      1812  0.8505472955680760E+01  0.7531696834365525E+01  0.9129294069168091E-01  0.9770717849443303E-01  0.7847760021291108E+00  0.0000000000000000E+00
      1813 -0.8141516550402603E+01 -0.6702353900700343E+01 -0.7733909279283398E-01 -0.6275622787283907E+00 -0.7342612781810329E+00  0.0000000000000000E+00
      1814  0.3890288364756210E+01  0.3352853546402455E+01  0.4550920794911024E-01  0.2987883924165710E+00  0.1931372179880754E+00  0.0000000000000000E+00
      1815  0.3570136489202479E+01  0.3071714243527784E+01  0.4201919642786846E-01  0.3226031215980263E-01  0.4241427370870255E+00  0.0000000000000000E+00
      1816  0.2164312238455642E+01  0.1902288634986395E+01  0.4266754827487861E-01  0.4984741637035447E-01  0.1695086388240138E+00  0.0000000000000000E+00
      1817  0.2703427601955389E+01  0.2231545951770135E+01  0.2236736277874453E-01  0.2112996689295890E+00  0.2382146184769197E+00  0.0000000000000000E+00
      1818  0.8708639089833344E+01  0.7398705946239056E+01  0.1871499373026653E-01  0.4967562415321006E+00  0.7944619083319199E+00  0.0000000000000000E+00
      1819  0.2929731774478934E+01  0.2703685238261178E+01  0.2014519773288446E-02 -0.6865785970888295E-01  0.2926898761533488E+00  0.0000000000000000E+00
      1820 -0.1314507098062542E+02 -0.1117882085360005E+02 -0.1060704337770752E+00 -0.7365809693764123E+00 -0.1123598723871888E+01  0.0000000000000000E+00
      1821 -0.7387647028246403E+01 -0.5926895814619316E+01 -0.9205145037310124E-01 -0.4106142344237608E+00 -0.9580855288302246E+00  0.0000000000000000E+00
      1822 -0.4364895460548703E+01 -0.3523012651661883E+01 -0.6542523330306074E-01 -0.1649810884351779E+00 -0.6114764871485825E+00  0.0000000000000000E+00
      1823  0.6542478715969225E+00  0.4840757449808626E+00 -0.6202308596282313E-01  0.2754053441347117E+00 -0.4321013155582908E-01  0.0000000000000000E+00
      1824  0.1102290747275949E+02  0.9479595953700233E+01  0.6296606912663409E-01  0.5996017710233885E+00  0.8807436789092408E+00  0.0000000000000000E+00
      1825 -0.5547842592901307E+01 -0.4962520804743235E+01 -0.2346706099428673E-01 -0.3569773025504817E+00 -0.2048774246133041E+00  0.0000000000000000E+00
      1826  0.1295690254551239E+02  0.1183660653444619E+02  0.3455060256328065E-01  0.3323469562997529E+00  0.7533984522031889E+00  0.0000000000000000E+00
      1827  0.1391582601489628E+01  0.1086132336222666E+01  0.3458962379869255E-01  0.6532877345115301E-01  0.2055318680171166E+00  0.0000000000000000E+00
      1828  0.1657917013628661E+02  0.1507702896826158E+02  0.6662485382768908E-01  0.3917746915028141E+00  0.1043741622694533E+01  0.0000000000000000E+00
      1829  0.8031782797590379E+01  0.7252416011593365E+01  0.2821159279563404E-01  0.1005713485991895E+00  0.6505838446021903E+00  0.0000000000000000E+00
      1830 -0.1397627546076863E+02 -0.1269635002721231E+02 -0.1608471670311505E-01 -0.4676939001517882E+00 -0.7961468167014085E+00  0.0000000000000000E+00
      1831  0.9655644400352782E+00  0.1131735337207205E+01  0.3473336333544789E-01  0.3378976826977356E-01 -0.2346940287771503E+00  0.0000000000000000E+00
      1832 -0.3311196618992147E+02 -0.3013321535745117E+02 -0.2038455090317296E+00 -0.1056743601890190E+01 -0.1718161721548356E+01  0.0000000000000000E+00
      1833 -0.1004298996854680E+02 -0.8868684161695645E+01 -0.1209787360110169E+00 -0.1286946844503450E+00 -0.9246323863897866E+00  0.0000000000000000E+00
      1834  0.1523079024103150E+02  0.1384390980824957E+02  0.2458478237678063E-01  0.6719218209820228E+00  0.6903738294231345E+00  0.0000000000000000E+00
      1835  0.1324186399796429E+02  0.1189532863439356E+02  0.9049951549789778E-01  0.4074263584440086E+00  0.8486094896288087E+00  0.0000000000000000E+00
      1836  0.1496643290840653E+02  0.1383969657780689E+02  0.2754401682605220E-01  0.2293627336841399E+00  0.8698295800894384E+00  0.0000000000000000E+00
      1837 -0.1425160135446502E+02 -0.1289332684753126E+02 -0.9421351405175242E-01 -0.6524064558314842E+00 -0.6116545370505293E+00  0.0000000000000000E+00
      1838  0.7680722382395060E+01  0.7155732554785238E+01  0.1324346542307813E-01  0.3573117476177398E+00  0.1544346145690166E+00  0.0000000000000000E+00
      1839 -0.4475936912912411E+02 -0.4055411159834728E+02 -0.3653256618427279E+00 -0.1560380781169588E+01 -0.2279551087764498E+01  0.0000000000000000E+00
      1840 -0.4052439341092624E+02 -0.4069098407425297E+02 -0.3000715862450332E-01  0.4841941885653799E+00 -0.2875963666141833E+00  0.0000000000000000E+00
      1841  0.1057554197097185E+02  0.1050652550148148E+02  0.1047063014737054E-01 -0.2061725523013884E-01  0.7916309457314308E-01  0.0000000000000000E+00
      1842  0.1732339991943216E+02  0.1564263965101917E+02  0.1003103412181380E+00  0.7376653841598514E+00  0.8427845430350107E+00  0.0000000000000000E+00
      1843  0.1315686717319414E+02  0.1215517775552483E+02  0.9430271846818553E-01  0.1078461963641292E+00  0.7995405028370017E+00  0.0000000000000000E+00
      1844 -0.5953378299890961E+01 -0.4523954410370723E+01 -0.7473226016358865E-01 -0.6239500705172653E+00 -0.7307415588393893E+00  0.0000000000000000E+00
      1845  0.5703830545264508E+01  0.5180995607479892E+01  0.4963169771614322E-01  0.2913958876491244E+00  0.1818073524193450E+00  0.0000000000000000E+00
      1846  0.5070009116620787E+01  0.4566081999333844E+01  0.4362872282068839E-01  0.4634236728810225E-01  0.4139560271781504E+00  0.0000000000000000E+00
      1847  0.3495307722527337E+01  0.3230243830222177E+01  0.4181978696822158E-01  0.5305302022316064E-01  0.1701910851137755E+00  0.0000000000000000E+00
      1848  0.3860566878066034E+01  0.3385697478820865E+01  0.2018210207489188E-01  0.2140826127374174E+00  0.2406046844328595E+00  0.0000000000000000E+00
      1849  0.9835231220055707E+01  0.8520594960926195E+01  0.1750143097728437E-01  0.4952159361994148E+00  0.8019188919528181E+00  0.0000000000000000E+00
      1850  0.3894612419859239E+01  0.3660978462520301E+01  0.1333313143581211E-02 -0.6095976547127420E-01  0.2932604096666342E+00  0.0000000000000000E+00
      1851 -0.1245303473258014E+02 -0.1050188095223988E+02 -0.1023765562832628E+00 -0.7261548896674486E+00 -0.1122622334389543E+01  0.0000000000000000E+00
      1852 -0.6629080939650662E+01 -0.5188425251339434E+01 -0.9208647012555510E-01 -0.4027122680427740E+00 -0.9458569501428979E+00  0.0000000000000000E+00
      1853 -0.3580123415881384E+01 -0.2764308728172687E+01 -0.6313919300582189E-01 -0.1532007384270395E+00 -0.5994747562758345E+00  0.0000000000000000E+00
      1854  0.1526436625056385E+01  0.1321166225163077E+01 -0.5863494451196902E-01  0.2867182052736698E+00 -0.2281286086839532E-01  0.0000000000000000E+00
      1855  0.1173001672313296E+02  0.1020380650015991E+02  0.6253947373218083E-01  0.5821425965598183E+00  0.8815281526810556E+00  0.0000000000000000E+00
      1856 -0.4935554098323855E+01 -0.4361895258978618E+01 -0.2019047903610944E-01 -0.3529599414518601E+00 -0.2005084188572687E+00  0.0000000000000000E+00
      1857  0.1358472086840833E+02  0.1246223656613694E+02  0.3607058274316343E-01  0.3407203277994961E+00  0.7456933917287348E+00  0.0000000000000000E+00
      1858  0.2060024308893609E+01  0.1747181115104194E+01  0.3453250751335903E-01  0.6784005458927547E-01  0.2104706316867798E+00  0.0000000000000000E+00
      1859  0.1729126145316012E+02  0.1579222182395071E+02  0.6617302964169412E-01  0.3849684401620683E+00  0.1047898159405649E+01  0.0000000000000000E+00
      1860  0.8581542067406213E+01  0.7806239228550774E+01  0.2830079286063341E-01  0.1009868440826084E+00  0.6460152019121990E+00  0.0000000000000000E+00
      1861 -0.1339763191602858E+02 -0.1216492372922811E+02 -0.1476723827551109E-01 -0.4404559162865934E+00 -0.7774850322383614E+00  0.0000000000000000E+00
      1862  0.1392128556882414E+01  0.1560316089121104E+01  0.3641673846710028E-01  0.2506536210557878E-01 -0.2296696328113687E+00  0.0000000000000000E+00
      1863 -0.3269401114859460E+02 -0.2973587751134192E+02 -0.1997195992084966E+00 -0.1052244630110428E+01 -0.1706169407933763E+01  0.0000000000000000E+00
      1864 -0.9581851946371589E+01 -0.8428795377542786E+01 -0.1207699123938218E+00 -0.1200354376748625E+00 -0.9122512187601202E+00  0.0000000000000000E+00
      1865  0.1578989149661981E+02  0.1437662688381147E+02  0.2848095579774561E-01  0.6696309864495863E+00  0.7151526705610173E+00  0.0000000000000000E+00
      1866  0.1373739728438185E+02  0.1237502360449821E+02  0.9492527236039391E-01  0.4091668207695023E+00  0.8582815867537429E+00  0.0000000000000000E+00
      1867  0.1552263918001042E+02  0.1438030084607699E+02  0.2998207341816347E-01  0.2287196380642297E+00  0.8836366224510164E+00  0.0000000000000000E+00
      1868 -0.1385364568849626E+02 -0.1253163824858647E+02 -0.8819895561822702E-01 -0.6296012387901359E+00 -0.6042072455014343E+00  0.0000000000000000E+00
      1869  0.8003063795458559E+01  0.7481648111239814E+01  0.1643154800839187E-01  0.3509305954902042E+00  0.1540535407201467E+00  0.0000000000000000E+00
      1870 -0.4441631089242954E+02 -0.4025281922847046E+02 -0.3520899291510706E+00 -0.1538943853101848E+01 -0.2272457881706139E+01  0.0000000000000000E+00
      1871 -0.4094580728860085E+02 -0.4113728255131333E+02 -0.2658656494987521E-01  0.4943689746694306E+00 -0.2763071470071359E+00  0.0000000000000000E+00
      1872  0.1051613648159112E+02  0.1043721415299540E+02  0.1316733052127978E-01 -0.2163409879421958E-01  0.8738909686864926E-01  0.0000000000000000E+00
      1873  0.1754412404689942E+02  0.1585966536306725E+02  0.9966365311755690E-01  0.7404678733907576E+00  0.8443271573238543E+00  0.0000000000000000E+00
      1874  0.1336184316156323E+02  0.1237424728030567E+02  0.9109992742069395E-01  0.9176377693521909E-01  0.8047321769016549E+00  0.0000000000000000E+00
      1875 -0.5667536025625755E+01 -0.4263975872663893E+01 -0.7169927175285830E-01 -0.6059608598607161E+00 -0.7259000213482873E+00  0.0000000000000000E+00
      1876  0.5907556130999652E+01  0.5377143159489068E+01  0.5073073751638941E-01  0.2921195064877382E+00  0.1875627275064546E+00  0.0000000000000000E+00
      1877  0.5300991645792315E+01  0.4777671896745611E+01  0.4455837590234633E-01  0.5096859395500809E-01  0.4277927791893478E+00  0.0000000000000000E+00
      1878  0.3726984128269573E+01  0.3457961645411470E+01  0.4079377803881618E-01  0.5677587596231543E-01  0.1714528288569704E+00  0.0000000000000000E+00
      1879  0.4046234031649153E+01  0.3563449688381652E+01  0.2120499607653020E-01  0.2171509525966401E+00  0.2444283945943294E+00  0.0000000000000000E+00
      1880  0.1003590957565507E+02  0.8698501443267681E+01  0.1990578815839586E-01  0.5074640204223609E+00  0.8100383238066182E+00  0.0000000000000000E+00
      1881  0.4129367676654468E+01  0.3881247076802877E+01  0.2237626685090722E-02 -0.5509328823728315E-01  0.3009762614037811E+00  0.0000000000000000E+00
      1882 -0.1217763957924928E+02 -0.1024363880491804E+02 -0.1012090379777963E+00 -0.7162782312618926E+00 -0.1116513505091552E+01  0.0000000000000000E+00
      1883 -0.6379677824438483E+01 -0.4942779660113480E+01 -0.8786869713979509E-01 -0.4075145691589211E+00 -0.9415148980262841E+00  0.0000000000000000E+00
      1884 -0.3432812623616724E+01 -0.2606717071800805E+01 -0.6188917432783567E-01 -0.1624361218882733E+00 -0.6017702555998080E+00  0.0000000000000000E+00
      1885  0.1647306062509983E+01  0.1450177959673116E+01 -0.5456879193733970E-01  0.2781487830938333E+00 -0.2645188831962479E-01  0.0000000000000000E+00
      1886  0.1191818603941701E+02  0.1037408232708071E+02  0.6480918211063195E-01  0.5947326717101048E+00  0.8845618585155728E+00  0.0000000000000000E+00
      1887 -0.4678134718585110E+01 -0.4134529367213434E+01 -0.2000340978075226E-01 -0.3394370141696616E+00 -0.1841649274212618E+00  0.0000000000000000E+00
      1888  0.1368176197730693E+02  0.1256731504451045E+02  0.3490733167792761E-01  0.3344629709431508E+00  0.7450766301753982E+00  0.0000000000000000E+00
      1889  0.2145702459648283E+01  0.1819763159526815E+01  0.3718533978414444E-01  0.7810964838176042E-01  0.2106443119555614E+00  0.0000000000000000E+00
      1890  0.1734982266126193E+02  0.1584999058120319E+02  0.6940389126610205E-01  0.3768577444667358E+00  0.1053570444325914E+01  0.0000000000000000E+00
      1891  0.8705160032282910E+01  0.7913828701785961E+01  0.3250198544391148E-01  0.1069843281033658E+00  0.6518450169496713E+00  0.0000000000000000E+00
      1892 -0.1331913677117311E+02 -0.1208194693400304E+02 -0.1671933360860558E-01 -0.4423115824784613E+00 -0.7781589210829857E+00  0.0000000000000000E+00
      1893  0.1600854766200392E+01  0.1723781209148295E+01  0.3672329241066510E-01  0.4891778988712248E-01 -0.2085675252456912E+00  0.0000000000000000E+00
      1894 -0.3257329918881059E+02 -0.2963061013295172E+02 -0.1968822887397557E+00 -0.1046741842835480E+01 -0.1699064924283596E+01  0.0000000000000000E+00
      1895 -0.9413604548420857E+01 -0.8280555530464284E+01 -0.1155574404059259E+00 -0.1108570977385864E+00 -0.9066344798120527E+00  0.0000000000000000E+00
      1896  0.1587504263112982E+02  0.1447185014312616E+02  0.2898704122319305E-01  0.6605964696229595E+00  0.7136089771575119E+00  0.0000000000000000E+00
      1897  0.1377140751688153E+02  0.1241309976206907E+02  0.9402819669639441E-01  0.4160835607338540E+00  0.8481959973822228E+00  0.0000000000000000E+00
      1898  0.1556113769163032E+02  0.1444414567132861E+02  0.3205577865094499E-01  0.2150993394832564E+00  0.8698369021675166E+00  0.0000000000000000E+00
      1899 -0.1377128767837460E+02 -0.1245928005120500E+02 -0.9058684163758424E-01 -0.6201693722181413E+00 -0.6012514133138730E+00  0.0000000000000000E+00
      1900  0.8095921811886541E+01  0.7539041071877710E+01  0.2007507922205361E-01  0.3658436339217059E+00  0.1709620268650726E+00  0.0000000000000000E+00
      1901 -0.4428735142099795E+02 -0.4015362816540458E+02 -0.3504639967492338E+00 -0.1528147747644569E+01 -0.2255111511199603E+01  0.0000000000000000E+00
      1902 -0.4075742662181467E+02 -0.4093595225706070E+02 -0.3060296080967060E-01  0.4832221959592607E+00 -0.2740935999035415E+00  0.0000000000000000E+00
      1903  0.1058109267882562E+02  0.1050275896348334E+02  0.1187625231468098E-01 -0.1764849508864844E-01  0.8410595811622905E-01  0.0000000000000000E+00
      1904  0.1761398922507007E+02  0.1592674684488607E+02  0.1012557213233026E+00  0.7375845937620189E+00  0.8484020650986758E+00  0.0000000000000000E+00
      1905  0.1348200589582577E+02  0.1247341619698579E+02  0.9576199167892058E-01  0.1005351706379331E+00  0.8122925365231300E+00  0.0000000000000000E+00
      1906 -0.5623668412156205E+01 -0.4223784715784393E+01 -0.6973364604642421E-01 -0.6034136126243941E+00 -0.7267364377009997E+00  0.0000000000000000E+00
      1907  0.5960429628217188E+01  0.5428866147935635E+01  0.5345038709142338E-01  0.2906645290999307E+00  0.1874485640901992E+00  0.0000000000000000E+00
      1908  0.5328145007437971E+01  0.4812126040779088E+01  0.4376724690342460E-01  0.5025655325570334E-01  0.4219951664997533E+00  0.0000000000000000E+00
      1909  0.3759946001785317E+01  0.3460785553322513E+01  0.4191118470989377E-01  0.7435250327350522E-01  0.1828967604794059E+00  0.0000000000000000E+00
      1910  0.4151065948831715E+01  0.3665177163612958E+01  0.2356930246638014E-01  0.2030820444511627E+00  0.2592374383012126E+00  0.0000000000000000E+00
      1911  0.1012145613606041E+02  0.8773250975625356E+01  0.2154120724342642E-01  0.5115749784976715E+00  0.8150889746939619E+00  0.0000000000000000E+00
      1912  0.4161018241611178E+01  0.3907827149066419E+01  0.4207023500695785E-02 -0.5679247885572197E-01  0.3057765478997819E+00  0.0000000000000000E+00
      1913 -0.1222768587455237E+02 -0.1028609026395384E+02 -0.9932194958639992E-01 -0.7249771108869132E+00 -0.1117296550125220E+01  0.0000000000000000E+00
      1914 -0.6364491496456856E+01 -0.4939510762751542E+01 -0.8705615755972387E-01 -0.3942918223064303E+00 -0.9436327538391623E+00  0.0000000000000000E+00
      1915 -0.3382424771441314E+01 -0.2579289664465034E+01 -0.6079843457803651E-01 -0.1521237636654167E+00 -0.5902129087328262E+00  0.0000000000000000E+00
      1916  0.1679076809217318E+01  0.1471220397643776E+01 -0.5470855910530845E-01  0.2863529890712284E+00 -0.2378801839237926E-01  0.0000000000000000E+00
      1917  0.1186691141349349E+02  0.1033411240751348E+02  0.6750983588687345E-01  0.5873475321037527E+00  0.8779416379893827E+00  0.0000000000000000E+00
      1918 -0.4712916014540803E+01 -0.4175007639145023E+01 -0.1896369570641847E-01 -0.3237473830031196E+00 -0.1951972966862390E+00  0.0000000000000000E+00
      1919  0.1365288756649518E+02  0.1255006969171219E+02  0.3856899379166592E-01  0.3196624815132630E+00  0.7445863994780640E+00  0.0000000000000000E+00
      1920  0.2170273308889109E+01  0.1839028986436343E+01  0.3852809750920251E-01  0.8158771803851610E-01  0.2111285069050496E+00  0.0000000000000000E+00
      1921  0.1746396803261759E+02  0.1593783675267075E+02  0.6808184161695555E-01  0.4074825466231082E+00  0.1050566891706789E+01  0.0000000000000000E+00
      1922  0.8747637984257063E+01  0.7961177265237982E+01  0.3001735943362995E-01  0.9583332597029380E-01  0.6606100336151558E+00  0.0000000000000000E+00
      1923 -0.1328343166606679E+02 -0.1205015673891621E+02 -0.1589648317192041E-01 -0.4446331810704700E+00 -0.7727452629081795E+00  0.0000000000000000E+00
      1924  0.1583968805253121E+01  0.1720024498424740E+01  0.3645740740571217E-01  0.4270387448115903E-01 -0.2152169750584893E+00  0.0000000000000000E+00
      1925 -0.3255658221640019E+02 -0.2963915283176199E+02 -0.1948052720441565E+00 -0.1035607665697460E+01 -0.1687016446896532E+01  0.0000000000000000E+00
      1926 -0.9508590154766123E+01 -0.8363793463549369E+01 -0.1161463400006735E+00 -0.1197093695197851E+00 -0.9089409816962960E+00  0.0000000000000000E+00
      1927  0.1583368670439728E+02  0.1444169890794068E+02  0.2846607826476621E-01  0.6575340428050008E+00  0.7059876753868373E+00  0.0000000000000000E+00
      1928  0.1393140959912935E+02  0.1254127467019014E+02  0.9746483408562065E-01  0.4239421171427050E+00  0.8687279777108787E+00  0.0000000000000000E+00
      1929  0.1561364152826081E+02  0.1447463999478357E+02  0.3735882839175733E-01  0.2178364772062377E+00  0.8838062278792513E+00  0.0000000000000000E+00
      1930 -0.1372393915220850E+02 -0.1243349245710472E+02 -0.8824658256716954E-01 -0.6074438614230365E+00 -0.5947562511135679E+00  0.0000000000000000E+00
      1931  0.8103356507804078E+01  0.7553136887219482E+01  0.1640033677160176E-01  0.3634842537963975E+00  0.1703350300166035E+00  0.0000000000000000E+00
      1932 -0.4435745511727581E+02 -0.4021202848574599E+02 -0.3509440689673662E+00 -0.1535634761428678E+01 -0.2258847801133804E+01  0.0000000000000000E+00
      1933 -0.4123984105151789E+02 -0.4141987959433686E+02 -0.2822616951565797E-01  0.4803678316585037E+00 -0.2721031193239368E+00  0.0000000000000000E+00
      1934  0.1037593144936783E+02  0.1028616937059919E+02  0.1156469078773781E-01 -0.8060211739279011E-02  0.8625759972018060E-01  0.0000000000000000E+00
      1935  0.1749159177668368E+02  0.1579105702454518E+02  0.1029400470443753E+00  0.7452694885312378E+00  0.8523252165629125E+00  0.0000000000000000E+00
      1936  0.1337177818254033E+02  0.1237455459750532E+02  0.9296773497335606E-01  0.9993294049462345E-01  0.8043229095670337E+00  0.0000000000000000E+00
      1937 -0.5638604601537156E+01 -0.4221266631404039E+01 -0.7180063318261601E-01 -0.6180483330290825E+00 -0.7274890039214247E+00  0.0000000000000000E+00
      1938  0.6030713302947482E+01  0.5481340073657890E+01  0.5025604727033961E-01  0.3028775692635384E+00  0.1962396127557114E+00  0.0000000000000000E+00
      1939  0.5357972691540543E+01  0.4820587975074788E+01  0.4495110296267958E-01  0.5880308478467464E-01  0.4336305287184035E+00  0.0000000000000000E+00
      1940  0.3743191889440020E+01  0.3455397709843105E+01  0.4262263211410872E-01  0.6903922537355743E-01  0.1761323221092483E+00  0.0000000000000000E+00
      1941  0.4159940803278723E+01  0.3670148040159356E+01  0.1955617514611154E-01  0.2234928507686053E+00  0.2467437372046524E+00  0.0000000000000000E+00
      1942  0.1007537084946250E+02  0.8736919539348602E+01  0.2144607173132363E-01  0.5190209616743321E+00  0.7979842767082560E+00  0.0000000000000000E+00
      1943  0.4144753288071579E+01  0.3888333063834382E+01  0.2485811410226822E-02 -0.5317900903121705E-01  0.3071134218581866E+00  0.0000000000000000E+00
      1944 -0.1211196744340367E+02 -0.1018530807123142E+02 -0.9783585057337059E-01 -0.7193062658871855E+00 -0.1109517255711697E+01  0.0000000000000000E+00
      1945 -0.6339917527860218E+01 -0.4910980292564207E+01 -0.8584543289039703E-01 -0.4059356521585855E+00 -0.9371561502470341E+00  0.0000000000000000E+00
      1946 -0.3321447075582949E+01 -0.2519479970499827E+01 -0.6000429688715257E-01 -0.1503094022652519E+00 -0.5916534059307190E+00  0.0000000000000000E+00
      1947  0.1746991258783553E+01  0.1525004271738734E+01 -0.5614539864931249E-01  0.2888718635222972E+00 -0.1073947782816676E-01  0.0000000000000000E+00
      1948  0.1185848261046308E+02  0.1030418453345571E+02  0.6911513368166083E-01  0.5922882666679810E+00  0.8928946766577318E+00  0.0000000000000000E+00
      1949 -0.4641249111109886E+01 -0.4121978479893129E+01 -0.1550385943878821E-01 -0.3256960146269097E+00 -0.1780707571510562E+00  0.0000000000000000E+00
      1950  0.1373959389065218E+02  0.1260264916335908E+02  0.3978498510539392E-01  0.3371185043537667E+00  0.7600412378339383E+00  0.0000000000000000E+00
      1951  0.2244595707849103E+01  0.1891244997475711E+01  0.4102229060960624E-01  0.8942294289936933E-01  0.2229054768644162E+00  0.0000000000000000E+00
      1952  0.1745958421836273E+02  0.1592867361911102E+02  0.6941084914085552E-01  0.4139607208028387E+00  0.1047539029308022E+01  0.0000000000000000E+00
      1953  0.8745956775541146E+01  0.7952751609551230E+01  0.2782170556930125E-01  0.1094278839789875E+00  0.6559555764416358E+00  0.0000000000000000E+00
      1954 -0.1337141644814910E+02 -0.1212686336789978E+02 -0.1211869429162975E-01 -0.4548292333178472E+00 -0.7776051526398510E+00  0.0000000000000000E+00
      1955  0.1535699483287328E+01  0.1677680052789894E+01  0.3893358791091341E-01  0.3132525390023556E-01 -0.2122394113137170E+00  0.0000000000000000E+00
      1956 -0.3252221794917996E+02 -0.2959997453413634E+02 -0.1925072949390893E+00 -0.1040800120826698E+01 -0.1688935999277842E+01  0.0000000000000000E+00
      1957 -0.9423066128277998E+01 -0.8296656841319543E+01 -0.1138202103185272E+00 -0.1137299870519936E+00 -0.8988590895879381E+00  0.0000000000000000E+00
      1958  0.1589765446275840E+02  0.1448364434091268E+02  0.3154881975561740E-01  0.6690941153817398E+00  0.7133671867083573E+00  0.0000000000000000E+00
      1959  0.1385681889459287E+02  0.1246697586048694E+02  0.1029522336902044E+00  0.4279427791271804E+00  0.8589480212885514E+00  0.0000000000000000E+00
      1960  0.1566382507070413E+02  0.1450614963140623E+02  0.4136576014410137E-01  0.2393117010582943E+00  0.8769979780955104E+00  0.0000000000000000E+00
      1961 -0.1371391226342476E+02 -0.1240788847296165E+02 -0.8881386008106590E-01 -0.6321574176492231E+00 -0.5850525127328240E+00  0.0000000000000000E+00
      1962  0.8119009874651679E+01  0.7560888961341244E+01  0.2326463047919900E-01  0.3667080748856774E+00  0.1681482079455616E+00  0.0000000000000000E+00
      1963 -0.4428702480139979E+02 -0.4015240891350037E+02 -0.3519296460853907E+00 -0.1534495855441196E+01 -0.2248190386372824E+01  0.0000000000000000E+00
      1964 -0.4036060081677872E+02 -0.4054761018974544E+02 -0.3157903208367567E-01  0.4791391037717094E+00 -0.2605506987213294E+00  0.0000000000000000E+00
      1965  0.1057832638772515E+02  0.1052175989949432E+02  0.1329763024986690E-01 -0.2805709764173405E-01  0.7132595562269529E-01  0.0000000000000000E+00
      1966  0.1776220205980630E+02  0.1605038529536223E+02  0.1072229853144019E+00  0.7575879330062469E+00  0.8470058461234159E+00  0.0000000000000000E+00
      1967  0.1342840324067419E+02  0.1242194111862592E+02  0.1016084709788827E+00  0.1055575494825472E+00  0.7992961015868381E+00  0.0000000000000000E+00
      1968 -0.5578313974741222E+01 -0.4176163513875745E+01 -0.6994302033948804E-01 -0.6136194742958866E+00 -0.7185879662301020E+00  0.0000000000000000E+00
      1969  0.6036349445175337E+01  0.5483597688927947E+01  0.5706031228581786E-01  0.2980417745906437E+00  0.1976496693709248E+00  0.0000000000000000E+00
      1970  0.5367429129798352E+01  0.4814117828059406E+01  0.5599296118514230E-01  0.6701723819646267E-01  0.4303011023573386E+00  0.0000000000000000E+00
      1971  0.3777951335458544E+01  0.3471584608430617E+01  0.5330488705549811E-01  0.7654531140298693E-01  0.1765165285694427E+00  0.0000000000000000E+00
      1972  0.4202831828533990E+01  0.3686570313636889E+01  0.3049595456472335E-01  0.2310152308434560E+00  0.2547503294889237E+00  0.0000000000000000E+00
      1973  0.1016582014665466E+02  0.8770400014803707E+01  0.3294618830031081E-01  0.5576083540355755E+00  0.8048655895150670E+00  0.0000000000000000E+00
      1974  0.4152289032842577E+01  0.3893179682035770E+01  0.1339956436053586E-01 -0.6109253467818571E-01  0.3068023211244551E+00  0.0000000000000000E+00
      1975 -0.1217419328176603E+02 -0.1024050895601567E+02 -0.1012280719580669E+00 -0.7296167786126317E+00 -0.1102839475179661E+01  0.0000000000000000E+00
      1976 -0.6388495515603105E+01 -0.4958831171642263E+01 -0.8713612144150581E-01 -0.4087893568536219E+00 -0.9337388656657122E+00  0.0000000000000000E+00
      1977 -0.3299347881775571E+01 -0.2513551319975315E+01 -0.6206631050583771E-01 -0.1473631897482709E+00 -0.5763670615461485E+00  0.0000000000000000E+00
      1978  0.1682339003826853E+01  0.1463656091748142E+01 -0.5235402372411144E-01  0.2852339129971068E+00 -0.1419697719428503E-01  0.0000000000000000E+00
      1979  0.1199467195214784E+02  0.1039364923270822E+02  0.8290940767325823E-01  0.6241903260431804E+00  0.8939229857231922E+00  0.0000000000000000E+00
      1980 -0.4683184043903314E+01 -0.4146282711408228E+01 -0.1165328344867337E-01 -0.3378234739686103E+00 -0.1874245750778111E+00  0.0000000000000000E+00
      1981  0.1378501485609121E+02  0.1260772213238917E+02  0.5531703279869914E-01  0.3598943087047287E+00  0.7620813821986090E+00  0.0000000000000000E+00
      1982  0.2225096296033407E+01  0.1864427640208293E+01  0.5697449892800076E-01  0.8508028087229691E-01  0.2186138760248141E+00  0.0000000000000000E+00
      1983  0.1759954288194481E+02  0.1598585496383707E+02  0.9311118538371797E-01  0.4648385693193587E+00  0.1055738163404680E+01  0.0000000000000000E+00
      1984  0.8744992572146167E+01  0.7944057123118593E+01  0.4065401240313831E-01  0.1081560652141810E+00  0.6521253714102552E+00  0.0000000000000000E+00
      1985 -0.1342246228341821E+02 -0.1215769077859996E+02 -0.2857219540153788E-02 -0.4821879695271544E+00 -0.7797263157509453E+00  0.0000000000000000E+00
      1986  0.1525705068100673E+01  0.1663820926130037E+01  0.5158520547122466E-01  0.2460342476800463E-01 -0.2143044882685952E+00  0.0000000000000000E+00
      1987 -0.3262463453067766E+02 -0.2967855782008109E+02 -0.2008942246761872E+00 -0.1062585828848181E+01 -0.1682596657072226E+01  0.0000000000000000E+00
      1988 -0.9468870684008424E+01 -0.8328922976336180E+01 -0.1214167792088341E+00 -0.1189555743238014E+00 -0.8995753541396105E+00  0.0000000000000000E+00
      1989  0.1592453245437723E+02  0.1448083574181434E+02  0.3162657417116613E-01  0.7005776991846343E+00  0.7114924392070604E+00  0.0000000000000000E+00
      1990  0.1396589471304494E+02  0.1252973466000596E+02  0.1179680652610241E+00  0.4543072953833688E+00  0.8638846923945923E+00  0.0000000000000000E+00
      1991  0.1575888762657838E+02  0.1455008624992412E+02  0.6122041954619362E-01  0.2622728836899708E+00  0.8853080734180939E+00  0.0000000000000000E+00
      1992 -0.1378963158889089E+02 -0.1244590981951550E+02 -0.8930002392077963E-01 -0.6576179470609037E+00 -0.5968037983937152E+00  0.0000000000000000E+00
      1993  0.8110264382918020E+01  0.7541988300901607E+01  0.2900470761761287E-01  0.3765945129538741E+00  0.1626768614449370E+00  0.0000000000000000E+00
      1994 -0.4428947396650631E+02 -0.4012724871980021E+02 -0.3631612045981618E+00 -0.1554918292808493E+01 -0.2244145749299455E+01  0.0000000000000000E+00
      1995 -0.4135482786862916E+02 -0.4152517343198613E+02 -0.3803976543886929E-01  0.4808775616568795E+00 -0.2724922328610153E+00  0.0000000000000000E+00
      1996  0.1051747968737713E+02  0.1044512452567792E+02  0.8949188093800775E-02 -0.2450205074229073E-01  0.8790802434770587E-01  0.0000000000000000E+00
      1997  0.1760082737227603E+02  0.1587371599639206E+02  0.1102742147620859E+00  0.7740298938126570E+00  0.8428072673092101E+00  0.0000000000000000E+00
      1998  0.1341291249640759E+02  0.1237031648096251E+02  0.1123826792724094E+00  0.1230259277924836E+00  0.8071874083801788E+00  0.0000000000000000E+00
      1999 -0.5593738731648663E+01 -0.4166240142965973E+01 -0.7483096084155426E-01 -0.6371430858579457E+00 -0.7155245419831849E+00  0.0000000000000000E+00
      2000  0.6081959158390882E+01  0.5519560751611224E+01  0.6140894427968660E-01  0.2961559257061999E+00  0.2048335367937694E+00  0.0000000000000000E+00
