      1801 -0.1320590677349881E+01 -0.1216290043421276E+01  0.1115248928482114E-03  0.3156511532857197E-01 -0.1359772741500236E+00  0.0000000000000000E+00
      1802 -0.1240728098786699E+01 -0.1192904765887846E+01 -0.3120837575984756E-01 -0.5485524165716691E-02 -0.1112943297329036E-01  0.0000000000000000E+00
      1803 -0.7411956141399025E+00 -0.7497241937494034E+00 -0.3114151272547797E-01  0.9251250416026733E-02  0.3041884191894919E-01  0.0000000000000000E+00
      1804  0.5160259548078056E+00  0.3070785511163880E+00  0.2809279783824761E-01  0.1346727495429406E+00  0.4618185631022957E-01  0.0000000000000000E+00
      1805 -0.1260804328706312E+00  0.4258686816061184E-01 -0.3239919226197083E-01 -0.8777964235136400E-01 -0.4848846641790674E-01  0.0000000000000000E+00
      1806 -0.1341839632964885E+01 -0.1128467946524630E+01 -0.5229616210297448E-01 -0.9604532664780630E-01 -0.6503019768947310E-01  0.0000000000000000E+00
      1807 -0.6916325664987006E+00 -0.6448966232489793E+00 -0.2262044673848954E-01  0.2666207070088060E-01 -0.5077756721211164E-01  0.0000000000000000E+00
      1808 -0.1354579926920932E+01 -0.1404945212064656E+01  0.1952591613218741E-01  0.1139651627236524E+00 -0.8312579371211448E-01  0.0000000000000000E+00
      1809  0.1080245216956424E+01  0.1122265930210993E+01  0.7893171962243819E-02 -0.7760608994257324E-01  0.2769220472576146E-01  0.0000000000000000E+00
      1810 -0.2083631390220654E+00 -0.1644126926714295E+00  0.2549898898694916E-01 -0.8414084221415084E-01  0.1469140687656550E-01  0.0000000000000000E+00
      1811 -0.1186382261324478E+00 -0.2902406763929111E+00  0.1479442649895753E-01  0.1965160182214621E+00 -0.3970799445995643E-01  0.0000000000000000E+00
      1812  0.1083702008104695E+01  0.1295023009306393E+01  0.5929385932613737E-02 -0.1852673605532690E+00 -0.3198302658104363E-01  0.0000000000000000E+00
      1813  0.1806600469606142E+01  0.1662499264698487E+01  0.7167931356885053E-02  0.5441155461045154E-01  0.8252171894031786E-01  0.0000000000000000E+00
      1814 -0.6576844381766830E-01 -0.2790920274835414E+00  0.1696499842254946E-01  0.2139766581882508E-01  0.1749609194244980E+00  0.0000000000000000E+00
      1815  0.1050347170895945E+01  0.9627813027037756E+00  0.1734617162086401E-01 -0.9725150737880831E-01  0.1674712039501130E+00  0.0000000000000000E+00
      1816  0.8746496643148727E+00  0.7924222468287301E+00  0.2288186329791607E-01  0.2035551110683410E-01  0.3899004308139341E-01  0.0000000000000000E+00
      1817  0.1101156030351621E+00 -0.9861447481663638E-01  0.4235249932639643E-02  0.1389225212512276E+00  0.6557230666793215E-01  0.0000000000000000E+00
      1818  0.2479740740125401E+01  0.2147886991836208E+01 -0.2155556078201258E-01  0.2109866766717787E+00  0.1424226323994251E+00  0.0000000000000000E+00
      1819 -0.2023758955960621E+01 -0.1615882760563890E+01 -0.1164573587084259E-01 -0.2174402359321455E+00 -0.1787902235937429E+00  0.0000000000000000E+00
      1820  0.1435022177924504E+00  0.2055354035879086E+00 -0.1190253206563652E-01  0.4154781758418896E-01 -0.9167847131401000E-01  0.0000000000000000E+00
      1821 -0.6993101042202076E+00 -0.4481626660104910E+00 -0.2402681740439433E-01 -0.1367914260747984E+00 -0.9032919473052461E-01  0.0000000000000000E+00
      1822 -0.1491693425367518E+01 -0.1361314911559134E+01  0.6234797805500694E-02 -0.5016600683042687E-01 -0.8644730478345546E-01  0.0000000000000000E+00
      1823  0.8956159671089083E+00  0.5967830946355197E+00 -0.4238482534039692E-01  0.2245224525306745E+00  0.1166952452831101E+00  0.0000000000000000E+00
      1824  0.9246917412938989E+00  0.6795455478482787E+00 -0.5485394427698180E-02  0.1169875333112665E+00  0.1336440545620512E+00  0.0000000000000000E+00
      1825  0.7591543314860155E+00  0.7479423640628028E+00  0.6913795050077619E-02 -0.2467533837930871E-01  0.2897351075244264E-01  0.0000000000000000E+00
      1826  0.2014392694613719E+00  0.4965852653088826E+00 -0.2401612613029697E-01 -0.2538194111333828E+00 -0.1731045858383106E-01  0.0000000000000000E+00
      1827 -0.1871079763500976E+01 -0.1766878285168745E+01  0.1268060402960251E-01  0.3568562936472481E-01 -0.1525677117265574E+00  0.0000000000000000E+00
      1828  0.1307194269294435E+00  0.1650741776919186E+00  0.1507159026624370E-01 -0.5698612630010341E-01  0.7559785271384995E-02  0.0000000000000000E+00
      1829 -0.1025570356356472E+00 -0.2222138773599391E-01 -0.5147441173001463E-02 -0.5071395187414213E-01 -0.2447425485251117E-01  0.0000000000000000E+00
      1830  0.1116175309055326E+01  0.1108291382637651E+01  0.2116986041049247E-01  0.8651760879370968E-01 -0.9980354278652739E-01  0.0000000000000000E+00
      1831 -0.5805173107501016E+00 -0.4807076093291777E+00  0.2761561701368281E-01 -0.9876268050913495E-01 -0.2866263792547441E-01  0.0000000000000000E+00
      1832 -0.1248186067652597E+01 -0.1281587759628854E+01 -0.7540052039562083E-02  0.7716684051772406E-01 -0.3622509650190552E-01  0.0000000000000000E+00
      1833 -0.1237436130697416E+01 -0.1204672806802024E+01 -0.3253718048124326E-01 -0.3927139610259480E-02  0.3700996196113868E-02  0.0000000000000000E+00
      1834 -0.7539389501433871E+00 -0.7483119000290930E+00 -0.3114530007325784E-01  0.2490295161146047E-02  0.2302795479781774E-01  0.0000000000000000E+00
      1835  0.6746177130546790E+00  0.4640408906642145E+00  0.2988264185110697E-01  0.1318681649503989E+00  0.4882601558895938E-01  0.0000000000000000E+00
      1836 -0.6159567259585752E-01  0.8875515668554901E-01 -0.3155406771566305E-01 -0.7879004325581952E-01 -0.4000671830992228E-01  0.0000000000000000E+00
      1837 -0.1280490692946683E+01 -0.1052581741072278E+01 -0.5516868600157914E-01 -0.1087196072939648E+00 -0.6402065857886277E-01  0.0000000000000000E+00
      1838 -0.6066039728599329E+00 -0.5679468430360007E+00 -0.2331251672862086E-01  0.3153338568670225E-01 -0.4687799878201323E-01  0.0000000000000000E+00
      1839 -0.1346253494202319E+01 -0.1408503467047630E+01  0.2125776280506858E-01  0.1121834661186659E+00 -0.7119125607842373E-01  0.0000000000000000E+00
      1840  0.1080505428549752E+01  0.1093594750561974E+01  0.9418981479717287E-02 -0.7129621361849489E-01  0.4878791012655637E-01  0.0000000000000000E+00
      1841 -0.2114300871823924E+00 -0.1738842713930609E+00  0.2553011980157809E-01 -0.9003672131064433E-01  0.2696078571973472E-01  0.0000000000000000E+00
      1842 -0.1303133049480247E+00 -0.3032417122528205E+00  0.1345030378557633E-01  0.1972824155097454E+00 -0.3780431199052668E-01  0.0000000000000000E+00
      1843  0.1166675235805254E+01  0.1369868558517778E+01  0.6197946393387815E-02 -0.1774769210554273E+00 -0.3191434805048508E-01  0.0000000000000000E+00
      1844  0.1778175558675744E+01  0.1647447879290907E+01  0.5624117858117240E-02  0.4939752819557654E-01  0.7570603333114104E-01  0.0000000000000000E+00
      1845 -0.7501841725091825E-01 -0.2701811075841375E+00  0.1931353727043895E-01  0.1555857271752377E-01  0.1602905803452569E+00  0.0000000000000000E+00
      1846  0.1052908257774277E+01  0.9678766220309570E+00  0.1649970009313513E-01 -0.8528898413025371E-01  0.1538209197804391E+00  0.0000000000000000E+00
      1847  0.8661489040926584E+00  0.7889675893478829E+00  0.2268210626121651E-01  0.1702089516771216E-01  0.3747831331584643E-01  0.0000000000000000E+00
      1848  0.1135312216631616E+00 -0.9158659896708141E-01  0.4339775437726067E-02  0.1377851803226175E+00  0.6299286486989975E-01  0.0000000000000000E+00
      1849  0.2473739043562381E+01  0.2130726436489302E+01 -0.2103300203911710E-01  0.2137267341677925E+00  0.1503188749444046E+00  0.0000000000000000E+00
      1850 -0.1995801628920740E+01 -0.1582774245747955E+01 -0.1117443726633588E-01 -0.2193150920253512E+00 -0.1825378538810977E+00  0.0000000000000000E+00
      1851  0.8606437360522345E-01  0.1574532972847580E+00 -0.1292578631367392E-01  0.4308077026686809E-01 -0.1015439076327302E+00  0.0000000000000000E+00
      1852 -0.6830286217940772E+00 -0.4305889297301170E+00 -0.2568825678629843E-01 -0.1410552156361839E+00 -0.8569621964147801E-01  0.0000000000000000E+00
      1853 -0.1480367017617894E+01 -0.1362326451691130E+01  0.6022011581809924E-02 -0.4282429252898862E-01 -0.8123828497958374E-01  0.0000000000000000E+00
      1854  0.9816679661603953E+00  0.6659212152435582E+00 -0.4327687887260749E-01  0.2307745861854527E+00  0.1282490436039947E+00  0.0000000000000000E+00
      1855  0.9136960941598868E+00  0.6782596825721295E+00 -0.6979453922236701E-02  0.1107277077279808E+00  0.1316881577820135E+00  0.0000000000000000E+00
      1856  0.7226823081120536E+00  0.7243783492056537E+00  0.8881512216090365E-02 -0.3302566976147671E-01  0.2244811645178638E-01  0.0000000000000000E+00
      1857  0.1958063270380339E+00  0.4851968515871145E+00 -0.2244318411494058E-01 -0.2400103224547926E+00 -0.2693701797935143E-01  0.0000000000000000E+00
      1858 -0.1894538418755808E+01 -0.1784717510543391E+01  0.1320308079070127E-01  0.2974875152212152E-01 -0.1527727405252385E+00  0.0000000000000000E+00
      1859  0.1473722417789342E+00  0.1849838401770773E+00  0.1348279098405178E-01 -0.5940236103146691E-01  0.8307971649271141E-02  0.0000000000000000E+00
      1860 -0.1255346360998238E+00 -0.3820185522969344E-01 -0.5291142264308501E-02 -0.5128235852544321E-01 -0.3075928008038030E-01  0.0000000000000000E+00
      1861  0.1193776619022469E+01  0.1170163576451579E+01  0.2150482015197750E-01  0.9674736065919455E-01 -0.9463913824028054E-01  0.0000000000000000E+00
      1862 -0.6351489394675216E+00 -0.5177634644732076E+00  0.2790003481840433E-01 -0.1119190472764491E+00 -0.3336646253626668E-01  0.0000000000000000E+00
      1863 -0.1301633993132267E+01 -0.1316067699296753E+01 -0.5537745708423290E-02  0.6228388748669356E-01 -0.4231243561378620E-01  0.0000000000000000E+00
      1864 -0.1173439979102851E+01 -0.1145060578959519E+01 -0.3333569286666394E-01  0.4400553431540420E-03  0.4516237380174801E-02  0.0000000000000000E+00
      1865 -0.5880535675511240E+00 -0.6091849221396818E+00 -0.2995279211618363E-01  0.7456086964502203E-02  0.4362805974023785E-01  0.0000000000000000E+00
      1866  0.6411694344550180E+00  0.4255569961880536E+00  0.3241004544914399E-01  0.1322491702353275E+00  0.5095322258249260E-01  0.0000000000000000E+00
      1867 -0.2030662303180258E-01  0.1221504906270576E+00 -0.2823325719545793E-01 -0.7800256886734902E-01 -0.3622128759605509E-01  0.0000000000000000E+00
      1868 -0.1298051773685815E+01 -0.1080646252139262E+01 -0.5179913306379318E-01 -0.9927134315532191E-01 -0.6633504532743698E-01  0.0000000000000000E+00
      1869 -0.6356338124529838E+00 -0.5934518792047858E+00 -0.2178311154401625E-01  0.3065078798540976E-01 -0.5104960968959069E-01  0.0000000000000000E+00
      1870 -0.1336648786621927E+01 -0.1396926775200185E+01  0.2112756369293002E-01  0.1143873273595780E+00 -0.7523690247424943E-01  0.0000000000000000E+00
      1871  0.1153475228213752E+01  0.1157215559942822E+01  0.9515978986268424E-02 -0.6409949704591367E-01  0.5084318633057382E-01  0.0000000000000000E+00
      1872 -0.2106326712153843E+00 -0.1794250829142950E+00  0.2600533898345969E-01 -0.9157103985883561E-01  0.3435811257428710E-01  0.0000000000000000E+00
      1873 -0.9431771388708843E-01 -0.2731826930495639E+00  0.1241464509780220E-01  0.2080304394969777E+00 -0.4158010543230499E-01  0.0000000000000000E+00
      1874  0.1103243187187467E+01  0.1321691259993880E+01  0.5637152932869257E-02 -0.1957669459476279E+00 -0.2831827979165331E-01  0.0000000000000000E+00
      1875  0.1768208192595186E+01  0.1623408558604032E+01  0.7843762092831977E-02  0.5318341212901925E-01  0.8377245976929892E-01  0.0000000000000000E+00
      1876 -0.1058814231373360E+00 -0.3007802061294946E+00  0.1912098198873077E-01  0.1222515566569062E-01  0.1635526453377379E+00  0.0000000000000000E+00
      1877  0.1107113752123960E+01  0.1007041842586155E+01  0.1725916731984021E-01 -0.8219234013656097E-01  0.1650050823545254E+00  0.0000000000000000E+00
      1878  0.8975904958637626E+00  0.8252727504992170E+00  0.2169737500835865E-01  0.1684080355299533E-01  0.3377956680319136E-01  0.0000000000000000E+00
      1879  0.1120154692221347E+00 -0.9283763636451681E-01  0.5689455783505274E-02  0.1373004015000685E+00  0.6186324830307760E-01  0.0000000000000000E+00
      1880  0.2539310612570913E+01  0.2171237335487262E+01 -0.1891676141626792E-01  0.2306902853056325E+00  0.1562997531942802E+00  0.0000000000000000E+00
      1881 -0.1967490405965898E+01 -0.1556880098580558E+01 -0.1157798023195943E-01 -0.2182629362215205E+00 -0.1807693909318565E+00  0.0000000000000000E+00
      1882  0.1266528623168237E+00  0.1961036564734274E+00 -0.1431739412790437E-01  0.4439484817517489E-01 -0.9952824820387113E-01  0.0000000000000000E+00
      1883 -0.6446941830484395E+00 -0.3838792812454375E+00 -0.2520466773519129E-01 -0.1482264802545484E+00 -0.8738375381326147E-01  0.0000000000000000E+00
      1884 -0.1486870215583497E+01 -0.1351083827062481E+01  0.6469715446019117E-02 -0.5423026110525669E-01 -0.8802584286178000E-01  0.0000000000000000E+00
      1885  0.9388664500998805E+00  0.6359159852673844E+00 -0.3899802723080660E-01  0.2203957499518566E+00  0.1215527421114442E+00  0.0000000000000000E+00
      1886  0.9153508837279291E+00  0.6630534351201450E+00 -0.6274180114271050E-02  0.1245296664124043E+00  0.1340419623096522E+00  0.0000000000000000E+00
      1887  0.7540779649208778E+00  0.7350532347434846E+00  0.7157269264720328E-02 -0.2350209466722228E-01  0.3536955557989455E-01  0.0000000000000000E+00
      1888  0.1490432870795119E+00  0.4463769206477657E+00 -0.2440142549948097E-01 -0.2447453762382751E+00 -0.2818683183049801E-01  0.0000000000000000E+00
      1889 -0.1870135785655722E+01 -0.1763754051710513E+01  0.1402457608702326E-01  0.3914397646946554E-01 -0.1595502865016987E+00  0.0000000000000000E+00
      1890  0.1540920258661618E+00  0.1908962589918591E+00  0.1496523492997906E-01 -0.6275771217912419E-01  0.1098824412344792E-01  0.0000000000000000E+00
      1891 -0.7450613803395301E-01  0.1115990609384221E-01 -0.1555523586223874E-02 -0.5362561482812962E-01 -0.3048490571344311E-01  0.0000000000000000E+00
      1892  0.1142539822118775E+01  0.1131207722061248E+01  0.2038906444051490E-01  0.9365972418936874E-01 -0.1027166885723596E+00  0.0000000000000000E+00
      1893 -0.5868137494253887E+00 -0.5061423833222061E+00  0.2784026060400504E-01 -0.9103701053602958E-01 -0.1747461617116050E-01  0.0000000000000000E+00
      1894 -0.1299937656309588E+01 -0.1323393519058603E+01 -0.4158329300159381E-02  0.6448123811382812E-01 -0.3686704606465333E-01  0.0000000000000000E+00
      1895 -0.1124971735929448E+01 -0.1097811543892181E+01 -0.3021698869983760E-01  0.1971231406661106E-02  0.1085565255910961E-02  0.0000000000000000E+00
      1896 -0.6728616902679583E+00 -0.6821714953964920E+00 -0.2902336983207260E-01  0.7106774831090483E-03  0.3762249747749645E-01  0.0000000000000000E+00
      1897  0.5959721732090595E+00  0.3849439734977319E+00  0.3237640250001193E-01  0.1400633120966994E+00  0.3858848511461514E-01  0.0000000000000000E+00
      1898 -0.3438269555117990E-01  0.1300954382303427E+00 -0.2819362887314736E-01 -0.9484939003099688E-01 -0.4143511487737814E-01  0.0000000000000000E+00
      1899 -0.1334742334846010E+01 -0.1113558609709213E+01 -0.5439836158612702E-01 -0.9782595228897686E-01 -0.6895941126169323E-01  0.0000000000000000E+00
      1900 -0.6250330773503985E+00 -0.6083463485470605E+00 -0.1973070615237048E-01  0.4205888991647578E-01 -0.3901491256744317E-01  0.0000000000000000E+00
      1901 -0.1369184691439616E+01 -0.1440361667891602E+01  0.2445362230221869E-01  0.1199418902149226E+00 -0.7321853606515490E-01  0.0000000000000000E+00
      1902  0.1010499381611139E+01  0.1040885377362484E+01  0.9264623338351510E-02 -0.8148424542303784E-01  0.4183362633334139E-01  0.0000000000000000E+00
      1903 -0.2534588014936550E+00 -0.2204068488474630E+00  0.2647006964091608E-01 -0.8826128868055497E-01  0.2873926639344692E-01  0.0000000000000000E+00
      1904 -0.1410745394636378E+00 -0.3283043322648256E+00  0.1460204128651197E-01  0.2044813982490025E+00 -0.3185364673432721E-01  0.0000000000000000E+00
      1905  0.1145843906212278E+01  0.1357500536638671E+01  0.7419675256273439E-02 -0.1918005946391460E+00 -0.2727571104352000E-01  0.0000000000000000E+00
      1906  0.1736117417768519E+01  0.1600117767227431E+01  0.9761120477428704E-02  0.5278453377669669E-01  0.7345399628696027E-01  0.0000000000000000E+00
      1907 -0.9952568878753201E-01 -0.2916623065768834E+00  0.2058214741943973E-01  0.1275546881375476E-01  0.1587990015561568E+00  0.0000000000000000E+00
      1908  0.1072371143260231E+01  0.9834166759666854E+00  0.1723350183958079E-01 -0.8332683291104255E-01  0.1550477983650053E+00  0.0000000000000000E+00
      1909  0.9272277536487350E+00  0.8257491957766286E+00  0.2355756382259414E-01  0.3537494565585496E-01  0.4254604839365840E-01  0.0000000000000000E+00
      1910  0.1645902385808526E+00 -0.4040385109687775E-01  0.8123107102312326E-02  0.1228500989502686E+00  0.7402088362514732E-01  0.0000000000000000E+00
      1911  0.2597776553844273E+01  0.2221959011677050E+01 -0.1923530761473306E-01  0.2369202707022142E+00  0.1581325790797422E+00  0.0000000000000000E+00
      1912 -0.1918311985840976E+01 -0.1506356858771074E+01 -0.9868993196159380E-02 -0.2249650983732615E+00 -0.1771210355004797E+00  0.0000000000000000E+00
      1913  0.1345333167170133E+00  0.2103086717621618E+00 -0.1144137768707290E-01  0.4046676191816155E-01 -0.1048007392762356E+00  0.0000000000000000E+00
      1914 -0.6493149794183988E+00 -0.3912831348386719E+00 -0.2376916137696922E-01 -0.1395437653423592E+00 -0.9471891786039816E-01  0.0000000000000000E+00
      1915 -0.1477110915176751E+01 -0.1363330334255486E+01  0.6301874983049525E-02 -0.4186146129580341E-01 -0.7822099460851016E-01  0.0000000000000000E+00
      1916  0.9306552922250189E+00  0.6206854705396099E+00 -0.3927201357344761E-01  0.2268820134970835E+00  0.1223598217617728E+00  0.0000000000000000E+00
      1917  0.8940892706679946E+00  0.6585807324178512E+00 -0.4278049613195081E-02  0.1135359084125554E+00  0.1262506794507851E+00  0.0000000000000000E+00
      1918  0.7396866779261395E+00  0.7192372097800439E+00  0.9119222623465614E-02 -0.1366401283877888E-01  0.2499425836141032E-01  0.0000000000000000E+00
      1919  0.1456570947272732E+00  0.4593351314184272E+00 -0.2199673305551804E-01 -0.2680932388289885E+00 -0.2358806480664945E-01  0.0000000000000000E+00
      1920 -0.1811440107635594E+01 -0.1707878098250364E+01  0.1554780530037709E-01  0.3912373732833611E-01 -0.1582335520139424E+00  0.0000000000000000E+00
      1921  0.2412528530590658E+00  0.2585712599198676E+00  0.1544807469830159E-01 -0.4469238304438563E-01  0.1192590148528270E-01  0.0000000000000000E+00
      1922 -0.6275361339377183E-01  0.2484365423431345E-01 -0.2158805232160622E-02 -0.5788056135692010E-01 -0.2755790103900339E-01  0.0000000000000000E+00
      1923  0.1112594230608225E+01  0.1106138425316568E+01  0.2049344319194194E-01  0.9337808596039908E-01 -0.1074157238606848E+00  0.0000000000000000E+00
      1924 -0.5907349332301502E+00 -0.4933758073399898E+00  0.2796465075134059E-01 -0.9737486542644380E-01 -0.2794891121505943E-01  0.0000000000000000E+00
      1925 -0.1222140137890193E+01 -0.1263227980408447E+01 -0.4696132901256667E-02  0.7697641251673980E-01 -0.3119243709722965E-01  0.0000000000000000E+00
      1926 -0.1186851619464298E+01 -0.1151437635879906E+01 -0.3154444451162269E-01 -0.6969604371897750E-02  0.3100065299127782E-02  0.0000000000000000E+00
      1927 -0.6229308909945064E+00 -0.6257905248937046E+00 -0.2931458860441617E-01  0.3007792517823668E-03  0.3187344325183075E-01  0.0000000000000000E+00
      1928  0.6505627822705522E+00  0.4203367872987918E+00  0.3446943784774178E-01  0.1430031103807458E+00  0.5275344674327245E-01  0.0000000000000000E+00
      1929 -0.5784275590735424E-01  0.9140319806533284E-01 -0.2272886124807380E-01 -0.9279727687581861E-01 -0.3371981584879265E-01  0.0000000000000000E+00
      1930 -0.1303767438653648E+01 -0.1102478581276036E+01 -0.5208674135827963E-01 -0.8381450269362148E-01 -0.6538761332571121E-01  0.0000000000000000E+00
      1931 -0.6483965936068673E+00 -0.6189965696123862E+00 -0.2307504612771309E-01  0.3524436724783110E-01 -0.4156934511459755E-01  0.0000000000000000E+00
      1932 -0.1393073436192396E+01 -0.1459252525677683E+01  0.2538478071595136E-01  0.1103169328002188E+00 -0.6952262403088334E-01  0.0000000000000000E+00
      1933  0.1036614587125987E+01  0.1061712992552514E+01  0.9066116316733982E-02 -0.7788087566631140E-01  0.4371635392305014E-01  0.0000000000000000E+00
      1934 -0.1921383635188956E+00 -0.1648498539918214E+00  0.2513968074157202E-01 -0.7838542526281617E-01  0.2595723499416983E-01  0.0000000000000000E+00
      1935 -0.1229229501876160E+00 -0.3086924865609296E+00  0.1481133966981489E-01  0.2067715267674571E+00 -0.3581333006395813E-01  0.0000000000000000E+00
      1936  0.1086110472906160E+01  0.1310958267132591E+01  0.5885732730065491E-02 -0.1982027487716234E+00 -0.3253077818487435E-01  0.0000000000000000E+00
      1937  0.1737174386297309E+01  0.1619699349850161E+01  0.6605472072542967E-02  0.4056238065682084E-01  0.7030718371778413E-01  0.0000000000000000E+00
      1938 -0.4081221689236897E-01 -0.2443935704923842E+00  0.1885907353845421E-01  0.2056471259495760E-01  0.1641575674666003E+00  0.0000000000000000E+00
      1939  0.1159815816167859E+01  0.1055875985718474E+01  0.1848639227455790E-01 -0.7723665953800857E-01  0.1626900977128381E+00  0.0000000000000000E+00
      1940  0.8389342152712400E+00  0.7578512198261392E+00  0.2462185090947761E-01  0.2449279041575884E-01  0.3196835411986547E-01  0.0000000000000000E+00
      1941  0.1221367349332634E+00 -0.8140461261996597E-01  0.4869569984168629E-02  0.1403052035258588E+00  0.5836657404320422E-01  0.0000000000000000E+00
      1942  0.2529502444494915E+01  0.2174464747177157E+01 -0.1792544765495446E-01  0.2298521510846023E+00  0.1431109938881107E+00  0.0000000000000000E+00
      1943 -0.1973556541160747E+01 -0.1559599836667738E+01 -0.1075671678058713E-01 -0.2213460538147697E+00 -0.1818539338976510E+00  0.0000000000000000E+00
      1944  0.1295173628159950E+00  0.1947975637184284E+00 -0.1168603009027410E-01  0.4639046245321791E-01 -0.9998463326537621E-01  0.0000000000000000E+00
      1945 -0.6630738024998153E+00 -0.3933846241177507E+00 -0.2414338684503833E-01 -0.1536831085693321E+00 -0.9186268296769347E-01  0.0000000000000000E+00
      1946 -0.1484280037370821E+01 -0.1362424803287615E+01  0.6904083742178024E-02 -0.3914818602058503E-01 -0.8961113180479939E-01  0.0000000000000000E+00
      1947  0.9929174902626096E+00  0.6681628773368220E+00 -0.3975950643440356E-01  0.2332266183989292E+00  0.1312875009612629E+00  0.0000000000000000E+00
      1948  0.8359758211582100E+00  0.5922150037146876E+00 -0.2896994392268093E-02  0.1108454290928169E+00  0.1358123827429733E+00  0.0000000000000000E+00
      1949  0.7533564068575416E+00  0.7260188472239134E+00  0.1218414450727884E-01 -0.1440126064176231E-01  0.2955467576811188E-01  0.0000000000000000E+00
      1950  0.1564660801289929E+00  0.4529820142243997E+00 -0.2201849605330563E-01 -0.2545301816645524E+00 -0.1996725637754617E-01  0.0000000000000000E+00
      1951 -0.1812224754145967E+01 -0.1721664489666446E+01  0.1751472514735597E-01  0.4269521083350013E-01 -0.1507702004603777E+00  0.0000000000000000E+00
      1952  0.1746350780153410E+00  0.2031894936784227E+00  0.1553310222621315E-01 -0.5520634007525739E-01  0.1111882218596092E-01  0.0000000000000000E+00
      1953 -0.3090440432999342E-01  0.5329224261283749E-01 -0.4531262690064506E-02 -0.5315494028131632E-01 -0.2651044397144987E-01  0.0000000000000000E+00
      1954  0.1088063895106500E+01  0.1074695223300893E+01  0.2295241092613895E-01  0.9184852224537422E-01 -0.1014322613659103E+00  0.0000000000000000E+00
      1955 -0.5664774897350486E+00 -0.4718826304089300E+00  0.3126912624309865E-01 -0.1054472116486061E+00 -0.2041677392061113E-01  0.0000000000000000E+00
      1956 -0.1252823127274227E+01 -0.1300167956987777E+01  0.2144100142164015E-02  0.7951094917970432E-01 -0.3431021960831898E-01  0.0000000000000000E+00
      1957 -0.1120798040298283E+01 -0.1102012421884181E+01 -0.2797635599661580E-01  0.3818708043169359E-02  0.5372029539346224E-02  0.0000000000000000E+00
      1958 -0.6638713904002427E+00 -0.6785598715204104E+00 -0.2587818385796335E-01  0.4664655761508201E-02  0.3590200921662381E-01  0.0000000000000000E+00
      1959  0.5596412565606501E+00  0.3341095831850063E+00  0.3657852667990904E-01  0.1408728846832134E+00  0.4808026201252003E-01  0.0000000000000000E+00
      1960 -0.3374364956273201E-01  0.1104384875090667E+00 -0.1987942515258214E-01 -0.8863100558816342E-01 -0.3567170633105293E-01  0.0000000000000000E+00
      1961 -0.1310222811517174E+01 -0.1100027728093660E+01 -0.5151245413449236E-01 -0.9818178382521603E-01 -0.6050084546380586E-01  0.0000000000000000E+00
      1962 -0.6181833003342443E+00 -0.5933882553491724E+00 -0.1910907529114183E-01  0.3966874620299974E-01 -0.4535471589693028E-01  0.0000000000000000E+00
      1963 -0.1338194268121360E+01 -0.1421044487393996E+01  0.3127170430084559E-01  0.1251400880021336E+00 -0.7356157303034405E-01  0.0000000000000000E+00
      1964  0.1078087239322452E+01  0.1090938241174287E+01  0.1328059934073322E-01 -0.7383109662531757E-01  0.4769949543275023E-01  0.0000000000000000E+00
      1965 -0.2622103812285287E+00 -0.2161136303165607E+00  0.3127995775073443E-01 -0.9361903964655478E-01  0.1624233098385204E-01  0.0000000000000000E+00
      1966 -0.4713506269361178E-01 -0.2387652648672481E+00  0.1936467219855630E-01  0.2106234882948546E+00 -0.3835795831977409E-01  0.0000000000000000E+00
      1967  0.1046933012083826E+01  0.1275769158100256E+01  0.9947759257053747E-02 -0.2023178250499731E+00 -0.3646608022351130E-01  0.0000000000000000E+00
      1968  0.1834799046473275E+01  0.1691603704947337E+01  0.1315937721672511E-01  0.5182939989473141E-01  0.7820656441447932E-01  0.0000000000000000E+00
      1969 -0.5389660698479429E-01 -0.2593808714706781E+00  0.2567593730228464E-01  0.1585503832814556E-01  0.1639532888554544E+00  0.0000000000000000E+00
      1970  0.1125647201567876E+01  0.1014481074234573E+01  0.2723790124931001E-01 -0.7553942032537919E-01  0.1594676464093734E+00  0.0000000000000000E+00
      1971  0.8957896833108916E+00  0.8026325034949153E+00  0.3167391374337235E-01  0.2857802951552997E-01  0.3290523655707413E-01  0.0000000000000000E+00
      1972  0.1430234885973691E+00 -0.7463334296144611E-01  0.1244561801686883E-01  0.1394090545552822E+00  0.6580215898666184E-01  0.0000000000000000E+00
      1973  0.2541988304189602E+01  0.2161572595427860E+01 -0.1360617426996264E-01  0.2465116249945178E+00  0.1475102580371878E+00  0.0000000000000000E+00
      1974 -0.1990424356724405E+01 -0.1570536466015778E+01 -0.5140799980150467E-02 -0.2330177490242492E+00 -0.1817293417042300E+00  0.0000000000000000E+00
      1975  0.1456941836724371E+00  0.1866906385354464E+00 -0.7566598627769165E-02  0.5701792799446388E-01 -0.9044778422970300E-01  0.0000000000000000E+00
      1976 -0.7179563445104823E+00 -0.4657313042919339E+00 -0.1612289131088722E-01 -0.1466950055315397E+00 -0.8940714337612117E-01  0.0000000000000000E+00
      1977 -0.1385920735914376E+01 -0.1296860178849017E+01  0.8877853074608723E-02 -0.2443049773280961E-01 -0.7350791240715185E-01  0.0000000000000000E+00
      1978  0.9549007281510253E+00  0.6253252550709980E+00 -0.3284939438588865E-01  0.2347525654095199E+00  0.1276723020563958E+00  0.0000000000000000E+00
      1979  0.9728220239713220E+00  0.7130798655668723E+00  0.5959565603686766E-02  0.1177171954571877E+00  0.1360653973435742E+00  0.0000000000000000E+00
      1980  0.7686890777819894E+00  0.7390611938320715E+00  0.2322672218790497E-01 -0.1321310326911144E-01  0.1961426503112807E-01  0.0000000000000000E+00
      1981  0.1296094340169821E+00  0.4301769043470664E+00 -0.1707403570626660E-01 -0.2609899560683200E+00 -0.2250347855549553E-01  0.0000000000000000E+00
      1982 -0.1877091007678147E+01 -0.1780392291713496E+01  0.2566423894158795E-01  0.3669232870972412E-01 -0.1590552836159621E+00  0.0000000000000000E+00
      1983  0.2141898803613471E+00  0.2333834592683790E+00  0.2586605511816789E-01 -0.5112726831403406E-01  0.6067634288831894E-02  0.0000000000000000E+00
      1984 -0.9159953845836122E-01  0.6276824990168461E-02  0.3037670378175251E-02 -0.6342110930725184E-01 -0.3749292451945355E-01  0.0000000000000000E+00
      1985  0.1119160296504636E+01  0.1098629843068438E+01  0.3775627403773311E-01  0.9116482036484574E-01 -0.1083906409663813E+00  0.0000000000000000E+00
      1986 -0.5386933364241659E+00 -0.4502450006160346E+00  0.3966204456080594E-01 -0.1095169241916491E+00 -0.1859345617728662E-01  0.0000000000000000E+00
      1987 -0.1231160676072317E+01 -0.1289001554759850E+01  0.1273494502659632E-01  0.7379412232023841E-01 -0.2868818865930232E-01  0.0000000000000000E+00
      1988 -0.1131758039410771E+01 -0.1129942565020657E+01 -0.2648563940104207E-01  0.1031029961049472E-01  0.1435986540043246E-01  0.0000000000000000E+00
      1989 -0.5547601181849220E+00 -0.5957611776814455E+00 -0.2338896012884419E-01  0.2609402379831436E-01  0.3829599582705269E-01  0.0000000000000000E+00
      1990  0.7243157592674736E+00  0.4894309178980509E+00  0.4474162317029808E-01  0.1426838916310382E+00  0.4745932656808674E-01  0.0000000000000000E+00
      1991 -0.1490412218957893E-02  0.1440290663991977E+00 -0.1322777533547085E-01 -0.9144105705599025E-01 -0.4085064622669572E-01  0.0000000000000000E+00
      1992 -0.1335473707360559E+01 -0.1114504967579721E+01 -0.4778206740668043E-01 -0.9661925708653452E-01 -0.7656741528762291E-01  0.0000000000000000E+00
      1993 -0.6245218742752348E+00 -0.5996766248476673E+00 -0.1745281239380962E-01  0.4031934937951597E-01 -0.4771178641327538E-01  0.0000000000000000E+00
      1994 -0.1318440953153980E+01 -0.1405348070083978E+01  0.3633453629422308E-01  0.1183823594031043E+00 -0.6780977876732905E-01  0.0000000000000000E+00
      1995  0.1139964460320112E+01  0.1154617525014407E+01  0.1824369281529715E-01 -0.7060262103134164E-01  0.3770586352175135E-01  0.0000000000000000E+00
      1996 -0.1887826769818201E+00 -0.1671133312796099E+00  0.3407865779910873E-01 -0.8567083641853759E-01  0.2992283291721744E-01  0.0000000000000000E+00
      1997 -0.1164447035906830E+00 -0.3054031788714807E+00  0.2337050449096813E-01  0.2072861016793586E+00 -0.4169813088952952E-01  0.0000000000000000E+00
      1998  0.1124564094771830E+01  0.1329210081861264E+01  0.1689204441656941E-01 -0.1943278727760961E+00 -0.2721015872990959E-01  0.0000000000000000E+00
      1999  0.1815329998648266E+01  0.1667450572603262E+01  0.1582690617258772E-01  0.4945074868503285E-01  0.8260177118738478E-01  0.0000000000000000E+00
      2000  0.1405344607577658E-02 -0.2182393228429976E+00  0.3023235484908335E-01  0.1584776743901005E-01  0.1735645451624813E+00  0.0000000000000000E+00
