      1801 -0.2808500426229295E+01 -0.2585575736176505E+01 -0.5327575034815879E-02 -0.1167860406744299E-01 -0.2059185109505300E+00  0.0000000000000000E+00
      1802 -0.3374604471393678E+01 -0.3135403007855555E+01 -0.4095986470730210E-01 -0.6647738886453709E-01 -0.1317642099662882E+00  0.0000000000000000E+00
      1803  0.4092324569647572E+00  0.3164414031542414E+00 -0.2952339594498833E-01  0.6118100184526563E-01  0.6113344791023857E-01  0.0000000000000000E+00
      1804 -0.2017206406251976E+01 -0.2033002593368360E+01  0.1789903867585790E-01  0.5640624544705578E-01 -0.5850909700653117E-01  0.0000000000000000E+00
      1805  0.2092218650397326E+01  0.2091747492795932E+01 -0.2597128757855063E-01 -0.4673052302730366E-02  0.3111549748267213E-01  0.0000000000000000E+00
      1806  0.3396256145783510E+01  0.3196173171055687E+01 -0.3511958099442664E-01  0.4182533616391876E-01  0.1933772195583295E+00  0.0000000000000000E+00
      1807  0.1936777424930624E+01  0.1721212992181537E+01 -0.8872027320795648E-02  0.7724545309832348E-01  0.1471910069715598E+00  0.0000000000000000E+00
      1808 -0.1599365683291323E+01 -0.1643678479506375E+01  0.2248492913511609E-01  0.8500810140288956E-01 -0.6318023432295419E-01  0.0000000000000000E+00
      1809  0.1407481842571115E+01  0.1427382953891773E+01  0.1003755806506409E-01 -0.7232831936890358E-01  0.4238964998318332E-01  0.0000000000000000E+00
      1810  0.8553109449773242E+00  0.8162645975335392E+00  0.2940114814973335E-01 -0.5746348530759672E-01  0.6710868460164801E-01  0.0000000000000000E+00
      1811 -0.3001444340545059E+01 -0.2946101086487948E+01  0.7825798932725376E-02  0.1048691085165179E+00 -0.1680381615063558E+00  0.0000000000000000E+00
      1812 -0.9275069743029378E+00 -0.5283300073781780E+00 -0.3342961125758774E-03 -0.2341954855027419E+00 -0.1646471853094439E+00  0.0000000000000000E+00
      1813  0.3534896407356806E+01  0.3278718028011482E+01  0.1102899058885686E-01  0.1145425441789694E+00  0.1306068445774972E+00  0.0000000000000000E+00
      1814 -0.2528370127146820E+01 -0.2552250958167458E+01  0.8328298617004015E-02 -0.5987096909071371E-01  0.7542350149434733E-01  0.0000000000000000E+00
      1815  0.2415759873885898E+01  0.2232500254915009E+01  0.2111714784203120E-01 -0.4464068039748449E-01  0.2067831515263415E+00  0.0000000000000000E+00
      1816 -0.4671328534914309E+01 -0.4331650592376799E+01  0.7325894157778237E-02 -0.1435445243912104E+00 -0.2034593123040764E+00  0.0000000000000000E+00
      1817  0.2039661862612778E+00  0.2998944739475766E-01  0.3479953679134751E-02  0.1683103129184488E+00  0.2186472268935591E-02  0.0000000000000000E+00
      1818 -0.2161883564590380E+01 -0.2125852500996706E+01 -0.4182655652775693E-01  0.8820780827885578E-01 -0.8241231534477569E-01  0.0000000000000000E+00
      1819  0.4409078264849827E+01  0.4305502913078574E+01  0.7290757589230076E-02  0.1579568724459924E-01  0.8048890693742979E-01  0.0000000000000000E+00
      1820  0.2530152985428729E+01  0.2346825512763322E+01 -0.3114835920765122E-02  0.7920430124576162E-01  0.1072380073404101E+00  0.0000000000000000E+00
      1821 -0.6567310716115496E+01 -0.5860133994674616E+01 -0.4270874828791935E-01 -0.3352497896407086E+00 -0.3292181835122480E+00  0.0000000000000000E+00
      1822 -0.1024092001864875E+01 -0.8950751513826188E+00  0.4133249142285871E-02 -0.2023051132751991E-02 -0.1311270484917897E+00  0.0000000000000000E+00
      1823  0.4742535221976637E+01  0.4120843127739837E+01 -0.2832053195189933E-01  0.3428282834845101E+00  0.3071843427041894E+00  0.0000000000000000E+00
      1824  0.3351448908651861E+01  0.2881026550222110E+01  0.3920033128818169E-02  0.1619846598006826E+00  0.3045176655002482E+00  0.0000000000000000E+00
      1825  0.2792453023151698E+01  0.2602095244980160E+01  0.1400184817118092E-01  0.1283752000162319E-01  0.1635184099987319E+00  0.0000000000000000E+00
      1826 -0.2501519198001036E+01 -0.2008321523753865E+01 -0.2913373531495894E-01 -0.3483060516599163E+00 -0.1157578872722972E+00  0.0000000000000000E+00
      1827 -0.4863528546710593E+01 -0.4491282457421548E+01  0.1932326189260375E-02 -0.4815998588864758E-01 -0.3260184295896565E+00  0.0000000000000000E+00
      1828  0.3120536276800464E+01  0.2941952803649328E+01  0.2482577266587199E-01  0.5138098675779987E-01  0.1023767137274678E+00  0.0000000000000000E+00
      1829  0.1756646309345653E+01  0.1667795225778941E+01  0.3054372133418603E-02 -0.7333816725098161E-02  0.9313052815839343E-01  0.0000000000000000E+00
      1830 -0.4139658208921311E+01 -0.3749860644853581E+01  0.4854887896053014E-02 -0.8123322912121930E-01 -0.3134192228425610E+00  0.0000000000000000E+00
      1831  0.4059249027367485E+01  0.3827535935935458E+01  0.3934466347209112E-01  0.6866243718286986E-01  0.1237059907770677E+00  0.0000000000000000E+00
      1832 -0.3453985876040678E+01 -0.3333285128872564E+01 -0.1332836182438970E-01 -0.1116748427586612E-01 -0.9620490106786093E-01  0.0000000000000000E+00
      1833 -0.3745945232623037E+01 -0.3485107651907028E+01 -0.4277504620334916E-01 -0.7515420084497638E-01 -0.1429083336676801E+00  0.0000000000000000E+00
      1834  0.1558501767772471E+00  0.9955777464866550E-01 -0.2980383892329377E-01  0.4957321179878876E-01  0.3652302925308757E-01  0.0000000000000000E+00
      1835 -0.1971560256831542E+01 -0.1973971260699146E+01  0.1856363762863687E-01  0.5025576900064859E-01 -0.6640840276168002E-01  0.0000000000000000E+00
      1836  0.2087833390413382E+01  0.2076094396954355E+01 -0.2487710493369505E-01  0.2683732175193701E-02  0.3393236621752873E-01  0.0000000000000000E+00
      1837  0.3388881091607339E+01  0.3208970833795706E+01 -0.3884918287532037E-01  0.2803814131383541E-01  0.1907212993731133E+00  0.0000000000000000E+00
      1838  0.1987939261752271E+01  0.1770711454459514E+01 -0.1039617433924205E-01  0.8028380204821997E-01  0.1473401795837777E+00  0.0000000000000000E+00
      1839 -0.1582513965190047E+01 -0.1636612780871323E+01  0.2408298372286244E-01  0.8293130917495936E-01 -0.5291547721654442E-01  0.0000000000000000E+00
      1840  0.1433761578138680E+01  0.1427690693657073E+01  0.1203691884625015E-01 -0.6705312956133835E-01  0.6108709519669638E-01  0.0000000000000000E+00
      1841  0.8573159343303642E+00  0.8109106213200052E+00  0.2945009605070000E-01 -0.6273901159654521E-01  0.7969422855620470E-01  0.0000000000000000E+00
      1842 -0.3023368548305860E+01 -0.2967537812544640E+01  0.5986823582339062E-02  0.1044768442614604E+00 -0.1662944036050177E+00  0.0000000000000000E+00
      1843 -0.8579068432585832E+00 -0.4664509285092913E+00 -0.4034183642063156E-03 -0.2269268862765053E+00 -0.1641256101085795E+00  0.0000000000000000E+00
      1844  0.3476265583090323E+01  0.3232353473617890E+01  0.9496987717715226E-02  0.1104507489857633E+00  0.1239643727689504E+00  0.0000000000000000E+00
      1845 -0.2529675303781397E+01 -0.2536075829841944E+01  0.1071939398080606E-01 -0.6412669372942441E-01  0.5980782580916743E-01  0.0000000000000000E+00
      1846  0.2460575375921499E+01  0.2279792886274255E+01  0.2011754379956389E-01 -0.3150862142010016E-01  0.1921735672677790E+00  0.0000000000000000E+00
      1847 -0.4685983466460141E+01 -0.4345414052358124E+01  0.6659409628572881E-02 -0.1435624560097782E+00 -0.2036663677208155E+00  0.0000000000000000E+00
      1848  0.1943678300716659E+00  0.2472309999455813E-01  0.3372925654064564E-02  0.1670809097639061E+00 -0.8091053408623601E-03  0.0000000000000000E+00
      1849 -0.2164465679170712E+01 -0.2140618038874681E+01 -0.4131798680025212E-01  0.9220036613889809E-01 -0.7473001963467650E-01  0.0000000000000000E+00
      1850  0.4438832243694540E+01  0.4344986743959971E+01  0.8508168950851920E-02  0.1137669115972317E-01  0.7396063962399786E-01  0.0000000000000000E+00
      1851  0.2488059844907645E+01  0.2315080466094993E+01 -0.4264459250462974E-02  0.7941793364505960E-01  0.9782590441805242E-01  0.0000000000000000E+00
      1852 -0.6539628903709353E+01 -0.5831489666620408E+01 -0.4488738447815213E-01 -0.3384403905018119E+00 -0.3248114621089835E+00  0.0000000000000000E+00
      1853 -0.9918663645388467E+00 -0.8728308569421745E+00  0.4021269933794975E-02  0.3997228247631063E-02 -0.1270540057780982E+00  0.0000000000000000E+00
      1854  0.4837619364512883E+01  0.4203344193284467E+01 -0.2929931759832774E-01  0.3475755749069271E+00  0.3159989139198179E+00  0.0000000000000000E+00
      1855  0.3357224962989744E+01  0.2897742564422408E+01  0.3182404960372532E-02  0.1550268365059784E+00  0.3012731571009870E+00  0.0000000000000000E+00
      1856  0.2776996554321953E+01  0.2600332940820269E+01  0.1652124645019402E-01  0.3845191521329346E-02  0.1562971755301621E+00  0.0000000000000000E+00
      1857 -0.2523967720687561E+01 -0.2035700261969660E+01 -0.2804019401011586E-01 -0.3341788574295939E+00 -0.1260484072781894E+00  0.0000000000000000E+00
      1858 -0.4901333864509424E+01 -0.4526186992421508E+01  0.2067765177409369E-02 -0.5212973840907020E-01 -0.3250848988562584E+00  0.0000000000000000E+00
      1859  0.3094665637007183E+01  0.2915937406519842E+01  0.2367442145913012E-01  0.5094501846298162E-01  0.1041087905652291E+00  0.0000000000000000E+00
      1860  0.1687843837005787E+01  0.1605564406297502E+01  0.2568058017665070E-02 -0.6564335580275363E-02  0.8627570827089633E-01  0.0000000000000000E+00
      1861 -0.4104968188050051E+01 -0.3732668262963498E+01  0.5137641119726591E-02 -0.6864810701674022E-01 -0.3087894591895389E+00  0.0000000000000000E+00
      1862  0.4006658177102442E+01  0.3787605617658917E+01  0.3951174388670015E-01  0.5800269941714035E-01  0.1215381161396903E+00  0.0000000000000000E+00
      1863 -0.3508810900222693E+01 -0.3377159601618143E+01 -0.1100335352828769E-01 -0.2421425459739355E-01 -0.9643369047886724E-01  0.0000000000000000E+00
      1864 -0.3680289642039539E+01 -0.3428735712671401E+01 -0.4369529852751282E-01 -0.6976587566527903E-01 -0.1380927551753419E+00  0.0000000000000000E+00
      1865  0.3600230602118176E+00  0.2760251754930221E+00 -0.2903686101668270E-01  0.5455896437196273E-01  0.5847578136351847E-01  0.0000000000000000E+00
      1866 -0.1996878221326121E+01 -0.2003116475905545E+01  0.2126696399147947E-01  0.5062828161024512E-01 -0.6565699102230398E-01  0.0000000000000000E+00
      1867  0.2082935224015090E+01  0.2067181404173843E+01 -0.2189343365108052E-01  0.2253693647274138E-02  0.3539355984505305E-01  0.0000000000000000E+00
      1868  0.3356166036901606E+01  0.3169652808838306E+01 -0.3523409830102049E-01  0.3409356052966345E-01  0.1876537658346546E+00  0.0000000000000000E+00
      1869  0.1948429430531314E+01  0.1736762352618785E+01 -0.8839663051452772E-02  0.7907154679775387E-01  0.1414351941662303E+00  0.0000000000000000E+00
      1870 -0.1598322134778345E+01 -0.1650112974506322E+01  0.2378702841307968E-01  0.8619687844233714E-01 -0.5819306712744163E-01  0.0000000000000000E+00
      1871  0.1453721308211752E+01  0.1437913830065671E+01  0.1191481827591464E-01 -0.5912903956088451E-01  0.6302169943105335E-01  0.0000000000000000E+00
      1872  0.8599206878329004E+00  0.8071810097758562E+00  0.2914900641876785E-01 -0.6321766926686913E-01  0.8680834090514622E-01  0.0000000000000000E+00
      1873 -0.2938867872647066E+01 -0.2885826870493936E+01  0.5286619911930875E-02  0.1145246171861845E+00 -0.1728522392512440E+00  0.0000000000000000E+00
      1874 -0.8723828977624934E+00 -0.4606247344579132E+00 -0.9632509226004662E-03 -0.2452144132228530E+00 -0.1655804991591281E+00  0.0000000000000000E+00
      1875  0.3485324020672019E+01  0.3233146234827040E+01  0.1202459836526674E-01  0.1124413785021800E+00  0.1277118089775376E+00  0.0000000000000000E+00
      1876 -0.2564580300214820E+01 -0.2565423218813864E+01  0.1032312364517440E-01 -0.6817600390545150E-01  0.5869579885932515E-01  0.0000000000000000E+00
      1877  0.2500061602660362E+01  0.2307519540748959E+01  0.2091794846754366E-01 -0.2815368124375501E-01  0.1997777946876189E+00  0.0000000000000000E+00
      1878 -0.4676965939177038E+01 -0.4325800039954761E+01  0.5841482880825439E-02 -0.1473131850080798E+00 -0.2096941970950210E+00  0.0000000000000000E+00
      1879  0.1746320283290102E+00  0.4437998846152535E-02  0.4943029338988190E-02  0.1667927079883607E+00 -0.1541707844491675E-02  0.0000000000000000E+00
      1880 -0.2123965124852938E+01 -0.2122014653260393E+01 -0.3975104750730378E-01  0.1058522898870302E+00 -0.6805171397227085E-01  0.0000000000000000E+00
      1881  0.4454555599413619E+01  0.4354151755821246E+01  0.8229415095674290E-02  0.1434992363779218E-01  0.7782450485891562E-01  0.0000000000000000E+00
      1882  0.2489049195623648E+01  0.2313869691872386E+01 -0.5262125316672380E-02  0.8098966814447964E-01  0.9945196092345503E-01  0.0000000000000000E+00
      1883 -0.6539099136300137E+01 -0.5820164290813477E+01 -0.4451977062076620E-01 -0.3481436260655790E+00 -0.3262714488003202E+00  0.0000000000000000E+00
      1884 -0.9995329488526234E+00 -0.8625118903248105E+00  0.3965662412961103E-02 -0.7214454517665402E-02 -0.1337722664231108E+00  0.0000000000000000E+00
      1885  0.4851492113235837E+01  0.4229087677073323E+01 -0.2466422102578689E-01  0.3375049379572232E+00  0.3095637192310836E+00  0.0000000000000000E+00
      1886  0.3395020712274423E+01  0.2918044859303468E+01  0.3795777187480345E-02  0.1696916275631360E+00  0.3034884482203385E+00  0.0000000000000000E+00
      1887  0.2809110322605542E+01  0.2610335869192974E+01  0.1525221525481695E-01  0.1472652857404714E-01  0.1687957095837077E+00  0.0000000000000000E+00
      1888 -0.2556366968917918E+01 -0.2059702293453881E+01 -0.2992874812317466E-01 -0.3394532587133713E+00 -0.1272826686274920E+00  0.0000000000000000E+00
      1889 -0.4886465741135019E+01 -0.4512830034041659E+01  0.2730559799604442E-02 -0.4342910200589192E-01 -0.3329371648870698E+00  0.0000000000000000E+00
      1890  0.3115885134521686E+01  0.2939189873574788E+01  0.2509996960534587E-01  0.4635481907690592E-01  0.1052404722646425E+00  0.0000000000000000E+00
      1891  0.1760320112932613E+01  0.1679224813556610E+01  0.6978652048193712E-02 -0.1072043499118577E-01  0.8483708231899752E-01  0.0000000000000000E+00
      1892 -0.4126752262583071E+01 -0.3737733232634704E+01  0.3235333847393620E-02 -0.7430040748793919E-01 -0.3179539563078162E+00  0.0000000000000000E+00
      1893  0.4073862655978645E+01  0.3818842078497171E+01  0.4019582084306494E-01  0.7814676549311063E-01  0.1366779911453002E+00  0.0000000000000000E+00
      1894 -0.3495118814437622E+01 -0.3365792101897578E+01 -0.1031108960271069E-01 -0.2562181637568207E-01 -0.9339380656165533E-01  0.0000000000000000E+00
      1895 -0.3630983424529999E+01 -0.3379921785772098E+01 -0.4089792926235777E-01 -0.6876240263435705E-01 -0.1414013068611874E+00  0.0000000000000000E+00
      1896  0.2791640619935937E+00  0.2080226167813233E+00 -0.2803549669462701E-01  0.4832245793458294E-01  0.5085448397231566E-01  0.0000000000000000E+00
      1897 -0.1994102997196831E+01 -0.1994616631310091E+01  0.2130150832177284E-01  0.5801031233267407E-01 -0.7879818654118842E-01  0.0000000000000000E+00
      1898  0.2078815323651050E+01  0.2085160856069721E+01 -0.2180786462599576E-01 -0.1396247653799247E-01  0.2942480874531904E-01  0.0000000000000000E+00
      1899  0.3357390275763371E+01  0.3169542458427178E+01 -0.3699814291350878E-01  0.3827112600399661E-01  0.1865748342457044E+00  0.0000000000000000E+00
      1900  0.1950855025844145E+01  0.1707720206006340E+01 -0.5996174147816395E-02  0.9307996246600950E-01  0.1560510315196122E+00  0.0000000000000000E+00
      1901 -0.1620209635473719E+01 -0.1682588351315532E+01  0.2718141187926432E-01  0.8921196557811278E-01 -0.5401466161556554E-01  0.0000000000000000E+00
      1902  0.1350677044765534E+01  0.1361193527053795E+01  0.1162430383015947E-01 -0.7697106757673780E-01  0.5483028145831616E-01  0.0000000000000000E+00
      1903  0.8324417054205451E+00  0.7825519973878343E+00  0.3006107552471932E-01 -0.5997662547636508E-01  0.7980525798435412E-01  0.0000000000000000E+00
      1904 -0.3043473021145521E+01 -0.2997782213680658E+01  0.7433604041215068E-02  0.1101872604433579E+00 -0.1633116719494368E+00  0.0000000000000000E+00
      1905 -0.8977902438425824E+00 -0.4919364932132141E+00  0.5645783869138389E-03 -0.2417836091544180E+00 -0.1646347198618652E+00  0.0000000000000000E+00
      1906  0.3451658192320988E+01  0.3209848484147469E+01  0.1416681301870005E-01  0.1131259393378106E+00  0.1145169558170108E+00  0.0000000000000000E+00
      1907 -0.2543466371302092E+01 -0.2539687895676613E+01  0.1163729914564205E-01 -0.6914640298004464E-01  0.5373062820892626E-01  0.0000000000000000E+00
      1908  0.2483488533542835E+01  0.2301141377336780E+01  0.2089240370881861E-01 -0.2881845106894947E-01  0.1902732035661855E+00  0.0000000000000000E+00
      1909 -0.4618704954865482E+01 -0.4294532257071967E+01  0.6399877724248063E-02 -0.1300327816135328E+00 -0.2005397939042416E+00  0.0000000000000000E+00
      1910  0.2643523909441448E+00  0.9407365997855620E-01  0.7383701137609201E-02  0.1531935761404096E+00  0.9701453687571075E-02  0.0000000000000000E+00
      1911 -0.2080726263190282E+01 -0.2080958682992089E+01 -0.4009168618635457E-01  0.1086957918993327E+00 -0.6837168591117138E-01  0.0000000000000000E+00
      1912  0.4506790113769954E+01  0.4405205810804649E+01  0.1016996035136580E-01  0.1108875653545336E-01  0.8032558607849033E-01  0.0000000000000000E+00
      1913  0.2515867716372639E+01  0.2344355809098006E+01 -0.2375920971332323E-02  0.7962684180005626E-01  0.9426098644591421E-01  0.0000000000000000E+00
      1914 -0.6564181463575142E+01 -0.5848407819535534E+01 -0.4376325692141460E-01 -0.3402303860775746E+00 -0.3317800010406086E+00  0.0000000000000000E+00
      1915 -0.9822962120040422E+00 -0.8668819838248745E+00  0.3849130227742513E-02  0.4176365208638978E-02 -0.1234397236155500E+00  0.0000000000000000E+00
      1916  0.4794064347867335E+01  0.4162468081310338E+01 -0.2476034629217102E-01  0.3463668173055285E+00  0.3099897955436420E+00  0.0000000000000000E+00
      1917  0.3356217182680372E+01  0.2894289105196952E+01  0.6212890076983462E-02  0.1597012849796138E+00  0.2960139024268257E+00  0.0000000000000000E+00
      1918  0.2754161100007461E+01  0.2554069803153908E+01  0.1734810542052270E-01  0.2446426758510092E-01  0.1582789238479256E+00  0.0000000000000000E+00
      1919 -0.2568482027765521E+01 -0.2052607862971912E+01 -0.2764604305785096E-01 -0.3641125024995977E+00 -0.1241156192361573E+00  0.0000000000000000E+00
      1920 -0.4799326333858350E+01 -0.4426195452110375E+01  0.3965178879832282E-02 -0.4493724150813250E-01 -0.3321588191196739E+00  0.0000000000000000E+00
      1921  0.3230270684290804E+01  0.3035283519905993E+01  0.2576687396407392E-01  0.6475176271588866E-01  0.1044685277048459E+00  0.0000000000000000E+00
      1922  0.1783261346764516E+01  0.1705457591949864E+01  0.5566689962466088E-02 -0.1614596127846736E-01  0.8838302613065133E-01  0.0000000000000000E+00
      1923 -0.4111055606046160E+01 -0.3717858611672446E+01  0.3382609472276169E-02 -0.7615588624078046E-01 -0.3204237176052125E+00  0.0000000000000000E+00
      1924  0.4080353838644340E+01  0.3839436022422200E+01  0.3993002421495719E-01  0.7352188285708229E-01  0.1274659091501016E+00  0.0000000000000000E+00
      1925 -0.3424744513563096E+01 -0.3314361697231188E+01 -0.1076489902850658E-01 -0.1280193245549061E-01 -0.8681598484791186E-01  0.0000000000000000E+00
      1926 -0.3667800717788026E+01 -0.3406928468374884E+01 -0.4229249255546939E-01 -0.7798906145195493E-01 -0.1405906954057170E+00  0.0000000000000000E+00
      1927  0.3201412720102571E+00  0.2554632757535036E+00 -0.2790822868154613E-01  0.4770684857169143E-01  0.4487937636660850E-01  0.0000000000000000E+00
      1928 -0.1953486438789110E+01 -0.1970125969927778E+01  0.2293269854436610E-01  0.5883071824719507E-01 -0.6512388565289313E-01  0.0000000000000000E+00
      1929  0.2113607344990520E+01  0.2101710067198700E+01 -0.1628693767451640E-01 -0.1033645574878859E-01  0.3852067121512532E-01  0.0000000000000000E+00
      1930  0.3409982994529967E+01  0.3200415906440941E+01 -0.3477267650401631E-01  0.5503522969060778E-01  0.1893045349024305E+00  0.0000000000000000E+00
      1931  0.1966822303800211E+01  0.1737597639961024E+01 -0.9454216216944821E-02  0.8790902258670166E-01  0.1507698574694308E+00  0.0000000000000000E+00
      1932 -0.1626086447246903E+01 -0.1681695032880218E+01  0.2782270396004872E-01  0.8029530496199926E-01 -0.5250942328873148E-01  0.0000000000000000E+00
      1933  0.1370754776293887E+01  0.1377503791225887E+01  0.1144533465579437E-01 -0.7366439969982481E-01  0.5547005011203091E-01  0.0000000000000000E+00
      1934  0.8465589977957489E+00  0.7918640613168562E+00  0.2934446073076871E-01 -0.5073748751176402E-01  0.7608796325988942E-01  0.0000000000000000E+00
      1935 -0.3017029470805865E+01 -0.2969923698632579E+01  0.7237931937015482E-02  0.1123105035610236E+00 -0.1666542076713219E+00  0.0000000000000000E+00
      1936 -0.9423620141907560E+00 -0.5263480744971237E+00 -0.1266877159457027E-02 -0.2476701847666493E+00 -0.1670768777675273E+00  0.0000000000000000E+00
      1937  0.3421389843153904E+01  0.3194298181606226E+01  0.1081188723766076E-01  0.1010310584317349E+00  0.1152487158782842E+00  0.0000000000000000E+00
      1938 -0.2521207847671888E+01 -0.2530173044577880E+01  0.9669472711171977E-02 -0.6073169906370009E-01  0.6002742325851902E-01  0.0000000000000000E+00
      1939  0.2538392560907268E+01  0.2340148761108777E+01  0.2219635923454360E-01 -0.2301544869690754E-01  0.1990628892608557E+00  0.0000000000000000E+00
      1940 -0.4730741358694915E+01 -0.4385913752219220E+01  0.7873746689668426E-02 -0.1417947599629775E+00 -0.2109065932023818E+00  0.0000000000000000E+00
      1941  0.2047603184467576E+00  0.3615748609008383E-01  0.4097344444758162E-02  0.1694206958546946E+00 -0.4915207942778354E-02  0.0000000000000000E+00
      1942 -0.2134613777918770E+01 -0.2113606943437741E+01 -0.3893849920838955E-01  0.9749607908596633E-01 -0.7956441435860734E-01  0.0000000000000000E+00
      1943  0.4471266926942488E+01  0.4370169926074420E+01  0.9236256503926468E-02  0.1588786208848603E-01  0.7597288227565827E-01  0.0000000000000000E+00
      1944  0.2530058518606589E+01  0.2345031593203874E+01 -0.2356824187635383E-02  0.8867866752222527E-01  0.9870508206812137E-01  0.0000000000000000E+00
      1945 -0.6576473380221470E+01 -0.5849396912085632E+01 -0.4395323867345578E-01 -0.3546618555732644E+00 -0.3284613738891149E+00  0.0000000000000000E+00
      1946 -0.1009092854996408E+01 -0.8860765871404732E+00  0.4277662217769931E-02  0.6814255660696575E-02 -0.1341081857344021E+00  0.0000000000000000E+00
      1947  0.4885211019148567E+01  0.4233833445545043E+01 -0.2512783338758193E-01  0.3551406757939228E+00  0.3213647311971817E+00  0.0000000000000000E+00
      1948  0.3299937564880935E+01  0.2824683040425271E+01  0.7925146094182264E-02  0.1589167973701362E+00  0.3084125809913457E+00  0.0000000000000000E+00
      1949  0.2806307782735508E+01  0.2595871500445785E+01  0.1961416754191902E-01  0.2556602764761439E-01  0.1652560871001884E+00  0.0000000000000000E+00
      1950 -0.2552851208155765E+01 -0.2053131591336255E+01 -0.2765797847971914E-01 -0.3518674090071200E+00 -0.1201942293326734E+00  0.0000000000000000E+00
      1951 -0.4856722843769796E+01 -0.4493295011587104E+01  0.5983446796338414E-02 -0.4310839218646445E-01 -0.3263028867925699E+00  0.0000000000000000E+00
      1952  0.3158397547111282E+01  0.2972716747146205E+01  0.2586435822106017E-01  0.5568675638179597E-01  0.1041296853622193E+00  0.0000000000000000E+00
      1953  0.1753446177211275E+01  0.1672417831276521E+01  0.3476350865829412E-02 -0.1165748122858624E-01  0.8920947629751556E-01  0.0000000000000000E+00
      1954 -0.4222026434120850E+01 -0.3831156378445444E+01  0.5805902696432946E-02 -0.8009055689546384E-01 -0.3165854014763720E+00  0.0000000000000000E+00
      1955  0.4111064593959297E+01  0.3869261362610059E+01  0.4419937497766827E-01  0.6605365418822128E-01  0.1315502021833461E+00  0.0000000000000000E+00
      1956 -0.3474038469776863E+01 -0.3364049024835494E+01 -0.3921170977379817E-02 -0.1240450331277284E-01 -0.9366377065121696E-01  0.0000000000000000E+00
      1957 -0.3640291121095701E+01 -0.3393743118804364E+01 -0.3914190555512184E-01 -0.6857236959197079E-01 -0.1388337271442490E+00  0.0000000000000000E+00
      1958  0.3200143653480801E+00  0.2435596658983336E+00 -0.2452053747700243E-01  0.5281680114919927E-01  0.4815843577754923E-01  0.0000000000000000E+00
      1959 -0.2028187885870348E+01 -0.2037733259245717E+01  0.2431946826808672E-01  0.5475359649414496E-01 -0.6952769138686235E-01  0.0000000000000000E+00
      1960  0.2157353611539656E+01  0.2138381879965831E+01 -0.1267864072022351E-01 -0.3715895916116054E-02  0.3536626821016359E-01  0.0000000000000000E+00
      1961  0.3442933117909786E+01  0.3237153985656050E+01 -0.3330533348080528E-01  0.4527289541027247E-01  0.1938115703242681E+00  0.0000000000000000E+00
      1962  0.1984310990118198E+01  0.1743577810760236E+01 -0.4289936683618991E-02  0.9681739503084781E-01  0.1482057210107343E+00  0.0000000000000000E+00
      1963 -0.1595192819341149E+01 -0.1666028327772991E+01  0.3412888026202622E-01  0.9283384508437870E-01 -0.5612721691456491E-01  0.0000000000000000E+00
      1964  0.1400924672780918E+01  0.1394899492213515E+01  0.1604947983781280E-01 -0.6997614031197109E-01  0.5995184104156186E-01  0.0000000000000000E+00
      1965  0.8129143548437208E+00  0.7739445963388311E+00  0.3623752676269480E-01 -0.6476556486096260E-01  0.6749779660315663E-01  0.0000000000000000E+00
      1966 -0.2991249728359224E+01 -0.2946504484603839E+01  0.1116746893504743E-01  0.1134588767742093E+00 -0.1693715894646441E+00  0.0000000000000000E+00
      1967 -0.9552486917844478E+00 -0.5307553452142879E+00  0.2091682736946057E-02 -0.2543843334369550E+00 -0.1722006958701520E+00  0.0000000000000000E+00
      1968  0.3531353450379752E+01  0.3278517236748823E+01  0.1750638650973851E-01  0.1124539379851239E+00  0.1228758891360678E+00  0.0000000000000000E+00
      1969 -0.2555626672941863E+01 -0.2566285874050430E+01  0.1578899413112465E-01 -0.6665242513217944E-01  0.6152263210963098E-01  0.0000000000000000E+00
      1970  0.2557926146392610E+01  0.2349850439854228E+01  0.3102364036908416E-01 -0.2019088253624902E-01  0.1972429487055473E+00  0.0000000000000000E+00
      1971 -0.4694439699428923E+01 -0.4356312703094362E+01  0.1253177653135704E-01 -0.1414151453747238E+00 -0.2092436274911926E+00  0.0000000000000000E+00
      1972  0.2212936028245877E+00  0.4460967586563551E-01  0.1016221811434133E-01  0.1662974106524893E+00  0.2242981921212611E-03  0.0000000000000000E+00
      1973 -0.2146855163756469E+01 -0.2138812839618779E+01 -0.3678481163239239E-01  0.1067003899864432E+00 -0.7795790249173820E-01  0.0000000000000000E+00
      1974  0.4478604684559928E+01  0.4374049189364958E+01  0.1625653716189446E-01  0.1348988869597041E-01  0.7480906933711186E-01  0.0000000000000000E+00
      1975  0.2546091059080918E+01  0.2333289144148830E+01  0.3993539891148066E-02  0.1028699718501027E+00  0.1059384031908341E+00  0.0000000000000000E+00
      1976 -0.6650861169621907E+01 -0.5929613049893511E+01 -0.3889066140067138E-01 -0.3538089663898528E+00 -0.3285484919378771E+00  0.0000000000000000E+00
      1977 -0.9314526128875512E+00 -0.8370438737937047E+00  0.5812029326432940E-02  0.2036781779883219E-01 -0.1205885862191109E+00  0.0000000000000000E+00
      1978  0.4862868911182102E+01  0.4198109089931296E+01 -0.1643598463062309E-01  0.3656648719871616E+00  0.3155309338942746E+00  0.0000000000000000E+00
      1979  0.3431156366338816E+01  0.2935306844159962E+01  0.2009505584001316E-01  0.1696147531097737E+00  0.3061397132290645E+00  0.0000000000000000E+00
      1980  0.2860739213008932E+01  0.2640807938740525E+01  0.3280042895079505E-01  0.2982383599737123E-01  0.1573070093202412E+00  0.0000000000000000E+00
      1981 -0.2579603148865940E+01 -0.2072561608814323E+01 -0.2305311851785437E-01 -0.3632557570803964E+00 -0.1207326644533633E+00  0.0000000000000000E+00
      1982 -0.4897102357191713E+01 -0.4526134194432821E+01  0.1183099825796662E-01 -0.5118498434932037E-01 -0.3316141766675362E+00  0.0000000000000000E+00
      1983  0.3198149856413493E+01  0.2998880657771922E+01  0.3769431535482946E-01  0.6029856939251653E-01  0.1012763138942300E+00  0.0000000000000000E+00
      1984  0.1754531628072665E+01  0.1685502903016816E+01  0.1218075720325412E-01 -0.2097856698698805E-01  0.7782653483958649E-01  0.0000000000000000E+00
      1985 -0.4203811419176671E+01 -0.3807991224983434E+01  0.1767949249084564E-01 -0.8813545094027204E-01 -0.3253642357438119E+00  0.0000000000000000E+00
      1986  0.4141184226767807E+01  0.3888646725812642E+01  0.5541788927129655E-01  0.6502502197940008E-01  0.1320945897044709E+00  0.0000000000000000E+00
      1987 -0.3489890987803763E+01 -0.3385666976656156E+01  0.5680312006991630E-02 -0.2001059528611649E-01 -0.8989372786847817E-01  0.0000000000000000E+00
      1988 -0.3658440787355608E+01 -0.3423533082248380E+01 -0.3910569570467348E-01 -0.6499124242233763E-01 -0.1308107669802203E+00  0.0000000000000000E+00
      1989  0.3601160478089295E+00  0.2573151463859181E+00 -0.2256680518663391E-01  0.7443426566982092E-01  0.5093344093982393E-01  0.0000000000000000E+00
      1990 -0.1926575981733151E+01 -0.1941555725389257E+01  0.3069112602761241E-01  0.5252147722639066E-01 -0.6823285959789685E-01  0.0000000000000000E+00
      1991  0.2176558238576226E+01  0.2154742879171650E+01 -0.5939746786899373E-02 -0.3138715310632646E-02  0.3089382150210945E-01  0.0000000000000000E+00
      1992  0.3417329976901143E+01  0.3212486644917406E+01 -0.2641923409015713E-01  0.5440227549117010E-01  0.1768602905827313E+00  0.0000000000000000E+00
      1993  0.2004953340650843E+01  0.1754310964476588E+01  0.1315815025621598E-03  0.1035346756970010E+00  0.1469761189746933E+00  0.0000000000000000E+00
      1994 -0.1588975629582876E+01 -0.1666167867803953E+01  0.4175217279912197E-01  0.8486135358709465E-01 -0.4942128816514410E-01  0.0000000000000000E+00
      1995  0.1411107810668838E+01  0.1405333350985296E+01  0.2226867458413605E-01 -0.6693039689835135E-01  0.5043618199775643E-01  0.0000000000000000E+00
      1996  0.8858766374447844E+00  0.8193113130393671E+00  0.4121935030168431E-01 -0.5697018163573592E-01  0.8231615573946879E-01  0.0000000000000000E+00
      1997 -0.3031587614482458E+01 -0.2978189548947717E+01  0.1368456749026972E-01  0.1061113345390502E+00 -0.1731939675640591E+00  0.0000000000000000E+00
      1998 -0.9078004337959912E+00 -0.5054406985052549E+00  0.7182859106767856E-02 -0.2472473143895901E+00 -0.1622952800079139E+00  0.0000000000000000E+00
      1999  0.3555714010013984E+01  0.3294320475994679E+01  0.2105124734071920E-01  0.1119282574068432E+00  0.1284140292717413E+00  0.0000000000000000E+00
      2000 -0.2459393208975169E+01 -0.2480142123063275E+01  0.1815711805467800E-01 -0.6851743954143515E-01  0.7110923557486497E-01  0.0000000000000000E+00
