      1801  0.1232339281710099E+03  0.1028511222167067E+03  0.2124171359161770E+01  0.7900272456050321E+01  0.1035836213909111E+02  0.0000000000000000E+00
      1802  0.1219208718222365E+03  0.1012922588394773E+03  0.2032719482971392E+01  0.7868593186450906E+01  0.1072730031333692E+02  0.0000000000000000E+00
      1803  0.1259616269023340E+03  0.1047457509188689E+03  0.2059220076502991E+01  0.8196288682269680E+01  0.1096036722469235E+02  0.0000000000000000E+00
      1804  0.1356381705714156E+03  0.1133910645011697E+03  0.2252879766891975E+01  0.8686999177970954E+01  0.1130722712538288E+02  0.0000000000000000E+00
      1805  0.1029860668531466E+03  0.8407959796315464E+02  0.1883465871144978E+01  0.7347810108824085E+01  0.9675192910022977E+01  0.0000000000000000E+00
      1806  0.1068454877290935E+03  0.8828542003694083E+02  0.1835750316413457E+01  0.7125444250097272E+01  0.9598873125641948E+01  0.0000000000000000E+00
      1807  0.1160769266409347E+03  0.9625517122119913E+02  0.1918349143824648E+01  0.7706037618134133E+01  0.1019736865777691E+02  0.0000000000000000E+00
      1808  0.1283218374255660E+03  0.1069320919299954E+03  0.2209328045075841E+01  0.8398029228561693E+01  0.1078238822193306E+02  0.0000000000000000E+00
      1809  0.1007207484859952E+03  0.8237515085937557E+02  0.1920679757221622E+01  0.6990935702541324E+01  0.9433982166856683E+01  0.0000000000000000E+00
      1810  0.1026265177952542E+03  0.8412546326897204E+02  0.1879787590920142E+01  0.7060667788985000E+01  0.9560599146376907E+01  0.0000000000000000E+00
      1811  0.1253228570809051E+03  0.1042232883685173E+03  0.2060947585186160E+01  0.8295081476160723E+01  0.1074353965104098E+02  0.0000000000000000E+00
      1812  0.1366090132224717E+03  0.1151844295300906E+03  0.2241785748638703E+01  0.8092503433712965E+01  0.1109029451002956E+02  0.0000000000000000E+00
      1813  0.1050999247489638E+03  0.8617824176789298E+02  0.1896369246857489E+01  0.7226677448854673E+01  0.9798636285358668E+01  0.0000000000000000E+00
      1814  0.1238526897174387E+03  0.1029135947870954E+03  0.2138213482771501E+01  0.7926402562105853E+01  0.1087447888546584E+02  0.0000000000000000E+00
      1815  0.1352484137808091E+03  0.1134689097656036E+03  0.2192908596613324E+01  0.8129666346459025E+01  0.1145692907213324E+02  0.0000000000000000E+00
      1816  0.1229490756361336E+03  0.1023266396656537E+03  0.2162657029814764E+01  0.7775444699056801E+01  0.1068433424160825E+02  0.0000000000000000E+00
      1817  0.1296475608757737E+03  0.1080501920918808E+03  0.2162186602666934E+01  0.8316025244259560E+01  0.1111915693696637E+02  0.0000000000000000E+00
      1818  0.1336994929458794E+03  0.1115254768827475E+03  0.2175958818339035E+01  0.8762017971805825E+01  0.1123603927298689E+02  0.0000000000000000E+00
      1819  0.1391098020222946E+03  0.1170224146306382E+03  0.2306295136833176E+01  0.8404797186757666E+01  0.1137629506806557E+02  0.0000000000000000E+00
      1820  0.1306035809548374E+03  0.1090860415249743E+03  0.2145814669254283E+01  0.8393627712269843E+01  0.1097809704833906E+02  0.0000000000000000E+00
      1821  0.1188738933566711E+03  0.9885245762501938E+02  0.2045463309694201E+01  0.7723462281006118E+01  0.1025251014095146E+02  0.0000000000000000E+00
      1822  0.1013515199044712E+03  0.8268874405687360E+02  0.1914755566496981E+01  0.7185261434480215E+01  0.9562758846620500E+01  0.0000000000000000E+00
      1823  0.1090060998087002E+03  0.8933289839105922E+02  0.1897013236114234E+01  0.7861414382171647E+01  0.9914773799355308E+01  0.0000000000000000E+00
      1824  0.1112757988297973E+03  0.9128944375212855E+02  0.1868316037717245E+01  0.7997919564175938E+01  0.1012011947577568E+02  0.0000000000000000E+00
      1825  0.1206619342947121E+03  0.1004714104969080E+03  0.1987274445870046E+01  0.7943372770440110E+01  0.1025987658149398E+02  0.0000000000000000E+00
      1826  0.1088091662536318E+03  0.9010201087990568E+02  0.1805687457472878E+01  0.7089249694330211E+01  0.9812218221922928E+01  0.0000000000000000E+00
      1827  0.1278276780174634E+03  0.1070546241158467E+03  0.2075034135119850E+01  0.8107075275688073E+01  0.1059094449080876E+02  0.0000000000000000E+00
      1828  0.1190083494689172E+03  0.9878203373646836E+02  0.2113310851738803E+01  0.7623200693834449E+01  0.1048980418687548E+02  0.0000000000000000E+00
      1829  0.1392598152950781E+03  0.1175881204655156E+03  0.2321989020904204E+01  0.8188893693817832E+01  0.1116081211484047E+02  0.0000000000000000E+00
      1830  0.1320395688764627E+03  0.1106788942946320E+03  0.2307346667569562E+01  0.8209517073999683E+01  0.1084381084026136E+02  0.0000000000000000E+00
      1831  0.1190313760502207E+03  0.9868348091387470E+02  0.2196540823324239E+01  0.7594373219228893E+01  0.1055698109379285E+02  0.0000000000000000E+00
      1832  0.1231781799086825E+03  0.1026414437880051E+03  0.2200900281061483E+01  0.7924051566577494E+01  0.1041178427303842E+02  0.0000000000000000E+00
      1833  0.1219125517202948E+03  0.1012795997746601E+03  0.2038053336040448E+01  0.7872455239849472E+01  0.1072244336974474E+02  0.0000000000000000E+00
      1834  0.1259928532317085E+03  0.1048022067133025E+03  0.2060880855601770E+01  0.8182870987750997E+01  0.1094689467505320E+02  0.0000000000000000E+00
      1835  0.1358095047455454E+03  0.1135773547048811E+03  0.2254299088500610E+01  0.8665200897748788E+01  0.1131265005441501E+02  0.0000000000000000E+00
      1836  0.1032889663115089E+03  0.8437954835282306E+02  0.1888374585496157E+01  0.7343161507181224E+01  0.9677881866008510E+01  0.0000000000000000E+00
      1837  0.1070210461746122E+03  0.8848953062068762E+02  0.1833856129555362E+01  0.7098523245874665E+01  0.9599136178494511E+01  0.0000000000000000E+00
      1838  0.1161956050265870E+03  0.9636799997343617E+02  0.1920132235181881E+01  0.7697632516328394E+01  0.1020984030164049E+02  0.0000000000000000E+00
      1839  0.1283534176881492E+03  0.1069656414477612E+03  0.2214682116610762E+01  0.8382195614001729E+01  0.1079089850977560E+02  0.0000000000000000E+00
      1840  0.1007699267367656E+03  0.8240495701172857E+02  0.1926365944057678E+01  0.6985176405597551E+01  0.9453427375381633E+01  0.0000000000000000E+00
      1841  0.1026215181833170E+03  0.8411513124533991E+02  0.1881988128672615E+01  0.7038632149329801E+01  0.9585766659974693E+01  0.0000000000000000E+00
      1842  0.1253258207535193E+03  0.1042390365619592E+03  0.2057183438146819E+01  0.8282523074282452E+01  0.1074707767913068E+02  0.0000000000000000E+00
      1843  0.1368133634187683E+03  0.1153746578524894E+03  0.2247767867873701E+01  0.8088340243506600E+01  0.1110259745489859E+02  0.0000000000000000E+00
      1844  0.1051093091855036E+03  0.8621069513385547E+02  0.1891976130166208E+01  0.7205217388984602E+01  0.9801420532497295E+01  0.0000000000000000E+00
      1845  0.1238916789254914E+03  0.1029889053664273E+03  0.2139285666617488E+01  0.7906500218870860E+01  0.1085698767357556E+02  0.0000000000000000E+00
      1846  0.1352552860849420E+03  0.1134937745923247E+03  0.2196590749170899E+01  0.8134917547962107E+01  0.1143000319548445E+02  0.0000000000000000E+00
      1847  0.1230209766873249E+03  0.1024095751727006E+03  0.2163536308830525E+01  0.7765373331304174E+01  0.1068249187448966E+02  0.0000000000000000E+00
      1848  0.1296422410492221E+03  0.1080558791806099E+03  0.2166870248607125E+01  0.8308534283323468E+01  0.1111095733668170E+02  0.0000000000000000E+00
      1849  0.1337555046918712E+03  0.1115863960052829E+03  0.2175989275330761E+01  0.8753109078705549E+01  0.1124001033255178E+02  0.0000000000000000E+00
      1850  0.1391729113908785E+03  0.1171202531650815E+03  0.2311572211800098E+01  0.8389397261455800E+01  0.1135168875254125E+02  0.0000000000000000E+00
      1851  0.1305362495375341E+03  0.1090485633569585E+03  0.2146916013386698E+01  0.8382857853828513E+01  0.1095791231336044E+02  0.0000000000000000E+00
      1852  0.1190109758114498E+03  0.9899857091089699E+02  0.2042922453663053E+01  0.7715701167278295E+01  0.1025378127961159E+02  0.0000000000000000E+00
      1853  0.1014970523830600E+03  0.8283262385491807E+02  0.1913027991184796E+01  0.7189579417517585E+01  0.9561821119439529E+01  0.0000000000000000E+00
      1854  0.1092775197842401E+03  0.8955469247164110E+02  0.1899369531781492E+01  0.7877893022689152E+01  0.9945564758128290E+01  0.0000000000000000E+00
      1855  0.1113492290835210E+03  0.9138478534139131E+02  0.1866082797676529E+01  0.7984199072886561E+01  0.1011416187156652E+02  0.0000000000000000E+00
      1856  0.1206519266771863E+03  0.1004887906674906E+03  0.1988796219445504E+01  0.7922547603200027E+01  0.1025179218705010E+02  0.0000000000000000E+00
      1857  0.1087665589339012E+03  0.9006313383193827E+02  0.1810818579259875E+01  0.7098806152641911E+01  0.9793800370061209E+01  0.0000000000000000E+00
      1858  0.1278327082361788E+03  0.1070672423425368E+03  0.2080422260672109E+01  0.8097194047915549E+01  0.1058784958505428E+02  0.0000000000000000E+00
      1859  0.1189601269898444E+03  0.9876584530747407E+02  0.2113594596489082E+01  0.7600841757676468E+01  0.1047984532820466E+02  0.0000000000000000E+00
      1860  0.1392036648035067E+03  0.1175527469264887E+03  0.2322936837844583E+01  0.8181354407689104E+01  0.1114662663148416E+02  0.0000000000000000E+00
      1861  0.1321462904322283E+03  0.1107656700294654E+03  0.2313947114318458E+01  0.8221818570007244E+01  0.1084485471843718E+02  0.0000000000000000E+00
      1862  0.1189892182142196E+03  0.9866287992611868E+02  0.2198807525700091E+01  0.7579579322395308E+01  0.1054795144000556E+02  0.0000000000000000E+00
      1863  0.1231093889423866E+03  0.1026152053933849E+03  0.2202259676918650E+01  0.7888930204051293E+01  0.1040299366803168E+02  0.0000000000000000E+00
      1864  0.1219138267991128E+03  0.1012916219325516E+03  0.2037586023370753E+01  0.7858022011138416E+01  0.1072659683205205E+02  0.0000000000000000E+00
      1865  0.1260921912819717E+03  0.1048801888553803E+03  0.2063615716197854E+01  0.8172168755683142E+01  0.1097621795471041E+02  0.0000000000000000E+00
      1866  0.1357621708169709E+03  0.1135318013224713E+03  0.2263302644586029E+01  0.8658592149049589E+01  0.1130847470086401E+02  0.0000000000000000E+00
      1867  0.1032959349369587E+03  0.8437437225642306E+02  0.1897794202473953E+01  0.7337613956670476E+01  0.9686154521391241E+01  0.0000000000000000E+00
      1868  0.1070500344056868E+03  0.8847995831962744E+02  0.1855383851655218E+01  0.7114219484405115E+01  0.9600472749999048E+01  0.0000000000000000E+00
      1869  0.1161618515278145E+03  0.9631808760435064E+02  0.1932654064129441E+01  0.7703490752602178E+01  0.1020761910673230E+02  0.0000000000000000E+00
      1870  0.1283159838155960E+03  0.1069244441072059E+03  0.2222836865250967E+01  0.8390562847859233E+01  0.1077813999527995E+02  0.0000000000000000E+00
      1871  0.1008388001873878E+03  0.8245009153901778E+02  0.1935568153536220E+01  0.6994638089737073E+01  0.9458502405096679E+01  0.0000000000000000E+00
      1872  0.1027807189673308E+03  0.8425992232176040E+02  0.1890564429983837E+01  0.7040916390121772E+01  0.9589315825464805E+01  0.0000000000000000E+00
      1873  0.1254803618544544E+03  0.1043806831410238E+03  0.2061730175837590E+01  0.8299223612201317E+01  0.1073872492539186E+02  0.0000000000000000E+00
      1874  0.1367903012895692E+03  0.1153864587592005E+03  0.2245265119427399E+01  0.8063137584847361E+01  0.1109543982609407E+02  0.0000000000000000E+00
      1875  0.1051411925810165E+03  0.8621632258243125E+02  0.1905313048896896E+01  0.7214448883083801E+01  0.9805108066604433E+01  0.0000000000000000E+00
      1876  0.1239081194888061E+03  0.1030068365627113E+03  0.2146823994363503E+01  0.7899201708276614E+01  0.1085525722345464E+02  0.0000000000000000E+00
      1877  0.1353054643405791E+03  0.1135354004906214E+03  0.2198874043751965E+01  0.8125095994167610E+01  0.1144609381203814E+02  0.0000000000000000E+00
      1878  0.1230645064222545E+03  0.1024632900619415E+03  0.2173110095773467E+01  0.7754920245565054E+01  0.1067318601897471E+02  0.0000000000000000E+00
      1879  0.1296460202637790E+03  0.1080724213211555E+03  0.2168201912556067E+01  0.8293526808041106E+01  0.1111187022202622E+02  0.0000000000000000E+00
      1880  0.1337960049129840E+03  0.1115977396074665E+03  0.2188088632083306E+01  0.8761929524761126E+01  0.1124824714867306E+02  0.0000000000000000E+00
      1881  0.1392078260197290E+03  0.1171356033073063E+03  0.2309751436899336E+01  0.8399606335835216E+01  0.1136286493968805E+02  0.0000000000000000E+00
      1882  0.1306160337748959E+03  0.1091209015833842E+03  0.2148080360520949E+01  0.8386175656175590E+01  0.1096087617481510E+02  0.0000000000000000E+00
      1883  0.1189958046944987E+03  0.9898375559992421E+02  0.2054114101677919E+01  0.7703910370664310E+01  0.1025402462223235E+02  0.0000000000000000E+00
      1884  0.1013872113062161E+03  0.8274276624053283E+02  0.1924687079959041E+01  0.7159982732070277E+01  0.9559775253653902E+01  0.0000000000000000E+00
      1885  0.1091640817708408E+03  0.8947816144508673E+02  0.1911421762846323E+01  0.7847044402238705E+01  0.9927454160668983E+01  0.0000000000000000E+00
      1886  0.1113744503573545E+03  0.9140400045247424E+02  0.1877260830735261E+01  0.7979922350084191E+01  0.1011326672406066E+02  0.0000000000000000E+00
      1887  0.1207800522587070E+03  0.1005825111238404E+03  0.1992810603256526E+01  0.7926648156200022E+01  0.1027808237541000E+02  0.0000000000000000E+00
      1888  0.1087694183023354E+03  0.9006074306117222E+02  0.1818804114537202E+01  0.7096530679695296E+01  0.9793340446930687E+01  0.0000000000000000E+00
      1889  0.1278249173523604E+03  0.1070552202358545E+03  0.2080568786315163E+01  0.8106634834736873E+01  0.1058249349545384E+02  0.0000000000000000E+00
      1890  0.1190079575389885E+03  0.9881000543832681E+02  0.2118887676687708E+01  0.7595509117990408E+01  0.1048355530598363E+02  0.0000000000000000E+00
      1891  0.1392619412999190E+03  0.1176147351953992E+03  0.2322138982766217E+01  0.8177210327152556E+01  0.1114785679460114E+02  0.0000000000000000E+00
      1892  0.1320798194325712E+03  0.1107237212107041E+03  0.2308120229917594E+01  0.8210942799432271E+01  0.1083703519251725E+02  0.0000000000000000E+00
      1893  0.1189889806386506E+03  0.9862773196337983E+02  0.2205391986522865E+01  0.7597886174919683E+01  0.1055797051382826E+02  0.0000000000000000E+00
      1894  0.1231447438594894E+03  0.1026303152233569E+03  0.2200997610911507E+01  0.7898944056692157E+01  0.1041448696852877E+02  0.0000000000000000E+00
      1895  0.1220154069703180E+03  0.1013776800155862E+03  0.2043966720511997E+01  0.7867580172681650E+01  0.1072618006153827E+02  0.0000000000000000E+00
      1896  0.1259751595716122E+03  0.1047900729771906E+03  0.2062825972932931E+01  0.8154455711734355E+01  0.1096780490975438E+02  0.0000000000000000E+00
      1897  0.1356880702162288E+03  0.1134664340445888E+03  0.2261490418449288E+01  0.8666479907495932E+01  0.1129366584569472E+02  0.0000000000000000E+00
      1898  0.1032712235047156E+03  0.8436257428647650E+02  0.1905321351829535E+01  0.7323383786565559E+01  0.9679944079843994E+01  0.0000000000000000E+00
      1899  0.1069748610270806E+03  0.8842634193749849E+02  0.1845758629625817E+01  0.7109169795797540E+01  0.9593590664158734E+01  0.0000000000000000E+00
      1900  0.1162230219966628E+03  0.9637552300258349E+02  0.1929538666266585E+01  0.7702076727141250E+01  0.1021588360067129E+02  0.0000000000000000E+00
      1901  0.1283511615388333E+03  0.1069549333720777E+03  0.2219964563342964E+01  0.8394533244355873E+01  0.1078173035905665E+02  0.0000000000000000E+00
      1902  0.1007554800335056E+03  0.8239702371264629E+02  0.1928779814316128E+01  0.6978531624528030E+01  0.9451144882015008E+01  0.0000000000000000E+00
      1903  0.1027084440877311E+03  0.8421127734938517E+02  0.1888668402710027E+01  0.7030029991284761E+01  0.9578468344351231E+01  0.0000000000000000E+00
      1904  0.1254328753410667E+03  0.1043413647463406E+03  0.2062804725845158E+01  0.8278633602498623E+01  0.1075007226638239E+02  0.0000000000000000E+00
      1905  0.1368306176826318E+03  0.1154136139800164E+03  0.2246003671022674E+01  0.8067335374019409E+01  0.1110366465757349E+02  0.0000000000000000E+00
      1906  0.1050821170850230E+03  0.8616906767486745E+02  0.1908647707641395E+01  0.7217712704925732E+01  0.9786688997588328E+01  0.0000000000000000E+00
      1907  0.1238367070491004E+03  0.1029512091893453E+03  0.2146541135683338E+01  0.7888619099727066E+01  0.1085033762434470E+02  0.0000000000000000E+00
      1908  0.1352324297760668E+03  0.1134987612442701E+03  0.2197895362802136E+01  0.8112379232379553E+01  0.1142339393661518E+02  0.0000000000000000E+00
      1909  0.1230257804663110E+03  0.1024018895498414E+03  0.2172456734720218E+01  0.7775395791290298E+01  0.1067603839045909E+02  0.0000000000000000E+00
      1910  0.1296440572159787E+03  0.1080729721588302E+03  0.2168723218770682E+01  0.8279781793665382E+01  0.1112258004471229E+02  0.0000000000000000E+00
      1911  0.1338345591299816E+03  0.1116457324653957E+03  0.2182046843774206E+01  0.8755475921646108E+01  0.1125130389916570E+02  0.0000000000000000E+00
      1912  0.1392478857684492E+03  0.1171814958274594E+03  0.2310482944248361E+01  0.8390545628811894E+01  0.1136536136792943E+02  0.0000000000000000E+00
      1913  0.1305823517414413E+03  0.1091104608699556E+03  0.2149340945642384E+01  0.8365848134893472E+01  0.1095670179094977E+02  0.0000000000000000E+00
      1914  0.1189688724791246E+03  0.9896315225895685E+02  0.2051572193716005E+01  0.7706254699224901E+01  0.1024789332722688E+02  0.0000000000000000E+00
      1915  0.1014565662303226E+03  0.8279635935144697E+02  0.1923010557545013E+01  0.7170829544587812E+01  0.9566366776742775E+01  0.0000000000000000E+00
      1916  0.1091527578510901E+03  0.8945058650251566E+02  0.1910422360474278E+01  0.7859541745395445E+01  0.9932207242704845E+01  0.0000000000000000E+00
      1917  0.1112822501935213E+03  0.9133479456976613E+02  0.1878326272196794E+01  0.7962659222296069E+01  0.1010647012926228E+02  0.0000000000000000E+00
      1918  0.1206746701509388E+03  0.1004844160795026E+03  0.1991397105683032E+01  0.7943157351560391E+01  0.1025569961419292E+02  0.0000000000000000E+00
      1919  0.1087600253376447E+03  0.9007834549422910E+02  0.1821677280421236E+01  0.7069086151034982E+01  0.9790916411959511E+01  0.0000000000000000E+00
      1920  0.1278884017988593E+03  0.1071253163840843E+03  0.2087018160883737E+01  0.8102192594319591E+01  0.1057387465957182E+02  0.0000000000000000E+00
      1921  0.1190611504626760E+03  0.9884668122196631E+02  0.2118481026362723E+01  0.7617279372607147E+01  0.1047870884173982E+02  0.0000000000000000E+00
      1922  0.1392770593398953E+03  0.1176355930798636E+03  0.2322928159605829E+01  0.8173429472050641E+01  0.1114510862837518E+02  0.0000000000000000E+00
      1923  0.1319696163300117E+03  0.1106347238871861E+03  0.2305825927908580E+01  0.8206464833721425E+01  0.1082260168119556E+02  0.0000000000000000E+00
      1924  0.1189893975458424E+03  0.9864729248014828E+02  0.2203897710004367E+01  0.7589423479837489E+01  0.1054878387585222E+02  0.0000000000000000E+00
      1925  0.1231811554695608E+03  0.1026521088470127E+03  0.2201431114873147E+01  0.7910166801815213E+01  0.1041744870585991E+02  0.0000000000000000E+00
      1926  0.1218949641945861E+03  0.1012799124541404E+03  0.2040155981772456E+01  0.7855378111792747E+01  0.1071951764688049E+02  0.0000000000000000E+00
      1927  0.1259289448932973E+03  0.1047710063112691E+03  0.2057700194337450E+01  0.8145971888797698E+01  0.1095426649889313E+02  0.0000000000000000E+00
      1928  0.1357386278043862E+03  0.1135145196357882E+03  0.2261940567973358E+01  0.8654298650459605E+01  0.1130786895016502E+02  0.0000000000000000E+00
      1929  0.1031785505321866E+03  0.8427441731135164E+02  0.1906729689289712E+01  0.7317246577387993E+01  0.9680156954157148E+01  0.0000000000000000E+00
      1930  0.1069700538679348E+03  0.8839635494403720E+02  0.1851196280738874E+01  0.7125939569522582E+01  0.9596563073636219E+01  0.0000000000000000E+00
      1931  0.1161801940644800E+03  0.9632549502975868E+02  0.1929081887403031E+01  0.7703763728101253E+01  0.1022185341921687E+02  0.0000000000000000E+00
      1932  0.1283206965880038E+03  0.1069333548851128E+03  0.2223458394896792E+01  0.8370561734486792E+01  0.1079332157350740E+02  0.0000000000000000E+00
      1933  0.1006726635251825E+03  0.8232249125878779E+02  0.1935134229087321E+01  0.6971682409969189E+01  0.9443355627338180E+01  0.0000000000000000E+00
      1934  0.1026547434681743E+03  0.8414640196887404E+02  0.1889938797815658E+01  0.7045369580950002E+01  0.9573033120534522E+01  0.0000000000000000E+00
      1935  0.1253789272140580E+03  0.1042731670495694E+03  0.2065447687267078E+01  0.8293248765642986E+01  0.1074706371157842E+02  0.0000000000000000E+00
      1936  0.1366809728091973E+03  0.1152803993542677E+03  0.2249635502800516E+01  0.8062155286689663E+01  0.1108878266543960E+02  0.0000000000000000E+00
      1937  0.1050010608176974E+03  0.8613896908834532E+02  0.1905421455887554E+01  0.7184008886860121E+01  0.9772661386604289E+01  0.0000000000000000E+00
      1938  0.1238856209721052E+03  0.1029950679529606E+03  0.2142610590492339E+01  0.7892522922062273E+01  0.1085541950659005E+02  0.0000000000000000E+00
      1939  0.1353381641956940E+03  0.1135710281172046E+03  0.2200233768670274E+01  0.8124734551037298E+01  0.1144216775878172E+02  0.0000000000000000E+00
      1940  0.1229426212799321E+03  0.1023422050718695E+03  0.2177437163352943E+01  0.7762779007806381E+01  0.1066020003690328E+02  0.0000000000000000E+00
      1941  0.1296589466349809E+03  0.1080918474367701E+03  0.2169408652321014E+01  0.8297355636827371E+01  0.1110033490906236E+02  0.0000000000000000E+00
      1942  0.1337654699099110E+03  0.1116089882911487E+03  0.2185227151252784E+01  0.8744923378626611E+01  0.1122633108888299E+02  0.0000000000000000E+00
      1943  0.1391599534147841E+03  0.1170949333604569E+03  0.2313510988905926E+01  0.8399502228818520E+01  0.1135200683660279E+02  0.0000000000000000E+00
      1944  0.1305957077295503E+03  0.1091016766002967E+03  0.2153929094153134E+01  0.8383111001626339E+01  0.1095699103347418E+02  0.0000000000000000E+00
      1945  0.1189322218900566E+03  0.9893869920694530E+02  0.2053874008403257E+01  0.7700383329447853E+01  0.1023926534526012E+02  0.0000000000000000E+00
      1946  0.1014847622653634E+03  0.8282448438371769E+02  0.1922586386223573E+01  0.7181507464219463E+01  0.9556184031202633E+01  0.0000000000000000E+00
      1947  0.1092190746980755E+03  0.8952446328891797E+02  0.1907561362693197E+01  0.7860855390478145E+01  0.9926194655986205E+01  0.0000000000000000E+00
      1948  0.1113211461752781E+03  0.9136332900462253E+02  0.1874843383078198E+01  0.7971726970872881E+01  0.1011124681670445E+02  0.0000000000000000E+00
      1949  0.1207623632612998E+03  0.1005672459403366E+03  0.1994606030017469E+01  0.7940093715776296E+01  0.1026041757516937E+02  0.0000000000000000E+00
      1950  0.1087974717317290E+03  0.9008211684985943E+02  0.1821196293030235E+01  0.7097347907936933E+01  0.9796810680902476E+01  0.0000000000000000E+00
      1951  0.1278987218515194E+03  0.1071155905024226E+03  0.2079494564076012E+01  0.8116234675633853E+01  0.1058740210938688E+02  0.0000000000000000E+00
      1952  0.1190682564490115E+03  0.9885771870214515E+02  0.2117565847508621E+01  0.7609918262575646E+01  0.1048305363678215E+02  0.0000000000000000E+00
      1953  0.1393927180065723E+03  0.1177226280789433E+03  0.2321869518402790E+01  0.8187473973757985E+01  0.1116074643546812E+02  0.0000000000000000E+00
      1954  0.1320474314731902E+03  0.1106896273805675E+03  0.2309427856816296E+01  0.8210870142249384E+01  0.1083750609355693E+02  0.0000000000000000E+00
      1955  0.1190735061113795E+03  0.9873634193779974E+02  0.2199815818839897E+01  0.7585721932433697E+01  0.1055162642230625E+02  0.0000000000000000E+00
      1956  0.1232275815712487E+03  0.1026954769292856E+03  0.2206555256498488E+01  0.7911572072316088E+01  0.1041397731314866E+02  0.0000000000000000E+00
      1957  0.1219938171535431E+03  0.1013563039510039E+03  0.2043665959795657E+01  0.7873368625195090E+01  0.1072047861754845E+02  0.0000000000000000E+00
      1958  0.1260553817315862E+03  0.1048728627989874E+03  0.2059090977140128E+01  0.8158241223098441E+01  0.1096518673236041E+02  0.0000000000000000E+00
      1959  0.1356883033340016E+03  0.1134701699655868E+03  0.2259068418333784E+01  0.8656313612892692E+01  0.1130275133718825E+02  0.0000000000000000E+00
      1960  0.1033169130707779E+03  0.8439491631745213E+02  0.1906269172915826E+01  0.7328915295047520E+01  0.9686812285362580E+01  0.0000000000000000E+00
      1961  0.1070441545112914E+03  0.8847253595566320E+02  0.1846217758771401E+01  0.7109870003916974E+01  0.9615530792939897E+01  0.0000000000000000E+00
      1962  0.1161870541556106E+03  0.9634906790431396E+02  0.1929429517223040E+01  0.7695870415362198E+01  0.1021268631871145E+02  0.0000000000000000E+00
      1963  0.1283869632568586E+03  0.1069747973685822E+03  0.2222634010269861E+01  0.8396361943353472E+01  0.1079316993465327E+02  0.0000000000000000E+00
      1964  0.1007741461278740E+03  0.8239422091204264E+02  0.1932653804668089E+01  0.6990509149362811E+01  0.9456762261800471E+01  0.0000000000000000E+00
      1965  0.1026022943420369E+03  0.8410605747034475E+02  0.1889846156771018E+01  0.7035855387675898E+01  0.9570535327245199E+01  0.0000000000000000E+00
      1966  0.1254431524430760E+03  0.1043367613386611E+03  0.2061656815036185E+01  0.8285436546084235E+01  0.1075929774329448E+02  0.0000000000000000E+00
      1967  0.1366945793899633E+03  0.1152924110190829E+03  0.2249177603890157E+01  0.8060978648409197E+01  0.1109201211858100E+02  0.0000000000000000E+00
      1968  0.1051746912061259E+03  0.8626404670714462E+02  0.1906450736214831E+01  0.7208347018085893E+01  0.9795846744680455E+01  0.0000000000000000E+00
      1969  0.1238794441487558E+03  0.1029838963877662E+03  0.2142676760811740E+01  0.7897763149159256E+01  0.1085510785101858E+02  0.0000000000000000E+00
      1970  0.1353165018325468E+03  0.1135515371251194E+03  0.2201034257579536E+01  0.8128833959176003E+01  0.1143509649067180E+02  0.0000000000000000E+00
      1971  0.1229558945096960E+03  0.1023350519541699E+03  0.2173064831181373E+01  0.7774691482498428E+01  0.1067308624184619E+02  0.0000000000000000E+00
      1972  0.1296228591361312E+03  0.1080620292573373E+03  0.2168701054772977E+01  0.8286549889628638E+01  0.1110557893439229E+02  0.0000000000000000E+00
      1973  0.1336971368948234E+03  0.1115314787165159E+03  0.2185925684869714E+01  0.8747271415622707E+01  0.1123246107781523E+02  0.0000000000000000E+00
      1974  0.1391730981726386E+03  0.1171117853711198E+03  0.2308718691268464E+01  0.8391009100702162E+01  0.1136158500954818E+02  0.0000000000000000E+00
      1975  0.1305600786157149E+03  0.1090547688880717E+03  0.2153308578217825E+01  0.8386538214150326E+01  0.1096546293527497E+02  0.0000000000000000E+00
      1976  0.1188820967751475E+03  0.9887383493003597E+02  0.2049425385889726E+01  0.7712155011855223E+01  0.1024668144736678E+02  0.0000000000000000E+00
      1977  0.1015143081049874E+03  0.8280519025764978E+02  0.1923594769854104E+01  0.7195093255951839E+01  0.9590429821531673E+01  0.0000000000000000E+00
      1978  0.1091324046552865E+03  0.8942963488555534E+02  0.1911012743699518E+01  0.7863951697172735E+01  0.9927805328859007E+01  0.0000000000000000E+00
      1979  0.1113494763817286E+03  0.9138473637348861E+02  0.1878120199814806E+01  0.7969073084587630E+01  0.1011754672383742E+02  0.0000000000000000E+00
      1980  0.1207126158714156E+03  0.1005177007130813E+03  0.1995314744026296E+01  0.7941337480219651E+01  0.1025826293408838E+02  0.0000000000000000E+00
      1981  0.1087726960185891E+03  0.9004315921564186E+02  0.1820119657714498E+01  0.7099147483470979E+01  0.9810269661761717E+01  0.0000000000000000E+00
      1982  0.1277847935480434E+03  0.1070165961887817E+03  0.2084049282719357E+01  0.8110956819677829E+01  0.1057319125686456E+02  0.0000000000000000E+00
      1983  0.1189953850371658E+03  0.9879334608073697E+02  0.2118801359166946E+01  0.7611270529212028E+01  0.1047196706805004E+02  0.0000000000000000E+00
      1984  0.1391559771963842E+03  0.1175325960796647E+03  0.2320135857515480E+01  0.8176626281807657E+01  0.1112661897739631E+02  0.0000000000000000E+00
      1985  0.1318732883528133E+03  0.1105594078409479E+03  0.2304992972045633E+01  0.8194104714540973E+01  0.1081478282527886E+02  0.0000000000000000E+00
      1986  0.1189232108537574E+03  0.9859896261984017E+02  0.2199869337997069E+01  0.7572557532913705E+01  0.1055182136300655E+02  0.0000000000000000E+00
      1987  0.1230629138565011E+03  0.1025539406701961E+03  0.2209368436419939E+01  0.7889706114963857E+01  0.1040989863492104E+02  0.0000000000000000E+00
      1988  0.1219065920375083E+03  0.1012734874975498E+03  0.2046426374331591E+01  0.7864401766514562E+01  0.1072227639911230E+02  0.0000000000000000E+00
      1989  0.1260202952160102E+03  0.1048235941090306E+03  0.2061318126479401E+01  0.8173171805499688E+01  0.1096221117500048E+02  0.0000000000000000E+00
      1990  0.1357590433646162E+03  0.1135331459164327E+03  0.2263040506177400E+01  0.8661075504522586E+01  0.1130178143748339E+02  0.0000000000000000E+00
      1991  0.1032344052445106E+03  0.8432781081555993E+02  0.1901658989450347E+01  0.7331527481699764E+01  0.9673407957800508E+01  0.0000000000000000E+00
      1992  0.1069648413235389E+03  0.8843157339225488E+02  0.1847539112706944E+01  0.7105299552059807E+01  0.9580429266517205E+01  0.0000000000000000E+00
      1993  0.1161333946403779E+03  0.9631168861799786E+02  0.1926608679737685E+01  0.7694201456698275E+01  0.1020089588594388E+02  0.0000000000000000E+00
      1994  0.1282810739157840E+03  0.1068960536235137E+03  0.2217654135248423E+01  0.8382709851910967E+01  0.1078465630511103E+02  0.0000000000000000E+00
      1995  0.1007831005219144E+03  0.8242855367135226E+02  0.1933539105572647E+01  0.6987793523307659E+01  0.9433214221681828E+01  0.0000000000000000E+00
      1996  0.1026737174555407E+03  0.8415627214256448E+02  0.1891297924343415E+01  0.7045813661888884E+01  0.9580333726743804E+01  0.0000000000000000E+00
      1997  0.1253580024585061E+03  0.1042672102223244E+03  0.2063847897053919E+01  0.8283539240893463E+01  0.1074340509823434E+02  0.0000000000000000E+00
      1998  0.1367199967771659E+03  0.1152991153346020E+03  0.2248600339193970E+01  0.8079546188237819E+01  0.1109273491513223E+02  0.0000000000000000E+00
      1999  0.1051121611607199E+03  0.8620284442575240E+02  0.1904425962830264E+01  0.7214474868846838E+01  0.9790415903290402E+01  0.0000000000000000E+00
      2000  0.1239519164198905E+03  0.1030282408863604E+03  0.2147589128638762E+01  0.7906861631288798E+01  0.1086922477360245E+02  0.0000000000000000E+00
