      1801  0.1229268695862757E+03  0.1025730627207897E+03  0.2121229773926509E+01  0.7889542643855503E+01  0.1034303444770400E+02  0.0000000000000000E+00
      1802  0.1233965369792806E+03  0.1026260003310429E+03  0.2046441371582550E+01  0.7922413787056567E+01  0.1080168148959849E+02  0.0000000000000000E+00
      1803  0.1241322473380035E+03  0.1030878449212310E+03  0.2044061264295434E+01  0.8131936475343494E+01  0.1086840467713348E+02  0.0000000000000000E+00
      1804  0.1256930658477760E+03  0.1044285602647718E+03  0.2161617401015245E+01  0.8315615707916226E+01  0.1078727247407274E+02  0.0000000000000000E+00
      1805  0.1254996766406909E+03  0.1045543880754421E+03  0.2084513920591502E+01  0.8107286580956256E+01  0.1075348806370119E+02  0.0000000000000000E+00
      1806  0.1222531050498190E+03  0.1021429170739253E+03  0.1997493688133700E+01  0.7693234455780639E+01  0.1041945983197940E+02  0.0000000000000000E+00
      1807  0.1239543920121679E+03  0.1031940404571729E+03  0.2033157845890043E+01  0.8035599753895282E+01  0.1069159395520965E+02  0.0000000000000000E+00
      1808  0.1233118018752055E+03  0.1022934544572396E+03  0.2196864843060462E+01  0.8234422996018532E+01  0.1058705957888692E+02  0.0000000000000000E+00
      1809  0.1261146028928384E+03  0.1053360709729277E+03  0.2190809414140741E+01  0.7868889209372243E+01  0.1071883329639768E+02  0.0000000000000000E+00
      1810  0.1238253245252813E+03  0.1031232025275784E+03  0.2116755488508423E+01  0.7852301007461603E+01  0.1073306550173274E+02  0.0000000000000000E+00
      1811  0.1251940661617705E+03  0.1039195729112574E+03  0.2110002678619890E+01  0.8331551828930838E+01  0.1083293874296236E+02  0.0000000000000000E+00
      1812  0.1255377767760250E+03  0.1051088866713409E+03  0.2170695793430239E+01  0.7704976180822652E+01  0.1055321813043115E+02  0.0000000000000000E+00
      1813  0.1278601447797839E+03  0.1068592151257881E+03  0.2117874218939556E+01  0.7979365847270501E+01  0.1090368958778570E+02  0.0000000000000000E+00
      1814  0.1268282180055159E+03  0.1054349422876512E+03  0.2206444256433914E+01  0.8067370383788059E+01  0.1111946107764272E+02  0.0000000000000000E+00
      1815  0.1269121202586136E+03  0.1058548032256089E+03  0.2144566445017165E+01  0.7856242455592001E+01  0.1105650813239547E+02  0.0000000000000000E+00
      1816  0.1269075575966910E+03  0.1059353551319062E+03  0.2202780269690289E+01  0.7902761356146363E+01  0.1086666083894802E+02  0.0000000000000000E+00
      1817  0.1254146482462543E+03  0.1041884007867107E+03  0.2129487658060095E+01  0.8178159793696528E+01  0.1091860000778695E+02  0.0000000000000000E+00
      1818  0.1298582888806921E+03  0.1080648568023697E+03  0.2140254547236072E+01  0.8623418629323096E+01  0.1102975890176322E+02  0.0000000000000000E+00
      1819  0.1232562934954844E+03  0.1026911481389201E+03  0.2159110668542378E+01  0.7850729390263377E+01  0.1055530529775856E+02  0.0000000000000000E+00
      1820  0.1256606659192905E+03  0.1047105326682580E+03  0.2088725202614483E+01  0.8199069650812421E+01  0.1066233839760555E+02  0.0000000000000000E+00
      1821  0.1244685669789739E+03  0.1039442129139416E+03  0.2083711864953258E+01  0.7922597806057452E+01  0.1051804439402170E+02  0.0000000000000000E+00
      1822  0.1241385334024386E+03  0.1032450445611915E+03  0.2155564422580104E+01  0.8003125093951338E+01  0.1073479932471562E+02  0.0000000000000000E+00
      1823  0.1273781571220052E+03  0.1057777197782927E+03  0.2111917970672446E+01  0.8564383375655103E+01  0.1092413599738495E+02  0.0000000000000000E+00
      1824  0.1277729642386579E+03  0.1060273761127634E+03  0.2065433784366108E+01  0.8629103877116718E+01  0.1105105046441171E+02  0.0000000000000000E+00
      1825  0.1256759133250498E+03  0.1048420965352199E+03  0.2079052927190502E+01  0.8143126641754428E+01  0.1061163722088506E+02  0.0000000000000000E+00
      1826  0.1255033789081102E+03  0.1051179871580877E+03  0.1981708516692662E+01  0.7688737187522231E+01  0.1071494604580765E+02  0.0000000000000000E+00
      1827  0.1230314481604228E+03  0.1025304269671154E+03  0.2076809070844844E+01  0.7986574652304893E+01  0.1043763747015763E+02  0.0000000000000000E+00
      1828  0.1252942559589988E+03  0.1044080908707080E+03  0.2197123072639209E+01  0.7863684014949952E+01  0.1082535800070159E+02  0.0000000000000000E+00
      1829  0.1252303342760487E+03  0.1048119437298866E+03  0.2198865616620948E+01  0.7732427893675828E+01  0.1048709703586534E+02  0.0000000000000000E+00
      1830  0.1266809941351404E+03  0.1058662684772047E+03  0.2247406964524910E+01  0.8018486957265424E+01  0.1054883173614534E+02  0.0000000000000000E+00
      1831  0.1254638248969431E+03  0.1045133692091899E+03  0.2258247221254142E+01  0.7829609348964804E+01  0.1086259911753430E+02  0.0000000000000000E+00
      1832  0.1230630903719488E+03  0.1024832865461781E+03  0.2204244277794982E+01  0.7944951422106191E+01  0.1043060812586948E+02  0.0000000000000000E+00
      1833  0.1233816357984944E+03  0.1025662876062359E+03  0.2054913436529041E+01  0.7945193915436811E+01  0.1081524084029277E+02  0.0000000000000000E+00
      1834  0.1241837453045543E+03  0.1031281619977678E+03  0.2047579948631015E+01  0.8137404361467382E+01  0.1087059899668811E+02  0.0000000000000000E+00
      1835  0.1258829661729325E+03  0.1046039883897763E+03  0.2164590581063091E+01  0.8310433972542606E+01  0.1080395322955037E+02  0.0000000000000000E+00
      1836  0.1256416523004580E+03  0.1046595289974127E+03  0.2090935763655832E+01  0.8119476573975994E+01  0.1077171096541344E+02  0.0000000000000000E+00
      1837  0.1223276616375102E+03  0.1022337718983265E+03  0.1994947140229905E+01  0.7671761344034929E+01  0.1042718125491888E+02  0.0000000000000000E+00
      1838  0.1241115882382140E+03  0.1033260157894400E+03  0.2034670993723041E+01  0.8039124841086961E+01  0.1071177661396397E+02  0.0000000000000000E+00
      1839  0.1233355786851955E+03  0.1022991013035508E+03  0.2202101163618575E+01  0.8230759994721605E+01  0.1060361622330453E+02  0.0000000000000000E+00
      1840  0.1261547158097849E+03  0.1053374926028962E+03  0.2197565138797292E+01  0.7874245141861257E+01  0.1074541292623009E+02  0.0000000000000000E+00
      1841  0.1238243262916734E+03  0.1030923795531007E+03  0.2119290442611045E+01  0.7840976637389919E+01  0.1077167965857168E+02  0.0000000000000000E+00
      1842  0.1251439174446544E+03  0.1038676930588972E+03  0.2106536817411123E+01  0.8328991849884197E+01  0.1084069571846183E+02  0.0000000000000000E+00
      1843  0.1256884094598782E+03  0.1052320941774665E+03  0.2175799978307710E+01  0.7709335810931559E+01  0.1057117949317242E+02  0.0000000000000000E+00
      1844  0.1278592385383096E+03  0.1068622486088470E+03  0.2113710604346845E+01  0.7972067306929532E+01  0.1091121201818625E+02  0.0000000000000000E+00
      1845  0.1268125340362126E+03  0.1054423559016869E+03  0.2208995512822112E+01  0.8058985708157087E+01  0.1110219691354664E+02  0.0000000000000000E+00
      1846  0.1268850368349765E+03  0.1058332980266799E+03  0.2147930211360528E+01  0.7869302790566977E+01  0.1103450580636910E+02  0.0000000000000000E+00
      1847  0.1269449524979190E+03  0.1059723513542960E+03  0.2204171127206820E+01  0.7899592307252162E+01  0.1086883770916394E+02  0.0000000000000000E+00
      1848  0.1253702532337187E+03  0.1041444670085260E+03  0.2134438954671560E+01  0.8178451162334133E+01  0.1091289610818697E+02  0.0000000000000000E+00
      1849  0.1298222243006830E+03  0.1080201077827501E+03  0.2140604319538129E+01  0.8625052154218471E+01  0.1103646004417626E+02  0.0000000000000000E+00
      1850  0.1232370693108478E+03  0.1026907331977627E+03  0.2164769265881805E+01  0.7844331364037152E+01  0.1053723548316635E+02  0.0000000000000000E+00
      1851  0.1255661522962018E+03  0.1046316068371236E+03  0.2090462785891426E+01  0.8197162880238023E+01  0.1064691979294859E+02  0.0000000000000000E+00
      1852  0.1245343853695734E+03  0.1040107192039938E+03  0.2081705248307020E+01  0.7922801672056114E+01  0.1051915924521655E+02  0.0000000000000000E+00
      1853  0.1241839117557354E+03  0.1032752130169297E+03  0.2154311203266075E+01  0.8018893371277080E+01  0.1073549416426252E+02  0.0000000000000000E+00
      1854  0.1275588712837341E+03  0.1059076893392648E+03  0.2114395086906881E+01  0.8586982775193700E+01  0.1094980408236855E+02  0.0000000000000000E+00
      1855  0.1278101731713353E+03  0.1060871174425477E+03  0.2063565111275000E+01  0.8620168055826227E+01  0.1103932256168644E+02  0.0000000000000000E+00
      1856  0.1256567928671457E+03  0.1048455840624938E+03  0.2081767128840860E+01  0.8127608144775213E+01  0.1060183353103578E+02  0.0000000000000000E+00
      1857  0.1254674973471347E+03  0.1050847672603912E+03  0.1987265447641136E+01  0.7702598009098266E+01  0.1069286663000416E+02  0.0000000000000000E+00
      1858  0.1230477478470270E+03  0.1025539464935820E+03  0.2082611373710435E+01  0.7977893192297792E+01  0.1043329678743676E+02  0.0000000000000000E+00
      1859  0.1253059631242077E+03  0.1044525051349540E+03  0.2196609998148513E+01  0.7842611115212660E+01  0.1081423687589260E+02  0.0000000000000000E+00
      1860  0.1252483361972715E+03  0.1048489471698189E+03  0.2199515901764064E+01  0.7724814236136518E+01  0.1047505888955206E+02  0.0000000000000000E+00
      1861  0.1268500267596703E+03  0.1060152482130957E+03  0.2254242569259598E+01  0.8033825508832486E+01  0.1054671046848240E+02  0.0000000000000000E+00
      1862  0.1254366250710034E+03  0.1045070496610550E+03  0.2260853618110904E+01  0.7818288511461845E+01  0.1085043328037556E+02  0.0000000000000000E+00
      1863  0.1230066643546364E+03  0.1024721030889257E+03  0.2206141709081766E+01  0.7910522638280035E+01  0.1041789691834896E+02  0.0000000000000000E+00
      1864  0.1234355333579152E+03  0.1026312093964112E+03  0.2054714502800981E+01  0.7933144184633718E+01  0.1081646527406922E+02  0.0000000000000000E+00
      1865  0.1243213535515776E+03  0.1032384032756712E+03  0.2050681826066239E+01  0.8132698744495604E+01  0.1089956970534456E+02  0.0000000000000000E+00
      1866  0.1258872862880461E+03  0.1045972318076297E+03  0.2173379975366241E+01  0.8311238553309339E+01  0.1080543595174086E+02  0.0000000000000000E+00
      1867  0.1256762111781720E+03  0.1046755492702502E+03  0.2100472792101177E+01  0.8118565091654245E+01  0.1078162402416633E+02  0.0000000000000000E+00
      1868  0.1223712137095260E+03  0.1022379767045382E+03  0.2016404510691041E+01  0.7687717896080633E+01  0.1042911459821619E+02  0.0000000000000000E+00
      1869  0.1241115062119499E+03  0.1033050993389282E+03  0.2046317491486489E+01  0.8049210565605003E+01  0.1071087881593021E+02  0.0000000000000000E+00
      1870  0.1233672338046277E+03  0.1023166463525147E+03  0.2211117855664073E+01  0.8243531558327009E+01  0.1059593803812200E+02  0.0000000000000000E+00
      1871  0.1262173771389934E+03  0.1053816643153735E+03  0.2201302084766547E+01  0.7883150553333869E+01  0.1075126018551939E+02  0.0000000000000000E+00
      1872  0.1239198242569880E+03  0.1031772704748411E+03  0.2123079445962357E+01  0.7847407340932293E+01  0.1077206699525218E+02  0.0000000000000000E+00
      1873  0.1253002598824709E+03  0.1040031517277472E+03  0.2110716890264098E+01  0.8350716512870079E+01  0.1083567475158953E+02  0.0000000000000000E+00
      1874  0.1256794179094040E+03  0.1052468668853213E+03  0.2176700008573003E+01  0.7690952139773915E+01  0.1056489887573564E+02  0.0000000000000000E+00
      1875  0.1278962685595447E+03  0.1068780750833862E+03  0.2121474090882927E+01  0.7978640625780719E+01  0.1091807875949471E+02  0.0000000000000000E+00
      1876  0.1268671745472830E+03  0.1054911355980882E+03  0.2214419394916016E+01  0.8054466915115924E+01  0.1110715263916289E+02  0.0000000000000000E+00
      1877  0.1269600690985600E+03  0.1058827092097566E+03  0.2152294367758885E+01  0.7868485583141724E+01  0.1105657993790272E+02  0.0000000000000000E+00
      1878  0.1270157307402714E+03  0.1060432187594710E+03  0.2212337734941398E+01  0.7898050890545099E+01  0.1086212335531393E+02  0.0000000000000000E+00
      1879  0.1254381272684841E+03  0.1042074057221109E+03  0.2136241857054422E+01  0.8174621629954901E+01  0.1091985805936389E+02  0.0000000000000000E+00
      1880  0.1299734993876039E+03  0.1081201932872473E+03  0.2153397289876293E+01  0.8647835922522132E+01  0.1105207288795827E+02  0.0000000000000000E+00
      1881  0.1233498898059625E+03  0.1027658784936074E+03  0.2167154373603644E+01  0.7864175209012112E+01  0.1055268172973934E+02  0.0000000000000000E+00
      1882  0.1256894731353898E+03  0.1047313433365983E+03  0.2093124433797994E+01  0.8210497592607876E+01  0.1065450777238568E+02  0.0000000000000000E+00
      1883  0.1246111428378314E+03  0.1040726398032089E+03  0.2091879294725746E+01  0.7919220852976982E+01  0.1052740288691979E+02  0.0000000000000000E+00
      1884  0.1241900398894770E+03  0.1033037158458898E+03  0.2159067371111477E+01  0.7990768360567355E+01  0.1073648831190838E+02  0.0000000000000000E+00
      1885  0.1275057146921311E+03  0.1058842356896257E+03  0.2121326825845024E+01  0.8561509375456330E+01  0.1093864280120390E+02  0.0000000000000000E+00
      1886  0.1278452034980999E+03  0.1061017630791819E+03  0.2069761497670725E+01  0.8624207542683685E+01  0.1104947137856377E+02  0.0000000000000000E+00
      1887  0.1257553916090535E+03  0.1049060648997457E+03  0.2083914960601416E+01  0.8135688364123547E+01  0.1062972338458284E+02  0.0000000000000000E+00
      1888  0.1254564092136986E+03  0.1050683430133981E+03  0.1990942988901218E+01  0.7703997341904633E+01  0.1069312586949455E+02  0.0000000000000000E+00
      1889  0.1230411672002697E+03  0.1025378770167319E+03  0.2083782408858235E+01  0.7993335630338768E+01  0.1042617214434072E+02  0.0000000000000000E+00
      1890  0.1253329134776837E+03  0.1044721872471036E+03  0.2200784090769409E+01  0.7842654607493439E+01  0.1081728753231710E+02  0.0000000000000000E+00
      1891  0.1253466763479325E+03  0.1049397829135779E+03  0.2203022578543295E+01  0.7728320132878801E+01  0.1047555072293264E+02  0.0000000000000000E+00
      1892  0.1267875887802336E+03  0.1059709809300820E+03  0.2249379700462779E+01  0.8026578038248202E+01  0.1054065011144067E+02  0.0000000000000000E+00
      1893  0.1254672651583101E+03  0.1044945800526144E+03  0.2265585129999807E+01  0.7842982698977091E+01  0.1086411727671876E+02  0.0000000000000000E+00
      1894  0.1230450782242238E+03  0.1024856409225892E+03  0.2204351091384679E+01  0.7925075359026504E+01  0.1043001085122336E+02  0.0000000000000000E+00
      1895  0.1235314756401468E+03  0.1027097973113200E+03  0.2060395633743648E+01  0.7946236873847843E+01  0.1081504582123541E+02  0.0000000000000000E+00
      1896  0.1242371421235297E+03  0.1031709880748956E+03  0.2049933078020695E+01  0.8120555232835359E+01  0.1089566573777806E+02  0.0000000000000000E+00
      1897  0.1258653514081754E+03  0.1045766187540521E+03  0.2173888620190112E+01  0.8322491129442476E+01  0.1079235290449078E+02  0.0000000000000000E+00
      1898  0.1256524780297035E+03  0.1046739178148713E+03  0.2102359710283701E+01  0.8103960586876491E+01  0.1077223991767196E+02  0.0000000000000000E+00
      1899  0.1222929971241555E+03  0.1021840435797522E+03  0.2002393065217841E+01  0.7685125549838086E+01  0.1042143492934736E+02  0.0000000000000000E+00
      1900  0.1241038010568704E+03  0.1032913187146363E+03  0.2041530620235156E+01  0.8052831928101984E+01  0.1071811979389683E+02  0.0000000000000000E+00
      1901  0.1233446861049497E+03  0.1022850779581809E+03  0.2208861458125952E+01  0.8252993429589800E+01  0.1059775325905296E+02  0.0000000000000000E+00
      1902  0.1260847745554876E+03  0.1052780174182294E+03  0.2192541722620249E+01  0.7870154177383624E+01  0.1074406123725437E+02  0.0000000000000000E+00
      1903  0.1238101452209800E+03  0.1030832694414879E+03  0.2121651214935056E+01  0.7839497269199401E+01  0.1076572729535755E+02  0.0000000000000000E+00
      1904  0.1251691661469746E+03  0.1038772487174381E+03  0.2112358639222524E+01  0.8335387282800729E+01  0.1084417150751341E+02  0.0000000000000000E+00
      1905  0.1256754383464988E+03  0.1052315070914414E+03  0.2177710652667355E+01  0.7697134397276683E+01  0.1056908620511355E+02  0.0000000000000000E+00
      1906  0.1278218824589908E+03  0.1068173169892763E+03  0.2124622295989786E+01  0.7984896363410562E+01  0.1089504681031433E+02  0.0000000000000000E+00
      1907  0.1267563614312989E+03  0.1053935677995553E+03  0.2213454097894196E+01  0.8050058205889316E+01  0.1109928132796010E+02  0.0000000000000000E+00
      1908  0.1268904957005986E+03  0.1058508655601986E+03  0.2151812314973843E+01  0.7858205508763304E+01  0.1102961231666308E+02  0.0000000000000000E+00
      1909  0.1269605323797943E+03  0.1059696409429858E+03  0.2212111977985872E+01  0.7918511475933955E+01  0.1086026798288856E+02  0.0000000000000000E+00
      1910  0.1254476842171170E+03  0.1042210333371726E+03  0.2137145381778404E+01  0.8161016365903393E+01  0.1092848913226262E+02  0.0000000000000000E+00
      1911  0.1299911196884182E+03  0.1081497169084267E+03  0.2148520674807972E+01  0.8638928018243243E+01  0.1105395408694044E+02  0.0000000000000000E+00
      1912  0.1233949680038478E+03  0.1028190456800316E+03  0.2168221437132947E+01  0.7854096194555463E+01  0.1055360469212793E+02  0.0000000000000000E+00
      1913  0.1256637952221275E+03  0.1047246828402236E+03  0.2094640726039022E+01  0.8192444351853425E+01  0.1065202730401151E+02  0.0000000000000000E+00
      1914  0.1245686978108088E+03  0.1040381548074199E+03  0.2089162115357044E+01  0.7923540442021736E+01  0.1051784044601001E+02  0.0000000000000000E+00
      1915  0.1242160362580340E+03  0.1033090616486136E+03  0.2157723676240688E+01  0.8004584777874165E+01  0.1074466615530555E+02  0.0000000000000000E+00
      1916  0.1274888560697596E+03  0.1058507616063917E+03  0.2121018437662825E+01  0.8575204650878648E+01  0.1094187137482639E+02  0.0000000000000000E+00
      1917  0.1277995781644747E+03  0.1060735131967769E+03  0.2071988680954247E+01  0.8610628786450171E+01  0.1104344750029330E+02  0.0000000000000000E+00
      1918  0.1257081822129280E+03  0.1048593052700784E+03  0.2083134019096850E+01  0.8154344423438916E+01  0.1061139850031377E+02  0.0000000000000000E+00
      1919  0.1254357337657552E+03  0.1050666139827473E+03  0.1994616957678322E+01  0.7677357148229981E+01  0.1069714567709975E+02  0.0000000000000000E+00
      1920  0.1231392212536099E+03  0.1026270871587598E+03  0.2090188219794806E+01  0.7992138155705407E+01  0.1042980771934989E+02  0.0000000000000000E+00
      1921  0.1254724058502029E+03  0.1045821582861276E+03  0.2199979885994329E+01  0.7866939654544867E+01  0.1082332802353632E+02  0.0000000000000000E+00
      1922  0.1253568136977841E+03  0.1049427731722349E+03  0.2204304744969994E+01  0.7727131966994873E+01  0.1048260381358445E+02  0.0000000000000000E+00
      1923  0.1267088620895468E+03  0.1058991305913750E+03  0.2247044045959443E+01  0.8025717492950655E+01  0.1053696995926171E+02  0.0000000000000000E+00
      1924  0.1254893789174304E+03  0.1045272040574422E+03  0.2263772519171170E+01  0.7837546215407132E+01  0.1086085612541000E+02  0.0000000000000000E+00
      1925  0.1231502235210628E+03  0.1025659928025648E+03  0.2204548191195960E+01  0.7939186156719747E+01  0.1044049637058236E+02  0.0000000000000000E+00
      1926  0.1234750989895771E+03  0.1026645191342885E+03  0.2056720783167310E+01  0.7937845338338516E+01  0.1081601373378285E+02  0.0000000000000000E+00
      1927  0.1242423398617541E+03  0.1031952462508527E+03  0.2044903305892798E+01  0.8116288574617881E+01  0.1088590173039080E+02  0.0000000000000000E+00
      1928  0.1258817106459017E+03  0.1045828906236869E+03  0.2174299867149202E+01  0.8315744296294802E+01  0.1080877585877079E+02  0.0000000000000000E+00
      1929  0.1255990739034265E+03  0.1046169521307481E+03  0.2104692878140176E+01  0.8099840133337723E+01  0.1077758876120054E+02  0.0000000000000000E+00
      1930  0.1223294999486805E+03  0.1021856903847022E+03  0.2008135622078224E+01  0.7705705792583021E+01  0.1042996814931716E+02  0.0000000000000000E+00
      1931  0.1241066382447657E+03  0.1032746283748145E+03  0.2041441479637821E+01  0.8059265373850236E+01  0.1073130301646322E+02  0.0000000000000000E+00
      1932  0.1233303521427116E+03  0.1022681677706953E+03  0.2212379470745272E+01  0.8233967578587405E+01  0.1061583732268372E+02  0.0000000000000000E+00
      1933  0.1260616010690339E+03  0.1052530501377519E+03  0.2199700613230674E+01  0.7862560354095076E+01  0.1074628996395610E+02  0.0000000000000000E+00
      1934  0.1238302718660124E+03  0.1030777596118421E+03  0.2122483271294678E+01  0.7860820872861690E+01  0.1076920811001381E+02  0.0000000000000000E+00
      1935  0.1251819715710167E+03  0.1038626759087538E+03  0.2114644650823875E+01  0.8352662317677780E+01  0.1085198869376129E+02  0.0000000000000000E+00
      1936  0.1255795256829231E+03  0.1051338128065555E+03  0.2181274539823304E+01  0.7696959587470863E+01  0.1056747874907350E+02  0.0000000000000000E+00
      1937  0.1277355108706604E+03  0.1067641473398929E+03  0.2120732140862991E+01  0.7956874619226237E+01  0.1089375677067830E+02  0.0000000000000000E+00
      1938  0.1268761480321495E+03  0.1054918084263973E+03  0.2210444247730919E+01  0.8057337332819570E+01  0.1111655802520177E+02  0.0000000000000000E+00
      1939  0.1270172882133272E+03  0.1059255636098303E+03  0.2154161378896215E+01  0.7876804533573438E+01  0.1106075869102720E+02  0.0000000000000000E+00
      1940  0.1269168779552696E+03  0.1059335531587765E+03  0.2216633047346364E+01  0.7911317106106308E+01  0.1085537464304063E+02  0.0000000000000000E+00
      1941  0.1254515786089970E+03  0.1042144643831241E+03  0.2137572237638849E+01  0.8188693318097622E+01  0.1091084867013654E+02  0.0000000000000000E+00
      1942  0.1299639553842721E+03  0.1081412280303084E+03  0.2151481256479401E+01  0.8638195385893818E+01  0.1103305071159068E+02  0.0000000000000000E+00
      1943  0.1233282491384710E+03  0.1027458159892534E+03  0.2171857303742288E+01  0.7867058564775714E+01  0.1054351728069968E+02  0.0000000000000000E+00
      1944  0.1256962368276524E+03  0.1047308347118585E+03  0.2099324057895109E+01  0.8213798680612490E+01  0.1065227937728633E+02  0.0000000000000000E+00
      1945  0.1245271407952171E+03  0.1040080927176884E+03  0.2091415712545857E+01  0.7918433456049212E+01  0.1050919890893345E+02  0.0000000000000000E+00
      1946  0.1242359434211678E+03  0.1033370361809355E+03  0.2156659261189479E+01  0.8011658202896381E+01  0.1073058977614646E+02  0.0000000000000000E+00
      1947  0.1275461757110971E+03  0.1059056947481493E+03  0.2118283767099058E+01  0.8579942119939549E+01  0.1094225507590919E+02  0.0000000000000000E+00
      1948  0.1277914424881562E+03  0.1060577089088319E+03  0.2067918004337685E+01  0.8618212446049736E+01  0.1104760312893689E+02  0.0000000000000000E+00
      1949  0.1257075067789698E+03  0.1048586889167513E+03  0.2086687802497491E+01  0.8149067301717077E+01  0.1061306275800391E+02  0.0000000000000000E+00
      1950  0.1254439709054735E+03  0.1050370204096161E+03  0.1993860687608653E+01  0.7711592947410344E+01  0.1070149686083851E+02  0.0000000000000000E+00
      1951  0.1231233007125692E+03  0.1025935512323949E+03  0.2083859917815565E+01  0.8007665110072729E+01  0.1043822445228592E+02  0.0000000000000000E+00
      1952  0.1253861674950087E+03  0.1045064665364719E+03  0.2198997173374858E+01  0.7860493482643904E+01  0.1082021030251811E+02  0.0000000000000000E+00
      1953  0.1254133419290166E+03  0.1049845154205813E+03  0.2203397368072700E+01  0.7737795745947508E+01  0.1048763339441516E+02  0.0000000000000000E+00
      1954  0.1267222444569129E+03  0.1058947118423932E+03  0.2251064519064137E+01  0.8031169406136231E+01  0.1054529868931939E+02  0.0000000000000000E+00
      1955  0.1255101596656113E+03  0.1045556826913246E+03  0.2259679978198077E+01  0.7833311887924843E+01  0.1086148510816372E+02  0.0000000000000000E+00
      1956  0.1231150738498766E+03  0.1025281980152114E+03  0.2210058903661576E+01  0.7942001813194574E+01  0.1043481511780905E+02  0.0000000000000000E+00
      1957  0.1235114719689786E+03  0.1026786914465120E+03  0.2060069186197161E+01  0.7957509042982419E+01  0.1081520229328704E+02  0.0000000000000000E+00
      1958  0.1242808961683351E+03  0.1032061270465527E+03  0.2046381098905489E+01  0.8130739986395962E+01  0.1089764803648103E+02  0.0000000000000000E+00
      1959  0.1257797109573147E+03  0.1044849713026980E+03  0.2171651490883434E+01  0.8318220540771160E+01  0.1080486762296217E+02  0.0000000000000000E+00
      1960  0.1256282169922851E+03  0.1046265052525467E+03  0.2103005165794221E+01  0.8116393265779804E+01  0.1078231330816427E+02  0.0000000000000000E+00
      1961  0.1223104950214992E+03  0.1021718509877245E+03  0.2003728419737189E+01  0.7691143065902201E+01  0.1044377254813545E+02  0.0000000000000000E+00
      1962  0.1240972577062004E+03  0.1032871055676890E+03  0.2042330026942568E+01  0.8053944131771678E+01  0.1071387797979708E+02  0.0000000000000000E+00
      1963  0.1234251519389266E+03  0.1023363124035515E+03  0.2211719131329007E+01  0.8263225427783047E+01  0.1061389497626300E+02  0.0000000000000000E+00
      1964  0.1261865822794235E+03  0.1053437701453444E+03  0.2196827643584250E+01  0.7888233630249639E+01  0.1075775086024520E+02  0.0000000000000000E+00
      1965  0.1237790633917864E+03  0.1030419951973772E+03  0.2122737760708127E+01  0.7857802690328279E+01  0.1075652774337279E+02  0.0000000000000000E+00
      1966  0.1253030017941816E+03  0.1039837768636538E+03  0.2110860078171764E+01  0.8348246867704294E+01  0.1086011798465169E+02  0.0000000000000000E+00
      1967  0.1256650362842128E+03  0.1052206941974584E+03  0.2179900558726294E+01  0.7699418916830699E+01  0.1056502261119745E+02  0.0000000000000000E+00
      1968  0.1279867265798206E+03  0.1069735907557478E+03  0.2121509335152425E+01  0.7978059678316121E+01  0.1091356681060417E+02  0.0000000000000000E+00
      1969  0.1268519292515579E+03  0.1054665368776949E+03  0.2209747120975288E+01  0.8065120688498162E+01  0.1111052456438938E+02  0.0000000000000000E+00
      1970  0.1269998196832374E+03  0.1059165464621144E+03  0.2155015540573411E+01  0.7881007818196520E+01  0.1104724986235296E+02  0.0000000000000000E+00
      1971  0.1269779126247707E+03  0.1059772925086830E+03  0.2212669756096640E+01  0.7922709618636382E+01  0.1086524074135483E+02  0.0000000000000000E+00
      1972  0.1254547609297690E+03  0.1042225586147069E+03  0.2137452263427095E+01  0.8175400014902406E+01  0.1091935003673244E+02  0.0000000000000000E+00
      1973  0.1299095794171405E+03  0.1080776719826627E+03  0.2152308257593051E+01  0.8639382734087789E+01  0.1104021644279692E+02  0.0000000000000000E+00
      1974  0.1233537720969381E+03  0.1027719391019695E+03  0.2167463858031569E+01  0.7859832388495430E+01  0.1055453674844156E+02  0.0000000000000000E+00
      1975  0.1256757823052466E+03  0.1046939414766027E+03  0.2097985214374435E+01  0.8218491881871913E+01  0.1066536373239764E+02  0.0000000000000000E+00
      1976  0.1245045453593082E+03  0.1039623721165317E+03  0.2087441858318539E+01  0.7934007304829341E+01  0.1052072407962861E+02  0.0000000000000000E+00
      1977  0.1243346635303116E+03  0.1033752791041387E+03  0.2158307656217019E+01  0.8031425770247273E+01  0.1076965099970870E+02  0.0000000000000000E+00
      1978  0.1274870189334925E+03  0.1058330326027026E+03  0.2120917009900279E+01  0.8588912351577545E+01  0.1094415696931215E+02  0.0000000000000000E+00
      1979  0.1278545509886212E+03  0.1060996950623710E+03  0.2070744402203059E+01  0.8626142082357617E+01  0.1105796944168943E+02  0.0000000000000000E+00
      1980  0.1257028217145778E+03  0.1048521943157866E+03  0.2085442296576775E+01  0.8156530264135482E+01  0.1060865483807890E+02  0.0000000000000000E+00
      1981  0.1254378785333760E+03  0.1050211800984111E+03  0.1991731589706421E+01  0.7712039268855378E+01  0.1071292757640314E+02  0.0000000000000000E+00
      1982  0.1230290557561282E+03  0.1025131300856738E+03  0.2086037719772329E+01  0.8006230306106314E+01  0.1042365764457577E+02  0.0000000000000000E+00
      1983  0.1253528995064824E+03  0.1044764565135788E+03  0.2200007487006610E+01  0.7865953511946591E+01  0.1081048199395041E+02  0.0000000000000000E+00
      1984  0.1252411527592135E+03  0.1048444331820252E+03  0.2202103500406217E+01  0.7734277162687256E+01  0.1046033891409476E+02  0.0000000000000000E+00
      1985  0.1266302211476613E+03  0.1058413745988997E+03  0.2246706048141720E+01  0.8018950905881594E+01  0.1052318959473842E+02  0.0000000000000000E+00
      1986  0.1254740554876928E+03  0.1045269256936262E+03  0.2259604506715530E+01  0.7823942348164911E+01  0.1086358293918631E+02  0.0000000000000000E+00
      1987  0.1230644941391902E+03  0.1024916009607789E+03  0.2212733058797193E+01  0.7925961241516622E+01  0.1043419887809755E+02  0.0000000000000000E+00
      1988  0.1235113924713835E+03  0.1026755746608641E+03  0.2062742867832157E+01  0.7952149880219948E+01  0.1082092506246740E+02  0.0000000000000000E+00
      1989  0.1243464586785164E+03  0.1032539135426190E+03  0.2048385194041626E+01  0.8148957464972321E+01  0.1089520247688350E+02  0.0000000000000000E+00
      1990  0.1259218936067193E+03  0.1046145497277258E+03  0.2175620473019500E+01  0.8324968376641650E+01  0.1080675502933241E+02  0.0000000000000000E+00
      1991  0.1256592046084860E+03  0.1046683880249773E+03  0.2097844135882111E+01  0.8120080570373073E+01  0.1077289187725354E+02  0.0000000000000000E+00
      1992  0.1222606633773445E+03  0.1021588821003739E+03  0.2004976771295063E+01  0.7685816902511005E+01  0.1041098760316449E+02  0.0000000000000000E+00
      1993  0.1240978544418450E+03  0.1032908922473111E+03  0.2039112801411539E+01  0.8054801642994711E+01  0.1071304775012752E+02  0.0000000000000000E+00
      1994  0.1233638977666634E+03  0.1022983669034684E+03  0.2207045822529173E+01  0.8250605594546883E+01  0.1060787944611896E+02  0.0000000000000000E+00
      1995  0.1261710114862281E+03  0.1053540762102271E+03  0.2197542609087538E+01  0.7886019678754387E+01  0.1073337298815897E+02  0.0000000000000000E+00
      1996  0.1238776150653017E+03  0.1031143031479682E+03  0.2123607472945066E+01  0.7867651925592277E+01  0.1077205251879623E+02  0.0000000000000000E+00
      1997  0.1252144484362313E+03  0.1039095750641127E+03  0.2112249012918423E+01  0.8349248584952418E+01  0.1084337577424780E+02  0.0000000000000000E+00
      1998  0.1256509897240450E+03  0.1051819819592708E+03  0.2178273168770399E+01  0.7721778185387426E+01  0.1056895641061649E+02  0.0000000000000000E+00
      1999  0.1278998930383408E+03  0.1068825603072714E+03  0.2119971737264748E+01  0.7987150768174646E+01  0.1091021022562999E+02  0.0000000000000000E+00
      2000  0.1269537684808606E+03  0.1055335654891811E+03  0.2214399025261570E+01  0.8078548948145118E+01  0.1112725501827277E+02  0.0000000000000000E+00
