      1801  0.1235529875115396E+03  0.1031398575701983E+03  0.2127230712091169E+01  0.7911553699685522E+01  0.1037434552956455E+02  0.0000000000000000E+00
      1802  0.1251657684390400E+03  0.1042169202802669E+03  0.2064312735936297E+01  0.7988611076404190E+01  0.1089592434643253E+02  0.0000000000000000E+00
      1803  0.1238271921976639E+03  0.1028006250155039E+03  0.2043927985331461E+01  0.8123739256253124E+01  0.1085889994057547E+02  0.0000000000000000E+00
      1804  0.1265897544525415E+03  0.1052360390903393E+03  0.2170843350135416E+01  0.8348980179468656E+01  0.1083389183259797E+02  0.0000000000000000E+00
      1805  0.1247988190131861E+03  0.1039131302932221E+03  0.2079781514527368E+01  0.8083960476481101E+01  0.1072194672895561E+02  0.0000000000000000E+00
      1806  0.1235288280790864E+03  0.1032986312477179E+03  0.2008697836059035E+01  0.7739223673766277E+01  0.1048227532154326E+02  0.0000000000000000E+00
      1807  0.1239359043568532E+03  0.1031676684991703E+03  0.2034964415874101E+01  0.8037499584223921E+01  0.1069577185758497E+02  0.0000000000000000E+00
      1808  0.1234759815127919E+03  0.1024382246972012E+03  0.2199596632098747E+01  0.8241330012827179E+01  0.1059683017066492E+02  0.0000000000000000E+00
      1809  0.1245278131715398E+03  0.1039003536424060E+03  0.2176445581933308E+01  0.7813063364802349E+01  0.1063795058239814E+02  0.0000000000000000E+00
      1810  0.1234223186356979E+03  0.1027671913232339E+03  0.2111872773414365E+01  0.7836147063119174E+01  0.1070710747593041E+02  0.0000000000000000E+00
      1811  0.1271096075915065E+03  0.1056554320022298E+03  0.2126040334429121E+01  0.8399475804037630E+01  0.1092865945080994E+02  0.0000000000000000E+00
      1812  0.1266332180488496E+03  0.1060915865771411E+03  0.2182206652100888E+01  0.7744518342475554E+01  0.1061490647713203E+02  0.0000000000000000E+00
      1813  0.1259662286602982E+03  0.1051311689879797E+03  0.2102720405525528E+01  0.7917637868813758E+01  0.1081470139797923E+02  0.0000000000000000E+00
      1814  0.1281428106336395E+03  0.1066349321497520E+03  0.2217656864522928E+01  0.8109449912351696E+01  0.1118077170701278E+02  0.0000000000000000E+00
      1815  0.1266667155851306E+03  0.1056285327261364E+03  0.2143085541692702E+01  0.7848667337735584E+01  0.1104642997956599E+02  0.0000000000000000E+00
      1816  0.1269228614627373E+03  0.1059493110315613E+03  0.2203235236463161E+01  0.7903387525261407E+01  0.1086692766945146E+02  0.0000000000000000E+00
      1817  0.1267689895272107E+03  0.1054137458336459E+03  0.2141911629818864E+01  0.8225934937180245E+01  0.1098739712656555E+02  0.0000000000000000E+00
      1818  0.1278324344860873E+03  0.1062258105248038E+03  0.2123886443558241E+01  0.8552189270623790E+01  0.1093054824710145E+02  0.0000000000000000E+00
      1819  0.1247576306628690E+03  0.1040564141651848E+03  0.2171600576361425E+01  0.7903355880880730E+01  0.1062626004044222E+02  0.0000000000000000E+00
      1820  0.1244858963809582E+03  0.1036375010961811E+03  0.2079101739357725E+01  0.8160123735768327E+01  0.1060916980965104E+02  0.0000000000000000E+00
      1821  0.1245465265206964E+03  0.1040187560789221E+03  0.2083413167288656E+01  0.7925297910733180E+01  0.1051905936375250E+02  0.0000000000000000E+00
      1822  0.1257356664582592E+03  0.1046861854015101E+03  0.2170895350595802E+01  0.8061164883259284E+01  0.1081742082289388E+02  0.0000000000000000E+00
      1823  0.1256068122234093E+03  0.1041662779470883E+03  0.2096515293412179E+01  0.8502343350256929E+01  0.1084167563265198E+02  0.0000000000000000E+00
      1824  0.1259674681437426E+03  0.1044017731673780E+03  0.2047701811869940E+01  0.8563072505909409E+01  0.1095492065858517E+02  0.0000000000000000E+00
      1825  0.1249308443486079E+03  0.1041786977823310E+03  0.2069471969497045E+01  0.8115312672821513E+01  0.1056736192395842E+02  0.0000000000000000E+00
      1826  0.1243407258623351E+03  0.1040739237389834E+03  0.1969555652047892E+01  0.7646947589134099E+01  0.1065029888216989E+02  0.0000000000000000E+00
      1827  0.1245059765767050E+03  0.1038751304659794E+03  0.2087628050307322E+01  0.8036337368820718E+01  0.1050688069159758E+02  0.0000000000000000E+00
      1828  0.1257118733209805E+03  0.1047823670163883E+03  0.2201412798239665E+01  0.7878403541924304E+01  0.1084968996442825E+02  0.0000000000000000E+00
      1829  0.1270656301457490E+03  0.1064732317333397E+03  0.2218201520931883E+01  0.7794070339966828E+01  0.1058012655151050E+02  0.0000000000000000E+00
      1830  0.1250337161350300E+03  0.1043640291948406E+03  0.2232430317236927E+01  0.7963115585481887E+01  0.1047414103747063E+02  0.0000000000000000E+00
      1831  0.1264813169163887E+03  0.1054411633084074E+03  0.2268026602972544E+01  0.7863791430553578E+01  0.1090833557445504E+02  0.0000000000000000E+00
      1832  0.1237191325201264E+03  0.1030731935645775E+03  0.2211459048371394E+01  0.7969587548443249E+01  0.1046489235873422E+02  0.0000000000000000E+00
      1833  0.1251500762696611E+03  0.1041582453171601E+03  0.2072716666319892E+01  0.8012154174884691E+01  0.1090696011129642E+02  0.0000000000000000E+00
      1834  0.1238770654342040E+03  0.1028416460280815E+03  0.2047399897979413E+01  0.8129198588207887E+01  0.1085882091993502E+02  0.0000000000000000E+00
      1835  0.1267866611663278E+03  0.1054188997364741E+03  0.2174021780969138E+01  0.8344380811881035E+01  0.1084935883700350E+02  0.0000000000000000E+00
      1836  0.1249388385637362E+03  0.1040177042477817E+03  0.2086192039809860E+01  0.8096632790348057E+01  0.1073830948579660E+02  0.0000000000000000E+00
      1837  0.1236109220276189E+03  0.1033962997816612E+03  0.2006191517736121E+01  0.7718137072854477E+01  0.1049029365536721E+02  0.0000000000000000E+00
      1838  0.1241071241463729E+03  0.1033129388396060E+03  0.2036435035400892E+01  0.8041192732221598E+01  0.1071655753914426E+02  0.0000000000000000E+00
      1839  0.1235156248003761E+03  0.1024591740480229E+03  0.2204870856024682E+01  0.8237855230605534E+01  0.1061372466572301E+02  0.0000000000000000E+00
      1840  0.1245662021448511E+03  0.1039008907101550E+03  0.2183176646444427E+01  0.7818242815149300E+01  0.1066389197310252E+02  0.0000000000000000E+00
      1841  0.1234078812526992E+03  0.1027225050916015E+03  0.2114471684373667E+01  0.7824886285523641E+01  0.1074601819120031E+02  0.0000000000000000E+00
      1842  0.1270525131028429E+03  0.1055949591960150E+03  0.2122564913461043E+01  0.8397702264849515E+01  0.1093728672851732E+02  0.0000000000000000E+00
      1843  0.1267851959003091E+03  0.1062143801824956E+03  0.2187009550047775E+01  0.7749148039087944E+01  0.1063465812867765E+02  0.0000000000000000E+00
      1844  0.1259669933955487E+03  0.1051355627516228E+03  0.2098357430009608E+01  0.7908654244436693E+01  0.1082441896947950E+02  0.0000000000000000E+00
      1845  0.1281017563678604E+03  0.1066150733285245E+03  0.2220110394931303E+01  0.8099974607307749E+01  0.1116659803709690E+02  0.0000000000000000E+00
      1846  0.1266191720393812E+03  0.1055838103955212E+03  0.2146319708233098E+01  0.7861592538629389E+01  0.1102744939699775E+02  0.0000000000000000E+00
      1847  0.1269574029635523E+03  0.1059799512215144E+03  0.2204519348017318E+01  0.7900255373394891E+01  0.1087267702062560E+02  0.0000000000000000E+00
      1848  0.1267260580110622E+03  0.1053673832051366E+03  0.2146841508084913E+01  0.8226533597332077E+01  0.1098529970050860E+02  0.0000000000000000E+00
      1849  0.1278089868909400E+03  0.1061914683550038E+03  0.2124271841328482E+01  0.8554235449036938E+01  0.1093901124557091E+02  0.0000000000000000E+00
      1850  0.1247461899959095E+03  0.1040622694275832E+03  0.2177348465453199E+01  0.7897103354336227E+01  0.1060946874853681E+02  0.0000000000000000E+00
      1851  0.1244024557777305E+03  0.1035669299987383E+03  0.2080784670295757E+01  0.8159118604535173E+01  0.1059562250416140E+02  0.0000000000000000E+00
      1852  0.1246047898835851E+03  0.1040760569698911E+03  0.2081201255032564E+01  0.7925721621408671E+01  0.1052181003725291E+02  0.0000000000000000E+00
      1853  0.1257779827249338E+03  0.1047111246934696E+03  0.2169535636338633E+01  0.8077776896102449E+01  0.1081954549902303E+02  0.0000000000000000E+00
      1854  0.1258029556144056E+03  0.1043102741928730E+03  0.2099121261233052E+01  0.8524836188224832E+01  0.1086872397207462E+02  0.0000000000000000E+00
      1855  0.1260112726254556E+03  0.1044651883515501E+03  0.2045700089649894E+01  0.8554851153773772E+01  0.1094553303048182E+02  0.0000000000000000E+00
      1856  0.1249049248772008E+03  0.1041734272712546E+03  0.2072131061478018E+01  0.8100369376802288E+01  0.1055899716766599E+02  0.0000000000000000E+00
      1857  0.1242807072765163E+03  0.1040143555749298E+03  0.1975105621070821E+01  0.7661093705433315E+01  0.1063015237508244E+02  0.0000000000000000E+00
      1858  0.1245000353567530E+03  0.1038741757090061E+03  0.2093389392695892E+01  0.8027971855193968E+01  0.1050449839985715E+02  0.0000000000000000E+00
      1859  0.1257010739278810E+03  0.1048018298283625E+03  0.2200972179352050E+01  0.7857623033406631E+01  0.1084064888675984E+02  0.0000000000000000E+00
      1860  0.1270623639988342E+03  0.1064875624666690E+03  0.2218866305918915E+01  0.7786676801881766E+01  0.1056925842436452E+02  0.0000000000000000E+00
      1861  0.1251927735579735E+03  0.1045004394714309E+03  0.2239227590813110E+01  0.7978840962811869E+01  0.1047426553291772E+02  0.0000000000000000E+00
      1862  0.1264345073103352E+03  0.1054139759225844E+03  0.2270681512621433E+01  0.7852729527005055E+01  0.1089712034812443E+02  0.0000000000000000E+00
      1863  0.1236724908670112E+03  0.1030665735153836E+03  0.2213412656936076E+01  0.7935666341584116E+01  0.1045683835310752E+02  0.0000000000000000E+00
      1864  0.1252177750610605E+03  0.1042307111755870E+03  0.2072670075297557E+01  0.8000368360701465E+01  0.1091402544947457E+02  0.0000000000000000E+00
      1865  0.1240272572423609E+03  0.1029597491154373E+03  0.2050598154203394E+01  0.8124693469028001E+01  0.1089221650369226E+02  0.0000000000000000E+00
      1866  0.1268020296898217E+03  0.1054219806267089E+03  0.2182753465378050E+01  0.8345096570675073E+01  0.1085219902705971E+02  0.0000000000000000E+00
      1867  0.1249739297326434E+03  0.1040319507600868E+03  0.2095789354708833E+01  0.8095696354989609E+01  0.1075049326285812E+02  0.0000000000000000E+00
      1868  0.1236486377212375E+03  0.1033947093106644E+03  0.2027634655766346E+01  0.7733922861371527E+01  0.1049237089343535E+02  0.0000000000000000E+00
      1869  0.1241026532641024E+03  0.1032876978904973E+03  0.2048108148924206E+01  0.8051151190806385E+01  0.1071569603387461E+02  0.0000000000000000E+00
      1870  0.1235290741423229E+03  0.1024583840372989E+03  0.2213788535331477E+01  0.8250720822886914E+01  0.1060618074680557E+02  0.0000000000000000E+00
      1871  0.1246339868570722E+03  0.1039484974231089E+03  0.2187123304938745E+01  0.7827285527133282E+01  0.1067108060189143E+02  0.0000000000000000E+00
      1872  0.1235185936560540E+03  0.1028208217098509E+03  0.2118313681761752E+01  0.7830813063020877E+01  0.1074864520142057E+02  0.0000000000000000E+00
      1873  0.1272270039969729E+03  0.1057491037991822E+03  0.2126325526436667E+01  0.8418597056690004E+01  0.1093297761466413E+02  0.0000000000000000E+00
      1874  0.1267822027604236E+03  0.1062355744253640E+03  0.2187585018173973E+01  0.7730099320189826E+01  0.1062894399669573E+02  0.0000000000000000E+00
      1875  0.1260165604438493E+03  0.1051602763662435E+03  0.2106620861808064E+01  0.7916697629905437E+01  0.1083296558589240E+02  0.0000000000000000E+00
      1876  0.1281610894451782E+03  0.1066694004324892E+03  0.2225348961343091E+01  0.8095510191620850E+01  0.1117082985972494E+02  0.0000000000000000E+00
      1877  0.1267157646434341E+03  0.1056557781410093E+03  0.2150797904409834E+01  0.7860753478493743E+01  0.1104843511952129E+02  0.0000000000000000E+00
      1878  0.1270447281486030E+03  0.1060699661787769E+03  0.2212628271212548E+01  0.7898490119078048E+01  0.1086364357953546E+02  0.0000000000000000E+00
      1879  0.1268136683026394E+03  0.1054526523397132E+03  0.2148277918993847E+01  0.8222553007029767E+01  0.1099018503690263E+02  0.0000000000000000E+00
      1880  0.1279553029134000E+03  0.1062879473921280E+03  0.2137640732859555E+01  0.8575811321037200E+01  0.1095390346737517E+02  0.0000000000000000E+00
      1881  0.1248635513604698E+03  0.1041442282615292E+03  0.2179382132207722E+01  0.7915997842093172E+01  0.1062394312463963E+02  0.0000000000000000E+00
      1882  0.1245230288414968E+03  0.1036659292279741E+03  0.2083709659244552E+01  0.8171614392660326E+01  0.1060177556161781E+02  0.0000000000000000E+00
      1883  0.1246808274300684E+03  0.1041389597911267E+03  0.2091507845939597E+01  0.7921640185720785E+01  0.1052871960728123E+02  0.0000000000000000E+00
      1884  0.1257866378149342E+03  0.1047437453937270E+03  0.2174012582425916E+01  0.8049763703845965E+01  0.1081911613493520E+02  0.0000000000000000E+00
      1885  0.1257509257485784E+03  0.1042880579130967E+03  0.2106313541733144E+01  0.8499846835295571E+01  0.1085670745845311E+02  0.0000000000000000E+00
      1886  0.1260448044240348E+03  0.1044800491866034E+03  0.2052431371348395E+01  0.8558605043716170E+01  0.1095371882236694E+02  0.0000000000000000E+00
      1887  0.1249928394851030E+03  0.1042248107664178E+03  0.2074473296911742E+01  0.8108281390033506E+01  0.1058527403173997E+02  0.0000000000000000E+00
      1888  0.1242624606107365E+03  0.1039920231029696E+03  0.1979031365955848E+01  0.7662495370737053E+01  0.1062891077107411E+02  0.0000000000000000E+00
      1889  0.1244896580414185E+03  0.1038557594283532E+03  0.2094162063537663E+01  0.8043735025502494E+01  0.1049600152402504E+02  0.0000000000000000E+00
      1890  0.1257119121055435E+03  0.1048079858310435E+03  0.2204984988604938E+01  0.7857658439249052E+01  0.1084128284664602E+02  0.0000000000000000E+00
      1891  0.1271346886693754E+03  0.1065549334519199E+03  0.2222048296900928E+01  0.7790372890161263E+01  0.1056733403039330E+02  0.0000000000000000E+00
      1892  0.1251265953078067E+03  0.1044533508129014E+03  0.2234859213002130E+01  0.7971946218632763E+01  0.1046643906327023E+02  0.0000000000000000E+00
      1893  0.1264617297487849E+03  0.1054001518291116E+03  0.2275008022221761E+01  0.7877517680610779E+01  0.1090905221684081E+02  0.0000000000000000E+00
      1894  0.1237042043821286E+03  0.1030768244137313E+03  0.2211343364851821E+01  0.7949881547123376E+01  0.1046615505642217E+02  0.0000000000000000E+00
      1895  0.1252810573304822E+03  0.1042803162789514E+03  0.2077871665680066E+01  0.8013023022372810E+01  0.1090984636347785E+02  0.0000000000000000E+00
      1896  0.1239189822397052E+03  0.1028700723162591E+03  0.2049976393156486E+01  0.8112364681339972E+01  0.1088656884894951E+02  0.0000000000000000E+00
      1897  0.1267389790994090E+03  0.1053602361805023E+03  0.2183084936415627E+01  0.8356394549428460E+01  0.1083926343306248E+02  0.0000000000000000E+00
      1898  0.1249454906275145E+03  0.1040265312440933E+03  0.2097759253897075E+01  0.8081493067058375E+01  0.1073970706246560E+02  0.0000000000000000E+00
      1899  0.1235675638640345E+03  0.1033385526973062E+03  0.2013314996396177E+01  0.7731641135624112E+01  0.1048405503470794E+02  0.0000000000000000E+00
      1900  0.1240907880898406E+03  0.1032707871558029E+03  0.2043380108107073E+01  0.8055225041046780E+01  0.1072139578488390E+02  0.0000000000000000E+00
      1901  0.1235195426653197E+03  0.1024390590758497E+03  0.2211546623088422E+01  0.8260505352427051E+01  0.1060843161395446E+02  0.0000000000000000E+00
      1902  0.1245187176456878E+03  0.1038624226756511E+03  0.2178616138370783E+01  0.7814782527392444E+01  0.1066289630427332E+02  0.0000000000000000E+00
      1903  0.1234135018571247E+03  0.1027326815442103E+03  0.2116787504096129E+01  0.7824007870873060E+01  0.1074002493794521E+02  0.0000000000000000E+00
      1904  0.1271039281584841E+03  0.1056321486738793E+03  0.2127897371481488E+01  0.8403737653495073E+01  0.1094014445962812E+02  0.0000000000000000E+00
      1905  0.1267832748941060E+03  0.1062252252146241E+03  0.2188849106915905E+01  0.7737933887697031E+01  0.1063126668486905E+02  0.0000000000000000E+00
      1906  0.1259336889914563E+03  0.1050915682075775E+03  0.2109864049755538E+01  0.7924252765098304E+01  0.1080800396902513E+02  0.0000000000000000E+00
      1907  0.1280724479277038E+03  0.1065956873248752E+03  0.2224165583690473E+01  0.8092579331190899E+01  0.1116001568794728E+02  0.0000000000000000E+00
      1908  0.1266334280876486E+03  0.1056114409431779E+03  0.2150323092944742E+01  0.7851361706954549E+01  0.1102030234457140E+02  0.0000000000000000E+00
      1909  0.1269706785527324E+03  0.1059776237657583E+03  0.2212375658568066E+01  0.7919923000051663E+01  0.1086075612835437E+02  0.0000000000000000E+00
      1910  0.1267964975029044E+03  0.1054393683930022E+03  0.2149223050014964E+01  0.8209389434268930E+01  0.1099851662561836E+02  0.0000000000000000E+00
      1911  0.1279651544619607E+03  0.1063101365606666E+03  0.2132611549154749E+01  0.8567456158323846E+01  0.1095495019381544E+02  0.0000000000000000E+00
      1912  0.1249071051743556E+03  0.1041955331378587E+03  0.2180141165148145E+01  0.7906726851702496E+01  0.1062470401964616E+02  0.0000000000000000E+00
      1913  0.1245129934600750E+03  0.1036744923482774E+03  0.2085310800270395E+01  0.8154181206967998E+01  0.1059900910455925E+02  0.0000000000000000E+00
      1914  0.1246403538298384E+03  0.1041057994641731E+03  0.2088740794397687E+01  0.7926733085843689E+01  0.1051908048542406E+02  0.0000000000000000E+00
      1915  0.1257899646119580E+03  0.1047267388738821E+03  0.2172742523991784E+01  0.8063559829550188E+01  0.1082692338453402E+02  0.0000000000000000E+00
      1916  0.1257162030559112E+03  0.1042358896336587E+03  0.2106108661026704E+01  0.8514335512029870E+01  0.1085986924919585E+02  0.0000000000000000E+00
      1917  0.1259907275597517E+03  0.1044424961451181E+03  0.2054747651173985E+01  0.8545337819680022E+01  0.1094814594377945E+02  0.0000000000000000E+00
      1918  0.1249483360471025E+03  0.1041800567384257E+03  0.2073512661862585E+01  0.8127647639427524E+01  0.1056711900738676E+02  0.0000000000000000E+00
      1919  0.1242534920901586E+03  0.1040014576144165E+03  0.1982600464270247E+01  0.7636205626397470E+01  0.1063322838507445E+02  0.0000000000000000E+00
      1920  0.1246046383686018E+03  0.1039617163498676E+03  0.2100515697315632E+01  0.8042532307307864E+01  0.1049987401411069E+02  0.0000000000000000E+00
      1921  0.1258721031389626E+03  0.1049363372381813E+03  0.2204233661897748E+01  0.7882749902222793E+01  0.1084878233666070E+02  0.0000000000000000E+00
      1922  0.1271540614876871E+03  0.1065645205600146E+03  0.2223349626747124E+01  0.7789558009196388E+01  0.1057663329172899E+02  0.0000000000000000E+00
      1923  0.1250480820601398E+03  0.1043793041784360E+03  0.2232640945166094E+01  0.7971019030949676E+01  0.1046511790558826E+02  0.0000000000000000E+00
      1924  0.1265001909459871E+03  0.1054450745462656E+03  0.2273364768389071E+01  0.7872520318768617E+01  0.1090923131256385E+02  0.0000000000000000E+00
      1925  0.1238112750765783E+03  0.1031563892057113E+03  0.2211609489614767E+01  0.7964582042528426E+01  0.1047869433872378E+02  0.0000000000000000E+00
      1926  0.1252431008022717E+03  0.1042494580759515E+03  0.2074127473242413E+01  0.8005942708144969E+01  0.1091357254493283E+02  0.0000000000000000E+00
      1927  0.1239184530751462E+03  0.1028869726149229E+03  0.2044885998858141E+01  0.8108889219377623E+01  0.1087770524198755E+02  0.0000000000000000E+00
      1928  0.1267775847966737E+03  0.1053888157652309E+03  0.2183591595429579E+01  0.8349464561976262E+01  0.1085571287403694E+02  0.0000000000000000E+00
      1929  0.1248923854831906E+03  0.1039695719550601E+03  0.2100118114711313E+01  0.8077238502575844E+01  0.1074545691084319E+02  0.0000000000000000E+00
      1930  0.1235951481370093E+03  0.1033329403470541E+03  0.2019043756369534E+01  0.7752158718488952E+01  0.1049100531509675E+02  0.0000000000000000E+00
      1931  0.1240724842870569E+03  0.1032371647864594E+03  0.2043267813394766E+01  0.8061544349014650E+01  0.1073050733818824E+02  0.0000000000000000E+00
      1932  0.1235052804147344E+03  0.1024241709641811E+03  0.2215144086114310E+01  0.8241281388799509E+01  0.1062468397563947E+02  0.0000000000000000E+00
      1933  0.1244671689294662E+03  0.1038122885234658E+03  0.2185776387174124E+01  0.7806873486517502E+01  0.1066223053230889E+02  0.0000000000000000E+00
      1934  0.1234172204334204E+03  0.1027150817113199E+03  0.2117630741699115E+01  0.7844989554946448E+01  0.1073951842545492E+02  0.0000000000000000E+00
      1935  0.1271008629379168E+03  0.1056015637298824E+03  0.2130165108017669E+01  0.8421470660086250E+01  0.1094766343993037E+02  0.0000000000000000E+00
      1936  0.1266756915644012E+03  0.1061167409167609E+03  0.2192413193466851E+01  0.7737101952163481E+01  0.1062943550201009E+02  0.0000000000000000E+00
      1937  0.1258451719930696E+03  0.1050375608426870E+03  0.2105982182247703E+01  0.7895418420443515E+01  0.1080621054769140E+02  0.0000000000000000E+00
      1938  0.1281411582658210E+03  0.1066413096900342E+03  0.2221265569603950E+01  0.8099354952392412E+01  0.1117922805379049E+02  0.0000000000000000E+00
      1939  0.1267363873410310E+03  0.1056621339224556E+03  0.2152733195741606E+01  0.7869587768671273E+01  0.1105193245416257E+02  0.0000000000000000E+00
      1940  0.1269163984397500E+03  0.1059297676773134E+03  0.2217013625239162E+01  0.7912263747448216E+01  0.1085735338974933E+02  0.0000000000000000E+00
      1941  0.1268082033492848E+03  0.1054370134462653E+03  0.2149611373568916E+01  0.8236785430840502E+01  0.1098479309860999E+02  0.0000000000000000E+00
      1942  0.1279347958063085E+03  0.1062959631633484E+03  0.2135635572592946E+01  0.8566697093763251E+01  0.1093649997660392E+02  0.0000000000000000E+00
      1943  0.1248325962747374E+03  0.1041136023507175E+03  0.2184123442850640E+01  0.7918906907503599E+01  0.1061596357366568E+02  0.0000000000000000E+00
      1944  0.1245311333167076E+03  0.1036660490017274E+03  0.2089946320596055E+01  0.8174960699714113E+01  0.1060017729467003E+02  0.0000000000000000E+00
      1945  0.1246100859952619E+03  0.1040865500649502E+03  0.2090988759872253E+01  0.7920634523766901E+01  0.1051191264667260E+02  0.0000000000000000E+00
      1946  0.1258326153636602E+03  0.1047783523878540E+03  0.2171517349920728E+01  0.8068654965031467E+01  0.1081409066085393E+02  0.0000000000000000E+00
      1947  0.1257923898622044E+03  0.1043106493053593E+03  0.2103233329693732E+01  0.8517142980850510E+01  0.1086136424630075E+02  0.0000000000000000E+00
      1948  0.1259787956340329E+03  0.1044228975236105E+03  0.2050516250487607E+01  0.8551647993799417E+01  0.1095373386613540E+02  0.0000000000000000E+00
      1949  0.1249711896083690E+03  0.1042036492005307E+03  0.2076975805681429E+01  0.8120543158014172E+01  0.1057002144414280E+02  0.0000000000000000E+00
      1950  0.1242792884242758E+03  0.1039879510731882E+03  0.1981832959163050E+01  0.7670399174665349E+01  0.1063910521725927E+02  0.0000000000000000E+00
      1951  0.1245817847189759E+03  0.1039196561995198E+03  0.2094094260648766E+01  0.8058313792109550E+01  0.1050972046669766E+02  0.0000000000000000E+00
      1952  0.1257439499148198E+03  0.1048190774820498E+03  0.2203216718725964E+01  0.7875718929162257E+01  0.1084593678488178E+02  0.0000000000000000E+00
      1953  0.1271801514290091E+03  0.1065760900817208E+03  0.2222426040346331E+01  0.7800111530173096E+01  0.1058152377676884E+02  0.0000000000000000E+00
      1954  0.1250354082197728E+03  0.1043496377319931E+03  0.2236793425886906E+01  0.7976770211663663E+01  0.1047220685022914E+02  0.0000000000000000E+00
      1955  0.1264819709977643E+03  0.1054382940456130E+03  0.2269230259058974E+01  0.7867740667788543E+01  0.1090670602530363E+02  0.0000000000000000E+00
      1956  0.1237451587218923E+03  0.1030894963338142E+03  0.2217210728084625E+01  0.7967186162056015E+01  0.1047126549793746E+02  0.0000000000000000E+00
      1957  0.1252776306545831E+03  0.1042648532069404E+03  0.2077572692362218E+01  0.8024776276479132E+01  0.1091042847880150E+02  0.0000000000000000E+00
      1958  0.1239947600352270E+03  0.1029369207617642E+03  0.2046313518035847E+01  0.8122697876078261E+01  0.1088882787934865E+02  0.0000000000000000E+00
      1959  0.1266788604323707E+03  0.1052942883613852E+03  0.2180785137780954E+01  0.8352233338641202E+01  0.1085155359456337E+02  0.0000000000000000E+00
      1960  0.1249339431057164E+03  0.1039909647018377E+03  0.2098509886058664E+01  0.8093761638661963E+01  0.1075070687915811E+02  0.0000000000000000E+00
      1961  0.1235924599435322E+03  0.1033336844172586E+03  0.2014645321298755E+01  0.7737844070636561E+01  0.1050628613433835E+02  0.0000000000000000E+00
      1962  0.1240833460067118E+03  0.1032669142117463E+03  0.2044101482080104E+01  0.8056056285407713E+01  0.1071627402747765E+02  0.0000000000000000E+00
      1963  0.1236149085998491E+03  0.1025074556584612E+03  0.2214494006423540E+01  0.8270840535510084E+01  0.1062211839945437E+02  0.0000000000000000E+00
      1964  0.1246095652599932E+03  0.1039199773482566E+03  0.2182959667504572E+01  0.7832965926637057E+01  0.1067366231759505E+02  0.0000000000000000E+00
      1965  0.1233699229347210E+03  0.1026824632244480E+03  0.2117878623107773E+01  0.7842057479590647E+01  0.1072752360757443E+02  0.0000000000000000E+00
      1966  0.1272098738076984E+03  0.1057101726310824E+03  0.2126303554471460E+01  0.8417120562267771E+01  0.1095627705987679E+02  0.0000000000000000E+00
      1967  0.1267482344782781E+03  0.1061896274762873E+03  0.2190918973197364E+01  0.7740430251894397E+01  0.1062725777689908E+02  0.0000000000000000E+00
      1968  0.1260829374188214E+03  0.1052333110910181E+03  0.2106756365118374E+01  0.7916844472854860E+01  0.1082602548983010E+02  0.0000000000000000E+00
      1969  0.1281764260134634E+03  0.1066751585647363E+03  0.2220672581746116E+01  0.8106413707891763E+01  0.1117418115908927E+02  0.0000000000000000E+00
      1970  0.1267822487571709E+03  0.1057136325407997E+03  0.2153508330845159E+01  0.7873302833852993E+01  0.1104180505167310E+02  0.0000000000000000E+00
      1971  0.1270091587703801E+03  0.1060048047743307E+03  0.2212860167013181E+01  0.7923100806307380E+01  0.1086839302272879E+02  0.0000000000000000E+00
      1972  0.1268288606977958E+03  0.1054663154949973E+03  0.2149480983793569E+01  0.8222590241628842E+01  0.1099047397737609E+02  0.0000000000000000E+00
      1973  0.1279012205816687E+03  0.1062552658645109E+03  0.2136446450373287E+01  0.8566539656394006E+01  0.1094296861039053E+02  0.0000000000000000E+00
      1974  0.1248882408305895E+03  0.1041706176184504E+03  0.2179555442189631E+01  0.7911648578718675E+01  0.1062641919123082E+02  0.0000000000000000E+00
      1975  0.1245186357331533E+03  0.1036374767797118E+03  0.2088619703303148E+01  0.8179700238135322E+01  0.1061283901200298E+02  0.0000000000000000E+00
      1976  0.1245843118650036E+03  0.1040373967609277E+03  0.2087141493109658E+01  0.7936506093715034E+01  0.1052326751725116E+02  0.0000000000000000E+00
      1977  0.1259385430802788E+03  0.1048233767762887E+03  0.2173227425277115E+01  0.8089649778292573E+01  0.1085228910042050E+02  0.0000000000000000E+00
      1978  0.1257140224223557E+03  0.1042189201959273E+03  0.2105813884264971E+01  0.8527328975738126E+01  0.1086195936642529E+02  0.0000000000000000E+00
      1979  0.1260406198721155E+03  0.1044645978056566E+03  0.2053340750137781E+01  0.8560162293552869E+01  0.1096251902276806E+02  0.0000000000000000E+00
      1980  0.1249512131690857E+03  0.1041811456955425E+03  0.2075886961777948E+01  0.8129385485328978E+01  0.1056479502643626E+02  0.0000000000000000E+00
      1981  0.1242657929446680E+03  0.1039667779457084E+03  0.1979794145222662E+01  0.7670521392315594E+01  0.1064869946142120E+02  0.0000000000000000E+00
      1982  0.1245162098263539E+03  0.1038699089728305E+03  0.2096487168246295E+01  0.8056193979643655E+01  0.1049361970563346E+02  0.0000000000000000E+00
      1983  0.1257643153448793E+03  0.1048438189258745E+03  0.2204257251077533E+01  0.7881488126674930E+01  0.1083475104125232E+02  0.0000000000000000E+00
      1984  0.1270665467393749E+03  0.1064960365336781E+03  0.2221089639865341E+01  0.7796666427159971E+01  0.1055275413867138E+02  0.0000000000000000E+00
      1985  0.1249820954066560E+03  0.1043367527970493E+03  0.2232215981270125E+01  0.7964177636969721E+01  0.1044894899136685E+02  0.0000000000000000E+00
      1986  0.1264728612498331E+03  0.1054359697217476E+03  0.2269165337160764E+01  0.7858617009857376E+01  0.1090910918106745E+02  0.0000000000000000E+00
      1987  0.1237103192873467E+03  0.1030703107125731E+03  0.2219926319789402E+01  0.7951160700087572E+01  0.1046892155489647E+02  0.0000000000000000E+00
      1988  0.1252686183009989E+03  0.1042523642165566E+03  0.2080284758596422E+01  0.8019377035466613E+01  0.1091659229037941E+02  0.0000000000000000E+00
      1989  0.1240463379401281E+03  0.1029701249849957E+03  0.2048390461420751E+01  0.8141495316981729E+01  0.1088632717672979E+02  0.0000000000000000E+00
      1990  0.1268340716425011E+03  0.1054380884743294E+03  0.2184778476512050E+01  0.8359144090942857E+01  0.1085206060071670E+02  0.0000000000000000E+00
      1991  0.1249585232095763E+03  0.1040297347572619E+03  0.2093357423401589E+01  0.8097468793959804E+01  0.1073796223495305E+02  0.0000000000000000E+00
      1992  0.1235221694047461E+03  0.1033041093893371E+03  0.2015860874304751E+01  0.7732012737846548E+01  0.1047018640325786E+02  0.0000000000000000E+00
      1993  0.1240726012379479E+03  0.1032594763689710E+03  0.2040844628053189E+01  0.8057288896419472E+01  0.1071499134450435E+02  0.0000000000000000E+00
      1994  0.1235425471741840E+03  0.1024585238271204E+03  0.2209780365350403E+01  0.8257971289522187E+01  0.1061627169219096E+02  0.0000000000000000E+00
      1995  0.1245888375566771E+03  0.1039258759973451E+03  0.2183616455835702E+01  0.7829878495496807E+01  0.1064946660799934E+02  0.0000000000000000E+00
      1996  0.1234824667274516E+03  0.1027692581616753E+03  0.2118843408253722E+01  0.7851512736965383E+01  0.1074285242055725E+02  0.0000000000000000E+00
      1997  0.1271281770097918E+03  0.1056428080465068E+03  0.2127776307017574E+01  0.8417563216406130E+01  0.1094002943986129E+02  0.0000000000000000E+00
      1998  0.1267419490808872E+03  0.1061599746686933E+03  0.2189338340594029E+01  0.7761709736062782E+01  0.1063092633553702E+02  0.0000000000000000E+00
      1999  0.1260002186222355E+03  0.1051483057647756E+03  0.2105099478075605E+01  0.7925398814104461E+01  0.1082141456527970E+02  0.0000000000000000E+00
      2000  0.1282342541259575E+03  0.1067000796750554E+03  0.2225182207363092E+01  0.8119867923888672E+01  0.1118912431965043E+02  0.0000000000000000E+00
